                                        
                                 PrimeTime (R)
                                        
               Version K-2015.12-SP1 for linux64 - Jan 14, 2016 
                                        
                    Copyright (c) 1988 - 2016 Synopsys, Inc.
   This software and the associated documentation are proprietary to Synopsys,
 Inc. This software may only be used in accordance with the terms and conditions
 of a written license agreement with Synopsys, Inc. All other use, reproduction,
            or distribution of this software is strictly prohibited.

set power_enable_analysis TRUE
TRUE
set power_analysis_mode averaged
averaged
#####################################################################
#       link design
#####################################################################
set search_path         "../../pt_syn/nc45  ."
../../pt_syn/nc45  .
set link_library   "/home/010123386@SJSUAD.SJSU.EDU/Documents/new_lib/FreePDK45/osu_soc/lib/files/gscl45nm.db /apps/synopsys/I-2013.12-SP5/libraries/syn/dw_foundation.sldb"
/home/010123386@SJSUAD.SJSU.EDU/Documents/new_lib/FreePDK45/osu_soc/lib/files/gscl45nm.db /apps/synopsys/I-2013.12-SP5/libraries/syn/dw_foundation.sldb
read_verilog		eth_core_netlist.v
1
current_design		eth_core
Loading verilog file '/home/010123386@SJSUAD.SJSU.EDU/Documents/MS_PROJECT_MEM_SEP/rtl/pt_power/pt_syn/nc45/eth_core_netlist.v'
Loading db file '/home/010123386@SJSUAD.SJSU.EDU/Documents/new_lib/FreePDK45/osu_soc/lib/files/gscl45nm.db'
Loading db file '/apps/synopsys/I-2013.12-SP5/libraries/syn/dw_foundation.sldb'
Information: Renamed scalar net 'ctrl_wd[7]' to 'ctrl_wd[7]1' in design 'CRC_block_I_clks_AXI_clks_to_rtl__2'. (DBR-020)
Information: Renamed scalar net 'ctrl_wd[6]' to 'ctrl_wd[6]1' in design 'CRC_block_I_clks_AXI_clks_to_rtl__2'. (DBR-020)
Information: Renamed scalar net 'ctrl_wd[5]' to 'ctrl_wd[5]1' in design 'CRC_block_I_clks_AXI_clks_to_rtl__2'. (DBR-020)
Information: Renamed scalar net 'ctrl_wd[4]' to 'ctrl_wd[4]1' in design 'CRC_block_I_clks_AXI_clks_to_rtl__2'. (DBR-020)
Information: Renamed scalar net 'ctrl_wd[3]' to 'ctrl_wd[3]1' in design 'CRC_block_I_clks_AXI_clks_to_rtl__2'. (DBR-020)
Information: Renamed scalar net 'ctrl_wd[0]' to 'ctrl_wd[0]1' in design 'CRC_block_I_clks_AXI_clks_to_rtl__2'. (DBR-020)
{"eth_core"}
link
Linking design eth_core...
Warning: Unable to resolve reference to 'dma_controller_tx_I_clks_AXI_clks_to_rtl_' in 'eth_core'. (LNK-005)
Warning: Unable to resolve reference to 'CRC_block_I_clks_AXI_clks_to_rtl__2' in 'eth_core'. (LNK-005)
Warning: Unable to resolve reference to 'CRC_block_I_clks_AXI_clks_to_rtl__1' in 'eth_core'. (LNK-005)
Warning: Unable to resolve reference to 'CRC_block_I_clks_AXI_clks_to_rtl__0' in 'eth_core'. (LNK-005)
Warning: Unable to resolve reference to 'AXI_master_I_clks_AXI_clks_to_rtl_I_raddr_ch_AXI_rd_addr_ch_master_if_I_rdata_ch_AXI_rd_data_ch_master_if_I_memif_pdfifo0_MEMIF_PKTD_from_fifo_I_memif_pdfifo1_MEMIF_PKTD_from_fifo_I_memif_pdfifo2_MEMIF_PKTD_from_fifo_I_memif_pcfifo0_MEMIF_PKTC_from_fifo_I_memif_pcfifo1_MEMIF_PKTC_from_fifo_I_memif_pcfifo2_MEMIF_PKTC_from_fifo_' in 'eth_core'. (LNK-005)
Information: Creating black box for tx_core/axi_master/AXI_master_I_clks_AXI_clks_to_rtl_I_raddr_ch_AXI_rd_addr_ch_master_if_I_rdata_ch_AXI_rd_data_ch_master_if_I_memif_pdfifo0_MEMIF_PKTD_from_fifo_I_memif_pdfifo1_MEMIF_PKTD_from_fifo_I_memif_pdfifo2_MEMIF_PKTD_from_fifo_I_memif_pcfifo0_MEMIF_PKTC_from_fifo_I_memif_pcfifo1_MEMIF_PKTC_from_fifo_I_memif_pcfifo2_MEMIF_PKTC_from_fifo_... (LNK-043)
Information: Creating black box for tx_core/dma_reg_tx/dma_controller_tx_I_clks_AXI_clks_to_rtl_... (LNK-043)
Information: Creating black box for tx_core/tx_crc/crcpkt0/CRC_block_I_clks_AXI_clks_to_rtl__2... (LNK-043)
Information: Creating black box for tx_core/tx_crc/crcpkt1/CRC_block_I_clks_AXI_clks_to_rtl__1... (LNK-043)
Information: Creating black box for tx_core/tx_crc/crcpkt2/CRC_block_I_clks_AXI_clks_to_rtl__0... (LNK-043)
Information: Removing 5 unneeded designs..... (LNK-034)
Warning: Module 'AXI_master_I_clks_AXI_clks_to_rtl_I_raddr_ch_AXI_rd_addr_ch_master_if_I_rdata_ch_AXI_rd_data_ch_master_if_I_memif_pdfifo0_MEMIF_PKTD_from_fifo_I_memif_pdfifo1_MEMIF_PKTD_from_fifo_I_memif_pdfifo2_MEMIF_PKTD_from_fifo_I_memif_pcfifo0_MEMIF_PKTC_from_fifo_I_memif_pcfifo1_MEMIF_PKTC_from_fifo_I_memif_pcfifo2_MEMIF_PKTC_from_fifo_' in file '/home/010123386@SJSUAD.SJSU.EDU/Documents/MS_PROJECT_MEM_SEP/rtl/pt_power/pt_syn/nc45/eth_core_netlist.v' is not used in the current design .  (LNK-039)
Warning: Module 'dma_controller_tx_I_clks_AXI_clks_to_rtl_' in file '/home/010123386@SJSUAD.SJSU.EDU/Documents/MS_PROJECT_MEM_SEP/rtl/pt_power/pt_syn/nc45/eth_core_netlist.v' is not used in the current design .  (LNK-039)
Warning: Module 'CRC_block_I_clks_AXI_clks_to_rtl__0' in file '/home/010123386@SJSUAD.SJSU.EDU/Documents/MS_PROJECT_MEM_SEP/rtl/pt_power/pt_syn/nc45/eth_core_netlist.v' is not used in the current design .  (LNK-039)
Warning: Module 'CRC_block_I_clks_AXI_clks_to_rtl__2' in file '/home/010123386@SJSUAD.SJSU.EDU/Documents/MS_PROJECT_MEM_SEP/rtl/pt_power/pt_syn/nc45/eth_core_netlist.v' is not used in the current design .  (LNK-039)
Warning: Module 'CRC_block_I_clks_AXI_clks_to_rtl__1' in file '/home/010123386@SJSUAD.SJSU.EDU/Documents/MS_PROJECT_MEM_SEP/rtl/pt_power/pt_syn/nc45/eth_core_netlist.v' is not used in the current design .  (LNK-039)
Information: 8 (25.81%) library cells are unused in library gscl45nm..... (LNK-045)
Information: total 8 library cells are unused (LNK-046)
Design 'eth_core' was successfully linked.
Information: There are 5126 leaf cells, ports, hiers and 5757 nets in the design (LNK-047)
1
#####################################################################
#       read SDC
#####################################################################
read_sdc ../../pt_syn/nc45/eth_core_netlist.sdc

Reading SDC version 2.0...
1
1
#set_disable_timing [get_lib_pins ssc_core_typ/*/G]
#####################################################################
#       set transition time / annotate parasitics
#####################################################################
read_parasitics		../../pt_syn/nc45/eth_core.spf
Information: Log for 'read_parasitics command' will be generated in 'parasitics_command.log'. (PARA-107)
1
#####################################################################
#       check/update/report timing
#####################################################################
check_timing
Warning: Some timing arcs have been disabled for breaking timing loops or because of constant propagation. Use the 'report_disable_timing' command to get the list of these disabled timing arcs. (PTE-003)
Information: Checking 'no_input_delay'.
Information: Checking 'no_driving_cell'.
Information: Checking 'unconstrained_endpoints'.
Warning: There are 366 endpoints which are not constrained for maximum delay.

Information: Checking 'unexpandable_clocks'.
Information: Checking 'latch_fanout'.
Information: Checking 'no_clock'.
Warning: There are 366 register clock pins with no clock.

Information: Checking 'partial_input_delay'.
Information: Checking 'generic'.
Information: Checking 'loops'.
Information: Checking 'generated_clocks'.
Information: Checking 'pulse_clock_non_pulse_clock_merge'.
Information: Checking 'pll_configuration'.
0
update_timing
1
report_timing
****************************************
Report : timing
	-path_type full
	-delay_type max
	-max_paths 1
	-sort_by slack
Design : eth_core
Version: K-2015.12-SP1
Date   : Fri Nov 11 15:43:58 2016
****************************************


  Startpoint: tx_core/tx_rs/cnt128_d_reg[5]
               (rising edge-triggered flip-flop clocked by clk)
  Endpoint: tx_core/QOS_selector/qos/srv_cnt0_d_reg[5]
               (rising edge-triggered flip-flop clocked by clk)
  Path Group: clk
  Path Type: max

  Point                                                   Incr       Path
  ------------------------------------------------------------------------------
  clock clk (rise edge)                                   0.00       0.00
  clock network delay (ideal)                             0.00       0.00
  tx_core/tx_rs/cnt128_d_reg[5]/CLK (DFFSR)               0.00       0.00 r
  tx_core/tx_rs/cnt128_d_reg[5]/Q (DFFSR)                 0.11       0.11 r
  U3929/Y (INVX1)                                         0.02       0.13 f
  U3930/Y (INVX1)                                         0.03       0.16 r
  U2127/Y (OR2X2)                                         0.04       0.20 r
  U2128/Y (INVX1)                                         0.01       0.21 f
  U2139/Y (AND2X2)                                        0.04       0.25 f
  U2140/Y (INVX1)                                        -0.00       0.25 r
  U2175/Y (NOR3X1)                                        0.03       0.28 f
  U3989/Y (MUX2X1)                                        0.04       0.32 r
  U2034/Y (NAND3X1)                                       0.02       0.34 f
  U1642/Y (BUFX2)                                         0.03       0.37 f
  U1638/Y (AND2X2)                                        0.03       0.41 f
  U1639/Y (INVX1)                                        -0.00       0.40 r
  U1576/Y (NAND2X1)                                       0.01       0.42 f
  U1575/Y (AOI21X1)                                       0.04       0.45 r
  U1632/Y (INVX1)                                         0.02       0.48 f
  U4011/Y (NOR3X1)                                        0.03       0.51 r
  U2390/Y (AND2X2)                                        0.03       0.54 r
  U2391/Y (INVX1)                                         0.02       0.56 f
  U1591/Y (AOI21X1)                                       0.03       0.59 r
  U1648/Y (INVX1)                                         0.02       0.61 f
  U4015/Y (AND2X2)                                        0.04       0.65 f
  U1549/Y (INVX8)                                         0.02       0.68 r
  U4076/Y (MUX2X1)                                        0.08       0.76 r
  U4095/YS (FAX1)                                         0.10       0.85 r
  U1573/Y (AND2X2)                                        0.03       0.89 r
  U1651/Y (INVX1)                                         0.02       0.90 f
  U2032/Y (OAI21X1)                                       0.03       0.93 r
  U2030/Y (XOR2X1)                                        0.04       0.97 f
  U1631/Y (AND2X2)                                        0.04       1.01 f
  U1683/Y (INVX1)                                         0.00       1.01 r
  U2029/Y (NOR3X1)                                        0.02       1.02 f
  U2156/Y (AND2X2)                                        0.05       1.07 f
  U1593/Y (INVX1)                                         0.02       1.09 r
  U4104/Y (AND2X2)                                        0.03       1.12 r
  tx_core/QOS_selector/qos/srv_cnt0_d_reg[5]/D (DFFSR)
                                                          0.00       1.12 r
  data arrival time                                                  1.12

  clock clk (rise edge)                                   3.20       3.20
  clock network delay (ideal)                             0.00       3.20
  clock reconvergence pessimism                           0.00       3.20
  clock uncertainty                                      -0.25       2.95
  tx_core/QOS_selector/qos/srv_cnt0_d_reg[5]/CLK (DFFSR)             2.95 r
  library setup time                                     -0.08       2.87
  data required time                                                 2.87
  ------------------------------------------------------------------------------
  data required time                                                 2.87
  data arrival time                                                 -1.12
  ------------------------------------------------------------------------------
  slack (MET)                                                        1.75


1
#####################################################################
#       read switching activity file
#####################################################################
read_saif "/home/010123386@SJSUAD.SJSU.EDU/Documents/MS_PROJECT_MEM_SEP/tb/eth_core.saif" -strip_path "ethernet_tb/tx" 
Information: Checked out license 'PrimeTime-PX' (PT-019)
Information: The power model is different from the delay model in the library.  (PLIB-161)
Warning: Switching  activity for net *Logic0* is overwritten with different values (PSW-211)
Warning: Switching  activity for net *Logic0* is overwritten with different values (PSW-211)
Warning: Switching  activity for net *Logic0* is overwritten with different values (PSW-211)
Warning: Switching  activity for net *Logic0* is overwritten with different values (PSW-211)
Warning: Switching  activity for net *Logic0* is overwritten with different values (PSW-211)
Warning: Switching  activity for net *Logic0* is overwritten with different values (PSW-211)
Warning: Switching  activity for net *Logic0* is overwritten with different values (PSW-211)
Warning: Switching  activity for net *Logic0* is overwritten with different values (PSW-211)
Warning: Switching  activity for net *Logic0* is overwritten with different values (PSW-211)
Warning: Switching  activity for net *Logic0* is overwritten with different values (PSW-211)
Warning: Switching  activity for net *Logic0* is overwritten with different values (PSW-211)
Warning: Switching  activity for net *Logic0* is overwritten with different values (PSW-211)
Warning: Switching  activity for net *Logic0* is overwritten with different values (PSW-211)
Warning: Switching  activity for net *Logic0* is overwritten with different values (PSW-211)
Warning: Switching  activity for net *Logic0* is overwritten with different values (PSW-211)
Warning: Switching  activity for net *Logic0* is overwritten with different values (PSW-211)
Warning: Switching  activity for net *Logic0* is overwritten with different values (PSW-211)
Warning: Switching  activity for net *Logic0* is overwritten with different values (PSW-211)
Warning: Switching  activity for net *Logic0* is overwritten with different values (PSW-211)
Warning: Switching  activity for net *Logic0* is overwritten with different values (PSW-211)
Warning: Switching  activity for net *Logic0* is overwritten with different values (PSW-211)
Warning: Switching  activity for net *Logic0* is overwritten with different values (PSW-211)
Warning: Switching  activity for net *Logic0* is overwritten with different values (PSW-211)
Warning: Switching  activity for net *Logic0* is overwritten with different values (PSW-211)
Warning: Switching  activity for net *Logic0* is overwritten with different values (PSW-211)
Warning: Switching  activity for net *Logic0* is overwritten with different values (PSW-211)
Warning: Switching  activity for net *Logic0* is overwritten with different values (PSW-211)
Warning: Switching  activity for net *Logic0* is overwritten with different values (PSW-211)
Warning: Switching  activity for net *Logic0* is overwritten with different values (PSW-211)
Warning: Switching  activity for net *Logic0* is overwritten with different values (PSW-211)
Warning: Switching  activity for net *Logic0* is overwritten with different values (PSW-211)
Warning: Switching  activity for net *Logic0* is overwritten with different values (PSW-211)
Warning: Switching  activity for net *Logic0* is overwritten with different values (PSW-211)
Warning: Switching  activity for net *Logic0* is overwritten with different values (PSW-211)
Warning: Switching  activity for net *Logic0* is overwritten with different values (PSW-211)
Warning: Switching  activity for net *Logic0* is overwritten with different values (PSW-211)
Warning: Switching  activity for net *Logic0* is overwritten with different values (PSW-211)
Warning: Switching  activity for net *Logic0* is overwritten with different values (PSW-211)
Warning: Switching  activity for net *Logic0* is overwritten with different values (PSW-211)
Warning: Switching  activity for net *Logic0* is overwritten with different values (PSW-211)

======================================================================
Summary:
Total number of nets = 5655
Number of annotated nets = 876 (15.49%)
Total number of leaf cells = 3856
Number of fully annotated leaf cells = 18 (0.47%)
======================================================================

1
report_switching_activity -list_not_annotated
****************************************
Report : Switching Activity
	-list_not_annotated
Design : eth_core
Version: K-2015.12-SP1
Date   : Fri Nov 11 15:43:58 2016
****************************************

 Switching Activity Overview Statistics for "eth_core"
----------------------------------------------------------------------------------------------------------------------------------------------------
                  From Activity     From         From         From                                                         Not
Object Type       File (%)          SSA (%)      SCA (%)      Clock (%)    Default (%)     Propagated(%)   Implied(%)      Annotated(%)    Total
----------------------------------------------------------------------------------------------------------------------------------------------------
 Nets             876(15.49%)       0(0.00%)     0(0.00%)     1(0.02%)     934(16.52%)     0(0.00%)        29(0.51%)       3815(67.46%)    5655
----------------------------------------------------------------------------------------------------------------------------------------------------
Nets Driven by
----------------------------------------------------------------------------------------------------------------------------------------------------
Primary Input     40(6.56%)         0(0.00%)     0(0.00%)     1(0.16%)     569(93.28%)     0(0.00%)        0(0.00%)        0(0.00%)        610
Tri-State         0(0%)             0(0%)        0(0%)        0(0%)        0(0%)           0(0%)           0(0%)           0(0%)           0
Black Box         0(0%)             0(0%)        0(0%)        0(0%)        0(0%)           0(0%)           0(0%)           0(0%)           0
Sequential        0(0.00%)          0(0.00%)     0(0.00%)     0(0.00%)     0(0.00%)        0(0.00%)        0(0.00%)        366(100.00%)    366
Combinational     836(17.87%)       0(0.00%)     0(0.00%)     0(0.00%)     365(7.80%)      0(0.00%)        29(0.62%)       3449(73.71%)    4679
Memory            0(0%)             0(0%)        0(0%)        0(0%)        0(0%)           0(0%)           0(0%)           0(0%)           0
Clock Gate        0(0%)             0(0%)        0(0%)        0(0%)        0(0%)           0(0%)           0(0%)           0(0%)           0
----------------------------------------------------------------------------------------------------------------------------------------------------
 Static Probability Overview Statistics for "eth_core"
----------------------------------------------------------------------------------------------------------------------------------------------------
                  From Activity     From         From         From                                                         Not
Object Type       File (%)          SSA (%)      SCA (%)      Clock (%)    Default (%)     Propagated(%)   Implied(%)      Annotated(%)    Total
----------------------------------------------------------------------------------------------------------------------------------------------------
 Nets             876(15.49%)       0(0.00%)     0(0.00%)     1(0.02%)     934(16.52%)     0(0.00%)        29(0.51%)       3815(67.46%)    5655
----------------------------------------------------------------------------------------------------------------------------------------------------
Nets Driven by
----------------------------------------------------------------------------------------------------------------------------------------------------
Primary Input     40(6.56%)         0(0.00%)     0(0.00%)     1(0.16%)     569(93.28%)     0(0.00%)        0(0.00%)        0(0.00%)        610
Tri-State         0(0%)             0(0%)        0(0%)        0(0%)        0(0%)           0(0%)           0(0%)           0(0%)           0
Black Box         0(0%)             0(0%)        0(0%)        0(0%)        0(0%)           0(0%)           0(0%)           0(0%)           0
Sequential        0(0.00%)          0(0.00%)     0(0.00%)     0(0.00%)     0(0.00%)        0(0.00%)        0(0.00%)        366(100.00%)    366
Combinational     836(17.87%)       0(0.00%)     0(0.00%)     0(0.00%)     365(7.80%)      0(0.00%)        29(0.62%)       3449(73.71%)    4679
Memory            0(0%)             0(0%)        0(0%)        0(0%)        0(0%)           0(0%)           0(0%)           0(0%)           0
Clock Gate        0(0%)             0(0%)        0(0%)        0(0%)        0(0%)           0(0%)           0(0%)           0(0%)           0
----------------------------------------------------------------------------------------------------------------------------------------------------


List of nonannotated nets :
	n1518
	n3675
	n1557
	n3680
	n1558
	n3753
	n1607
	n3754
	n1632
	n3844
	n1637
	n3853
	n1640
	n3859
	n1654
	n3881
	n1659
	n2396
	n3930
	n2574
	n3969
	n2575
	n2588
	n4111
	n2590
	n2614
	n4235
	n2625
	n4249
	n2690
	n4277
	n2692
	n4381
	n2694
	n4389
	n2727
	n4392
	n2731
	n4414
	n2733
	n4426
	n2735
	n4432
	n2737
	n4445
	n2740
	n4457
	n2744
	n4464
	n2753
	n4472
	n2755
	n4478
	n2758
	n4501
	n2760
	n4540
	n2772
	tx_core/axi_slave/burst_addr_nxt[25]
	n2774
	tx_core/axi_slave/burst_addr_nxt[22]
	n2776
	tx_core/axi_slave/burst_addr_nxt[21]
	n2779
	tx_core/axi_slave/burst_addr_nxt[17]
	n2780
	tx_core/axi_slave/burst_addr_nxt[15]
	n2781
	n2784
	n1139
	n2785
	n1140
	n2787
	n1141
	n2788
	n1142
	n2791
	n1143
	n2793
	n1144
	n2798
	n1145
	n2800
	n1146
	n2803
	n1147
	n2807
	n1148
	n2808
	n1149
	n2810
	n1150
	n2811
	n1151
	n2813
	n1152
	n2815
	n1153
	n2817
	n1154
	n2819
	n1155
	n2821
	n1156
	n2822
	n1157
	n2828
	n1158
	n2831
	n1159
	n2833
	n1160
	n2835
	n1161
	n2838
	n1162
	n2847
	n1163
	n2848
	n1164
	n2850
	n1165
	n2851
	n1166
	n2853
	n1167
	n2861
	n1168
	n2864
	n1169
	n2866
	n1170
	n2867
	n1295
	n2868
	n1296
	n2870
	n1298
	n2873
	n1305
	n2875
	n1313
	n2878
	n1321
	n2879
	n1337
	n2880
	n1350
	n2883
	n1362
	n2886
	n1387
	n2887
	n1388
	n2889
	n1415
	n2890
	n2892
	n1627
	n2893
	n1887
	n2991
	n1890
	n3013
	n1898
	n3027
	n1899
	n3028
	n1908
	n3029
	n1975
	n3032
	n1976
	n3061
	n1986
	n3069
	n2079
	n3071
	n2128
	n3076
	n2150
	n3078
	n2197
	n3083
	n2223
	n3084
	n2224
	n3091
	n2225
	n3096
	n2339
	n3098
	n2342
	n3100
	n2348
	n3102
	n2356
	n3104
	n2358
	n3112
	n2362
	n3114
	n2366
	n3122
	n2404
	n3123
	n2581
	n3125
	n2925
	n3126
	n2926
	n3128
	n3079
	n3129
	n3315
	n3134
	n3344
	n3137
	n3493
	n3138
	n3521
	n3141
	n3658
	n3144
	n3662
	n3145
	n3676
	n3147
	n3678
	n3148
	n3683
	n3150
	n3838
	n3151
	n3841
	n3153
	n3852
	n3154
	n3855
	n3156
	n3857
	n3162
	n3863
	n3174
	n3869
	n3175
	n3872
	n3184
	n3879
	n3185
	n3885
	n3187
	n3888
	n3188
	n3895
	n3190
	n3897
	n3191
	n3899
	n3203
	n3901
	n3204
	n3903
	n3217
	n3905
	n3218
	n3907
	n3220
	n3957
	n3221
	n3960
	n3223
	n3967
	n3224
	n3973
	n3230
	n4015
	n3231
	n4124
	n3234
	n4126
	n3235
	n4129
	n3236
	n4136
	n3240
	n4138
	n3375
	n4140
	n3378
	n4152
	n3381
	n4154
	n3396
	n4156
	n3479
	n4158
	n3480
	n4160
	n3482
	n4162
	n3483
	n4229
	n3496
	n4255
	n3500
	n4263
	n3504
	n4289
	n3509
	n4311
	n3517
	n4335
	n3518
	n4451
	n3528
	n4477
	n3532
	n4485
	n3534
	n4561
	n3537
	n4582
	n3538
	n4591
	n3541
	n4595
	n3545
	n4604
	n3548
	n4608
	n3550
	n4617
	n3552
	tx_core/axi_slave/burst_addr_nxt[26]
	n3555
	tx_core/axi_slave/burst_addr_nxt[19]
	n3556
	tx_core/tx_rs/nxt_state[1]
	n3558
	tx_core/tx_rs/nxt_state[0]
	n3561
	n1372
	n3564
	n1386
	n3567
	n1401
	n3583
	n1456
	n3629
	n1624
	n3652
	n1649
	n3740
	n1729
	n3741
	n1762
	n3744
	n1763
	n3745
	n1818
	n3750
	n1819
	n3751
	n1843
	n3755
	n1844
	n1891
	n3762
	n1893
	n3772
	n1987
	n3778
	n2061
	n3779
	n2063
	n3789
	n2081
	n3850
	n2082
	n3868
	n2083
	n3938
	n2084
	n3940
	n2086
	n3956
	n2087
	n3985
	n2088
	n4178
	n2089
	n4179
	n2092
	n4181
	n2093
	n4182
	n2094
	n4185
	n2095
	n4193
	n2096
	n4204
	n2097
	n4208
	n2098
	n4226
	n2099
	n4236
	n2101
	n4337
	n2102
	n4341
	n2103
	n4484
	n2104
	n4502
	n2106
	n4543
	n2107
	n4576
	n2108
	n4584
	n2109
	n4587
	n2110
	n4590
	n2111
	n4593
	n2112
	n4597
	n2113
	n4600
	n2115
	n4603
	n2116
	n4606
	n2117
	n4610
	n2118
	n4613
	n2154
	n4616
	n2156
	n4619
	n2158
	xgmii_tx.TXCLK
	n2203
	memif_swchaddr.f0_waddr[4]
	n2234
	memif_swchrsp.f0_waddr[4]
	n2277
	n1622
	n2279
	n1661
	n2281
	n1663
	n2319
	n1768
	n2327
	n2047
	n2337
	n2056
	n2340
	n2125
	n2346
	n2320
	n2357
	SYNOPSYS_UNCONNECTED__0
	n2321
	n2363
	SYNOPSYS_UNCONNECTED__1
	n2324
	n2364
	SYNOPSYS_UNCONNECTED__2
	n2332
	n2411
	n2333
	n2414
	n2336
	n2418
	n2397
	n2606
	n2585
	n2607
	n2593
	n2646
	n2600
	n2714
	n2619
	n2902
	n2622
	n2903
	n2728
	n2905
	n2782
	n2915
	n2839
	n2916
	n2871
	n2919
	n2951
	n3074
	n3237
	n3105
	n3254
	n3106
	n3258
	n3107
	n3262
	n3489
	n3263
	n3526
	n3266
	n3679
	n3268
	n3681
	n3269
	n3686
	n3270
	n3747
	n3271
	n3843
	n3273
	n3846
	n3274
	n3858
	n3278
	n3874
	n3279
	n3883
	n3280
	n3892
	n3282
	n3896
	n3283
	n3898
	n3289
	n3900
	n3290
	n3902
	n3291
	n3904
	n3292
	n3906
	n3303
	n3908
	n3304
	n3909
	SYNOPSYS_UNCONNECTED__39
	n3305
	n3910
	SYNOPSYS_UNCONNECTED__40
	n3306
	n3911
	SYNOPSYS_UNCONNECTED__41
	n3310
	n3912
	SYNOPSYS_UNCONNECTED__42
	n3312
	n3913
	SYNOPSYS_UNCONNECTED__43
	n3316
	n3914
	SYNOPSYS_UNCONNECTED__44
	n3317
	n3915
	SYNOPSYS_UNCONNECTED__45
	n3318
	n3916
	SYNOPSYS_UNCONNECTED__46
	n3319
	n3917
	SYNOPSYS_UNCONNECTED__47
	n3321
	n3918
	SYNOPSYS_UNCONNECTED__48
	n3323
	n3919
	SYNOPSYS_UNCONNECTED__49
	n3325
	n3920
	SYNOPSYS_UNCONNECTED__50
	n3326
	n3921
	n3328
	n3923
	n3329
	n3924
	n3331
	n3925
	n3358
	n3926
	n3361
	n3962
	n3364
	n3971
	n3374
	n4019
	n3377
	n4020
	n3380
	n4021
	n3487
	n4030
	n3562
	n4031
	n3568
	n4040
	n3573
	n4041
	n3577
	n4042
	n3582
	n4043
	n3586
	n4044
	n3587
	n4045
	n3591
	n4046
	n3600
	n4047
	n3603
	n4057
	n3605
	n4058
	n3613
	n4059
	n3619
	n4060
	n3623
	n4061
	w_ach.AWLEN[3]
	n3633
	n4062
	w_ach.AWLEN[2]
	n3637
	n4071
	w_ach.AWLEN[1]
	n3638
	n4072
	w_ach.AWLEN[0]
	n3642
	n4081
	w_ach.AWADDR[31]
	n3645
	n4082
	w_ach.AWADDR[30]
	n3663
	n4083
	w_ach.AWADDR[29]
	n3665
	n4084
	w_ach.AWADDR[28]
	n3669
	n4085
	w_ach.AWADDR[27]
	n3670
	n4086
	w_ach.AWADDR[26]
	n3694
	n4087
	w_ach.AWADDR[25]
	n3749
	n4088
	w_ach.AWADDR[24]
	n3758
	n4097
	w_ach.AWADDR[23]
	n3828
	n4098
	w_ach.AWADDR[22]
	n3833
	n4099
	w_ach.AWADDR[21]
	n3837
	n4100
	w_ach.AWADDR[20]
	n3840
	n4109
	w_ach.AWADDR[19]
	n3849
	n4110
	w_ach.AWADDR[18]
	n3865
	n4112
	w_ach.AWADDR[17]
	n3931
	n4125
	w_ach.AWADDR[16]
	n3933
	n4127
	w_ach.AWADDR[15]
	n3935
	n4130
	w_ach.AWADDR[14]
	n3939
	n4131
	w_ach.AWADDR[13]
	n3952
	n4132
	w_ach.AWADDR[12]
	n3955
	n4134
	w_ach.AWADDR[11]
	n3986
	n4135
	w_ach.AWADDR[10]
	n3992
	n4137
	w_ach.AWADDR[9]
	n4006
	n4139
	w_ach.AWADDR[8]
	n4173
	n4141
	w_ach.AWADDR[7]
	n4174
	n4142
	w_ach.AWADDR[6]
	n4176
	n4143
	w_ach.AWADDR[5]
	n4189
	n4144
	w_ach.AWADDR[4]
	n4195
	n4145
	w_ach.AWADDR[3]
	n4354
	n4146
	w_ach.AWADDR[2]
	n4624
	n4147
	w_ach.AWADDR[1]
	n1554
	n4148
	w_ach.AWADDR[0]
	n1555
	n4149
	w_dch.WDATA[31]
	n1556
	n4150
	w_dch.WDATA[30]
	n1601
	n4151
	w_dch.WDATA[29]
	n1623
	n4153
	w_dch.WDATA[28]
	n1658
	n4155
	w_dch.WDATA[27]
	n1704
	n4157
	w_dch.WDATA[26]
	n1757
	n4159
	w_dch.WDATA[25]
	n1758
	n4161
	w_dch.WDATA[24]
	n1766
	n4163
	w_dch.WDATA[23]
	n1770
	n4164
	w_dch.WDATA[22]
	n1888
	n4165
	w_dch.WDATA[21]
	n1934
	n4166
	w_dch.WDATA[20]
	n1935
	n4167
	w_dch.WDATA[19]
	n1950
	n4168
	w_dch.WDATA[18]
	n1951
	n4169
	w_dch.WDATA[17]
	n1952
	n4230
	w_dch.WDATA[16]
	n1953
	n4237
	n1959
	n4239
	n1968
	n4240
	n1969
	n4241
	n2313
	n4242
	n2325
	n4270
	n2326
	n4271
	n2334
	n4272
	n2335
	n4273
	w_dch.WDATA[7]
	n2394
	n4281
	w_dch.WDATA[6]
	n2395
	n4282
	w_dch.WDATA[5]
	n2400
	n4283
	w_dch.WDATA[4]
	n2434
	n4284
	w_dch.WDATA[3]
	n2435
	n4293
	w_dch.WDATA[2]
	n2468
	n4294
	w_dch.WDATA[1]
	n2508
	n4295
	w_dch.WDATA[0]
	n2516
	n4296
	w_dch.WID[3]
	n2586
	n4303
	w_dch.WID[2]
	n2595
	n4304
	w_dch.WID[1]
	n2601
	n4305
	w_dch.WID[0]
	n2620
	n4306
	n2621
	n4315
	n2623
	n4316
	n2804
	n4317
	n2840
	n4318
	n2973
	n4326
	n3253
	n4327
	n3260
	n4328
	n3264
	n4329
	n3267
	n4342
	n3272
	n4343
	n3281
	n4344
	n3285
	n4345
	n3286
	n4346
	n3322
	n4349
	n3345
	n4358
	n3347
	n4359
	n3355
	n4360
	n3376
	n4361
	n3379
	n4362
	n3382
	n4368
	n3394
	n4369
	n3398
	n4370
	n3401
	n4371
	n3481
	n4372
	n3484
	n4379
	n3486
	n4380
	n3498
	n4382
	n3507
	n4383
	n3563
	n4390
	n3574
	n4393
	n3601
	n4394
	n3630
	n4441
	n3763
	n4459
	clks.rst
	n3764
	n4466
	w_ach.AWID[3]
	n3766
	n4475
	w_ach.AWID[2]
	n3768
	n4490
	w_ach.AWID[1]
	n3781
	n4503
	w_ach.AWID[0]
	n3824
	n4508
	w_ach.AWSIZE[2]
	n3827
	n4514
	w_ach.AWSIZE[1]
	n3835
	n4521
	w_ach.AWSIZE[0]
	n3866
	n4528
	w_ach.AWBURST[1]
	n3934
	n4532
	w_ach.AWBURST[0]
	n3936
	n4541
	w_ach.AWLOCK[1]
	n3953
	n4548
	w_ach.AWLOCK[0]
	n3987
	n4554
	w_ach.AWCACHE[1]
	n3991
	n4562
	w_ach.AWCACHE[0]
	n3994
	n4585
	w_ach.AWPROT[2]
	n4183
	n4598
	w_ach.AWPROT[1]
	n4184
	n4611
	w_ach.AWPROT[0]
	n4187
	tx_core/axi_slave/burst_addr_nxt[27]
	w_ach.AWVALID
	n4196
	n1293
	w_dch.WLAST
	n4197
	n1294
	w_dch.WVALID
	n1320
	n1299
	w_rspch.BREADY
	n1485
	n1301
	m_r_ach.ARREADY
	n1583
	n1331
	m_r_dch.RID[3]
	n1584
	n1332
	m_r_dch.RID[2]
	n1660
	n1344
	m_r_dch.RID[1]
	n1662
	n1345
	m_r_dch.RID[0]
	n1702
	n1356
	m_r_dch.RDATA[63]
	n1703
	n1357
	m_r_dch.RDATA[62]
	n1961
	n1373
	m_r_dch.RDATA[61]
	n1963
	n1712
	m_r_dch.RDATA[60]
	n2043
	n1713
	m_r_dch.RDATA[59]
	n2060
	n1714
	m_r_dch.RDATA[58]
	n2226
	n1715
	m_r_dch.RDATA[57]
	n2312
	n1716
	m_r_dch.RDATA[56]
	n2422
	n1717
	m_r_dch.RDATA[55]
	n2500
	n1718
	m_r_dch.RDATA[54]
	n2506
	n1719
	m_r_dch.RDATA[53]
	n2567
	n1720
	m_r_dch.RDATA[52]
	n2583
	n1721
	m_r_dch.RDATA[51]
	n2604
	n1722
	m_r_dch.RDATA[50]
	n2617
	n1723
	m_r_dch.RDATA[49]
	n2638
	n1724
	m_r_dch.RDATA[48]
	n2789
	n1725
	m_r_dch.RDATA[47]
	n2837
	n1726
	m_r_dch.RDATA[46]
	n3259
	n1727
	m_r_dch.RDATA[45]
	n3261
	n1728
	m_r_dch.RDATA[44]
	n3276
	n1730
	m_r_dch.RDATA[43]
	n3277
	n1731
	m_r_dch.RDATA[42]
	n3284
	n1732
	m_r_dch.RDATA[41]
	n3294
	n1733
	m_r_dch.RDATA[40]
	n3298
	n1734
	m_r_dch.RDATA[39]
	n3311
	n1735
	m_r_dch.RDATA[38]
	n3324
	n1736
	m_r_dch.RDATA[37]
	n3327
	n1737
	m_r_dch.RDATA[36]
	n3349
	n1738
	m_r_dch.RDATA[35]
	n3354
	n1739
	m_r_dch.RDATA[34]
	n3357
	n1740
	m_r_dch.RDATA[33]
	n3359
	n1741
	m_r_dch.RDATA[32]
	n3362
	n1742
	m_r_dch.RDATA[31]
	n3365
	n1743
	m_r_dch.RDATA[30]
	n3405
	n1744
	m_r_dch.RDATA[29]
	n3408
	n1745
	m_r_dch.RDATA[28]
	n3411
	n1746
	m_r_dch.RDATA[27]
	n3557
	n1747
	m_r_dch.RDATA[26]
	n3565
	n1748
	m_r_dch.RDATA[25]
	n3569
	n1749
	m_r_dch.RDATA[24]
	n3581
	n1750
	m_r_dch.RDATA[23]
	n3592
	n1751
	m_r_dch.RDATA[22]
	n3593
	n1752
	m_r_dch.RDATA[21]
	n3602
	n1753
	m_r_dch.RDATA[20]
	n3624
	n1764
	m_r_dch.RDATA[19]
	n3631
	n1817
	m_r_dch.RDATA[18]
	n3651
	n1820
	m_r_dch.RDATA[17]
	n3748
	n1821
	m_r_dch.RDATA[16]
	n3759
	n1822
	m_r_dch.RDATA[15]
	n3760
	n1823
	m_r_dch.RDATA[14]
	n3773
	n1824
	m_r_dch.RDATA[13]
	n3774
	n1825
	m_r_dch.RDATA[12]
	n3791
	n1826
	m_r_dch.RDATA[11]
	n3941
	n1827
	m_r_dch.RDATA[10]
	n3999
	n1828
	m_r_dch.RDATA[9]
	n4172
	n1829
	m_r_dch.RDATA[8]
	n4188
	n1830
	m_r_dch.RDATA[7]
	n4190
	n1831
	m_r_dch.RDATA[6]
	n4199
	n1832
	m_r_dch.RDATA[5]
	n4200
	n1833
	m_r_dch.RDATA[4]
	n4213
	n1834
	m_r_dch.RDATA[3]
	n4218
	n1835
	m_r_dch.RDATA[2]
	n4223
	n1836
	m_r_dch.RDATA[1]
	n4251
	n1837
	m_r_dch.RDATA[0]
	n4404
	n1838
	m_r_dch.RRESP[1]
	n4417
	n1839
	m_r_dch.RRESP[0]
	n4418
	n1840
	m_r_dch.RLAST
	n4481
	n1841
	m_r_dch.RUSER
	n4623
	n1842
	m_r_dch.RVALID
	w_rspch.BVALID
	n1845
	memif_crcf0.f0_rdata[31]
	n1318
	n1846
	memif_crcf0.f0_rdata[30]
	n1319
	n1847
	memif_crcf0.f0_rdata[29]
	n1418
	n1848
	memif_crcf0.f0_rdata[28]
	n1448
	n1849
	memif_crcf0.f0_rdata[27]
	n1467
	n1850
	memif_crcf0.f0_rdata[26]
	n1475
	n1865
	memif_crcf0.f0_rdata[25]
	n1505
	n1866
	memif_crcf0.f0_rdata[24]
	n1553
	n1867
	memif_crcf0.f0_rdata[23]
	n1564
	n1930
	memif_crcf0.f0_rdata[22]
	n1593
	n1946
	memif_crcf0.f0_rdata[21]
	n1611
	n1978
	memif_crcf0.f0_rdata[20]
	n1665
	n1988
	memif_crcf0.f0_rdata[19]
	n1962
	n1993
	memif_crcf0.f0_rdata[18]
	n1970
	n2053
	memif_crcf0.f0_rdata[17]
	n1977
	n2155
	memif_crcf0.f0_rdata[16]
	n1989
	n2157
	memif_crcf0.f0_rdata[15]
	n1990
	n2159
	memif_crcf0.f0_rdata[14]
	n2044
	n2160
	memif_crcf0.f0_rdata[13]
	n2045
	n2161
	memif_crcf0.f0_rdata[12]
	n2049
	n2162
	memif_crcf0.f0_rdata[11]
	n2057
	n2163
	memif_crcf0.f0_rdata[10]
	n2498
	n2168
	memif_crcf0.f0_rdata[9]
	n2501
	n2173
	memif_crcf0.f0_rdata[8]
	n2504
	n2174
	memif_crcf0.f0_rdata[7]
	n2507
	n2183
	memif_crcf0.f0_rdata[6]
	n2514
	n2188
	memif_crcf0.f0_rdata[5]
	n2565
	n2202
	memif_crcf0.f0_rdata[4]
	n2571
	n2204
	memif_crcf0.f0_rdata[3]
	n2577
	n2205
	memif_crcf0.f0_rdata[2]
	n2578
	n2206
	memif_crcf0.f0_rdata[1]
	n2605
	n2207
	memif_crcf0.f0_rdata[0]
	n2633
	n2208
	memif_crcf1.f0_rdata[31]
	n2829
	n2209
	memif_crcf1.f0_rdata[30]
	n3195
	n2210
	memif_crcf1.f0_rdata[29]
	n3241
	n2211
	memif_crcf1.f0_rdata[28]
	n3255
	n2212
	memif_crcf1.f0_rdata[27]
	n3320
	n2213
	memif_crcf1.f0_rdata[26]
	n3360
	n2214
	memif_crcf1.f0_rdata[25]
	n3363
	n2215
	memif_crcf1.f0_rdata[24]
	n3366
	n2216
	memif_crcf1.f0_rdata[23]
	n3395
	n2217
	memif_crcf1.f0_rdata[22]
	n3399
	n2218
	memif_crcf1.f0_rdata[21]
	n3402
	n2219
	memif_crcf1.f0_rdata[20]
	n3417
	n2220
	memif_crcf1.f0_rdata[19]
	n3420
	n2221
	memif_crcf1.f0_rdata[18]
	n3423
	n2222
	memif_crcf1.f0_rdata[17]
	n3485
	n2232
	memif_crcf1.f0_rdata[16]
	n3497
	n2235
	memif_crcf1.f0_rdata[15]
	n3533
	n2236
	memif_crcf1.f0_rdata[14]
	n3575
	n2237
	memif_crcf1.f0_rdata[13]
	n3767
	n2238
	memif_crcf1.f0_rdata[12]
	n3775
	n2239
	memif_crcf1.f0_rdata[11]
	n3776
	n2240
	memif_crcf1.f0_rdata[10]
	n3780
	n2241
	memif_crcf1.f0_rdata[9]
	n3782
	n2246
	memif_crcf1.f0_rdata[8]
	n3786
	n2247
	memif_crcf1.f0_rdata[7]
	n3794
	n2250
	memif_crcf1.f0_rdata[6]
	n3825
	n2251
	memif_crcf1.f0_rdata[5]
	n3829
	n2252
	memif_crcf1.f0_rdata[4]
	n3832
	n2257
	memif_crcf1.f0_rdata[3]
	n3861
	n2258
	memif_crcf1.f0_rdata[2]
	n3864
	n2259
	memif_crcf1.f0_rdata[1]
	n3890
	n2262
	memif_crcf1.f0_rdata[0]
	n3932
	n2263
	memif_crcf2.f0_rdata[31]
	n3942
	n2266
	memif_crcf2.f0_rdata[30]
	n3947
	n2269
	memif_crcf2.f0_rdata[29]
	n3951
	n2270
	memif_crcf2.f0_rdata[28]
	n3995
	n2272
	memif_crcf2.f0_rdata[27]
	n3998
	n2274
	memif_crcf2.f0_rdata[26]
	n4002
	n2275
	memif_crcf2.f0_rdata[25]
	n4008
	n2276
	memif_crcf2.f0_rdata[24]
	n4017
	n2278
	memif_crcf2.f0_rdata[23]
	n4191
	n2280
	memif_crcf2.f0_rdata[22]
	n4192
	n2282
	memif_crcf2.f0_rdata[21]
	n4215
	n2283
	memif_crcf2.f0_rdata[20]
	n4220
	n2285
	memif_crcf2.f0_rdata[19]
	n4225
	n2286
	memif_crcf2.f0_rdata[18]
	n4285
	n2287
	memif_crcf2.f0_rdata[17]
	n4405
	n2288
	memif_crcf2.f0_rdata[16]
	n1419
	n2289
	memif_crcf2.f0_rdata[15]
	n1420
	n2290
	memif_crcf2.f0_rdata[14]
	n1421
	n2328
	memif_crcf2.f0_rdata[13]
	n1422
	n2338
	memif_crcf2.f0_rdata[12]
	n1476
	n2341
	memif_crcf2.f0_rdata[11]
	n1477
	n2347
	memif_crcf2.f0_rdata[10]
	n1478
	n2365
	memif_crcf2.f0_rdata[9]
	n1487
	n2412
	memif_crcf2.f0_rdata[8]
	n1488
	n2415
	memif_crcf2.f0_rdata[7]
	n1495
	n2419
	memif_crcf2.f0_rdata[6]
	n1506
	n2428
	memif_crcf2.f0_rdata[5]
	n1521
	n2430
	memif_crcf2.f0_rdata[4]
	n1551
	n2476
	memif_crcf2.f0_rdata[3]
	n1552
	n2477
	memif_crcf2.f0_rdata[2]
	n1561
	n2478
	memif_crcf2.f0_rdata[1]
	n1591
	n2479
	memif_crcf2.f0_rdata[0]
	n1636
	n2480
	memif_pdfifo0.f0_rdata[63]
	n1653
	n2488
	memif_pdfifo0.f0_rdata[62]
	n1765
	n2489
	memif_pdfifo0.f0_rdata[61]
	n1889
	n2490
	memif_pdfifo0.f0_rdata[60]
	n2052
	n2492
	memif_pdfifo0.f0_rdata[59]
	n2499
	n2493
	memif_pdfifo0.f0_rdata[58]
	n2505
	n2495
	memif_pdfifo0.f0_rdata[57]
	n2515
	n2496
	memif_pdfifo0.f0_rdata[56]
	n2562
	n2497
	memif_pdfifo0.f0_rdata[55]
	n2576
	n2611
	memif_pdfifo0.f0_rdata[54]
	n2584
	n2647
	memif_pdfifo0.f0_rdata[53]
	n2597
	n2648
	memif_pdfifo0.f0_rdata[52]
	n2726
	n2917
	memif_pdfifo0.f0_rdata[51]
	n2747
	n2918
	memif_pdfifo0.f0_rdata[50]
	n3256
	n2929
	memif_pdfifo0.f0_rdata[49]
	n3287
	n2931
	memif_pdfifo0.f0_rdata[48]
	n3293
	n3108
	memif_pdfifo0.f0_rdata[47]
	n3397
	n3109
	memif_pdfifo0.f0_rdata[46]
	n3400
	n3110
	memif_pdfifo0.f0_rdata[45]
	n3404
	n3337
	memif_pdfifo0.f0_rdata[44]
	n3406
	n3338
	memif_pdfifo0.f0_rdata[43]
	n3409
	n3524
	memif_pdfifo0.f0_rdata[42]
	n3412
	n3527
	memif_pdfifo0.f0_rdata[41]
	n3426
	n3682
	memif_pdfifo0.f0_rdata[40]
	n3431
	n3684
	memif_pdfifo0.f0_rdata[39]
	n3436
	n3689
	memif_pdfifo0.f0_rdata[38]
	n3488
	n3701
	memif_pdfifo0.f0_rdata[37]
	n3508
	n3839
	memif_pdfifo0.f0_rdata[36]
	n3535
	n3854
	memif_pdfifo0.f0_rdata[35]
	n3559
	n3862
	memif_pdfifo0.f0_rdata[34]
	n3566
	n3870
	memif_pdfifo0.f0_rdata[33]
	n3576
	n3887
	memif_pdfifo0.f0_rdata[32]
	n3594
	n3922
	memif_pdfifo0.f0_rdata[31]
	n3595
	n3958
	memif_pdfifo0.f0_rdata[30]
	n3604
	n4014
	memif_pdfifo0.f0_rdata[29]
	n3632
	n4256
	memif_pdfifo0.f0_rdata[28]
	n3693
	n4264
	memif_pdfifo0.f0_rdata[27]
	n3703
	n4336
	memif_pdfifo0.f0_rdata[26]
	n3769
	n4427
	memif_pdfifo0.f0_rdata[25]
	n3770
	n4434
	memif_pdfifo0.f0_rdata[24]
	n3783
	n4448
	memif_pdfifo0.f0_rdata[23]
	n3790
	n4537
	memif_pdfifo0.f0_rdata[22]
	n3820
	n4560
	memif_pdfifo0.f0_rdata[21]
	n3826
	n4566
	memif_pdfifo0.f0_rdata[20]
	n3834
	n4592
	memif_pdfifo0.f0_rdata[19]
	n3943
	n4605
	memif_pdfifo0.f0_rdata[18]
	n3949
	n4618
	memif_pdfifo0.f0_rdata[17]
	n3954
	tx_core/axi_slave/burst_addr_nxt[28]
	memif_pdfifo0.f0_rdata[16]
	n3974
	n1171
	memif_pdfifo0.f0_rdata[15]
	n3975
	n1172
	memif_pdfifo0.f0_rdata[14]
	n3981
	n1173
	memif_pdfifo0.f0_rdata[13]
	n4003
	n1174
	memif_pdfifo0.f0_rdata[12]
	n4175
	n1175
	memif_pdfifo0.f0_rdata[11]
	n4203
	n1176
	memif_pdfifo0.f0_rdata[10]
	n4207
	n1177
	memif_pdfifo0.f0_rdata[9]
	n4231
	n1178
	memif_pdfifo0.f0_rdata[8]
	n4250
	n1179
	memif_pdfifo0.f0_rdata[7]
	n4347
	n1180
	memif_pdfifo0.f0_rdata[6]
	n4479
	n1181
	memif_pdfifo0.f0_rdata[5]
	n4497
	n1182
	memif_pdfifo0.f0_rdata[4]
	n4547
	n1183
	memif_pdfifo0.f0_rdata[3]
	n1184
	memif_pdfifo0.f0_rdata[2]
	tx_core/axi_slave/burst_addr_nxt[4]
	n1185
	memif_pdfifo0.f0_rdata[1]
	tx_core/axi_slave/awready_nxt
	n1186
	memif_pdfifo0.f0_rdata[0]
	n1285
	n1187
	memif_pdfifo1.f0_rdata[63]
	n1379
	n1190
	memif_pdfifo1.f0_rdata[62]
	n1394
	n1193
	memif_pdfifo1.f0_rdata[61]
	n1414
	n1194
	memif_pdfifo1.f0_rdata[60]
	n1424
	n1195
	memif_pdfifo1.f0_rdata[59]
	n1425
	n1196
	memif_pdfifo1.f0_rdata[58]
	n1426
	n1197
	memif_pdfifo1.f0_rdata[57]
	n1427
	n1198
	memif_pdfifo1.f0_rdata[56]
	n1428
	n1199
	memif_pdfifo1.f0_rdata[55]
	n1429
	n1200
	memif_pdfifo1.f0_rdata[54]
	n1430
	n1201
	memif_pdfifo1.f0_rdata[53]
	n1431
	n1202
	memif_pdfifo1.f0_rdata[52]
	n1432
	n1203
	memif_pdfifo1.f0_rdata[51]
	n1433
	n1204
	memif_pdfifo1.f0_rdata[50]
	n1434
	n1205
	memif_pdfifo1.f0_rdata[49]
	n1436
	n1206
	memif_pdfifo1.f0_rdata[48]
	n1437
	n1207
	memif_pdfifo1.f0_rdata[47]
	n1438
	n1208
	memif_pdfifo1.f0_rdata[46]
	n1439
	n1209
	memif_pdfifo1.f0_rdata[45]
	n1440
	n1210
	memif_pdfifo1.f0_rdata[44]
	n1441
	n1211
	memif_pdfifo1.f0_rdata[43]
	n1458
	n1212
	memif_pdfifo1.f0_rdata[42]
	n1459
	n1213
	memif_pdfifo1.f0_rdata[41]
	n1466
	n1214
	memif_pdfifo1.f0_rdata[40]
	n1469
	n1215
	memif_pdfifo1.f0_rdata[39]
	n1496
	n1216
	memif_pdfifo1.f0_rdata[38]
	n1504
	n1217
	memif_pdfifo1.f0_rdata[37]
	n1590
	n1218
	memif_pdfifo1.f0_rdata[36]
	n1597
	n1219
	memif_pdfifo1.f0_rdata[35]
	n1610
	n1220
	memif_pdfifo1.f0_rdata[34]
	n1633
	n1221
	memif_pdfifo1.f0_rdata[33]
	n1635
	n1222
	memif_pdfifo1.f0_rdata[32]
	n1642
	n1223
	memif_pdfifo1.f0_rdata[31]
	n1656
	n1224
	memif_pdfifo1.f0_rdata[30]
	n1225
	memif_pdfifo1.f0_rdata[29]
	n1711
	n1226
	memif_pdfifo1.f0_rdata[28]
	n1862
	n1227
	memif_pdfifo1.f0_rdata[27]
	n1877
	n1228
	memif_pdfifo1.f0_rdata[26]
	n1879
	n1230
	memif_pdfifo1.f0_rdata[25]
	n1998
	n1231
	memif_pdfifo1.f0_rdata[24]
	n2048
	n1232
	memif_pdfifo1.f0_rdata[23]
	n2069
	n1233
	memif_pdfifo1.f0_rdata[22]
	n2322
	n1234
	memif_pdfifo1.f0_rdata[21]
	n2421
	n1269
	memif_pdfifo1.f0_rdata[20]
	n2502
	n1270
	memif_pdfifo1.f0_rdata[19]
	n2598
	n1272
	memif_pdfifo1.f0_rdata[18]
	n2615
	n1273
	memif_pdfifo1.f0_rdata[17]
	n2688
	n1274
	memif_pdfifo1.f0_rdata[16]
	n2706
	n1275
	memif_pdfifo1.f0_rdata[15]
	n2721
	n1276
	memif_pdfifo1.f0_rdata[14]
	n2794
	n1277
	memif_pdfifo1.f0_rdata[13]
	n2795
	n1278
	memif_pdfifo1.f0_rdata[12]
	n2852
	n1280
	memif_pdfifo1.f0_rdata[11]
	n2896
	n1281
	memif_pdfifo1.f0_rdata[10]
	n2980
	n1282
	memif_pdfifo1.f0_rdata[9]
	n2993
	n1283
	memif_pdfifo1.f0_rdata[8]
	n3080
	n1335
	memif_pdfifo1.f0_rdata[7]
	n3265
	n1342
	memif_pdfifo1.f0_rdata[6]
	n3288
	n1348
	memif_pdfifo1.f0_rdata[5]
	n3295
	n1354
	memif_pdfifo1.f0_rdata[4]
	n3299
	n1360
	memif_pdfifo1.f0_rdata[3]
	n3309
	n1363
	memif_pdfifo1.f0_rdata[2]
	n3330
	n1365
	memif_pdfifo1.f0_rdata[1]
	n3335
	n1367
	memif_pdfifo1.f0_rdata[0]
	n3350
	n1368
	memif_pdfifo2.f0_rdata[63]
	n3407
	n1371
	memif_pdfifo2.f0_rdata[62]
	n3410
	n1385
	memif_pdfifo2.f0_rdata[61]
	n3414
	n1628
	memif_pdfifo2.f0_rdata[60]
	n3418
	n1815
	memif_pdfifo2.f0_rdata[59]
	n3421
	n1859
	memif_pdfifo2.f0_rdata[58]
	n3424
	n1864
	memif_pdfifo2.f0_rdata[57]
	n3427
	n1931
	memif_pdfifo2.f0_rdata[56]
	n3432
	n1983
	memif_pdfifo2.f0_rdata[55]
	n3437
	n2040
	memif_pdfifo2.f0_rdata[54]
	n3490
	n2064
	memif_pdfifo2.f0_rdata[53]
	n3546
	n2065
	memif_pdfifo2.f0_rdata[52]
	n3570
	n2066
	memif_pdfifo2.f0_rdata[51]
	n3598
	n2233
	memif_pdfifo2.f0_rdata[50]
	n3606
	n2271
	memif_pdfifo2.f0_rdata[49]
	n3609
	n2273
	memif_pdfifo2.f0_rdata[48]
	n3612
	n2284
	memif_pdfifo2.f0_rdata[47]
	n3617
	n2413
	memif_pdfifo2.f0_rdata[46]
	n3620
	n2426
	memif_pdfifo2.f0_rdata[45]
	n3704
	n2429
	memif_pdfifo2.f0_rdata[44]
	n3785
	n2431
	memif_pdfifo2.f0_rdata[43]
	n3796
	n2550
	memif_pdfifo2.f0_rdata[42]
	n3799
	n2551
	memif_pdfifo2.f0_rdata[41]
	n3800
	n2552
	memif_pdfifo2.f0_rdata[40]
	n3801
	n2729
	memif_pdfifo2.f0_rdata[39]
	n3806
	n2906
	memif_pdfifo2.f0_rdata[38]
	n3807
	n2930
	memif_pdfifo2.f0_rdata[37]
	n3809
	n2932
	memif_pdfifo2.f0_rdata[36]
	n3810
	n3247
	memif_pdfifo2.f0_rdata[35]
	n3811
	n3522
	memif_pdfifo2.f0_rdata[34]
	n3813
	n3525
	memif_pdfifo2.f0_rdata[33]
	n3815
	n3685
	memif_pdfifo2.f0_rdata[32]
	n3816
	n3687
	memif_pdfifo2.f0_rdata[31]
	n3819
	n3690
	memif_pdfifo2.f0_rdata[30]
	n3821
	n3845
	memif_pdfifo2.f0_rdata[29]
	n3823
	n3876
	memif_pdfifo2.f0_rdata[28]
	n3836
	n3886
	memif_pdfifo2.f0_rdata[27]
	n3867
	n3891
	memif_pdfifo2.f0_rdata[26]
	n3937
	n3928
	memif_pdfifo2.f0_rdata[25]
	n3980
	n3964
	memif_pdfifo2.f0_rdata[24]
	n3982
	n4013
	memif_pdfifo2.f0_rdata[23]
	n4206
	n4018
	memif_pdfifo2.f0_rdata[22]
	n4210
	n4238
	memif_pdfifo2.f0_rdata[21]
	n4232
	n4257
	memif_pdfifo2.f0_rdata[20]
	n4260
	n4352
	memif_pdfifo2.f0_rdata[19]
	n4319
	n4357
	memif_pdfifo2.f0_rdata[18]
	n4396
	n4364
	memif_pdfifo2.f0_rdata[17]
	n4408
	n4367
	memif_pdfifo2.f0_rdata[16]
	n4416
	n4375
	memif_pdfifo2.f0_rdata[15]
	n4436
	n4378
	memif_pdfifo2.f0_rdata[14]
	n4450
	n4385
	memif_pdfifo2.f0_rdata[13]
	n4462
	n4388
	memif_pdfifo2.f0_rdata[12]
	n4480
	n4397
	memif_pdfifo2.f0_rdata[11]
	n4498
	n4400
	memif_pdfifo2.f0_rdata[10]
	n4572
	n4422
	memif_pdfifo2.f0_rdata[9]
	n4577
	n4454
	memif_pdfifo2.f0_rdata[8]
	n4468
	memif_pdfifo2.f0_rdata[7]
	tx_core/axi_slave/burst_addr_nxt[8]
	n4488
	memif_pdfifo2.f0_rdata[6]
	tx_core/axi_slave/burst_addr_nxt[7]
	n4493
	memif_pdfifo2.f0_rdata[5]
	tx_core/axi_slave/burst_addr_nxt[6]
	n4506
	memif_pdfifo2.f0_rdata[4]
	tx_core/axi_slave/burst_addr_nxt[5]
	n4510
	memif_pdfifo2.f0_rdata[3]
	n1286
	n4517
	memif_pdfifo2.f0_rdata[2]
	n1317
	n4523
	memif_pdfifo2.f0_rdata[1]
	n1411
	n4531
	memif_pdfifo2.f0_rdata[0]
	n1443
	n4542
	n1444
	n4550
	memif_pcfifo0.f0_rdata[15]
	n1446
	n4553
	memif_pcfifo0.f0_rdata[14]
	n4556
	memif_pcfifo0.f0_rdata[13]
	n1462
	n4559
	memif_pcfifo0.f0_rdata[12]
	n4565
	memif_pcfifo0.f0_rdata[11]
	n1531
	n4571
	memif_pcfifo0.f0_rdata[10]
	n1549
	n4583
	memif_pcfifo0.f0_rdata[9]
	n1550
	n4586
	memif_pcfifo0.f0_rdata[8]
	n1560
	n4596
	memif_pcfifo0.f0_rdata[7]
	n1565
	n4599
	memif_pcfifo0.f0_rdata[6]
	n1589
	n4609
	memif_pcfifo0.f0_rdata[5]
	n1605
	n4612
	memif_pcfifo0.f0_rdata[4]
	n1606
	tx_core/axi_slave/burst_addr_nxt[29]
	memif_pcfifo0.f0_rdata[3]
	n1609
	n1188
	memif_pcfifo0.f0_rdata[2]
	n1634
	n1189
	memif_pcfifo0.f0_rdata[1]
	n1664
	n1191
	memif_pcfifo0.f0_rdata[0]
	n1192
	memif_pcfifo1.f0_rdata[15]
	n1229
	memif_pcfifo1.f0_rdata[14]
	n1271
	memif_pcfifo1.f0_rdata[13]
	n1761
	n1279
	memif_pcfifo1.f0_rdata[12]
	n1772
	n1291
	memif_pcfifo1.f0_rdata[11]
	n1874
	n1292
	memif_pcfifo1.f0_rdata[10]
	n1875
	n1330
	memif_pcfifo1.f0_rdata[9]
	n1876
	n1334
	memif_pcfifo1.f0_rdata[8]
	n1881
	n1336
	memif_pcfifo1.f0_rdata[7]
	n1882
	n1338
	memif_pcfifo1.f0_rdata[6]
	n1883
	n1340
	memif_pcfifo1.f0_rdata[5]
	n1884
	n1341
	memif_pcfifo1.f0_rdata[4]
	n1885
	n1343
	memif_pcfifo1.f0_rdata[3]
	n1886
	n1347
	memif_pcfifo1.f0_rdata[2]
	n2041
	n1349
	memif_pcfifo1.f0_rdata[1]
	n2068
	n1352
	memif_pcfifo1.f0_rdata[0]
	n2317
	n1353
	memif_pcfifo2.f0_rdata[15]
	n2318
	n1355
	memif_pcfifo2.f0_rdata[14]
	n2370
	n1359
	memif_pcfifo2.f0_rdata[13]
	n2445
	n1361
	memif_pcfifo2.f0_rdata[12]
	n2446
	n1366
	memif_pcfifo2.f0_rdata[11]
	n2447
	n1369
	memif_pcfifo2.f0_rdata[10]
	n2481
	n1777
	memif_pcfifo2.f0_rdata[9]
	n2482
	n1778
	memif_pcfifo2.f0_rdata[8]
	n2566
	n1779
	memif_pcfifo2.f0_rdata[7]
	n2572
	n1780
	memif_pcfifo2.f0_rdata[6]
	n2596
	n1781
	memif_pcfifo2.f0_rdata[5]
	n2616
	n1783
	memif_pcfifo2.f0_rdata[4]
	n2639
	n1784
	memif_pcfifo2.f0_rdata[3]
	n2707
	n1785
	memif_pcfifo2.f0_rdata[2]
	n2841
	n1786
	memif_pcfifo2.f0_rdata[1]
	n2855
	n1787
	memif_pcfifo2.f0_rdata[0]
	n2857
	n1788
	memif_swchaddr.f0_rdata[35]
	n2922
	n1789
	memif_swchaddr.f0_rdata[34]
	n2923
	n1790
	memif_swchaddr.f0_rdata[33]
	n2974
	n1791
	memif_swchaddr.f0_rdata[32]
	n1792
	memif_swchaddr.f0_rdata[31]
	n2982
	n1793
	memif_swchaddr.f0_rdata[30]
	n2987
	n1794
	memif_swchaddr.f0_rdata[29]
	n2995
	n1795
	memif_swchaddr.f0_rdata[28]
	n3052
	n1796
	memif_swchaddr.f0_rdata[27]
	n3064
	n1797
	memif_swchaddr.f0_rdata[26]
	n3081
	n1799
	memif_swchaddr.f0_rdata[25]
	n3115
	n1801
	memif_swchaddr.f0_rdata[24]
	n3116
	n1804
	memif_swchaddr.f0_rdata[23]
	n3308
	n1805
	memif_swchaddr.f0_rdata[22]
	n3340
	n1806
	memif_swchaddr.f0_rdata[21]
	n3348
	n1807
	memif_swchaddr.f0_rdata[20]
	n3419
	n1809
	memif_swchaddr.f0_rdata[19]
	n3422
	n1810
	memif_swchaddr.f0_rdata[18]
	n3425
	n1811
	memif_swchaddr.f0_rdata[17]
	n3428
	n1812
	memif_swchaddr.f0_rdata[16]
	n3433
	n1813
	memif_swchaddr.f0_rdata[15]
	n3438
	n1814
	memif_swchaddr.f0_rdata[14]
	n3501
	n1858
	memif_swchaddr.f0_rdata[13]
	n3503
	n1863
	memif_swchaddr.f0_rdata[12]
	n3519
	n1868
	memif_swchaddr.f0_rdata[11]
	n3529
	n1869
	memif_swchaddr.f0_rdata[10]
	n3536
	n1870
	memif_swchaddr.f0_rdata[9]
	n3547
	n1871
	memif_swchaddr.f0_rdata[8]
	n3560
	n1872
	memif_swchaddr.f0_rdata[7]
	n3599
	n1873
	memif_swchaddr.f0_rdata[6]
	n3610
	n1894
	memif_swchaddr.f0_rdata[5]
	n3618
	n1895
	memif_swchaddr.f0_rdata[4]
	n3625
	n1896
	memif_swchaddr.f0_rdata[3]
	n3626
	n1897
	memif_swchaddr.f0_rdata[2]
	n3664
	n1900
	memif_swchaddr.f0_rdata[1]
	n3696
	n1901
	memif_swchaddr.f0_rdata[0]
	n3705
	n1902
	memif_swchdata.f0_rdata[31]
	n3742
	n1903
	memif_swchdata.f0_rdata[30]
	n3757
	n1904
	memif_swchdata.f0_rdata[29]
	n3784
	n1905
	memif_swchdata.f0_rdata[28]
	n3797
	n1906
	memif_swchdata.f0_rdata[27]
	n3798
	n1907
	memif_swchdata.f0_rdata[26]
	n3808
	n1971
	memif_swchdata.f0_rdata[25]
	n3812
	n1973
	memif_swchdata.f0_rdata[24]
	n3814
	n1994
	memif_swchdata.f0_rdata[23]
	n3818
	n2070
	memif_swchdata.f0_rdata[22]
	n3822
	n2071
	memif_swchdata.f0_rdata[21]
	n3830
	n2072
	memif_swchdata.f0_rdata[20]
	n3976
	n2073
	memif_swchdata.f0_rdata[19]
	n4198
	n2074
	memif_swchdata.f0_rdata[18]
	n4243
	n2075
	memif_swchdata.f0_rdata[17]
	n4246
	n2076
	memif_swchdata.f0_rdata[16]
	n4348
	n2077
	memif_swchdata.f0_rdata[15]
	n4402
	n2078
	memif_swchdata.f0_rdata[14]
	n4403
	n2080
	memif_swchdata.f0_rdata[13]
	n4407
	n2085
	memif_swchdata.f0_rdata[12]
	n4409
	n2090
	memif_swchdata.f0_rdata[11]
	n4442
	n2091
	memif_swchdata.f0_rdata[10]
	n4507
	n2100
	memif_swchdata.f0_rdata[9]
	n4527
	n2105
	memif_swchdata.f0_rdata[8]
	n2114
	memif_swchdata.f0_rdata[7]
	n2119
	memif_swchdata.f0_rdata[6]
	n2120
	memif_swchdata.f0_rdata[5]
	n2121
	memif_swchdata.f0_rdata[4]
	n2122
	memif_swchdata.f0_rdata[3]
	n2123
	memif_swchdata.f0_rdata[2]
	n1312
	n2124
	memif_swchdata.f0_rdata[1]
	n1377
	n2129
	memif_swchdata.f0_rdata[0]
	n1392
	n2130
	memif_swchrsp.f0_rdata[5]
	n1407
	n2131
	memif_swchrsp.f0_rdata[4]
	n1450
	n2132
	memif_swchrsp.f0_rdata[3]
	n1452
	n2133
	memif_swchrsp.f0_rdata[2]
	n1461
	n2134
	memif_swchrsp.f0_rdata[1]
	n1474
	n2135
	memif_swchrsp.f0_rdata[0]
	n1497
	n2136
	n4626
	n2137
	n4627
	n1586
	n2138
	n4640
	n2139
	n4641
	n1600
	n2140
	n4642
	n1602
	n2141
	n4643
	n1641
	n2142
	n4644
	n1657
	n2143
	n4645
	n2144
	n4646
	n2145
	n4647
	n2146
	n4648
	n2352
	n4649
	n2371
	n4650
	n2373
	n4651
	n1705
	n2387
	n4652
	n2389
	n4653
	n1767
	n2427
	n4654
	n1771
	n2432
	n4655
	n1861
	n2579
	n4656
	n1967
	n2911
	n4657
	n2004
	n2912
	n4658
	n2042
	n2913
	n4659
	n2050
	n2914
	n4660
	n2051
	n3248
	n4661
	n2058
	n3249
	n4662
	n2227
	n3523
	n4663
	n2230
	n3688
	n4671
	n2231
	n3691
	n4672
	n2323
	n3714
	n4673
	n2330
	n3856
	n4674
	n2398
	n3882
	n4675
	n2408
	n3970
	n4676
	n2563
	n4265
	n4677
	n2564
	n4338
	n4678
	n2594
	n4518
	n4679
	n2602
	n4533
	n4680
	n2895
	n4544
	n4681
	n2897
	tx_core/axi_slave/burst_addr_nxt[30]
	n4682
	n2920
	n1290
	n4683
	n2924
	n1364
	n4684
	n2986
	n1370
	n4685
	n3050
	n1483
	n4686
	n3053
	n1484
	n4687
	n3065
	n1626
	n4688
	n3066
	n1775
	n4689
	n3067
	n1776
	n4690
	n3157
	n1782
	tx_core/axi_slave/w_rspch_cur_state[0]
	n3242
	n1798
	tx_core/axi_slave/N70
	n3243
	n1800
	tx_core/axi_slave/N69
	n3313
	n1802
	tx_core/axi_slave/N68
	n3332
	tx_core/axi_slave/burst_addr_nxt[3]
	n1803
	tx_core/axi_slave/N67
	n3333
	tx_core/axi_slave/burst_addr_nxt[2]
	n1808
	tx_core/axi_slave/N66
	n3341
	tx_core/axi_slave/burst_addr_nxt[1]
	n1972
	tx_core/axi_slave/N65
	n3430
	tx_core/axi_slave/burst_addr_nxt[0]
	n2353
	tx_core/axi_slave/N64
	n3435
	tx_core/tx_rs/nxt_state[3]
	n2372
	tx_core/axi_slave/N63
	n3439
	tx_core/tx_rs/nxt_state[2]
	n2374
	tx_core/axi_slave/N62
	n3513
	m_r_ach.ARID[1]
	n2388
	tx_core/axi_slave/N61
	n3542
	m_r_ach.ARID[0]
	n2416
	tx_core/axi_slave/N60
	n3549
	m_r_ach.ARADDR[31]
	n2420
	tx_core/axi_slave/N59
	n3551
	m_r_ach.ARADDR[30]
	n2433
	tx_core/axi_slave/N58
	n3571
	m_r_ach.ARADDR[29]
	n2491
	tx_core/axi_slave/N57
	n3578
	m_r_ach.ARADDR[28]
	n2494
	tx_core/axi_slave/N56
	n3584
	m_r_ach.ARADDR[27]
	n2908
	tx_core/axi_slave/N55
	n3588
	m_r_ach.ARADDR[26]
	n2909
	tx_core/axi_slave/N54
	n3596
	m_r_ach.ARADDR[25]
	n2910
	tx_core/axi_slave/N53
	n3607
	m_r_ach.ARADDR[24]
	n3692
	tx_core/axi_slave/N52
	n3611
	n3707
	m_r_ach.ARADDR[23]
	tx_core/axi_slave/N51
	n3614
	n3708
	m_r_ach.ARADDR[22]
	tx_core/axi_slave/N50
	n3621
	n3709
	m_r_ach.ARADDR[21]
	tx_core/axi_slave/N49
	n3634
	n3710
	m_r_ach.ARADDR[20]
	tx_core/axi_slave/N48
	n3639
	n3711
	m_r_ach.ARADDR[19]
	tx_core/axi_slave/N47
	n3655
	n3712
	m_r_ach.ARADDR[18]
	tx_core/axi_slave/N46
	n3659
	n3713
	m_r_ach.ARADDR[17]
	tx_core/axi_slave/N45
	n3746
	n3715
	m_r_ach.ARADDR[16]
	tx_core/axi_slave/N44
	n3795
	n3724
	m_r_ach.ARADDR[15]
	tx_core/axi_slave/N43
	n3944
	n3725
	m_r_ach.ARADDR[14]
	tx_core/axi_slave/w_ach_cur_state[0]
	n3946
	n3726
	m_r_ach.ARADDR[13]
	tx_core/tx_rs/cnt2_d
	n4000
	n3727
	m_r_ach.ARADDR[12]
	tx_core/tx_rs/clk125mhz
	n4007
	n3728
	m_r_ach.ARADDR[11]
	tx_core/tx_rs/gclk_en_d
	n4201
	n3729
	m_r_ach.ARADDR[10]
	tx_core/axi_slave/wchrsp_fifo/n1
	n4205
	n3730
	m_r_ach.ARADDR[9]
	tx_core/axi_slave/wchrsp_fifo/n2
	n4209
	n3731
	m_r_ach.ARADDR[8]
	tx_core/axi_slave/wchrsp_fifo/n3
	n4214
	n3732
	m_r_ach.ARADDR[7]
	tx_core/axi_slave/wchrsp_fifo/n4
	n4219
	n3733
	m_r_ach.ARADDR[6]
	tx_core/axi_slave/wchrsp_fifo/n5
	n4224
	n3734
	m_r_ach.ARADDR[5]
	tx_core/axi_slave/wchrsp_fifo/n6
	n4233
	n3735
	m_r_ach.ARADDR[4]
	tx_core/axi_slave/wchaddr_fifo/n1
	n4245
	n3736
	m_r_ach.ARADDR[3]
	tx_core/axi_slave/wchaddr_fifo/n2
	n4253
	n3737
	m_r_ach.ARADDR[2]
	tx_core/axi_slave/wchaddr_fifo/n3
	n4254
	n3738
	m_r_ach.ARADDR[1]
	tx_core/axi_slave/wchaddr_fifo/n4
	n4258
	n3739
	m_r_ach.ARADDR[0]
	tx_core/axi_slave/wchaddr_fifo/n5
	n4275
	m_r_ach.ARBURST[0]
	n3927
	tx_core/axi_slave/wchaddr_fifo/n6
	n4276
	m_r_ach.ARVALID
	n3929
	tx_core/tx_crc/crcfifo0/n1
	n4287
	m_r_dch.RREADY
	n4259
	tx_core/tx_crc/crcfifo0/n2
	n4298
	n4269
	tx_core/tx_crc/crcfifo0/n3
	n4299
	n4280
	tx_core/tx_crc/crcfifo0/n4
	n4307
	n4292
	tx_core/tx_crc/crcfifo0/n5
	n4309
	n4302
	tx_core/tx_crc/crcfifo2/n1
	n4321
	n4314
	tx_core/tx_crc/crcfifo2/n2
	n4322
	n4325
	tx_core/tx_crc/crcfifo2/n3
	n4334
	n4356
	tx_core/tx_crc/crcfifo2/n4
	n4374
	n4377
	tx_core/tx_crc/crcfifo2/n5
	n4410
	n4387
	tx_core/tx_crc/crcfifo1/n1
	n4419
	n4399
	tx_core/tx_crc/crcfifo1/n2
	n4428
	n4496
	tx_core/tx_crc/crcfifo1/n3
	n4430
	n4513
	tx_core/tx_crc/crcfifo1/n4
	n4438
	n4519
	tx_core/tx_crc/crcfifo1/n5
	n4444
	n4525
	n4456
	n4534
	n4463
	n4552
	n4469
	n4558
	n4471
	n4570
	tx_core/axi_slave/w_dch_cur_state[1]
	n4482
	tx_core/axi_slave/burst_addr_nxt[31]
	tx_core/axi_slave/w_dch_cur_state[0]
	n4499
	n1237
	tx_core/QOS_selector/buffer_sel[2]
	n4516
	n1238
	tx_core/QOS_selector/buffer_sel[1]
	n4530
	n1239
	tx_core/QOS_selector/buffer_sel[0]
	n4538
	n1240
	tx_core/tx_rs/xgmii_txc_d[3]
	n4564
	n1241
	tx_core/tx_rs/xgmii_txc_d[2]
	n4573
	n1242
	tx_core/tx_rs/xgmii_txc_d[1]
	n4578
	n1243
	tx_core/tx_rs/xgmii_txc_d[0]
	n1244
	tx_core/tx_rs/xgmii_txd_d[31]
	n1245
	tx_core/tx_rs/xgmii_txd_d[30]
	n1246
	tx_core/tx_rs/xgmii_txd_d[29]
	n1247
	tx_core/tx_rs/xgmii_txd_d[28]
	n1248
	tx_core/tx_rs/xgmii_txd_d[27]
	tx_core/axi_slave/burst_addr_nxt[12]
	n1249
	tx_core/tx_rs/xgmii_txd_d[26]
	tx_core/axi_slave/burst_addr_nxt[10]
	memif_crcf0.f0_write
	n1250
	tx_core/tx_rs/xgmii_txd_d[25]
	tx_core/axi_slave/burst_addr_nxt[9]
	n1251
	tx_core/tx_rs/xgmii_txd_d[24]
	n1236
	n1252
	tx_core/tx_rs/xgmii_txd_d[23]
	n1316
	n1253
	tx_core/tx_rs/xgmii_txd_d[22]
	n1328
	n1254
	tx_core/tx_rs/xgmii_txd_d[21]
	n1378
	n1255
	tx_core/tx_rs/xgmii_txd_d[20]
	n1393
	n1256
	tx_core/tx_rs/xgmii_txd_d[19]
	n1257
	tx_core/tx_rs/xgmii_txd_d[18]
	n1457
	n1258
	tx_core/tx_rs/xgmii_txd_d[17]
	n1470
	n1259
	tx_core/tx_rs/xgmii_txd_d[16]
	n1493
	n1260
	tx_core/tx_rs/xgmii_txd_d[15]
	n1494
	n1287
	tx_core/tx_rs/xgmii_txd_d[14]
	n1498
	n1289
	tx_core/tx_rs/xgmii_txd_d[13]
	n1502
	n1463
	tx_core/tx_rs/xgmii_txd_d[12]
	n1479
	tx_core/tx_rs/xgmii_txd_d[11]
	n1480
	tx_core/tx_rs/xgmii_txd_d[10]
	n1774
	tx_core/tx_rs/xgmii_txd_d[9]
	n1851
	tx_core/tx_rs/xgmii_txd_d[8]
	n1852
	tx_core/tx_rs/xgmii_txd_d[7]
	n1853
	tx_core/tx_rs/xgmii_txd_d[6]
	n1855
	tx_core/tx_rs/xgmii_txd_d[5]
	n1856
	tx_core/tx_rs/xgmii_txd_d[4]
	n1699
	n1857
	tx_core/tx_rs/xgmii_txd_d[3]
	n1892
	n1922
	tx_core/tx_rs/xgmii_txd_d[2]
	n1911
	n1923
	tx_core/tx_rs/xgmii_txd_d[1]
	n1914
	n1924
	tx_core/tx_rs/xgmii_txd_d[0]
	n1918
	n1925
	tx_core/tx_rs/bvalid[7]
	n1927
	n1926
	tx_core/tx_rs/bvalid[6]
	n2314
	n1928
	tx_core/tx_rs/bvalid[5]
	n2329
	n1932
	tx_core/tx_rs/bvalid[4]
	n2331
	n1933
	tx_core/tx_rs/bvalid[3]
	n2344
	n1947
	tx_core/tx_rs/bvalid[2]
	n2350
	n1948
	tx_core/tx_rs/bvalid[1]
	n2354
	memif_crcf1.f0_write
	n1949
	tx_core/tx_rs/bvalid[0]
	n2355
	n2380
	tx_core/tx_rs/idlernd_cnt_d[1]
	n2360
	n2475
	tx_core/tx_rs/idlernd_cnt_d[0]
	n2367
	n2988
	tx_core/tx_rs/wakeuptimer_d[31]
	n2368
	n3356
	tx_core/tx_rs/wakeuptimer_d[30]
	n2379
	n3716
	tx_core/tx_rs/wakeuptimer_d[29]
	n2382
	n3717
	tx_core/tx_rs/wakeuptimer_d[28]
	n2390
	n3718
	tx_core/tx_rs/wakeuptimer_d[27]
	n2392
	n3719
	tx_core/tx_rs/wakeuptimer_d[26]
	n2399
	n3720
	tx_core/tx_rs/wakeuptimer_d[25]
	n2409
	n3721
	tx_core/tx_rs/wakeuptimer_d[24]
	n2436
	n3722
	tx_core/tx_rs/wakeuptimer_d[23]
	n2437
	n3723
	tx_core/tx_rs/wakeuptimer_d[22]
	n2438
	n3884
	tx_core/tx_rs/wakeuptimer_d[21]
	n2439
	n3972
	tx_core/tx_rs/wakeuptimer_d[20]
	n2444
	n4353
	tx_core/tx_rs/wakeuptimer_d[19]
	n2557
	n4366
	tx_core/tx_rs/wakeuptimer_d[18]
	n2558
	tx_core/QOS_selector/qos/queue_gnt_q[0]
	tx_core/tx_rs/wakeuptimer_d[17]
	n2559
	n1261
	tx_core/tx_rs/wakeuptimer_d[16]
	n2568
	n1262
	tx_core/tx_rs/wakeuptimer_d[15]
	n2580
	n1263
	tx_core/tx_rs/wakeuptimer_d[14]
	n2603
	n1264
	tx_core/tx_rs/wakeuptimer_d[13]
	n2708
	n1265
	tx_core/tx_rs/wakeuptimer_d[12]
	n2715
	n1266
	tx_core/tx_rs/wakeuptimer_d[11]
	n2743
	n1267
	tx_core/tx_rs/wakeuptimer_d[10]
	n2748
	n1268
	tx_core/tx_rs/wakeuptimer_d[9]
	n2826
	n1288
	tx_core/tx_rs/wakeuptimer_d[8]
	n2900
	n1339
	tx_core/tx_rs/wakeuptimer_d[7]
	n2921
	n1351
	tx_core/tx_rs/wakeuptimer_d[6]
	n2983
	n1542
	tx_core/tx_rs/wakeuptimer_d[5]
	n2994
	n1706
	tx_core/tx_rs/wakeuptimer_d[4]
	n3051
	n1945
	tx_core/tx_rs/wakeuptimer_d[3]
	n1964
	tx_core/tx_rs/wakeuptimer_d[2]
	n3180
	memif_crcf2.f0_write
	n2381
	tx_core/tx_rs/wakeuptimer_d[1]
	n3181
	memif_pdfifo0.f0_waddr[5]
	n2524
	tx_core/tx_rs/wakeuptimer_d[0]
	n3182
	memif_pdfifo0.f0_waddr[4]
	n2527
	tx_core/tx_rs/cur_state_clk[1]
	n3238
	memif_pdfifo0.f0_waddr[3]
	n2528
	tx_core/tx_rs/cur_state_clk[0]
	n3244
	memif_pdfifo0.f0_waddr[2]
	n2545
	tx_core/tx_rs/cnt128_d[6]
	n3297
	memif_pdfifo0.f0_waddr[1]
	n2546
	tx_core/tx_rs/cnt128_d[5]
	n3300
	memif_pdfifo0.f0_waddr[0]
	n2547
	tx_core/tx_rs/cnt128_d[4]
	n3314
	memif_pdfifo0.f0_wdata[63]
	n3346
	tx_core/tx_rs/cnt128_d[3]
	n3336
	memif_pdfifo0.f0_wdata[62]
	n3353
	tx_core/tx_rs/cnt128_d[2]
	n3342
	n4261
	memif_pdfifo0.f0_wdata[61]
	tx_core/tx_rs/cnt128_d[1]
	n3351
	n1625
	memif_pdfifo0.f0_wdata[60]
	tx_core/tx_rs/cnt128_d[0]
	n3491
	memif_pdfifo0.f0_wdata[59]
	n2062
	tx_core/tx_rs/crc_bvalid_d[1]
	n3502
	memif_pdfifo0.f0_wdata[58]
	n3429
	tx_core/tx_rs/crc_bvalid_d[0]
	n3505
	memif_pdfifo0.f0_wdata[57]
	n3434
	tx_core/tx_rs/crc_left_d[31]
	n3510
	memif_pdfifo0.f0_wdata[56]
	n3456
	tx_core/tx_rs/crc_left_d[30]
	n3514
	memif_pdfifo0.f0_wdata[55]
	n3458
	tx_core/tx_rs/crc_left_d[29]
	n3515
	memif_pdfifo0.f0_wdata[54]
	n3461
	tx_core/tx_rs/crc_left_d[28]
	n3520
	memif_pdfifo0.f0_wdata[53]
	n3463
	tx_core/tx_rs/crc_left_d[27]
	n3530
	memif_pdfifo0.f0_wdata[52]
	n3468
	tx_core/tx_rs/crc_left_d[26]
	n3539
	memif_pdfifo0.f0_wdata[51]
	n3469
	tx_core/tx_rs/crc_left_d[25]
	n3553
	memif_pdfifo0.f0_wdata[50]
	n3470
	tx_core/tx_rs/crc_left_d[24]
	n3572
	memif_pdfifo0.f0_wdata[49]
	n3471
	tx_core/tx_rs/crc_left_d[23]
	n3585
	memif_pdfifo0.f0_wdata[48]
	n4486
	tx_core/tx_rs/crc_left_d[22]
	n3597
	memif_pdfifo0.f0_wdata[47]
	n4567
	tx_core/tx_rs/crc_left_d[21]
	n3608
	memif_pdfifo0.f0_wdata[46]
	n4568
	tx_core/tx_rs/crc_left_d[20]
	n3622
	n1671
	memif_pdfifo0.f0_wdata[45]
	tx_core/tx_rs/crc_left_d[19]
	n3643
	memif_pdfifo0.f0_wdata[44]
	n3457
	tx_core/tx_rs/crc_left_d[18]
	n3648
	memif_pdfifo0.f0_wdata[43]
	n3459
	tx_core/tx_rs/crc_left_d[17]
	n3653
	memif_pdfifo0.f0_wdata[42]
	n3460
	tx_core/tx_rs/crc_left_d[16]
	n3666
	memif_pdfifo0.f0_wdata[41]
	n3462
	tx_core/tx_rs/crc_left_d[15]
	n3671
	memif_pdfifo0.f0_wdata[40]
	n3464
	tx_core/tx_rs/crc_left_d[14]
	n3761
	memif_pdfifo0.f0_wdata[39]
	n3465
	tx_core/tx_rs/crc_left_d[13]
	n3765
	memif_pdfifo0.f0_wdata[38]
	n3466
	tx_core/tx_rs/crc_left_d[12]
	n3771
	memif_pdfifo0.f0_wdata[37]
	n3467
	tx_core/tx_rs/crc_left_d[11]
	n3777
	memif_pdfifo0.f0_wdata[36]
	n3472
	tx_core/tx_rs/crc_left_d[10]
	n3787
	memif_pdfifo0.f0_wdata[35]
	n3473
	tx_core/tx_rs/crc_left_d[9]
	n3788
	memif_pdfifo0.f0_wdata[34]
	n3474
	tx_core/tx_rs/crc_left_d[8]
	n3831
	memif_pdfifo0.f0_wdata[33]
	n3475
	tx_core/tx_rs/crc_left_d[7]
	n3893
	memif_pdfifo0.f0_wdata[32]
	n3476
	tx_core/tx_rs/crc_left_d[6]
	n3948
	memif_pdfifo0.f0_wdata[31]
	n3477
	tx_core/tx_rs/crc_left_d[5]
	n3979
	memif_pdfifo0.f0_wdata[30]
	n3478
	tx_core/tx_rs/crc_left_d[4]
	n3989
	n4268
	memif_pdfifo0.f0_wdata[29]
	tx_core/tx_rs/crc_left_d[3]
	n3997
	n4279
	memif_pdfifo0.f0_wdata[28]
	tx_core/tx_rs/crc_left_d[2]
	n4005
	n4291
	memif_pdfifo0.f0_wdata[27]
	tx_core/tx_rs/crc_left_d[1]
	n4009
	memif_pdfifo0.f0_wdata[26]
	n4301
	tx_core/tx_rs/crc_left_d[0]
	n4011
	memif_pdfifo0.f0_wdata[25]
	n4313
	tx_core/tx_rs/xgmii_tx_hold[63]
	n4177
	memif_pdfifo0.f0_wdata[24]
	n4324
	tx_core/tx_rs/xgmii_tx_hold[62]
	n4180
	memif_pdfifo0.f0_wdata[23]
	n4339
	tx_core/tx_rs/xgmii_tx_hold[61]
	n4186
	memif_pdfifo0.f0_wdata[22]
	n4355
	tx_core/tx_rs/xgmii_tx_hold[60]
	n4194
	memif_pdfifo0.f0_wdata[21]
	n4365
	tx_core/tx_rs/xgmii_tx_hold[59]
	n4202
	memif_pdfifo0.f0_wdata[20]
	n4376
	tx_core/tx_rs/xgmii_tx_hold[58]
	n4212
	memif_pdfifo0.f0_wdata[19]
	n4386
	tx_core/tx_rs/xgmii_tx_hold[57]
	n4217
	memif_pdfifo0.f0_wdata[18]
	n4398
	tx_core/tx_rs/xgmii_tx_hold[56]
	n4222
	memif_pdfifo0.f0_wdata[17]
	n4415
	tx_core/tx_rs/xgmii_tx_hold[55]
	n4227
	memif_pdfifo0.f0_wdata[16]
	n4425
	tx_core/tx_rs/xgmii_tx_hold[54]
	n4244
	memif_pdfifo0.f0_wdata[15]
	n4435
	tx_core/tx_rs/xgmii_tx_hold[53]
	n4247
	memif_pdfifo0.f0_wdata[14]
	n4439
	tx_core/tx_rs/xgmii_tx_hold[52]
	n4262
	memif_pdfifo0.f0_wdata[13]
	n4447
	tx_core/tx_rs/xgmii_tx_hold[51]
	n4330
	memif_pdfifo0.f0_wdata[12]
	n4452
	tx_core/tx_rs/xgmii_tx_hold[50]
	n4401
	memif_pdfifo0.f0_wdata[11]
	n4460
	tx_core/tx_rs/xgmii_tx_hold[49]
	n4406
	memif_pdfifo0.f0_wdata[10]
	n4465
	tx_core/tx_rs/xgmii_tx_hold[48]
	n4431
	memif_pdfifo0.f0_wdata[9]
	n4473
	tx_core/tx_rs/xgmii_tx_hold[47]
	n4492
	memif_pdfifo0.f0_wdata[8]
	n4476
	tx_core/tx_rs/xgmii_tx_hold[46]
	n4574
	memif_pdfifo0.f0_wdata[7]
	n4489
	tx_core/tx_rs/xgmii_tx_hold[45]
	n4579
	memif_pdfifo0.f0_wdata[6]
	n4494
	tx_core/tx_rs/xgmii_tx_hold[44]
	memif_pdfifo0.f0_wdata[5]
	n4504
	tx_core/tx_rs/xgmii_tx_hold[43]
	memif_pdfifo0.f0_wdata[4]
	n4511
	tx_core/tx_rs/xgmii_tx_hold[42]
	memif_pdfifo0.f0_wdata[3]
	n4524
	tx_core/tx_rs/xgmii_tx_hold[41]
	memif_pdfifo0.f0_wdata[2]
	n4536
	tx_core/tx_rs/xgmii_tx_hold[40]
	tx_core/axi_slave/burst_addr_nxt[16]
	memif_pdfifo0.f0_wdata[1]
	n4545
	tx_core/tx_rs/xgmii_tx_hold[39]
	n4631
	memif_pdfifo0.f0_wdata[0]
	n4551
	tx_core/tx_rs/xgmii_tx_hold[38]
	n1308
	memif_pdfifo0.f0_write
	n4557
	tx_core/tx_rs/xgmii_tx_hold[37]
	n1310
	memif_pdfifo0.f0_raddr[5]
	n4569
	tx_core/tx_rs/xgmii_tx_hold[36]
	n1314
	memif_pdfifo0.f0_raddr[4]
	n1651
	tx_core/tx_rs/xgmii_tx_hold[35]
	n1315
	memif_pdfifo0.f0_raddr[3]
	n1672
	tx_core/tx_rs/xgmii_tx_hold[34]
	n1376
	memif_pdfifo0.f0_raddr[2]
	n1754
	tx_core/tx_rs/xgmii_tx_hold[33]
	n1380
	memif_pdfifo0.f0_raddr[1]
	n1816
	tx_core/tx_rs/xgmii_tx_hold[32]
	n1381
	memif_pdfifo0.f0_raddr[0]
	n1854
	tx_core/tx_rs/xgmii_tx_hold[31]
	n1382
	memif_pdfifo1.f0_waddr[5]
	n1910
	tx_core/tx_rs/xgmii_tx_hold[30]
	n1383
	memif_pdfifo1.f0_waddr[4]
	n1913
	tx_core/tx_rs/xgmii_tx_hold[29]
	n1384
	memif_pdfifo1.f0_waddr[3]
	n1917
	tx_core/tx_rs/xgmii_tx_hold[28]
	n1391
	memif_pdfifo1.f0_waddr[2]
	n1919
	tx_core/tx_rs/xgmii_tx_hold[27]
	n1395
	memif_pdfifo1.f0_waddr[1]
	n1940
	tx_core/tx_rs/xgmii_tx_hold[26]
	n1396
	memif_pdfifo1.f0_waddr[0]
	n2291
	tx_core/tx_rs/xgmii_tx_hold[25]
	n1397
	memif_pdfifo1.f0_wdata[63]
	n2293
	tx_core/tx_rs/xgmii_tx_hold[24]
	n1398
	memif_pdfifo1.f0_wdata[62]
	n2295
	tx_core/tx_rs/xgmii_tx_hold[23]
	n1399
	memif_pdfifo1.f0_wdata[61]
	n2299
	tx_core/tx_rs/xgmii_tx_hold[22]
	n1400
	memif_pdfifo1.f0_wdata[60]
	n2301
	tx_core/tx_rs/xgmii_tx_hold[21]
	n1402
	memif_pdfifo1.f0_wdata[59]
	n2303
	tx_core/tx_rs/xgmii_tx_hold[20]
	n1403
	memif_pdfifo1.f0_wdata[58]
	n2424
	tx_core/tx_rs/xgmii_tx_hold[19]
	memif_pdfifo1.f0_wdata[57]
	n2470
	tx_core/tx_rs/xgmii_tx_hold[18]
	n1499
	memif_pdfifo1.f0_wdata[56]
	n2472
	tx_core/tx_rs/xgmii_tx_hold[17]
	n1503
	memif_pdfifo1.f0_wdata[55]
	n2955
	tx_core/tx_rs/xgmii_tx_hold[16]
	n1520
	memif_pdfifo1.f0_wdata[54]
	n2956
	tx_core/tx_rs/xgmii_tx_hold[15]
	memif_pdfifo1.f0_wdata[53]
	n2957
	tx_core/tx_rs/xgmii_tx_hold[14]
	memif_pdfifo1.f0_wdata[52]
	n2958
	tx_core/tx_rs/xgmii_tx_hold[13]
	n1598
	memif_pdfifo1.f0_wdata[51]
	n2959
	tx_core/tx_rs/xgmii_tx_hold[12]
	n1603
	memif_pdfifo1.f0_wdata[50]
	n2960
	tx_core/tx_rs/xgmii_tx_hold[11]
	memif_pdfifo1.f0_wdata[49]
	n2965
	tx_core/tx_rs/xgmii_tx_hold[10]
	memif_pdfifo1.f0_wdata[48]
	n2966
	tx_core/tx_rs/xgmii_tx_hold[9]
	memif_pdfifo1.f0_wdata[47]
	n2967
	tx_core/tx_rs/xgmii_tx_hold[8]
	n1709
	memif_pdfifo1.f0_wdata[46]
	n2968
	tx_core/tx_rs/xgmii_tx_hold[7]
	n1929
	memif_pdfifo1.f0_wdata[45]
	n2969
	tx_core/tx_rs/xgmii_tx_hold[6]
	n1938
	memif_pdfifo1.f0_wdata[44]
	n2970
	tx_core/tx_rs/xgmii_tx_hold[5]
	n1974
	memif_pdfifo1.f0_wdata[43]
	n2971
	tx_core/tx_rs/xgmii_tx_hold[4]
	n1979
	n3245
	memif_pdfifo1.f0_wdata[42]
	tx_core/tx_rs/xgmii_tx_hold[3]
	n1980
	n3246
	memif_pdfifo1.f0_wdata[41]
	tx_core/tx_rs/xgmii_tx_hold[2]
	n1981
	memif_pdfifo1.f0_wdata[40]
	n3368
	tx_core/tx_rs/xgmii_tx_hold[1]
	n1982
	memif_pdfifo1.f0_wdata[39]
	n3371
	tx_core/tx_rs/xgmii_tx_hold[0]
	n2126
	memif_pdfifo1.f0_wdata[38]
	n3373
	tx_core/tx_rs/crc_tx_d[31]
	n2127
	memif_pdfifo1.f0_wdata[37]
	n3383
	tx_core/tx_rs/crc_tx_d[30]
	n2308
	memif_pdfifo1.f0_wdata[36]
	n3388
	tx_core/tx_rs/crc_tx_d[29]
	n2369
	memif_pdfifo1.f0_wdata[35]
	n3415
	tx_core/tx_rs/crc_tx_d[28]
	n2391
	memif_pdfifo1.f0_wdata[34]
	n3416
	tx_core/tx_rs/crc_tx_d[27]
	n2393
	memif_pdfifo1.f0_wdata[33]
	n3441
	tx_core/tx_rs/crc_tx_d[26]
	n2401
	memif_pdfifo1.f0_wdata[32]
	n3446
	tx_core/tx_rs/crc_tx_d[25]
	n2402
	memif_pdfifo1.f0_wdata[31]
	n3447
	tx_core/tx_rs/crc_tx_d[24]
	n2403
	memif_pdfifo1.f0_wdata[30]
	n3452
	tx_core/tx_rs/crc_tx_d[23]
	n2410
	memif_pdfifo1.f0_wdata[29]
	n3453
	tx_core/tx_rs/crc_tx_d[22]
	n2417
	memif_pdfifo1.f0_wdata[28]
	n4487
	tx_core/tx_rs/crc_tx_d[21]
	memif_pdfifo1.f0_wdata[27]
	n4495
	tx_core/tx_rs/crc_tx_d[20]
	n2553
	memif_pdfifo1.f0_wdata[26]
	n4505
	tx_core/tx_rs/crc_tx_d[19]
	n2554
	memif_pdfifo1.f0_wdata[25]
	n4512
	tx_core/tx_rs/crc_tx_d[18]
	n2556
	memif_pdfifo1.f0_wdata[24]
	n4520
	tx_core/tx_rs/crc_tx_d[17]
	n2560
	memif_pdfifo1.f0_wdata[23]
	n4526
	tx_core/tx_rs/crc_tx_d[16]
	n2561
	memif_pdfifo1.f0_wdata[22]
	n4535
	tx_core/tx_rs/crc_tx_d[15]
	n2599
	memif_pdfifo1.f0_wdata[21]
	n4546
	tx_core/tx_rs/crc_tx_d[14]
	n2618
	memif_pdfifo1.f0_wdata[20]
	n1920
	tx_core/tx_rs/crc_tx_d[13]
	n2634
	memif_pdfifo1.f0_wdata[19]
	n1921
	tx_core/tx_rs/crc_tx_d[12]
	n2660
	memif_pdfifo1.f0_wdata[18]
	n1942
	tx_core/tx_rs/crc_tx_d[11]
	n2661
	memif_pdfifo1.f0_wdata[17]
	n1944
	tx_core/tx_rs/crc_tx_d[10]
	n2662
	memif_pdfifo1.f0_wdata[16]
	n1965
	tx_core/tx_rs/crc_tx_d[9]
	n2824
	memif_pdfifo1.f0_wdata[15]
	n1966
	tx_core/tx_rs/crc_tx_d[8]
	n2825
	memif_pdfifo1.f0_wdata[14]
	n2292
	tx_core/tx_rs/crc_tx_d[7]
	n2899
	memif_pdfifo1.f0_wdata[13]
	n2294
	tx_core/tx_rs/crc_tx_d[6]
	n2901
	memif_pdfifo1.f0_wdata[12]
	n2296
	tx_core/tx_rs/crc_tx_d[5]
	n2949
	memif_pdfifo1.f0_wdata[11]
	n2297
	tx_core/tx_rs/crc_tx_d[4]
	n2981
	memif_pdfifo1.f0_wdata[10]
	n2300
	tx_core/tx_rs/crc_tx_d[3]
	n3085
	memif_pdfifo1.f0_wdata[9]
	n2302
	tx_core/tx_rs/crc_tx_d[2]
	memif_pdfifo1.f0_wdata[8]
	n2304
	tx_core/tx_rs/crc_tx_d[1]
	n3334
	memif_pdfifo1.f0_wdata[7]
	n2311
	tx_core/tx_rs/crc_tx_d[0]
	n3494
	memif_pdfifo1.f0_wdata[6]
	n2375
	tx_core/tx_rs/pkt_ctrl_d[7]
	n3499
	memif_pdfifo1.f0_wdata[5]
	n2377
	tx_core/tx_rs/pkt_ctrl_d[6]
	n3516
	memif_pdfifo1.f0_wdata[4]
	n2425
	tx_core/tx_rs/pkt_ctrl_d[5]
	n3543
	memif_pdfifo1.f0_wdata[3]
	n2471
	tx_core/tx_rs/pkt_ctrl_d[4]
	n3579
	memif_pdfifo1.f0_wdata[2]
	n2473
	tx_core/tx_rs/pkt_ctrl_d[3]
	n3589
	memif_pdfifo1.f0_wdata[1]
	n2487
	tx_core/tx_rs/pkt_ctrl_d[2]
	n3615
	memif_pdfifo1.f0_wdata[0]
	n2529
	tx_core/tx_rs/pkt_ctrl_d[1]
	n3627
	memif_pdfifo1.f0_write
	n3367
	tx_core/tx_rs/pkt_ctrl_d[0]
	n3635
	memif_pdfifo1.f0_raddr[5]
	n3384
	tx_core/tx_rs/IDC_cnt_d[1]
	n3640
	memif_pdfifo1.f0_raddr[4]
	n3389
	tx_core/tx_rs/IDC_cnt_d[0]
	n3644
	memif_pdfifo1.f0_raddr[3]
	n3390
	tx_core/tx_rs/cur_state[3]
	n3646
	memif_pdfifo1.f0_raddr[2]
	n3440
	tx_core/tx_rs/cur_state[2]
	n3654
	memif_pdfifo1.f0_raddr[1]
	n3448
	tx_core/tx_rs/cur_state[1]
	n3656
	memif_pdfifo1.f0_raddr[0]
	n3449
	tx_core/tx_rs/cur_state[0]
	n3660
	memif_pdfifo2.f0_waddr[5]
	n3451
	tx_core/QOS_selector/qos/srv_cnt2_d[7]
	n3674
	memif_pdfifo2.f0_waddr[4]
	n4340
	tx_core/QOS_selector/qos/srv_cnt2_d[6]
	n3697
	memif_pdfifo2.f0_waddr[3]
	n4433
	tx_core/QOS_selector/qos/srv_cnt2_d[5]
	n3699
	memif_pdfifo2.f0_waddr[2]
	n4440
	tx_core/QOS_selector/qos/srv_cnt2_d[4]
	n3702
	memif_pdfifo2.f0_waddr[1]
	n4446
	tx_core/QOS_selector/qos/srv_cnt2_d[3]
	n3752
	memif_pdfifo2.f0_waddr[0]
	n4453
	tx_core/QOS_selector/qos/srv_cnt2_d[2]
	n3848
	memif_pdfifo2.f0_wdata[63]
	n4458
	tx_core/QOS_selector/qos/srv_cnt2_d[1]
	n3860
	memif_pdfifo2.f0_wdata[62]
	n4467
	tx_core/QOS_selector/qos/srv_cnt2_d[0]
	n3871
	memif_pdfifo2.f0_wdata[61]
	n4474
	tx_core/QOS_selector/qos/srv_cnt1_d[7]
	n3889
	memif_pdfifo2.f0_wdata[60]
	xgmii_tx.TXD[26]
	tx_core/QOS_selector/qos/srv_cnt1_d[6]
	n3959
	memif_pdfifo2.f0_wdata[59]
	xgmii_tx.TXD[25]
	tx_core/QOS_selector/qos/srv_cnt1_d[5]
	n3977
	memif_pdfifo2.f0_wdata[58]
	xgmii_tx.TXD[21]
	tx_core/QOS_selector/qos/srv_cnt1_d[4]
	n3988
	xgmii_tx.TXD[19]
	memif_pdfifo2.f0_wdata[57]
	tx_core/QOS_selector/qos/srv_cnt1_d[3]
	n3993
	xgmii_tx.TXD[18]
	memif_pdfifo2.f0_wdata[56]
	tx_core/QOS_selector/qos/srv_cnt1_d[2]
	n3996
	xgmii_tx.TXD[17]
	memif_pdfifo2.f0_wdata[55]
	tx_core/QOS_selector/qos/srv_cnt1_d[1]
	n4001
	xgmii_tx.TXD[16]
	memif_pdfifo2.f0_wdata[54]
	tx_core/QOS_selector/qos/srv_cnt1_d[0]
	n4004
	memif_pdfifo2.f0_wdata[53]
	xgmii_tx.TXD[8]
	tx_core/QOS_selector/qos/srv_cnt0_d[7]
	n4010
	memif_pdfifo2.f0_wdata[52]
	n4632
	tx_core/QOS_selector/qos/srv_cnt0_d[6]
	n4012
	memif_pdfifo2.f0_wdata[51]
	n4633
	tx_core/QOS_selector/qos/srv_cnt0_d[5]
	n4016
	memif_pdfifo2.f0_wdata[50]
	n4634
	tx_core/QOS_selector/qos/srv_cnt0_d[4]
	n4119
	memif_pdfifo2.f0_wdata[49]
	n4635
	tx_core/QOS_selector/qos/srv_cnt0_d[3]
	n4120
	memif_pdfifo2.f0_wdata[48]
	n4636
	tx_core/QOS_selector/qos/srv_cnt0_d[2]
	n4121
	memif_pdfifo2.f0_wdata[47]
	n4637
	tx_core/QOS_selector/qos/srv_cnt0_d[1]
	n4234
	memif_pdfifo2.f0_wdata[46]
	n1454
	tx_core/QOS_selector/qos/srv_cnt0_d[0]
	n4252
	memif_pdfifo2.f0_wdata[45]
	n1481
	w_ach.AWREADY
	n4274
	memif_pdfifo2.f0_wdata[44]
	n1482
	w_dch.WREADY
	n4286
	memif_pdfifo2.f0_wdata[43]
	n1615
	w_rspch.BID[3]
	n4288
	memif_pdfifo2.f0_wdata[42]
	n1616
	w_rspch.BID[2]
	n4297
	memif_pdfifo2.f0_wdata[41]
	n1617
	w_rspch.BID[1]
	n4308
	memif_pdfifo2.f0_wdata[40]
	n1618
	w_rspch.BID[0]
	n4310
	n1620
	memif_pdfifo2.f0_wdata[39]
	memif_crcf0.f0_waddr[3]
	n4320
	memif_pdfifo2.f0_wdata[38]
	n1707
	memif_crcf0.f0_waddr[2]
	n4332
	memif_pdfifo2.f0_wdata[37]
	n1708
	memif_crcf0.f0_waddr[1]
	n4333
	memif_pdfifo2.f0_wdata[36]
	n1912
	memif_crcf0.f0_waddr[0]
	n4350
	memif_pdfifo2.f0_wdata[35]
	n1915
	memif_crcf0.f0_raddr[3]
	n4351
	memif_pdfifo2.f0_wdata[34]
	n1939
	memif_crcf0.f0_raddr[2]
	n4363
	memif_pdfifo2.f0_wdata[33]
	n2020
	memif_crcf0.f0_raddr[1]
	n4373
	memif_pdfifo2.f0_wdata[32]
	n2298
	memif_crcf0.f0_raddr[0]
	n4384
	memif_pdfifo2.f0_wdata[31]
	n2376
	memif_crcf1.f0_waddr[3]
	n4395
	memif_pdfifo2.f0_wdata[30]
	n2378
	memif_crcf1.f0_waddr[2]
	n4411
	memif_pdfifo2.f0_wdata[29]
	n2483
	memif_crcf1.f0_waddr[1]
	n4412
	memif_pdfifo2.f0_wdata[28]
	n2484
	memif_crcf1.f0_waddr[0]
	n4420
	memif_pdfifo2.f0_wdata[27]
	n2485
	memif_crcf1.f0_raddr[3]
	n4421
	memif_pdfifo2.f0_wdata[26]
	n2486
	memif_crcf1.f0_raddr[2]
	n4429
	memif_pdfifo2.f0_wdata[25]
	n2950
	memif_crcf1.f0_raddr[1]
	n4437
	memif_pdfifo2.f0_wdata[24]
	n3054
	memif_crcf1.f0_raddr[0]
	n4443
	memif_pdfifo2.f0_wdata[23]
	n3369
	memif_crcf2.f0_waddr[3]
	n4449
	memif_pdfifo2.f0_wdata[22]
	n3372
	memif_crcf2.f0_waddr[2]
	n4455
	memif_pdfifo2.f0_wdata[21]
	n3391
	memif_crcf2.f0_waddr[1]
	n4461
	memif_pdfifo2.f0_wdata[20]
	n3392
	memif_crcf2.f0_waddr[0]
	n4470
	memif_pdfifo2.f0_wdata[19]
	n3442
	memif_crcf2.f0_raddr[3]
	n4483
	memif_pdfifo2.f0_wdata[18]
	n3445
	memif_crcf2.f0_raddr[2]
	n4491
	memif_pdfifo2.f0_wdata[17]
	n4423
	memif_crcf2.f0_raddr[1]
	n4509
	memif_pdfifo2.f0_wdata[16]
	xgmii_tx.TXD[31]
	memif_crcf2.f0_raddr[0]
	n4515
	memif_pdfifo2.f0_wdata[15]
	xgmii_tx.TXD[30]
	memif_swchaddr.f0_waddr[3]
	n4522
	memif_pdfifo2.f0_wdata[14]
	xgmii_tx.TXD[29]
	memif_swchaddr.f0_waddr[2]
	n4529
	memif_pdfifo2.f0_wdata[13]
	xgmii_tx.TXD[28]
	memif_swchaddr.f0_waddr[1]
	n4539
	memif_pdfifo2.f0_wdata[12]
	xgmii_tx.TXD[27]
	memif_swchaddr.f0_waddr[0]
	n4549
	memif_pdfifo2.f0_wdata[11]
	xgmii_tx.TXD[24]
	memif_swchaddr.f0_raddr[4]
	n4555
	memif_pdfifo2.f0_wdata[10]
	xgmii_tx.TXD[22]
	memif_swchaddr.f0_raddr[3]
	n4563
	memif_pdfifo2.f0_wdata[9]
	xgmii_tx.TXD[20]
	memif_swchaddr.f0_raddr[2]
	n4575
	memif_pdfifo2.f0_wdata[8]
	xgmii_tx.TXD[15]
	memif_swchaddr.f0_raddr[1]
	n4580
	memif_pdfifo2.f0_wdata[7]
	xgmii_tx.TXD[14]
	memif_swchaddr.f0_raddr[0]
	n4588
	memif_pdfifo2.f0_wdata[6]
	xgmii_tx.TXD[13]
	memif_swchrsp.f0_waddr[3]
	n4601
	memif_pdfifo2.f0_wdata[5]
	xgmii_tx.TXD[12]
	memif_swchrsp.f0_waddr[2]
	n4614
	memif_pdfifo2.f0_wdata[4]
	xgmii_tx.TXD[11]
	memif_swchrsp.f0_waddr[1]
	memif_pdfifo2.f0_wdata[3]
	xgmii_tx.TXD[10]
	memif_swchrsp.f0_waddr[0]
	tx_core/axi_slave/burst_addr_nxt[23]
	memif_pdfifo2.f0_wdata[2]
	xgmii_tx.TXD[9]
	memif_swchrsp.f0_raddr[4]
	tx_core/axi_slave/burst_addr_nxt[20]
	memif_pdfifo2.f0_wdata[1]
	n4638
	memif_swchrsp.f0_raddr[3]
	tx_core/axi_slave/burst_addr_nxt[14]
	memif_pdfifo2.f0_wdata[0]
	n1515
	memif_swchrsp.f0_raddr[2]
	tx_core/axi_slave/burst_addr_nxt[13]
	memif_pdfifo2.f0_write
	n1577
	memif_swchrsp.f0_raddr[1]
	tx_core/axi_slave/burst_addr_nxt[11]
	memif_pdfifo2.f0_raddr[5]
	n1580
	memif_swchrsp.f0_raddr[0]
	xgmii_tx.TXC[0]
	n1612
	memif_pdfifo2.f0_raddr[4]
	n4628
	n1613
	memif_pdfifo2.f0_raddr[3]
	n4629
	n1614
	memif_pdfifo2.f0_raddr[2]
	n1489
	n4630
	n1619
	memif_pdfifo2.f0_raddr[1]
	n1490
	n1621
	memif_pdfifo2.f0_raddr[0]
	n1517
	n1648
	memif_pcfifo0.f0_waddr[5]
	n1284
	memif_pcfifo0.f0_waddr[4]
	n1760
	n1572
	n1300
	memif_pcfifo0.f0_waddr[3]
	n1991
	n1304
	memif_pcfifo0.f0_waddr[2]
	n2525
	n1306
	memif_pcfifo0.f0_waddr[1]
	n2526
	n1631
	n1311
	memif_pcfifo0.f0_waddr[0]
	n2538
	n1464
	memif_pcfifo0.f0_wdata[15]
	n2539
	n1652
	n1570
	memif_pcfifo0.f0_wdata[14]
	n2540
	n1655
	n1571
	memif_pcfifo0.f0_wdata[13]
	n2541
	n1960
	memif_pcfifo0.f0_wdata[12]
	n2543
	n1995
	memif_pcfifo0.f0_wdata[11]
	n2894
	n1999
	n1698
	memif_pcfifo0.f0_wdata[10]
	n3385
	n2000
	n1755
	memif_pcfifo0.f0_wdata[9]
	n3393
	n2001
	n1909
	memif_pcfifo0.f0_wdata[8]
	n3450
	n2002
	n1916
	memif_pcfifo0.f0_wdata[1]
	n3454
	n1941
	memif_pcfifo0.f0_write
	xgmii_tx.TXD[23]
	n2005
	n1943
	memif_pcfifo0.f0_raddr[5]
	n1491
	n2006
	n1984
	memif_pcfifo0.f0_raddr[4]
	n1516
	n2007
	n1985
	memif_pcfifo0.f0_raddr[3]
	n1575
	n2008
	n2018
	memif_pcfifo0.f0_raddr[2]
	n1992
	n2009
	n2019
	memif_pcfifo0.f0_raddr[1]
	n2531
	n2010
	n2022
	memif_pcfifo0.f0_raddr[0]
	n2532
	n2011
	n2024
	memif_pcfifo1.f0_waddr[5]
	n2533
	n2012
	n2026
	memif_pcfifo1.f0_waddr[4]
	n2534
	n2013
	n2028
	memif_pcfifo1.f0_waddr[3]
	n2535
	n2014
	n2030
	memif_pcfifo1.f0_waddr[2]
	n2536
	n2015
	n2032
	memif_pcfifo1.f0_waddr[1]
	n2537
	n2016
	n2034
	memif_pcfifo1.f0_waddr[0]
	n2542
	n2017
	n2046
	memif_pcfifo1.f0_wdata[15]
	n2544
	n2036
	n2054
	memif_pcfifo1.f0_wdata[14]
	n2984
	n2037
	n2055
	memif_pcfifo1.f0_wdata[13]
	n3370
	n2038
	n2059
	memif_pcfifo1.f0_wdata[12]
	n3387
	n2039
	n2067
	memif_pcfifo1.f0_wdata[11]
	n3443
	n2305
	n2147
	n4267
	memif_pcfifo1.f0_wdata[10]
	n2306
	n2151
	n4278
	memif_pcfifo1.f0_wdata[9]
	n2307
	n2152
	n4290
	memif_pcfifo1.f0_wdata[8]
	n2316
	n2153
	memif_pcfifo1.f0_wdata[2]
	n4300
	n2423
	n2309
	memif_pcfifo1.f0_wdata[1]
	n4312
	n2453
	n2343
	memif_pcfifo1.f0_write
	n4323
	n2454
	n2349
	memif_pcfifo1.f0_raddr[5]
	n4413
	n2455
	n2359
	memif_pcfifo1.f0_raddr[4]
	n4424
	n2456
	n2383
	memif_pcfifo1.f0_raddr[3]
	n1492
	n2457
	n2385
	memif_pcfifo1.f0_raddr[2]
	n1576
	n2458
	n2405
	n1644
	memif_pcfifo1.f0_raddr[1]
	n2459
	n2406
	n1647
	memif_pcfifo1.f0_raddr[0]
	n2460
	n2407
	memif_pcfifo2.f0_waddr[5]
	n1936
	n2461
	n2440
	memif_pcfifo2.f0_waddr[4]
	n1937
	n2462
	n2441
	memif_pcfifo2.f0_waddr[3]
	n1954
	n2463
	n2442
	memif_pcfifo2.f0_waddr[2]
	n1955
	n2464
	n2443
	memif_pcfifo2.f0_waddr[1]
	n1956
	n2465
	n2448
	memif_pcfifo2.f0_waddr[0]
	n1957
	n2466
	n2449
	memif_pcfifo2.f0_wdata[15]
	n1958
	n2467
	n2450
	memif_pcfifo2.f0_wdata[14]
	n2315
	n2573
	n2451
	memif_pcfifo2.f0_wdata[13]
	n3386
	n2587
	n2452
	memif_pcfifo2.f0_wdata[12]
	xgmii_tx.TXD[7]
	n2589
	n2555
	memif_pcfifo2.f0_wdata[11]
	xgmii_tx.TXD[6]
	n2624
	n2569
	memif_pcfifo2.f0_wdata[10]
	xgmii_tx.TXD[5]
	n2627
	n2570
	memif_pcfifo2.f0_wdata[9]
	xgmii_tx.TXD[4]
	n2628
	n2582
	memif_pcfifo2.f0_wdata[8]
	xgmii_tx.TXD[3]
	n2629
	n2612
	memif_pcfifo2.f0_wdata[2]
	xgmii_tx.TXD[2]
	n2630
	n2613
	memif_pcfifo2.f0_wdata[1]
	xgmii_tx.TXD[1]
	n2631
	n2626
	memif_pcfifo2.f0_write
	n4639
	n2632
	n2649
	memif_pcfifo2.f0_raddr[5]
	n1574
	n2640
	n2700
	memif_pcfifo2.f0_raddr[4]
	n1578
	n2641
	n2701
	memif_pcfifo2.f0_raddr[3]
	n1579
	n2642
	n2702
	n1646
	memif_pcfifo2.f0_raddr[2]
	n2643
	n2741
	memif_pcfifo2.f0_raddr[1]
	xgmii_tx.TXD[0]
	n2644
	n2742
	memif_pcfifo2.f0_raddr[0]
	n1509
	n2645
	n2836
	n4665
	n1510
	n2650
	n2961
	n1512
	n2651
	n2962
	n1645
	n2652
	n2963
	n2518
	n2653
	n2972
	n2519
	n2654
	n3073
	n2520
	n2655
	n3257
	n2521
	n2656
	n3301
	n2522
	n2657
	n3339
	n2523
	n2658
	n3343
	n2530
	n2659
	n3495
	n1507
	n2663
	n3506
	n1508
	n2664
	n3511
	n1643
	n2665
	n3531
	n3455
	n2666
	n3540
	n1417
	n2667
	n3554
	n1666
	n2668
	n3580
	n1667
	n2669
	n3590
	n1668
	n2670
	n3616
	n1669
	n2671
	n3628
	n1670
	n2672
	n3636
	tx_core/QOS_selector/qos/N33
	n2673
	n3641
	tx_core/QOS_selector/qos/N32
	n2674
	n3647
	tx_core/QOS_selector/qos/N31
	n2675
	n3649
	tx_core/QOS_selector/qos/N30
	n2676
	n3667
	tx_core/QOS_selector/qos/N29
	n2677
	n3672
	tx_core/QOS_selector/qos/N28
	n2678
	n3677
	tx_core/QOS_selector/qos/N27
	n2679
	n3695
	tx_core/QOS_selector/qos/N26
	n2680
	n3698
	tx_core/QOS_selector/qos/N25
	n2681
	n3700
	tx_core/QOS_selector/qos/N24
	n2682
	n3706
	tx_core/QOS_selector/qos/N23
	n2683
	n3743
	tx_core/QOS_selector/qos/N22
	n2684
	n3842
	tx_core/QOS_selector/qos/N21
	n2685
	n3847
	tx_core/QOS_selector/qos/N20
	n2686
	n3851
	tx_core/QOS_selector/qos/N19
	n2687
	n3873
	tx_core/QOS_selector/qos/N18
	n2689
	n3875
	tx_core/QOS_selector/qos/N17
	n2691
	n3877
	tx_core/QOS_selector/qos/N16
	n2693
	n3878
	tx_core/QOS_selector/qos/N15
	n2716
	n3880
	tx_core/QOS_selector/qos/N14
	n2717
	n3950
	tx_core/QOS_selector/qos/N13
	n2718
	n3961
	tx_core/QOS_selector/qos/N12
	n2719
	n3963
	tx_core/QOS_selector/qos/N11
	n2720
	n3965
	tx_core/QOS_selector/qos/N10
	n2722
	n3966
	n2723
	n3968
	n2724
	n3983
	n2725
	n3990
	n2730
	n4022
	n2732
	n4023
	n2734
	n4024
	n2736
	n4025
	n2738
	n4026
	n2739
	n4027
	n2752
	n4028
	n2754
	n4029
	n2756
	n4032
	n2757
	n4033
	n2759
	n4034
	n2761
	n4035
	n2762
	n4036
	n2763
	n4037
	n2764
	n4038
	n2765
	n4039
	n2766
	n4048
	n2767
	n4049
	n2768
	n4050
	n2769
	n4051
	n2770
	n4052
	n2771
	n4053
	n2778
	n4054
	n2783
	n4055
	n2786
	n4063
	n2790
	n4064
	n2792
	n4065
	n2796
	n4066
	n2797
	n4067
	n2799
	n4068
	n2801
	n4069
	n2802
	n4070
	n2805
	n4073
	n2806
	n4074
	n2809
	n4075
	n2812
	n4076
	n2814
	n4077
	n2816
	n4078
	n2818
	n4079
	n2820
	n4080
	n2823
	n4089
	n2827
	n4090
	n2830
	n4091
	n2832
	n4092
	n2834
	n4093
	n2842
	n4094
	n2843
	n4095
	n2844
	n4096
	n2845
	n4101
	n2846
	n4102
	n2849
	n4103
	n2854
	n4104
	n2856
	n4105
	n2862
	n4106
	n2863
	n4107
	n2865
	n4108
	n2869
	n4113
	n2872
	n4114
	n2874
	n4115
	n2876
	n4116
	n2877
	n4117
	n2881
	n4118
	n2882
	n4122
	n2884
	n4123
	n2885
	n2888
	n4228
	n2891
	n4248
	n2907
	n4266
	n2952
	n4331
	n2953
	n4391
	n2954
	n4500
	n2964
	n4581
	n2985
	n4589
	n2989
	n4594
	n2990
	n4602
	n2992
	n4607
	n2996
	n4615
	n2997
	n2998
	n2999
	tx_core/axi_slave/burst_addr_nxt[24]
	n3000
	tx_core/axi_slave/burst_addr_nxt[18]
	n3001
	xgmii_tx.TXC[3]
	n3002
	xgmii_tx.TXC[2]
	n3003
	xgmii_tx.TXC[1]
	n3004
	n1235
	n3005
	n1297
	n3006
	n1302
	n3007
	n1303
	n3008
	n1307
	n3009
	n1309
	n3010
	n1322
	n3011
	n1323
	n3012
	n1324
	n3014
	n1325
	n3015
	n1326
	n3016
	n1327
	n3017
	n1329
	n3018
	n1333
	n3019
	n1346
	n3020
	n1358
	n3021
	n1374
	n3022
	n1375
	n3023
	n1389
	n3024
	n1390
	n3025
	n1412
	n3026
	n1416
	n3031
	n1513
	n3034
	n1514
	n3041
	n3042
	n3043
	n3044
	n1756
	n3045
	n1769
	n3046
	n1773
	n3047
	n3048
	n2023
	n3055
	n2025
	n3056
	n2027
	n3057
	n2029
	n3058
	n2031
	n3059
	n2033
	n3060
	n2035
	n3068
	n2148
	n3070
	n2149
	n3072
	n2164
	n3075
	n2165
	n3077
	n2166
	n3082
	n2167
	n3090
	n2169
	n3095
	n2170
	n3097
	n2171
	n3099
	n2172
	n3101
	n2175
	n3103
	n2176
	n3111
	n2177
	n3113
	n2178
	n3117
	n2179
	n3118
	n2180
	n3121
	n2181
	n3124
	n2182
	n3127
	n2184
	n3130
	n2185
	n3131
	n2186
	n3132
	n2187
	n3133
	n2189
	n3135
	n2190
	n3136
	n2191
	n3139
	n2192
	n3140
	n2193
	n3142
	n2194
	n3143
	n2195
	n3146
	n2196
	n3149
	n2198
	n3152
	n2199
	n3155
	n2200
	n3158
	n2201
	n3159
	n2242
	n3160
	n2243
	n3161
	n2244
	n3163
	n2245
	n3164
	n2248
	n3165
	n2249
	n3166
	n2253
	n3167
	n2254
	n3168
	n2255
	n3169
	n2256
	n3170
	n2260
	n3173
	n2261
	n3176
	n2264
	n3177
	n2265
	n3178
	n2267
	n3183
	n2268
	n3186
	n2310
	n3189
	n2345
	n3192
	n2351
	n3193
	n2361
	n3194
	n2384
	n3196
	n2386
	n3197
	n2469
	n3198
	n2474
	n3199
	n2591
	n3200
	n2592
	n3201
	n2608
	n3202
	n2609
	n3205
	n2610
	n3206
	n2635
	n3207
	n2636
	n3208
	n2637
	n3209
	n2709
	n3210
	n2710
	n3211
	n2711
	n3212
	n2858
	n3213
	n2859
	n3214
	n2860
	n3215
	n2898
	n3216
	n2904
	n3219
	n2927
	n3222
	n2933
	n3225
	n2934
	n3226
	n2935
	n3227
	n2936
	n3228
	n2937
	n3229
	n2938
	n3232
	n2939
	n3233
	n2940
	n3239
	n2941
	n3302
	n2942
	n3403
	n2943
	n3413
	n2944
	n2945
	n3945
	n2946
	n3978
	n2947
	n3984
	n2948
	n4170
	n3119
	n3120
	n4620
	n3492
	n4621
	n3512
	n4622
	n3544
	memif_swchaddr.f0_write
	n3650
	n3657
	n1404
	n3661
	n1405
	n3668
	n1409
	n3673

4749 nets with no annotation
1
#####################################################################
#       check/update/report power
#####################################################################
check_power
Information: Checking 'out_of_table_range'.
Warning: There are 6615 out_of_range ramps.
Warning: There are 3879 out_of_range loads.
Information: Checking 'missing_table'.
Information: Checking 'missing_function'.
Warning: There are 5 library cells without function.
0
update_power
Warning: The hierarchical cell 'tx_core/dma_reg_tx' is an empty cell (PWR-278)
Warning: The hierarchical cell 'tx_core/tx_crc/crcpkt0' is an empty cell (PWR-278)
Warning: The hierarchical cell 'tx_core/tx_crc/crcpkt2' is an empty cell (PWR-278)
Warning: The hierarchical cell 'tx_core/tx_crc/crcpkt1' is an empty cell (PWR-278)
Warning: The hierarchical cell 'tx_core/axi_master' is an empty cell (PWR-278)
Information: Running switching activity propagation with 4 threads!
Information: Running averaged power analysis... (PWR-601)
Information: Running power calculation with 4 threads. (PWR-602)
1
report_power -hierarchy > saif.rpt
quit
Suppressed Messages Summary:
Id          Severity      Occurrences   Suppressed
-------------------------------------------------------------------------------
PARA-123    Warning             32124        32024
Total 1 type of message is suppressed

Timing updates: 1 (1 implicit, 0 explicit) (0 incremental, 1 full, 0 logical)
Noise updates: 0 (0 implicit, 0 explicit) (0 incremental, 0 full)
Maximum memory usage for this session: 659.65 MB
CPU usage for this session: 3 seconds 
Elapsed time for this session: 2 seconds
Diagnostics summary: 56 warnings, 14 informationals

Thank you for using pt_shell!
