###############################################################
#  Generated by:      Cadence Encounter 09.14-s273_1
#  OS:                Linux x86_64(Host ID coe-ee-cad45.sjsuad.sjsu.edu)
#  Generated on:      Tue Nov  8 21:57:05 2016
#  Command:           verifyConnectivity -type all
###############################################################
Verify Connectivity Report created on Tue Nov  8 21:57:05 2016



Net FECTS_clks_clk___L4_N35: dangling Wire at (224.580, 147.155) (224.580, 147.155) on layer: M1
Net FECTS_clks_clk___L4_N35: dangling Wire at (229.140, 147.155) (229.140, 147.155) on layer: M1
Net FECTS_clks_clk___L4_N35: dangling Wire at (224.975, 171.845) (224.975, 171.845) on layer: M1
Net FECTS_clks_clk___L4_N35: dangling Wire at (224.580, 166.915) (224.580, 166.915) on layer: M1
Net FECTS_clks_clk___L4_N35: dangling Wire at (223.345, 168.625) (223.345, 168.625) on layer: M1
Net FECTS_clks_clk___L4_N35: dangling Wire at (222.015, 169.765) (222.015, 169.765) on layer: M1
Net FECTS_clks_clk___L4_N35: dangling Wire at (220.495, 168.055) (220.495, 168.055) on layer: M1
Net FECTS_clks_clk___L4_N35: dangling Wire at (220.400, 157.035) (220.400, 157.035) on layer: M1
Net FECTS_clks_clk___L4_N35: dangling Wire at (220.020, 140.030) (220.020, 140.030) on layer: M1
Net FECTS_clks_clk___L4_N35: dangling Wire at (220.020, 137.370) (220.020, 137.370) on layer: M1
Net FECTS_clks_clk___L4_N35: dangling Wire at (219.735, 150.005) (219.735, 150.005) on layer: M1
Net FECTS_clks_clk___L4_N35: dangling Wire at (219.355, 166.915) (219.355, 166.915) on layer: M1
Net FECTS_clks_clk___L4_N35: dangling Wire at (219.260, 164.825) (219.260, 164.825) on layer: M1
Net FECTS_clks_clk___L4_N35: dangling Wire at (219.260, 152.095) (219.260, 152.095) on layer: M1
Net FECTS_clks_clk___L4_N35: dangling Wire at (219.260, 145.065) (219.260, 145.065) on layer: M1
Net FECTS_clks_clk___L4_N35: dangling Wire at (218.895, 171.845) (218.895, 171.845) on layer: M1
Net FECTS_clks_clk___L4_N35: dangling Wire at (218.880, 142.215) (218.880, 142.215) on layer: M1
Net FECTS_clks_clk___L4_N35: dangling Wire at (213.940, 157.035) (213.940, 157.035) on layer: M1
Net FECTS_clks_clk___L4_N35: dangling Wire at (213.940, 142.215) (213.940, 142.215) on layer: M1
Net FECTS_clks_clk___L4_N35: dangling Wire at (210.520, 166.915) (210.520, 166.915) on layer: M1
Net FECTS_clks_clk___L4_N35: dangling Wire at (209.760, 174.705) (209.760, 174.705) on layer: M1
Net FECTS_clks_clk___L4_N35: dangling Wire at (209.760, 159.885) (209.760, 159.885) on layer: M1
Net FECTS_clks_clk___L4_N35: dangling Wire at (209.760, 142.215) (209.760, 142.215) on layer: M1
Net FECTS_clks_clk___L4_N35: dangling Wire at (209.000, 171.855) (209.000, 171.855) on layer: M1
Net FECTS_clks_clk___L4_N35: dangling Wire at (208.620, 157.035) (208.620, 157.035) on layer: M1
Net FECTS_clks_clk___L4_N35: dangling Wire at (207.385, 159.600) (207.385, 159.600) on layer: M1
Net FECTS_clks_clk___L4_N35: dangling Wire at (207.100, 140.125) (207.100, 140.125) on layer: M1
Net FECTS_clks_clk___L4_N35: dangling Wire at (206.245, 153.805) (206.245, 153.805) on layer: M1
Net FECTS_clks_clk___L4_N35: dangling Wire at (205.580, 145.065) (205.580, 145.065) on layer: M1
Net FECTS_clks_clk___L4_N35: dangling Wire at (204.915, 154.945) (204.915, 154.945) on layer: M1
Net FECTS_clks_clk___L4_N35: dangling Wire at (204.440, 179.645) (204.440, 179.645) on layer: M1
Net FECTS_clks_clk___L4_N35: dangling Wire at (204.440, 171.855) (204.440, 171.855) on layer: M1
Net FECTS_clks_clk___L4_N35: dangling Wire at (204.440, 137.275) (204.440, 137.275) on layer: M1
Net FECTS_clks_clk___L4_N35: dangling Wire at (204.060, 166.915) (204.060, 166.915) on layer: M1
Net FECTS_clks_clk___L4_N35: dangling Wire at (199.595, 157.035) (199.595, 157.035) on layer: M1
Net FECTS_clks_clk___L4_N35: dangling Wire at (198.740, 176.795) (198.740, 176.795) on layer: M1
Net FECTS_clks_clk___L4_N35: dangling Wire at (198.740, 166.915) (198.740, 166.915) on layer: M1
Net FECTS_clks_clk___L4_N35: dangling Wire at (198.740, 152.095) (198.740, 152.095) on layer: M1
Net FECTS_clks_clk___L4_N35: dangling Wire at (198.740, 145.065) (198.740, 145.065) on layer: M1
Net FECTS_clks_clk___L4_N35: dangling Wire at (194.560, 152.095) (194.560, 152.095) on layer: M1
Net FECTS_clks_clk___L4_N35: dangling Wire at (194.180, 159.885) (194.180, 159.885) on layer: M1
Net FECTS_clks_clk___L4_N35: dangling Wire at (194.180, 137.370) (194.180, 137.370) on layer: M1
Net FECTS_clks_clk___L4_N35: dangling Wire at (193.800, 179.645) (193.800, 179.645) on layer: M1
Net FECTS_clks_clk___L4_N35: dangling Wire at (193.800, 176.795) (193.800, 176.795) on layer: M1
Net FECTS_clks_clk___L4_N35: dangling Wire at (193.800, 169.765) (193.800, 169.765) on layer: M1
Net FECTS_clks_clk___L4_N35: dangling Wire at (193.800, 147.155) (193.800, 147.155) on layer: M1
Net FECTS_clks_clk___L4_N35: dangling Wire at (192.565, 158.175) (192.565, 158.175) on layer: M1
Net FECTS_clks_clk___L4_N35: dangling Wire at (191.235, 179.645) (191.235, 179.645) on layer: M1
Net FECTS_clks_clk___L4_N35: dangling Wire at (190.380, 164.825) (190.380, 164.825) on layer: M1
Net FECTS_clks_clk___L4_N35: dangling Wire at (189.620, 152.095) (189.620, 152.095) on layer: M1
Net FECTS_clks_clk___L4_N35: dangling Wire at (189.620, 145.065) (189.620, 145.065) on layer: M1
Net FECTS_clks_clk___L4_N35: dangling Wire at (189.620, 137.370) (189.620, 137.370) on layer: M1
Net FECTS_clks_clk___L4_N35: dangling Wire at (189.240, 166.915) (189.240, 166.915) on layer: M1
Net FECTS_clks_clk___L4_N35: dangling Wire at (187.340, 140.030) (187.340, 140.030) on layer: M1
Net FECTS_clks_clk___L4_N35: dangling Wire at (184.680, 179.645) (184.680, 179.645) on layer: M1
Net FECTS_clks_clk___L4_N35: dangling Wire at (184.680, 166.915) (184.680, 166.915) on layer: M1
Net FECTS_clks_clk___L4_N34: dangling Wire at (302.480, 137.370) (302.480, 137.370) on layer: M1
Net FECTS_clks_clk___L4_N34: dangling Wire at (301.435, 164.825) (301.435, 164.825) on layer: M1
Net FECTS_clks_clk___L4_N34: dangling Wire at (298.775, 147.155) (298.775, 147.155) on layer: M1
Net FECTS_clks_clk___L4_N34: dangling Wire at (298.015, 153.805) (298.015, 153.805) on layer: M1
Net FECTS_clks_clk___L4_N34: dangling Wire at (297.065, 148.865) (297.065, 148.865) on layer: M1
Net FECTS_clks_clk___L4_N34: dangling Wire at (294.785, 163.115) (294.785, 163.115) on layer: M1
Net FECTS_clks_clk___L4_N34: dangling Wire at (289.655, 147.155) (289.655, 147.155) on layer: M1
Net FECTS_clks_clk___L4_N34: dangling Wire at (288.135, 157.035) (288.135, 157.035) on layer: M1
Net FECTS_clks_clk___L4_N34: dangling Wire at (283.575, 161.975) (283.575, 161.975) on layer: M1
Net FECTS_clks_clk___L4_N34: dangling Wire at (282.435, 147.440) (282.435, 147.440) on layer: M1
Net FECTS_clks_clk___L4_N34: dangling Wire at (280.440, 164.825) (280.440, 164.825) on layer: M1
Net FECTS_clks_clk___L4_N34: dangling Wire at (276.355, 164.825) (276.355, 164.825) on layer: M1
Net FECTS_clks_clk___L4_N34: dangling Wire at (273.600, 143.165) (273.600, 143.165) on layer: M2
Net FECTS_clks_clk___L4_N34: dangling Wire at (273.600, 138.225) (273.600, 138.225) on layer: M2
Net FECTS_clks_clk___L4_N34: dangling Wire at (273.315, 130.245) (273.315, 130.245) on layer: M1
Net FECTS_clks_clk___L4_N34: dangling Wire at (271.647, 162.545) (271.647, 162.545) on layer: M2
Net FECTS_clks_clk___L4_N34: dangling Wire at (270.507, 153.995) (270.507, 153.995) on layer: M2
Net FECTS_clks_clk___L4_N34: dangling Wire at (267.140, 147.725) (267.140, 147.725) on layer: M2
Net FECTS_clks_clk___L4_N34: dangling Wire at (267.140, 130.245) (267.140, 130.245) on layer: M1
Net FECTS_clks_clk___L4_N34: dangling Wire at (265.620, 162.545) (265.620, 162.545) on layer: M2
Net FECTS_clks_clk___L4_N34: dangling Wire at (259.920, 166.915) (259.920, 166.915) on layer: M1
Net FECTS_clks_clk___L4_N33: dangling Wire at (312.360, 58.235) (312.360, 58.235) on layer: M1
Net FECTS_clks_clk___L4_N33: dangling Wire at (312.360, 41.325) (312.360, 41.325) on layer: M1
Net FECTS_clks_clk___L4_N33: dangling Wire at (312.360, 21.565) (312.360, 21.565) on layer: M1
Net FECTS_clks_clk___L4_N33: dangling Wire at (311.600, 23.655) (311.600, 23.655) on layer: M1
Net FECTS_clks_clk___L4_N33: dangling Wire at (311.220, 51.205) (311.220, 51.205) on layer: M1
Net FECTS_clks_clk___L4_N33: dangling Wire at (311.220, 43.415) (311.220, 43.415) on layer: M1
Net FECTS_clks_clk___L4_N33: dangling Wire at (311.220, 31.445) (311.220, 31.445) on layer: M1
Net FECTS_clks_clk___L4_N33: dangling Wire at (307.040, 43.415) (307.040, 43.415) on layer: M1
Net FECTS_clks_clk___L4_N33: dangling Wire at (307.040, 28.595) (307.040, 28.595) on layer: M1
Net FECTS_clks_clk___L4_N33: dangling Wire at (306.660, 58.235) (306.660, 58.235) on layer: M1
Net FECTS_clks_clk___L4_N33: dangling Wire at (306.660, 51.205) (306.660, 51.205) on layer: M1
Net FECTS_clks_clk___L4_N33: dangling Wire at (303.620, 38.475) (303.620, 38.475) on layer: M1
Net FECTS_clks_clk___L4_N33: dangling Wire at (301.720, 56.145) (301.720, 56.145) on layer: M1
Net FECTS_clks_clk___L4_N33: dangling Wire at (301.720, 33.535) (301.720, 33.535) on layer: M1
Net FECTS_clks_clk___L4_N33: dangling Wire at (301.340, 53.295) (301.340, 53.295) on layer: M1
Net FECTS_clks_clk___L4_N33: dangling Wire at (301.340, 43.415) (301.340, 43.415) on layer: M1
Net FECTS_clks_clk___L4_N33: dangling Wire at (301.340, 23.655) (301.340, 23.655) on layer: M1
Net FECTS_clks_clk___L4_N33: dangling Wire at (296.780, 58.235) (296.780, 58.235) on layer: M1
Net FECTS_clks_clk___L4_N33: dangling Wire at (296.400, 51.205) (296.400, 51.205) on layer: M1
Net FECTS_clks_clk___L4_N33: dangling Wire at (296.020, 43.415) (296.020, 43.415) on layer: M1
Net FECTS_clks_clk___L4_N33: dangling Wire at (296.020, 28.595) (296.020, 28.595) on layer: M1
Net FECTS_clks_clk___L4_N33: dangling Wire at (296.020, 23.655) (296.020, 23.655) on layer: M1
Net FECTS_clks_clk___L4_N33: dangling Wire at (296.020, 21.565) (296.020, 21.565) on layer: M1
Net FECTS_clks_clk___L4_N33: dangling Wire at (295.260, 38.475) (295.260, 38.475) on layer: M1
Net FECTS_clks_clk___L4_N33: dangling Wire at (291.840, 21.565) (291.840, 21.565) on layer: M1
Net FECTS_clks_clk___L4_N33: dangling Wire at (291.460, 56.145) (291.460, 56.145) on layer: M1
Net FECTS_clks_clk___L4_N33: dangling Wire at (290.700, 43.415) (290.700, 43.415) on layer: M1
Net FECTS_clks_clk___L4_N33: dangling Wire at (290.700, 26.505) (290.700, 26.505) on layer: M1
Net FECTS_clks_clk___L4_N33: dangling Wire at (286.520, 53.295) (286.520, 53.295) on layer: M1
Net FECTS_clks_clk___L4_N33: dangling Wire at (285.760, 48.355) (285.760, 48.355) on layer: M1
Net FECTS_clks_clk___L4_N33: dangling Wire at (285.760, 41.325) (285.760, 41.325) on layer: M1
Net FECTS_clks_clk___L4_N33: dangling Wire at (285.760, 31.445) (285.760, 31.445) on layer: M1
Net FECTS_clks_clk___L4_N33: dangling Wire at (285.760, 21.565) (285.760, 21.565) on layer: M1
Net FECTS_clks_clk___L4_N33: dangling Wire at (283.100, 43.415) (283.100, 43.415) on layer: M1
Net FECTS_clks_clk___L4_N33: dangling Wire at (282.720, 38.475) (282.720, 38.475) on layer: M1
Net FECTS_clks_clk___L4_N33: dangling Wire at (281.580, 31.445) (281.580, 31.445) on layer: M1
Net FECTS_clks_clk___L4_N33: dangling Wire at (281.580, 21.565) (281.580, 21.565) on layer: M1
Net FECTS_clks_clk___L4_N33: dangling Wire at (280.820, 48.355) (280.820, 48.355) on layer: M1
Net FECTS_clks_clk___L4_N33: dangling Wire at (280.440, 56.145) (280.440, 56.145) on layer: M1
Net FECTS_clks_clk___L4_N33: dangling Wire at (280.440, 53.295) (280.440, 53.295) on layer: M1
Net FECTS_clks_clk___L4_N33: dangling Wire at (277.305, 42.180) (277.305, 42.180) on layer: M1
Net FECTS_clks_clk___L4_N33: dangling Wire at (276.260, 58.235) (276.260, 58.235) on layer: M1
Net FECTS_clks_clk___L4_N33: dangling Wire at (276.260, 43.415) (276.260, 43.415) on layer: M1
Net FECTS_clks_clk___L4_N33: dangling Wire at (276.260, 33.535) (276.260, 33.535) on layer: M1
Net FECTS_clks_clk___L4_N33: dangling Wire at (276.260, 21.565) (276.260, 21.565) on layer: M1
Net FECTS_clks_clk___L4_N33: dangling Wire at (275.880, 56.050) (275.880, 56.050) on layer: M1
Net FECTS_clks_clk___L4_N33: dangling Wire at (275.880, 23.655) (275.880, 23.655) on layer: M1
Net FECTS_clks_clk___L4_N33: dangling Wire at (272.840, 41.325) (272.840, 41.325) on layer: M1
Net FECTS_clks_clk___L4_N33: dangling Wire at (271.320, 23.655) (271.320, 23.655) on layer: M1
Net FECTS_clks_clk___L4_N33: dangling Wire at (270.940, 46.265) (270.940, 46.265) on layer: M1
Net FECTS_clks_clk___L4_N33: dangling Wire at (270.180, 31.445) (270.180, 31.445) on layer: M1
Net FECTS_clks_clk___L4_N33: dangling Wire at (269.800, 33.535) (269.800, 33.535) on layer: M1
Net FECTS_clks_clk___L4_N33: dangling Wire at (266.000, 23.655) (266.000, 23.655) on layer: M1
Net FECTS_clks_clk___L4_N33: dangling Wire at (265.240, 56.050) (265.240, 56.050) on layer: M1
Net FECTS_clks_clk___L4_N33: dangling Wire at (261.820, 23.655) (261.820, 23.655) on layer: M1
Net FECTS_clks_clk___L4_N33: dangling Wire at (242.060, 51.205) (242.060, 51.205) on layer: M1
Net FECTS_clks_clk___L4_N32: dangling Wire at (256.500, 92.815) (256.500, 92.815) on layer: M1
Net FECTS_clks_clk___L4_N32: dangling Wire at (254.980, 100.605) (254.980, 100.605) on layer: M1
Net FECTS_clks_clk___L4_N32: dangling Wire at (254.980, 87.875) (254.980, 87.875) on layer: M1
Net FECTS_clks_clk___L4_N32: dangling Wire at (250.040, 100.605) (250.040, 100.605) on layer: M1
Net FECTS_clks_clk___L4_N32: dangling Wire at (245.100, 100.605) (245.100, 100.605) on layer: M1
Net FECTS_clks_clk___L4_N32: dangling Wire at (240.160, 107.635) (240.160, 107.635) on layer: M1
Net FECTS_clks_clk___L4_N32: dangling Wire at (234.460, 110.485) (234.460, 110.485) on layer: M1
Net FECTS_clks_clk___L4_N32: dangling Wire at (233.700, 115.425) (233.700, 115.425) on layer: M1
Net FECTS_clks_clk___L4_N32: dangling Wire at (229.900, 122.455) (229.900, 122.455) on layer: M1
Net FECTS_clks_clk___L4_N32: dangling Wire at (229.900, 105.545) (229.900, 105.545) on layer: M1
Net FECTS_clks_clk___L4_N32: dangling Wire at (229.140, 112.575) (229.140, 112.575) on layer: M1
Net FECTS_clks_clk___L4_N32: dangling Wire at (229.140, 110.485) (229.140, 110.485) on layer: M1
Net FECTS_clks_clk___L4_N32: dangling Wire at (228.855, 107.920) (228.855, 107.920) on layer: M1
Net FECTS_clks_clk___L4_N32: dangling Wire at (228.000, 95.665) (228.000, 95.665) on layer: M1
Net FECTS_clks_clk___L4_N32: dangling Wire at (225.340, 115.425) (225.340, 115.425) on layer: M1
Net FECTS_clks_clk___L4_N32: dangling Wire at (224.960, 132.335) (224.960, 132.335) on layer: M1
Net FECTS_clks_clk___L4_N32: dangling Wire at (224.580, 120.365) (224.580, 120.365) on layer: M1
Net FECTS_clks_clk___L4_N32: dangling Wire at (224.580, 110.485) (224.580, 110.485) on layer: M1
Net FECTS_clks_clk___L4_N32: dangling Wire at (223.820, 95.665) (223.820, 95.665) on layer: M1
Net FECTS_clks_clk___L4_N32: dangling Wire at (222.300, 100.605) (222.300, 100.605) on layer: M1
Net FECTS_clks_clk___L4_N32: dangling Wire at (220.400, 132.335) (220.400, 132.335) on layer: M1
Net FECTS_clks_clk___L4_N32: dangling Wire at (220.400, 125.305) (220.400, 125.305) on layer: M1
Net FECTS_clks_clk___L4_N32: dangling Wire at (220.400, 120.365) (220.400, 120.365) on layer: M1
Net FECTS_clks_clk___L4_N32: dangling Wire at (220.400, 110.485) (220.400, 110.485) on layer: M1
Net FECTS_clks_clk___L4_N32: dangling Wire at (219.260, 115.425) (219.260, 115.425) on layer: M1
Net FECTS_clks_clk___L4_N32: dangling Wire at (219.260, 102.695) (219.260, 102.695) on layer: M1
Net FECTS_clks_clk___L4_N32: dangling Wire at (219.260, 80.845) (219.260, 80.845) on layer: M1
Net FECTS_clks_clk___L4_N32: dangling Wire at (218.120, 95.665) (218.120, 95.665) on layer: M1
Net FECTS_clks_clk___L4_N32: dangling Wire at (215.840, 135.185) (215.840, 135.185) on layer: M1
Net FECTS_clks_clk___L4_N32: dangling Wire at (214.700, 120.365) (214.700, 120.365) on layer: M1
Net FECTS_clks_clk___L4_N32: dangling Wire at (214.700, 105.545) (214.700, 105.545) on layer: M1
Net FECTS_clks_clk___L4_N32: dangling Wire at (214.320, 125.305) (214.320, 125.305) on layer: M1
Net FECTS_clks_clk___L4_N32: dangling Wire at (214.320, 115.425) (214.320, 115.425) on layer: M1
Net FECTS_clks_clk___L4_N32: dangling Wire at (214.320, 110.485) (214.320, 110.485) on layer: M1
Net FECTS_clks_clk___L4_N32: dangling Wire at (214.320, 80.845) (214.320, 80.845) on layer: M1
Net FECTS_clks_clk___L4_N32: dangling Wire at (213.940, 100.605) (213.940, 100.605) on layer: M1
Net FECTS_clks_clk___L4_N32: dangling Wire at (213.940, 82.935) (213.940, 82.935) on layer: M1
Net FECTS_clks_clk___L4_N32: dangling Wire at (213.180, 95.665) (213.180, 95.665) on layer: M1
Net FECTS_clks_clk___L4_N32: dangling Wire at (212.800, 87.875) (212.800, 87.875) on layer: M1
Net FECTS_clks_clk___L4_N32: dangling Wire at (209.760, 125.305) (209.760, 125.305) on layer: M1
Net FECTS_clks_clk___L4_N32: dangling Wire at (209.380, 107.635) (209.380, 107.635) on layer: M1
Net FECTS_clks_clk___L4_N32: dangling Wire at (209.000, 95.665) (209.000, 95.665) on layer: M1
Net FECTS_clks_clk___L4_N32: dangling Wire at (209.000, 90.725) (209.000, 90.725) on layer: M1
Net FECTS_clks_clk___L4_N32: dangling Wire at (208.620, 135.185) (208.620, 135.185) on layer: M1
Net FECTS_clks_clk___L4_N32: dangling Wire at (208.620, 115.425) (208.620, 115.425) on layer: M1
Net FECTS_clks_clk___L4_N32: dangling Wire at (207.480, 85.785) (207.480, 85.785) on layer: M1
Net FECTS_clks_clk___L4_N32: dangling Wire at (204.820, 80.845) (204.820, 80.845) on layer: M1
Net FECTS_clks_clk___L4_N32: dangling Wire at (204.725, 84.645) (204.725, 84.645) on layer: M1
Net FECTS_clks_clk___L4_N32: dangling Wire at (204.440, 135.185) (204.440, 135.185) on layer: M1
Net FECTS_clks_clk___L4_N32: dangling Wire at (204.060, 125.305) (204.060, 125.305) on layer: M1
Net FECTS_clks_clk___L4_N32: dangling Wire at (204.060, 115.425) (204.060, 115.425) on layer: M1
Net FECTS_clks_clk___L4_N32: dangling Wire at (204.060, 107.635) (204.060, 107.635) on layer: M1
Net FECTS_clks_clk___L4_N32: dangling Wire at (204.060, 95.665) (204.060, 95.665) on layer: M1
Net FECTS_clks_clk___L4_N32: dangling Wire at (203.680, 132.335) (203.680, 132.335) on layer: M1
Net FECTS_clks_clk___L4_N32: dangling Wire at (201.400, 97.755) (201.400, 97.755) on layer: M1
Net FECTS_clks_clk___L4_N32: dangling Wire at (199.880, 112.575) (199.880, 112.575) on layer: M1
Net FECTS_clks_clk___L4_N32: dangling Wire at (199.500, 117.515) (199.500, 117.515) on layer: M1
Net FECTS_clks_clk___L4_N32: dangling Wire at (199.120, 102.695) (199.120, 102.695) on layer: M1
Net FECTS_clks_clk___L4_N32: dangling Wire at (198.740, 125.305) (198.740, 125.305) on layer: M1
Net FECTS_clks_clk___L4_N32: dangling Wire at (198.740, 105.545) (198.740, 105.545) on layer: M1
Net FECTS_clks_clk___L4_N32: dangling Wire at (198.740, 90.725) (198.740, 90.725) on layer: M1
Net FECTS_clks_clk___L4_N31: dangling Wire at (343.900, 43.415) (343.900, 43.415) on layer: M1
Net FECTS_clks_clk___L4_N31: dangling Wire at (343.520, 70.965) (343.520, 70.965) on layer: M1
Net FECTS_clks_clk___L4_N31: dangling Wire at (343.520, 63.175) (343.520, 63.175) on layer: M1
Net FECTS_clks_clk___L4_N31: dangling Wire at (343.520, 48.355) (343.520, 48.355) on layer: M1
Net FECTS_clks_clk___L4_N31: dangling Wire at (343.140, 56.145) (343.140, 56.145) on layer: M1
Net FECTS_clks_clk___L4_N31: dangling Wire at (342.760, 33.630) (342.760, 33.630) on layer: M1
Net FECTS_clks_clk___L4_N31: dangling Wire at (342.760, 21.565) (342.760, 21.565) on layer: M1
Net FECTS_clks_clk___L4_N31: dangling Wire at (342.380, 73.055) (342.380, 73.055) on layer: M1
Net FECTS_clks_clk___L4_N31: dangling Wire at (338.200, 73.055) (338.200, 73.055) on layer: M1
Net FECTS_clks_clk___L4_N31: dangling Wire at (338.200, 43.415) (338.200, 43.415) on layer: M1
Net FECTS_clks_clk___L4_N31: dangling Wire at (337.820, 26.505) (337.820, 26.505) on layer: M1
Net FECTS_clks_clk___L4_N31: dangling Wire at (337.440, 63.175) (337.440, 63.175) on layer: M1
Net FECTS_clks_clk___L4_N31: dangling Wire at (337.440, 58.235) (337.440, 58.235) on layer: M1
Net FECTS_clks_clk___L4_N31: dangling Wire at (336.015, 34.675) (336.015, 34.675) on layer: M1
Net FECTS_clks_clk___L4_N31: dangling Wire at (335.920, 70.965) (335.920, 70.965) on layer: M1
Net FECTS_clks_clk___L4_N31: dangling Wire at (335.920, 21.565) (335.920, 21.565) on layer: M1
Net FECTS_clks_clk___L4_N31: dangling Wire at (335.255, 39.615) (335.255, 39.615) on layer: M1
Net FECTS_clks_clk___L4_N31: dangling Wire at (334.020, 43.415) (334.020, 43.415) on layer: M1
Net FECTS_clks_clk___L4_N31: dangling Wire at (332.880, 61.085) (332.880, 61.085) on layer: M1
Net FECTS_clks_clk___L4_N31: dangling Wire at (332.500, 73.055) (332.500, 73.055) on layer: M1
Net FECTS_clks_clk___L4_N31: dangling Wire at (332.500, 53.295) (332.500, 53.295) on layer: M1
Net FECTS_clks_clk___L4_N31: dangling Wire at (332.500, 51.205) (332.500, 51.205) on layer: M1
Net FECTS_clks_clk___L4_N31: dangling Wire at (331.455, 48.640) (331.455, 48.640) on layer: M1
Net FECTS_clks_clk___L4_N31: dangling Wire at (330.885, 47.500) (330.885, 47.500) on layer: M1
Net FECTS_clks_clk___L4_N31: dangling Wire at (330.600, 41.325) (330.600, 41.325) on layer: M1
Net FECTS_clks_clk___L4_N31: dangling Wire at (328.035, 33.535) (328.035, 33.535) on layer: M1
Net FECTS_clks_clk___L4_N31: dangling Wire at (327.560, 73.055) (327.560, 73.055) on layer: M1
Net FECTS_clks_clk___L4_N31: dangling Wire at (327.560, 43.415) (327.560, 43.415) on layer: M1
Net FECTS_clks_clk___L4_N31: dangling Wire at (327.560, 21.565) (327.560, 21.565) on layer: M1
Net FECTS_clks_clk___L4_N31: dangling Wire at (327.180, 31.445) (327.180, 31.445) on layer: M1
Net FECTS_clks_clk___L4_N31: dangling Wire at (327.180, 26.505) (327.180, 26.505) on layer: M1
Net FECTS_clks_clk___L4_N31: dangling Wire at (324.140, 48.355) (324.140, 48.355) on layer: M1
Net FECTS_clks_clk___L4_N31: dangling Wire at (323.000, 26.505) (323.000, 26.505) on layer: M1
Net FECTS_clks_clk___L4_N31: dangling Wire at (322.715, 61.085) (322.715, 61.085) on layer: M1
Net FECTS_clks_clk___L4_N31: dangling Wire at (322.620, 41.325) (322.620, 41.325) on layer: M1
Net FECTS_clks_clk___L4_N31: dangling Wire at (322.240, 33.535) (322.240, 33.535) on layer: M1
Net FECTS_clks_clk___L4_N31: dangling Wire at (321.860, 66.025) (321.860, 66.025) on layer: M1
Net FECTS_clks_clk___L4_N31: dangling Wire at (321.480, 21.565) (321.480, 21.565) on layer: M1
Net FECTS_clks_clk___L4_N31: dangling Wire at (319.295, 31.445) (319.295, 31.445) on layer: M1
Net FECTS_clks_clk___L4_N31: dangling Wire at (318.915, 66.025) (318.915, 66.025) on layer: M1
Net FECTS_clks_clk___L4_N31: dangling Wire at (317.395, 73.055) (317.395, 73.055) on layer: M1
Net FECTS_clks_clk___L4_N31: dangling Wire at (317.300, 60.990) (317.300, 60.990) on layer: M1
Net FECTS_clks_clk___L4_N31: dangling Wire at (317.300, 58.235) (317.300, 58.235) on layer: M1
Net FECTS_clks_clk___L4_N31: dangling Wire at (317.300, 56.145) (317.300, 56.145) on layer: M1
Net FECTS_clks_clk___L4_N31: dangling Wire at (317.300, 23.655) (317.300, 23.655) on layer: M1
Net FECTS_clks_clk___L4_N31: dangling Wire at (316.920, 41.325) (316.920, 41.325) on layer: M1
Net FECTS_clks_clk___L4_N31: dangling Wire at (316.920, 36.385) (316.920, 36.385) on layer: M1
Net FECTS_clks_clk___L4_N31: dangling Wire at (316.540, 48.355) (316.540, 48.355) on layer: M1
Net FECTS_clks_clk___L4_N31: dangling Wire at (316.540, 43.415) (316.540, 43.415) on layer: M1
Net FECTS_clks_clk___L4_N30: dangling Wire at (343.900, 164.825) (343.900, 164.825) on layer: M1
Net FECTS_clks_clk___L4_N30: dangling Wire at (343.900, 142.215) (343.900, 142.215) on layer: M1
Net FECTS_clks_clk___L4_N30: dangling Wire at (343.520, 150.005) (343.520, 150.005) on layer: M1
Net FECTS_clks_clk___L4_N30: dangling Wire at (342.760, 166.915) (342.760, 166.915) on layer: M1
Net FECTS_clks_clk___L4_N30: dangling Wire at (342.380, 154.945) (342.380, 154.945) on layer: M1
Net FECTS_clks_clk___L4_N30: dangling Wire at (340.480, 152.095) (340.480, 152.095) on layer: M1
Net FECTS_clks_clk___L4_N30: dangling Wire at (338.295, 154.945) (338.295, 154.945) on layer: M1
Net FECTS_clks_clk___L4_N30: dangling Wire at (338.200, 164.825) (338.200, 164.825) on layer: M1
Net FECTS_clks_clk___L4_N30: dangling Wire at (337.820, 142.215) (337.820, 142.215) on layer: M1
Net FECTS_clks_clk___L4_N30: dangling Wire at (337.440, 157.035) (337.440, 157.035) on layer: M1
Net FECTS_clks_clk___L4_N30: dangling Wire at (334.780, 159.885) (334.780, 159.885) on layer: M1
Net FECTS_clks_clk___L4_N30: dangling Wire at (333.260, 169.765) (333.260, 169.765) on layer: M1
Net FECTS_clks_clk___L4_N30: dangling Wire at (333.260, 154.945) (333.260, 154.945) on layer: M1
Net FECTS_clks_clk___L4_N30: dangling Wire at (333.260, 147.155) (333.260, 147.155) on layer: M1
Net FECTS_clks_clk___L4_N30: dangling Wire at (332.975, 164.825) (332.975, 164.825) on layer: M1
Net FECTS_clks_clk___L4_N30: dangling Wire at (332.975, 140.125) (332.975, 140.125) on layer: M1
Net FECTS_clks_clk___L4_N30: dangling Wire at (331.265, 148.865) (331.265, 148.865) on layer: M1
Net FECTS_clks_clk___L4_N30: dangling Wire at (328.035, 166.915) (328.035, 166.915) on layer: M1
Net FECTS_clks_clk___L4_N30: dangling Wire at (327.940, 154.945) (327.940, 154.945) on layer: M1
Net FECTS_clks_clk___L4_N30: dangling Wire at (327.180, 169.765) (327.180, 169.765) on layer: M1
Net FECTS_clks_clk___L4_N30: dangling Wire at (327.180, 145.065) (327.180, 145.065) on layer: M1
Net FECTS_clks_clk___L4_N30: dangling Wire at (326.325, 156.227) (326.325, 156.227) on layer: M1
Net FECTS_clks_clk___L4_N30: dangling Wire at (323.000, 159.885) (323.000, 159.885) on layer: M1
Net FECTS_clks_clk___L4_N30: dangling Wire at (323.000, 154.945) (323.000, 154.945) on layer: M1
Net FECTS_clks_clk___L4_N30: dangling Wire at (321.860, 164.825) (321.860, 164.825) on layer: M1
Net FECTS_clks_clk___L4_N30: dangling Wire at (321.860, 153.805) (321.860, 153.805) on layer: M1
Net FECTS_clks_clk___L4_N30: dangling Wire at (321.860, 152.190) (321.860, 152.190) on layer: M1
Net FECTS_clks_clk___L4_N30: dangling Wire at (320.435, 154.945) (320.435, 154.945) on layer: M1
Net FECTS_clks_clk___L4_N30: dangling Wire at (319.960, 142.215) (319.960, 142.215) on layer: M1
Net FECTS_clks_clk___L4_N30: dangling Wire at (318.535, 161.975) (318.535, 161.975) on layer: M1
Net FECTS_clks_clk___L4_N30: dangling Wire at (317.300, 152.095) (317.300, 152.095) on layer: M1
Net FECTS_clks_clk___L4_N30: dangling Wire at (316.920, 171.855) (316.920, 171.855) on layer: M1
Net FECTS_clks_clk___L4_N30: dangling Wire at (316.920, 164.825) (316.920, 164.825) on layer: M1
Net FECTS_clks_clk___L4_N30: dangling Wire at (316.540, 150.005) (316.540, 150.005) on layer: M1
Net FECTS_clks_clk___L4_N30: dangling Wire at (315.495, 173.565) (315.495, 173.565) on layer: M1
Net FECTS_clks_clk___L4_N30: dangling Wire at (313.405, 148.865) (313.405, 148.865) on layer: M1
Net FECTS_clks_clk___L4_N30: dangling Wire at (312.075, 150.005) (312.075, 150.005) on layer: M1
Net FECTS_clks_clk___L4_N30: dangling Wire at (311.220, 145.065) (311.220, 145.065) on layer: M1
Net FECTS_clks_clk___L4_N30: dangling Wire at (310.935, 159.885) (310.935, 159.885) on layer: M1
Net FECTS_clks_clk___L4_N30: dangling Wire at (309.320, 164.825) (309.320, 164.825) on layer: M1
Net FECTS_clks_clk___L4_N30: dangling Wire at (306.660, 145.065) (306.660, 145.065) on layer: M1
Net FECTS_clks_clk___L4_N29: dangling Wire at (344.945, 89.015) (344.945, 89.015) on layer: M1
Net FECTS_clks_clk___L4_N29: dangling Wire at (343.995, 97.755) (343.995, 97.755) on layer: M1
Net FECTS_clks_clk___L4_N29: dangling Wire at (343.900, 95.665) (343.900, 95.665) on layer: M1
Net FECTS_clks_clk___L4_N29: dangling Wire at (343.900, 80.845) (343.900, 80.845) on layer: M1
Net FECTS_clks_clk___L4_N29: dangling Wire at (343.615, 87.875) (343.615, 87.875) on layer: M1
Net FECTS_clks_clk___L4_N29: dangling Wire at (342.285, 79.705) (342.285, 79.705) on layer: M1
Net FECTS_clks_clk___L4_N29: dangling Wire at (338.295, 90.725) (338.295, 90.725) on layer: M1
Net FECTS_clks_clk___L4_N29: dangling Wire at (334.400, 95.665) (334.400, 95.665) on layer: M1
Net FECTS_clks_clk___L4_N29: dangling Wire at (332.120, 82.935) (332.120, 82.935) on layer: M1
Net FECTS_clks_clk___L4_N29: dangling Wire at (328.700, 97.755) (328.700, 97.755) on layer: M1
Net FECTS_clks_clk___L4_N29: dangling Wire at (328.035, 87.875) (328.035, 87.875) on layer: M1
Net FECTS_clks_clk___L4_N29: dangling Wire at (327.560, 95.665) (327.560, 95.665) on layer: M1
Net FECTS_clks_clk___L4_N29: dangling Wire at (327.180, 82.935) (327.180, 82.935) on layer: M1
Net FECTS_clks_clk___L4_N29: dangling Wire at (325.280, 77.995) (325.280, 77.995) on layer: M1
Net FECTS_clks_clk___L4_N29: dangling Wire at (324.805, 89.015) (324.805, 89.015) on layer: M1
Net FECTS_clks_clk___L4_N29: dangling Wire at (323.475, 87.875) (323.475, 87.875) on layer: M1
Net FECTS_clks_clk___L4_N29: dangling Wire at (321.860, 95.665) (321.860, 95.665) on layer: M1
Net FECTS_clks_clk___L4_N29: dangling Wire at (321.480, 82.935) (321.480, 82.935) on layer: M1
Net FECTS_clks_clk___L4_N29: dangling Wire at (320.815, 87.780) (320.815, 87.780) on layer: M1
Net FECTS_clks_clk___L4_N29: dangling Wire at (318.725, 93.955) (318.725, 93.955) on layer: M1
Net FECTS_clks_clk___L4_N29: dangling Wire at (317.395, 92.815) (317.395, 92.815) on layer: M1
Net FECTS_clks_clk___L4_N29: dangling Wire at (316.920, 75.905) (316.920, 75.905) on layer: M1
Net FECTS_clks_clk___L4_N29: dangling Wire at (316.540, 95.665) (316.540, 95.665) on layer: M1
Net FECTS_clks_clk___L4_N29: dangling Wire at (316.540, 82.935) (316.540, 82.935) on layer: M1
Net FECTS_clks_clk___L4_N29: dangling Wire at (315.305, 79.135) (315.305, 79.135) on layer: M1
Net FECTS_clks_clk___L4_N29: dangling Wire at (312.360, 102.695) (312.360, 102.695) on layer: M1
Net FECTS_clks_clk___L4_N29: dangling Wire at (312.360, 95.665) (312.360, 95.665) on layer: M1
Net FECTS_clks_clk___L4_N29: dangling Wire at (312.360, 70.965) (312.360, 70.965) on layer: M1
Net FECTS_clks_clk___L4_N29: dangling Wire at (311.980, 87.875) (311.980, 87.875) on layer: M1
Net FECTS_clks_clk___L4_N29: dangling Wire at (311.600, 75.905) (311.600, 75.905) on layer: M1
Net FECTS_clks_clk___L4_N29: dangling Wire at (307.040, 102.695) (307.040, 102.695) on layer: M1
Net FECTS_clks_clk___L4_N29: dangling Wire at (307.040, 87.875) (307.040, 87.875) on layer: M1
Net FECTS_clks_clk___L4_N29: dangling Wire at (306.660, 97.755) (306.660, 97.755) on layer: M1
Net FECTS_clks_clk___L4_N29: dangling Wire at (306.660, 75.810) (306.660, 75.810) on layer: M1
Net FECTS_clks_clk___L4_N29: dangling Wire at (302.480, 87.875) (302.480, 87.875) on layer: M1
Net FECTS_clks_clk___L4_N29: dangling Wire at (302.480, 70.965) (302.480, 70.965) on layer: M1
Net FECTS_clks_clk___L4_N29: dangling Wire at (301.720, 95.665) (301.720, 95.665) on layer: M1
Net FECTS_clks_clk___L4_N29: dangling Wire at (301.720, 75.810) (301.720, 75.810) on layer: M1
Net FECTS_clks_clk___L4_N29: dangling Wire at (301.340, 80.750) (301.340, 80.750) on layer: M1
Net FECTS_clks_clk___L4_N29: dangling Wire at (296.780, 87.875) (296.780, 87.875) on layer: M1
Net FECTS_clks_clk___L4_N29: dangling Wire at (296.400, 95.665) (296.400, 95.665) on layer: M1
Net FECTS_clks_clk___L4_N29: dangling Wire at (296.400, 73.055) (296.400, 73.055) on layer: M1
Net FECTS_clks_clk___L4_N29: dangling Wire at (296.400, 70.965) (296.400, 70.965) on layer: M1
Net FECTS_clks_clk___L4_N28: dangling Wire at (311.980, 112.575) (311.980, 112.575) on layer: M1
Net FECTS_clks_clk___L4_N28: dangling Wire at (309.700, 117.610) (309.700, 117.610) on layer: M1
Net FECTS_clks_clk___L4_N28: dangling Wire at (308.655, 61.085) (308.655, 61.085) on layer: M1
Net FECTS_clks_clk___L4_N28: dangling Wire at (306.660, 125.210) (306.660, 125.210) on layer: M1
Net FECTS_clks_clk___L4_N28: dangling Wire at (296.400, 66.025) (296.400, 66.025) on layer: M1
Net FECTS_clks_clk___L4_N28: dangling Wire at (291.840, 80.845) (291.840, 80.845) on layer: M1
Net FECTS_clks_clk___L4_N28: dangling Wire at (291.460, 73.055) (291.460, 73.055) on layer: M1
Net FECTS_clks_clk___L4_N28: dangling Wire at (291.080, 90.725) (291.080, 90.725) on layer: M1
Net FECTS_clks_clk___L4_N28: dangling Wire at (291.080, 68.115) (291.080, 68.115) on layer: M1
Net FECTS_clks_clk___L4_N28: dangling Wire at (290.700, 92.815) (290.700, 92.815) on layer: M1
Net FECTS_clks_clk___L4_N28: dangling Wire at (290.700, 85.785) (290.700, 85.785) on layer: M1
Net FECTS_clks_clk___L4_N28: dangling Wire at (290.700, 70.965) (290.700, 70.965) on layer: M1
Net FECTS_clks_clk___L4_N28: dangling Wire at (289.560, 61.085) (289.560, 61.085) on layer: M1
Net FECTS_clks_clk___L4_N28: dangling Wire at (286.520, 80.845) (286.520, 80.845) on layer: M1
Net FECTS_clks_clk___L4_N28: dangling Wire at (285.665, 91.960) (285.665, 91.960) on layer: M1
Net FECTS_clks_clk___L4_N28: dangling Wire at (284.620, 63.175) (284.620, 63.175) on layer: M1
Net FECTS_clks_clk___L4_N28: dangling Wire at (283.480, 90.725) (283.480, 90.725) on layer: M1
Net FECTS_clks_clk___L4_N28: dangling Wire at (283.100, 73.055) (283.100, 73.055) on layer: M1
Net FECTS_clks_clk___L4_N28: dangling Wire at (282.720, 66.025) (282.720, 66.025) on layer: M1
Net FECTS_clks_clk___L4_N28: dangling Wire at (281.200, 107.635) (281.200, 107.635) on layer: M1
Net FECTS_clks_clk___L4_N28: dangling Wire at (280.440, 115.425) (280.440, 115.425) on layer: M1
Net FECTS_clks_clk___L4_N28: dangling Wire at (280.440, 100.510) (280.440, 100.510) on layer: M1
Net FECTS_clks_clk___L4_N28: dangling Wire at (280.440, 97.850) (280.440, 97.850) on layer: M1
Net FECTS_clks_clk___L4_N28: dangling Wire at (280.440, 80.845) (280.440, 80.845) on layer: M1
Net FECTS_clks_clk___L4_N28: dangling Wire at (279.300, 63.175) (279.300, 63.175) on layer: M1
Net FECTS_clks_clk___L4_N28: dangling Wire at (278.540, 125.305) (278.540, 125.305) on layer: M1
Net FECTS_clks_clk___L4_N28: dangling Wire at (276.260, 73.055) (276.260, 73.055) on layer: M1
Net FECTS_clks_clk___L4_N28: dangling Wire at (276.260, 61.085) (276.260, 61.085) on layer: M1
Net FECTS_clks_clk___L4_N28: dangling Wire at (275.880, 95.665) (275.880, 95.665) on layer: M1
Net FECTS_clks_clk___L4_N28: dangling Wire at (275.880, 68.115) (275.880, 68.115) on layer: M1
Net FECTS_clks_clk___L4_N28: dangling Wire at (275.500, 87.875) (275.500, 87.875) on layer: M1
Net FECTS_clks_clk___L4_N28: dangling Wire at (274.360, 100.605) (274.360, 100.605) on layer: M1
Net FECTS_clks_clk___L4_N28: dangling Wire at (272.460, 85.785) (272.460, 85.785) on layer: M1
Net FECTS_clks_clk___L4_N28: dangling Wire at (271.320, 102.695) (271.320, 102.695) on layer: M1
Net FECTS_clks_clk___L4_N28: dangling Wire at (271.320, 92.815) (271.320, 92.815) on layer: M1
Net FECTS_clks_clk___L4_N28: dangling Wire at (271.320, 70.965) (271.320, 70.965) on layer: M1
Net FECTS_clks_clk___L4_N28: dangling Wire at (270.180, 122.455) (270.180, 122.455) on layer: M1
Net FECTS_clks_clk___L4_N28: dangling Wire at (270.180, 110.485) (270.180, 110.485) on layer: M1
Net FECTS_clks_clk___L4_N28: dangling Wire at (270.180, 90.725) (270.180, 90.725) on layer: M1
Net FECTS_clks_clk___L4_N28: dangling Wire at (270.180, 68.115) (270.180, 68.115) on layer: M1
Net FECTS_clks_clk___L4_N28: dangling Wire at (266.000, 115.425) (266.000, 115.425) on layer: M1
Net FECTS_clks_clk___L4_N28: dangling Wire at (266.000, 105.450) (266.000, 105.450) on layer: M1
Net FECTS_clks_clk___L4_N28: dangling Wire at (266.000, 102.790) (266.000, 102.790) on layer: M1
Net FECTS_clks_clk___L4_N28: dangling Wire at (266.000, 75.905) (266.000, 75.905) on layer: M1
Net FECTS_clks_clk___L4_N28: dangling Wire at (266.000, 68.115) (266.000, 68.115) on layer: M1
Net FECTS_clks_clk___L4_N28: dangling Wire at (266.000, 61.085) (266.000, 61.085) on layer: M1
Net FECTS_clks_clk___L4_N28: dangling Wire at (265.620, 120.365) (265.620, 120.365) on layer: M1
Net FECTS_clks_clk___L4_N28: dangling Wire at (265.620, 80.845) (265.620, 80.845) on layer: M1
Net FECTS_clks_clk___L4_N28: dangling Wire at (265.240, 95.665) (265.240, 95.665) on layer: M1
Net FECTS_clks_clk___L4_N28: dangling Wire at (264.860, 92.815) (264.860, 92.815) on layer: M1
Net FECTS_clks_clk___L4_N28: dangling Wire at (263.720, 90.725) (263.720, 90.725) on layer: M1
Net FECTS_clks_clk___L4_N28: dangling Wire at (260.680, 92.815) (260.680, 92.815) on layer: M1
Net FECTS_clks_clk___L4_N28: dangling Wire at (259.920, 100.605) (259.920, 100.605) on layer: M1
Net FECTS_clks_clk___L4_N27: dangling Wire at (204.440, 204.345) (204.440, 204.345) on layer: M1
Net FECTS_clks_clk___L4_N27: dangling Wire at (204.440, 184.490) (204.440, 184.490) on layer: M1
Net FECTS_clks_clk___L4_N27: dangling Wire at (203.300, 199.405) (203.300, 199.405) on layer: M1
Net FECTS_clks_clk___L4_N27: dangling Wire at (202.920, 214.225) (202.920, 214.225) on layer: M1
Net FECTS_clks_clk___L4_N27: dangling Wire at (202.920, 181.830) (202.920, 181.830) on layer: M1
Net FECTS_clks_clk___L4_N27: dangling Wire at (199.880, 204.250) (199.880, 204.250) on layer: M1
Net FECTS_clks_clk___L4_N27: dangling Wire at (199.880, 191.615) (199.880, 191.615) on layer: M1
Net FECTS_clks_clk___L4_N27: dangling Wire at (199.500, 209.285) (199.500, 209.285) on layer: M1
Net FECTS_clks_clk___L4_N27: dangling Wire at (199.500, 189.525) (199.500, 189.525) on layer: M1
Net FECTS_clks_clk___L4_N27: dangling Wire at (198.740, 199.405) (198.740, 199.405) on layer: M1
Net FECTS_clks_clk___L4_N27: dangling Wire at (195.985, 202.635) (195.985, 202.635) on layer: M1
Net FECTS_clks_clk___L4_N27: dangling Wire at (195.700, 206.435) (195.700, 206.435) on layer: M1
Net FECTS_clks_clk___L4_N27: dangling Wire at (194.655, 201.495) (194.655, 201.495) on layer: M1
Net FECTS_clks_clk___L4_N27: dangling Wire at (194.560, 196.555) (194.560, 196.555) on layer: M1
Net FECTS_clks_clk___L4_N27: dangling Wire at (194.180, 191.615) (194.180, 191.615) on layer: M1
Net FECTS_clks_clk___L4_N27: dangling Wire at (192.660, 189.525) (192.660, 189.525) on layer: M1
Net FECTS_clks_clk___L4_N27: dangling Wire at (189.620, 204.345) (189.620, 204.345) on layer: M1
Net FECTS_clks_clk___L4_N27: dangling Wire at (189.620, 191.615) (189.620, 191.615) on layer: M1
Net FECTS_clks_clk___L4_N27: dangling Wire at (189.620, 186.675) (189.620, 186.675) on layer: M1
Net FECTS_clks_clk___L4_N27: dangling Wire at (189.240, 209.190) (189.240, 209.190) on layer: M1
Net FECTS_clks_clk___L4_N27: dangling Wire at (189.240, 196.555) (189.240, 196.555) on layer: M1
Net FECTS_clks_clk___L4_N27: dangling Wire at (188.480, 181.830) (188.480, 181.830) on layer: M1
Net FECTS_clks_clk___L4_N27: dangling Wire at (184.300, 209.190) (184.300, 209.190) on layer: M1
Net FECTS_clks_clk___L4_N27: dangling Wire at (184.300, 194.465) (184.300, 194.465) on layer: M1
Net FECTS_clks_clk___L4_N27: dangling Wire at (183.920, 196.555) (183.920, 196.555) on layer: M1
Net FECTS_clks_clk___L4_N27: dangling Wire at (183.445, 200.260) (183.445, 200.260) on layer: M1
Net FECTS_clks_clk___L4_N27: dangling Wire at (182.685, 182.875) (182.685, 182.875) on layer: M1
Net FECTS_clks_clk___L4_N27: dangling Wire at (180.215, 208.145) (180.215, 208.145) on layer: M1
Net FECTS_clks_clk___L4_N27: dangling Wire at (179.740, 211.375) (179.740, 211.375) on layer: M1
Net FECTS_clks_clk___L4_N27: dangling Wire at (179.740, 201.495) (179.740, 201.495) on layer: M1
Net FECTS_clks_clk___L4_N27: dangling Wire at (179.075, 209.285) (179.075, 209.285) on layer: M1
Net FECTS_clks_clk___L4_N27: dangling Wire at (178.220, 194.465) (178.220, 194.465) on layer: M1
Net FECTS_clks_clk___L4_N27: dangling Wire at (176.035, 182.875) (176.035, 182.875) on layer: M1
Net FECTS_clks_clk___L4_N27: dangling Wire at (174.800, 186.770) (174.800, 186.770) on layer: M1
Net FECTS_clks_clk___L4_N27: dangling Wire at (174.040, 201.495) (174.040, 201.495) on layer: M1
Net FECTS_clks_clk___L4_N27: dangling Wire at (173.945, 188.385) (173.945, 188.385) on layer: M1
Net FECTS_clks_clk___L4_N27: dangling Wire at (172.615, 189.525) (172.615, 189.525) on layer: M1
Net FECTS_clks_clk___L4_N27: dangling Wire at (170.715, 196.555) (170.715, 196.555) on layer: M1
Net FECTS_clks_clk___L4_N27: dangling Wire at (170.145, 193.325) (170.145, 193.325) on layer: M1
Net FECTS_clks_clk___L4_N27: dangling Wire at (169.955, 214.225) (169.955, 214.225) on layer: M1
Net FECTS_clks_clk___L4_N27: dangling Wire at (168.815, 194.465) (168.815, 194.465) on layer: M1
Net FECTS_clks_clk___L4_N27: dangling Wire at (167.960, 209.285) (167.960, 209.285) on layer: M1
Net FECTS_clks_clk___L4_N27: dangling Wire at (166.820, 184.585) (166.820, 184.585) on layer: M1
Net FECTS_clks_clk___L4_N27: dangling Wire at (166.345, 188.385) (166.345, 188.385) on layer: M1
Net FECTS_clks_clk___L4_N27: dangling Wire at (163.400, 209.285) (163.400, 209.285) on layer: M1
Net FECTS_clks_clk___L4_N27: dangling Wire at (163.020, 214.225) (163.020, 214.225) on layer: M1
Net FECTS_clks_clk___L4_N27: dangling Wire at (163.020, 194.465) (163.020, 194.465) on layer: M1
Net FECTS_clks_clk___L4_N27: dangling Wire at (161.880, 201.495) (161.880, 201.495) on layer: M1
Net FECTS_clks_clk___L4_N26: dangling Wire at (227.620, 263.625) (227.620, 263.625) on layer: M1
Net FECTS_clks_clk___L4_N26: dangling Wire at (225.340, 268.565) (225.340, 268.565) on layer: M1
Net FECTS_clks_clk___L4_N26: dangling Wire at (220.020, 226.195) (220.020, 226.195) on layer: M1
Net FECTS_clks_clk___L4_N26: dangling Wire at (218.880, 238.925) (218.880, 238.925) on layer: M1
Net FECTS_clks_clk___L4_N26: dangling Wire at (214.700, 229.045) (214.700, 229.045) on layer: M1
Net FECTS_clks_clk___L4_N26: dangling Wire at (214.320, 221.255) (214.320, 221.255) on layer: M1
Net FECTS_clks_clk___L4_N26: dangling Wire at (213.940, 241.110) (213.940, 241.110) on layer: M1
Net FECTS_clks_clk___L4_N26: dangling Wire at (209.760, 233.985) (209.760, 233.985) on layer: M1
Net FECTS_clks_clk___L4_N26: dangling Wire at (209.380, 241.110) (209.380, 241.110) on layer: M1
Net FECTS_clks_clk___L4_N26: dangling Wire at (209.380, 224.105) (209.380, 224.105) on layer: M1
Net FECTS_clks_clk___L4_N26: dangling Wire at (208.620, 260.775) (208.620, 260.775) on layer: M1
Net FECTS_clks_clk___L4_N26: dangling Wire at (205.580, 258.685) (205.580, 258.685) on layer: M1
Net FECTS_clks_clk___L4_N26: dangling Wire at (205.200, 255.835) (205.200, 255.835) on layer: M1
Net FECTS_clks_clk___L4_N26: dangling Wire at (204.820, 221.255) (204.820, 221.255) on layer: M1
Net FECTS_clks_clk___L4_N26: dangling Wire at (204.440, 216.315) (204.440, 216.315) on layer: M1
Net FECTS_clks_clk___L4_N26: dangling Wire at (204.060, 241.110) (204.060, 241.110) on layer: M1
Net FECTS_clks_clk___L4_N26: dangling Wire at (202.920, 229.045) (202.920, 229.045) on layer: M1
Net FECTS_clks_clk___L4_N26: dangling Wire at (200.640, 258.685) (200.640, 258.685) on layer: M1
Net FECTS_clks_clk___L4_N26: dangling Wire at (200.165, 243.580) (200.165, 243.580) on layer: M1
Net FECTS_clks_clk___L4_N26: dangling Wire at (199.880, 250.895) (199.880, 250.895) on layer: M1
Net FECTS_clks_clk___L4_N26: dangling Wire at (199.880, 236.075) (199.880, 236.075) on layer: M1
Net FECTS_clks_clk___L4_N26: dangling Wire at (199.880, 216.315) (199.880, 216.315) on layer: M1
Net FECTS_clks_clk___L4_N26: dangling Wire at (199.500, 221.255) (199.500, 221.255) on layer: M1
Net FECTS_clks_clk___L4_N26: dangling Wire at (199.120, 248.805) (199.120, 248.805) on layer: M1
Net FECTS_clks_clk___L4_N26: dangling Wire at (198.740, 241.110) (198.740, 241.110) on layer: M1
Net FECTS_clks_clk___L4_N26: dangling Wire at (196.080, 255.835) (196.080, 255.835) on layer: M1
Net FECTS_clks_clk___L4_N26: dangling Wire at (194.560, 248.805) (194.560, 248.805) on layer: M1
Net FECTS_clks_clk___L4_N26: dangling Wire at (194.560, 224.105) (194.560, 224.105) on layer: M1
Net FECTS_clks_clk___L4_N26: dangling Wire at (194.180, 238.925) (194.180, 238.925) on layer: M1
Net FECTS_clks_clk___L4_N26: dangling Wire at (194.180, 233.985) (194.180, 233.985) on layer: M1
Net FECTS_clks_clk___L4_N26: dangling Wire at (193.800, 221.255) (193.800, 221.255) on layer: M1
Net FECTS_clks_clk___L4_N26: dangling Wire at (192.280, 241.015) (192.280, 241.015) on layer: M1
Net FECTS_clks_clk___L4_N26: dangling Wire at (191.140, 255.835) (191.140, 255.835) on layer: M1
Net FECTS_clks_clk___L4_N26: dangling Wire at (190.760, 216.315) (190.760, 216.315) on layer: M1
Net FECTS_clks_clk___L4_N26: dangling Wire at (189.620, 221.255) (189.620, 221.255) on layer: M1
Net FECTS_clks_clk___L4_N26: dangling Wire at (189.240, 253.745) (189.240, 253.745) on layer: M1
Net FECTS_clks_clk___L4_N26: dangling Wire at (189.240, 229.045) (189.240, 229.045) on layer: M1
Net FECTS_clks_clk___L4_N26: dangling Wire at (186.200, 255.835) (186.200, 255.835) on layer: M1
Net FECTS_clks_clk___L4_N26: dangling Wire at (185.440, 245.955) (185.440, 245.955) on layer: M1
Net FECTS_clks_clk___L4_N26: dangling Wire at (184.680, 250.895) (184.680, 250.895) on layer: M1
Net FECTS_clks_clk___L4_N26: dangling Wire at (184.300, 233.890) (184.300, 233.890) on layer: M1
Net FECTS_clks_clk___L4_N26: dangling Wire at (184.300, 229.045) (184.300, 229.045) on layer: M1
Net FECTS_clks_clk___L4_N26: dangling Wire at (183.920, 221.255) (183.920, 221.255) on layer: M1
Net FECTS_clks_clk___L4_N26: dangling Wire at (183.160, 238.925) (183.160, 238.925) on layer: M1
Net FECTS_clks_clk___L4_N26: dangling Wire at (181.640, 248.805) (181.640, 248.805) on layer: M1
Net FECTS_clks_clk___L4_N26: dangling Wire at (181.260, 255.835) (181.260, 255.835) on layer: M1
Net FECTS_clks_clk___L4_N26: dangling Wire at (179.740, 241.015) (179.740, 241.015) on layer: M1
Net FECTS_clks_clk___L4_N26: dangling Wire at (178.980, 246.050) (178.980, 246.050) on layer: M1
Net FECTS_clks_clk___L4_N26: dangling Wire at (178.600, 238.830) (178.600, 238.830) on layer: M1
Net FECTS_clks_clk___L4_N26: dangling Wire at (178.600, 236.075) (178.600, 236.075) on layer: M1
Net FECTS_clks_clk___L4_N26: dangling Wire at (178.600, 221.255) (178.600, 221.255) on layer: M1
Net FECTS_clks_clk___L4_N26: dangling Wire at (178.600, 216.410) (178.600, 216.410) on layer: M1
Net FECTS_clks_clk___L4_N26: dangling Wire at (175.180, 248.805) (175.180, 248.805) on layer: M1
Net FECTS_clks_clk___L4_N26: dangling Wire at (174.040, 236.075) (174.040, 236.075) on layer: M1
Net FECTS_clks_clk___L4_N26: dangling Wire at (173.755, 222.395) (173.755, 222.395) on layer: M1
Net FECTS_clks_clk___L4_N26: dangling Wire at (173.660, 229.045) (173.660, 229.045) on layer: M1
Net FECTS_clks_clk___L4_N26: dangling Wire at (173.280, 219.165) (173.280, 219.165) on layer: M1
Net FECTS_clks_clk___L4_N26: dangling Wire at (172.140, 238.925) (172.140, 238.925) on layer: M1
Net FECTS_clks_clk___L4_N25: dangling Wire at (261.440, 194.465) (261.440, 194.465) on layer: M1
Net FECTS_clks_clk___L4_N25: dangling Wire at (260.680, 214.225) (260.680, 214.225) on layer: M1
Net FECTS_clks_clk___L4_N25: dangling Wire at (258.400, 189.525) (258.400, 189.525) on layer: M1
Net FECTS_clks_clk___L4_N25: dangling Wire at (256.880, 204.345) (256.880, 204.345) on layer: M1
Net FECTS_clks_clk___L4_N25: dangling Wire at (256.880, 194.465) (256.880, 194.465) on layer: M1
Net FECTS_clks_clk___L4_N25: dangling Wire at (255.740, 214.225) (255.740, 214.225) on layer: M1
Net FECTS_clks_clk___L4_N25: dangling Wire at (255.360, 184.585) (255.360, 184.585) on layer: M1
Net FECTS_clks_clk___L4_N25: dangling Wire at (253.080, 219.165) (253.080, 219.165) on layer: M1
Net FECTS_clks_clk___L4_N25: dangling Wire at (251.560, 196.555) (251.560, 196.555) on layer: M1
Net FECTS_clks_clk___L4_N25: dangling Wire at (250.420, 194.465) (250.420, 194.465) on layer: M1
Net FECTS_clks_clk___L4_N25: dangling Wire at (250.420, 184.585) (250.420, 184.585) on layer: M1
Net FECTS_clks_clk___L4_N25: dangling Wire at (249.660, 214.225) (249.660, 214.225) on layer: M1
Net FECTS_clks_clk___L4_N25: dangling Wire at (249.660, 204.345) (249.660, 204.345) on layer: M1
Net FECTS_clks_clk___L4_N25: dangling Wire at (248.140, 206.435) (248.140, 206.435) on layer: M1
Net FECTS_clks_clk___L4_N25: dangling Wire at (245.100, 194.465) (245.100, 194.465) on layer: M1
Net FECTS_clks_clk___L4_N25: dangling Wire at (244.720, 189.525) (244.720, 189.525) on layer: M1
Net FECTS_clks_clk___L4_N25: dangling Wire at (243.200, 214.225) (243.200, 214.225) on layer: M1
Net FECTS_clks_clk___L4_N25: dangling Wire at (243.200, 191.615) (243.200, 191.615) on layer: M1
Net FECTS_clks_clk___L4_N25: dangling Wire at (241.680, 181.735) (241.680, 181.735) on layer: M1
Net FECTS_clks_clk___L4_N25: dangling Wire at (241.300, 201.495) (241.300, 201.495) on layer: M1
Net FECTS_clks_clk___L4_N25: dangling Wire at (240.540, 194.465) (240.540, 194.465) on layer: M1
Net FECTS_clks_clk___L4_N25: dangling Wire at (240.160, 179.645) (240.160, 179.645) on layer: M1
Net FECTS_clks_clk___L4_N25: dangling Wire at (239.780, 204.345) (239.780, 204.345) on layer: M1
Net FECTS_clks_clk___L4_N25: dangling Wire at (238.640, 219.165) (238.640, 219.165) on layer: M1
Net FECTS_clks_clk___L4_N25: dangling Wire at (235.505, 199.120) (235.505, 199.120) on layer: M1
Net FECTS_clks_clk___L4_N25: dangling Wire at (235.220, 196.555) (235.220, 196.555) on layer: M1
Net FECTS_clks_clk___L4_N25: dangling Wire at (235.220, 184.585) (235.220, 184.585) on layer: M1
Net FECTS_clks_clk___L4_N25: dangling Wire at (234.840, 209.285) (234.840, 209.285) on layer: M1
Net FECTS_clks_clk___L4_N25: dangling Wire at (233.320, 194.465) (233.320, 194.465) on layer: M1
Net FECTS_clks_clk___L4_N25: dangling Wire at (231.800, 201.495) (231.800, 201.495) on layer: M1
Net FECTS_clks_clk___L4_N25: dangling Wire at (229.140, 209.190) (229.140, 209.190) on layer: M1
Net FECTS_clks_clk___L4_N25: dangling Wire at (229.140, 206.530) (229.140, 206.530) on layer: M1
Net FECTS_clks_clk___L4_N25: dangling Wire at (229.140, 189.525) (229.140, 189.525) on layer: M1
Net FECTS_clks_clk___L4_N25: dangling Wire at (227.620, 194.465) (227.620, 194.465) on layer: M1
Net FECTS_clks_clk___L4_N25: dangling Wire at (225.340, 181.735) (225.340, 181.735) on layer: M1
Net FECTS_clks_clk___L4_N25: dangling Wire at (224.960, 219.165) (224.960, 219.165) on layer: M1
Net FECTS_clks_clk___L4_N25: dangling Wire at (224.960, 201.495) (224.960, 201.495) on layer: M1
Net FECTS_clks_clk___L4_N25: dangling Wire at (224.960, 179.645) (224.960, 179.645) on layer: M1
Net FECTS_clks_clk___L4_N25: dangling Wire at (224.580, 209.285) (224.580, 209.285) on layer: M1
Net FECTS_clks_clk___L4_N25: dangling Wire at (224.580, 196.555) (224.580, 196.555) on layer: M1
Net FECTS_clks_clk___L4_N25: dangling Wire at (223.440, 189.525) (223.440, 189.525) on layer: M1
Net FECTS_clks_clk___L4_N25: dangling Wire at (220.400, 201.495) (220.400, 201.495) on layer: M1
Net FECTS_clks_clk___L4_N25: dangling Wire at (219.260, 219.165) (219.260, 219.165) on layer: M1
Net FECTS_clks_clk___L4_N25: dangling Wire at (219.260, 181.735) (219.260, 181.735) on layer: M1
Net FECTS_clks_clk___L4_N25: dangling Wire at (219.260, 176.795) (219.260, 176.795) on layer: M1
Net FECTS_clks_clk___L4_N25: dangling Wire at (218.895, 179.645) (218.895, 179.645) on layer: M1
Net FECTS_clks_clk___L4_N25: dangling Wire at (218.880, 194.465) (218.880, 194.465) on layer: M1
Net FECTS_clks_clk___L4_N25: dangling Wire at (217.360, 211.375) (217.360, 211.375) on layer: M1
Net FECTS_clks_clk___L4_N25: dangling Wire at (214.795, 181.735) (214.795, 181.735) on layer: M1
Net FECTS_clks_clk___L4_N25: dangling Wire at (214.700, 184.585) (214.700, 184.585) on layer: M1
Net FECTS_clks_clk___L4_N25: dangling Wire at (212.420, 209.285) (212.420, 209.285) on layer: M1
Net FECTS_clks_clk___L4_N25: dangling Wire at (212.420, 201.495) (212.420, 201.495) on layer: M1
Net FECTS_clks_clk___L4_N25: dangling Wire at (211.280, 191.615) (211.280, 191.615) on layer: M1
Net FECTS_clks_clk___L4_N25: dangling Wire at (209.760, 211.375) (209.760, 211.375) on layer: M1
Net FECTS_clks_clk___L4_N25: dangling Wire at (209.760, 179.645) (209.760, 179.645) on layer: M1
Net FECTS_clks_clk___L4_N25: dangling Wire at (209.380, 219.165) (209.380, 219.165) on layer: M1
Net FECTS_clks_clk___L4_N25: dangling Wire at (209.380, 199.405) (209.380, 199.405) on layer: M1
Net FECTS_clks_clk___L4_N25: dangling Wire at (209.380, 194.465) (209.380, 194.465) on layer: M1
Net FECTS_clks_clk___L4_N25: dangling Wire at (208.620, 214.225) (208.620, 214.225) on layer: M1
Net FECTS_clks_clk___L4_N24: dangling Wire at (232.940, 342.665) (232.940, 342.665) on layer: M1
Net FECTS_clks_clk___L4_N24: dangling Wire at (229.140, 334.875) (229.140, 334.875) on layer: M1
Net FECTS_clks_clk___L4_N24: dangling Wire at (229.140, 313.025) (229.140, 313.025) on layer: M1
Net FECTS_clks_clk___L4_N24: dangling Wire at (228.380, 322.905) (228.380, 322.905) on layer: M1
Net FECTS_clks_clk___L4_N24: dangling Wire at (226.480, 332.785) (226.480, 332.785) on layer: M1
Net FECTS_clks_clk___L4_N24: dangling Wire at (226.480, 305.235) (226.480, 305.235) on layer: M1
Net FECTS_clks_clk___L4_N24: dangling Wire at (225.720, 342.665) (225.720, 342.665) on layer: M1
Net FECTS_clks_clk___L4_N24: dangling Wire at (225.720, 310.270) (225.720, 310.270) on layer: M1
Net FECTS_clks_clk___L4_N24: dangling Wire at (224.960, 312.930) (224.960, 312.930) on layer: M1
Net FECTS_clks_clk___L4_N24: dangling Wire at (224.200, 322.905) (224.200, 322.905) on layer: M1
Net FECTS_clks_clk___L4_N24: dangling Wire at (224.200, 317.965) (224.200, 317.965) on layer: M1
Net FECTS_clks_clk___L4_N24: dangling Wire at (221.540, 320.055) (221.540, 320.055) on layer: M1
Net FECTS_clks_clk___L4_N24: dangling Wire at (221.160, 329.935) (221.160, 329.935) on layer: M1
Net FECTS_clks_clk___L4_N24: dangling Wire at (220.020, 322.905) (220.020, 322.905) on layer: M1
Net FECTS_clks_clk___L4_N24: dangling Wire at (218.880, 312.930) (218.880, 312.930) on layer: M1
Net FECTS_clks_clk___L4_N24: dangling Wire at (218.880, 310.270) (218.880, 310.270) on layer: M1
Net FECTS_clks_clk___L4_N24: dangling Wire at (217.360, 317.965) (217.360, 317.965) on layer: M1
Net FECTS_clks_clk___L4_N24: dangling Wire at (216.980, 337.630) (216.980, 337.630) on layer: M1
Net FECTS_clks_clk___L4_N24: dangling Wire at (215.460, 329.935) (215.460, 329.935) on layer: M1
Net FECTS_clks_clk___L4_N24: dangling Wire at (215.080, 315.115) (215.080, 315.115) on layer: M1
Net FECTS_clks_clk___L4_N24: dangling Wire at (213.940, 324.995) (213.940, 324.995) on layer: M1
Net FECTS_clks_clk___L4_N24: dangling Wire at (212.800, 320.055) (212.800, 320.055) on layer: M1
Net FECTS_clks_clk___L4_N24: dangling Wire at (212.040, 339.815) (212.040, 339.815) on layer: M1
Net FECTS_clks_clk___L4_N24: dangling Wire at (210.900, 334.970) (210.900, 334.970) on layer: M1
Net FECTS_clks_clk___L4_N24: dangling Wire at (208.620, 317.965) (208.620, 317.965) on layer: M1
Net FECTS_clks_clk___L4_N24: dangling Wire at (207.480, 342.665) (207.480, 342.665) on layer: M1
Net FECTS_clks_clk___L4_N24: dangling Wire at (207.480, 327.845) (207.480, 327.845) on layer: M1
Net FECTS_clks_clk___L4_N24: dangling Wire at (207.100, 332.785) (207.100, 332.785) on layer: M1
Net FECTS_clks_clk___L4_N24: dangling Wire at (205.200, 337.725) (205.200, 337.725) on layer: M1
Net FECTS_clks_clk___L4_N24: dangling Wire at (202.920, 342.665) (202.920, 342.665) on layer: M1
Net FECTS_clks_clk___L4_N24: dangling Wire at (202.445, 325.280) (202.445, 325.280) on layer: M1
Net FECTS_clks_clk___L4_N24: dangling Wire at (202.160, 332.785) (202.160, 332.785) on layer: M1
Net FECTS_clks_clk___L4_N24: dangling Wire at (198.740, 342.665) (198.740, 342.665) on layer: M1
Net FECTS_clks_clk___L4_N24: dangling Wire at (198.740, 327.845) (198.740, 327.845) on layer: M1
Net FECTS_clks_clk___L4_N24: dangling Wire at (197.980, 337.630) (197.980, 337.630) on layer: M1
Net FECTS_clks_clk___L4_N24: dangling Wire at (195.320, 339.815) (195.320, 339.815) on layer: M1
Net FECTS_clks_clk___L4_N24: dangling Wire at (194.940, 334.875) (194.940, 334.875) on layer: M1
Net FECTS_clks_clk___L4_N24: dangling Wire at (192.660, 324.995) (192.660, 324.995) on layer: M1
Net FECTS_clks_clk___L4_N24: dangling Wire at (191.900, 327.845) (191.900, 327.845) on layer: M1
Net FECTS_clks_clk___L4_N24: dangling Wire at (191.140, 342.665) (191.140, 342.665) on layer: M1
Net FECTS_clks_clk___L4_N24: dangling Wire at (190.760, 337.725) (190.760, 337.725) on layer: M1
Net FECTS_clks_clk___L4_N24: dangling Wire at (188.100, 322.905) (188.100, 322.905) on layer: M1
Net FECTS_clks_clk___L4_N24: dangling Wire at (186.960, 332.785) (186.960, 332.785) on layer: M1
Net FECTS_clks_clk___L4_N24: dangling Wire at (186.580, 320.055) (186.580, 320.055) on layer: M1
Net FECTS_clks_clk___L4_N24: dangling Wire at (184.680, 339.815) (184.680, 339.815) on layer: M1
Net FECTS_clks_clk___L4_N24: dangling Wire at (184.680, 330.030) (184.680, 330.030) on layer: M1
Net FECTS_clks_clk___L4_N24: dangling Wire at (183.160, 305.235) (183.160, 305.235) on layer: M1
Net FECTS_clks_clk___L4_N24: dangling Wire at (182.020, 332.690) (182.020, 332.690) on layer: M1
Net FECTS_clks_clk___L4_N24: dangling Wire at (182.020, 313.025) (182.020, 313.025) on layer: M1
Net FECTS_clks_clk___L4_N24: dangling Wire at (181.640, 327.845) (181.640, 327.845) on layer: M1
Net FECTS_clks_clk___L4_N24: dangling Wire at (181.640, 308.085) (181.640, 308.085) on layer: M1
Net FECTS_clks_clk___L4_N24: dangling Wire at (180.880, 337.725) (180.880, 337.725) on layer: M1
Net FECTS_clks_clk___L4_N24: dangling Wire at (180.120, 320.055) (180.120, 320.055) on layer: M1
Net FECTS_clks_clk___L4_N24: dangling Wire at (178.980, 317.965) (178.980, 317.965) on layer: M1
Net FECTS_clks_clk___L4_N24: dangling Wire at (178.600, 310.175) (178.600, 310.175) on layer: M1
Net FECTS_clks_clk___L4_N24: dangling Wire at (177.460, 322.905) (177.460, 322.905) on layer: M1
Net FECTS_clks_clk___L4_N24: dangling Wire at (177.080, 334.875) (177.080, 334.875) on layer: M1
Net FECTS_clks_clk___L4_N24: dangling Wire at (175.940, 324.995) (175.940, 324.995) on layer: M1
Net FECTS_clks_clk___L4_N24: dangling Wire at (174.040, 332.785) (174.040, 332.785) on layer: M1
Net FECTS_clks_clk___L4_N24: dangling Wire at (173.280, 317.965) (173.280, 317.965) on layer: M1
Net FECTS_clks_clk___L4_N24: dangling Wire at (171.760, 324.995) (171.760, 324.995) on layer: M1
Net FECTS_clks_clk___L4_N24: dangling Wire at (171.000, 337.725) (171.000, 337.725) on layer: M1
Net FECTS_clks_clk___L4_N24: dangling Wire at (170.620, 327.845) (170.620, 327.845) on layer: M1
Net FECTS_clks_clk___L4_N24: dangling Wire at (169.860, 339.815) (169.860, 339.815) on layer: M1
Net FECTS_clks_clk___L4_N24: dangling Wire at (169.860, 329.935) (169.860, 329.935) on layer: M1
Net FECTS_clks_clk___L4_N23: dangling Wire at (342.760, 305.235) (342.760, 305.235) on layer: M1
Net FECTS_clks_clk___L4_N23: dangling Wire at (342.760, 290.415) (342.760, 290.415) on layer: M1
Net FECTS_clks_clk___L4_N23: dangling Wire at (338.960, 298.205) (338.960, 298.205) on layer: M1
Net FECTS_clks_clk___L4_N23: dangling Wire at (338.200, 283.385) (338.200, 283.385) on layer: M1
Net FECTS_clks_clk___L4_N23: dangling Wire at (337.440, 290.415) (337.440, 290.415) on layer: M1
Net FECTS_clks_clk___L4_N23: dangling Wire at (336.300, 300.295) (336.300, 300.295) on layer: M1
Net FECTS_clks_clk___L4_N23: dangling Wire at (332.880, 317.965) (332.880, 317.965) on layer: M1
Net FECTS_clks_clk___L4_N23: dangling Wire at (332.880, 290.415) (332.880, 290.415) on layer: M1
Net FECTS_clks_clk___L4_N23: dangling Wire at (332.120, 312.930) (332.120, 312.930) on layer: M1
Net FECTS_clks_clk___L4_N23: dangling Wire at (332.120, 310.270) (332.120, 310.270) on layer: M1
Net FECTS_clks_clk___L4_N23: dangling Wire at (330.980, 324.995) (330.980, 324.995) on layer: M1
Net FECTS_clks_clk___L4_N23: dangling Wire at (330.980, 283.385) (330.980, 283.385) on layer: M1
Net FECTS_clks_clk___L4_N23: dangling Wire at (327.940, 322.905) (327.940, 322.905) on layer: M1
Net FECTS_clks_clk___L4_N23: dangling Wire at (327.180, 329.935) (327.180, 329.935) on layer: M1
Net FECTS_clks_clk___L4_N23: dangling Wire at (326.420, 283.385) (326.420, 283.385) on layer: M1
Net FECTS_clks_clk___L4_N23: dangling Wire at (325.660, 300.390) (325.660, 300.390) on layer: M1
Net FECTS_clks_clk___L4_N23: dangling Wire at (323.380, 303.145) (323.380, 303.145) on layer: M1
Net FECTS_clks_clk___L4_N23: dangling Wire at (323.000, 329.935) (323.000, 329.935) on layer: M1
Net FECTS_clks_clk___L4_N23: dangling Wire at (322.620, 280.535) (322.620, 280.535) on layer: M1
Net FECTS_clks_clk___L4_N23: dangling Wire at (322.430, 303.335) (322.430, 303.335) on layer: M1
Net FECTS_clks_clk___L4_N23: dangling Wire at (322.240, 332.785) (322.240, 332.785) on layer: M1
Net FECTS_clks_clk___L4_N23: dangling Wire at (321.860, 305.235) (321.860, 305.235) on layer: M1
Net FECTS_clks_clk___L4_N23: dangling Wire at (321.860, 304.000) (321.860, 304.000) on layer: M1
Net FECTS_clks_clk___L4_N23: dangling Wire at (321.860, 283.385) (321.860, 283.385) on layer: M1
Net FECTS_clks_clk___L4_N23: dangling Wire at (321.860, 275.595) (321.860, 275.595) on layer: M1
Net FECTS_clks_clk___L4_N23: dangling Wire at (320.720, 320.055) (320.720, 320.055) on layer: M1
Net FECTS_clks_clk___L4_N23: dangling Wire at (320.340, 313.025) (320.340, 313.025) on layer: M1
Net FECTS_clks_clk___L4_N23: dangling Wire at (318.915, 273.505) (318.915, 273.505) on layer: M1
Net FECTS_clks_clk___L4_N23: dangling Wire at (318.820, 322.905) (318.820, 322.905) on layer: M1
Net FECTS_clks_clk___L4_N23: dangling Wire at (317.395, 283.385) (317.395, 283.385) on layer: M1
Net FECTS_clks_clk___L4_N23: dangling Wire at (317.300, 332.785) (317.300, 332.785) on layer: M1
Net FECTS_clks_clk___L4_N23: dangling Wire at (316.920, 300.390) (316.920, 300.390) on layer: M1
Net FECTS_clks_clk___L4_N23: dangling Wire at (316.920, 285.475) (316.920, 285.475) on layer: M1
Net FECTS_clks_clk___L4_N23: dangling Wire at (316.540, 320.055) (316.540, 320.055) on layer: M1
Net FECTS_clks_clk___L4_N23: dangling Wire at (314.355, 301.435) (314.355, 301.435) on layer: M1
Net FECTS_clks_clk___L4_N23: dangling Wire at (313.120, 305.235) (313.120, 305.235) on layer: M1
Net FECTS_clks_clk___L4_N23: dangling Wire at (312.360, 303.050) (312.360, 303.050) on layer: M1
Net FECTS_clks_clk___L4_N23: dangling Wire at (312.360, 280.535) (312.360, 280.535) on layer: M1
Net FECTS_clks_clk___L4_N23: dangling Wire at (311.220, 285.475) (311.220, 285.475) on layer: M1
Net FECTS_clks_clk___L4_N23: dangling Wire at (311.220, 275.595) (311.220, 275.595) on layer: M1
Net FECTS_clks_clk___L4_N23: dangling Wire at (307.800, 300.295) (307.800, 300.295) on layer: M1
Net FECTS_clks_clk___L4_N23: dangling Wire at (307.040, 313.025) (307.040, 313.025) on layer: M1
Net FECTS_clks_clk___L4_N23: dangling Wire at (307.040, 308.085) (307.040, 308.085) on layer: M1
Net FECTS_clks_clk___L4_N23: dangling Wire at (307.040, 295.355) (307.040, 295.355) on layer: M1
Net FECTS_clks_clk___L4_N23: dangling Wire at (307.040, 293.265) (307.040, 293.265) on layer: M1
Net FECTS_clks_clk___L4_N23: dangling Wire at (307.040, 273.505) (307.040, 273.505) on layer: M1
Net FECTS_clks_clk___L4_N23: dangling Wire at (306.660, 285.475) (306.660, 285.475) on layer: M1
Net FECTS_clks_clk___L4_N23: dangling Wire at (304.380, 320.055) (304.380, 320.055) on layer: M1
Net FECTS_clks_clk___L4_N23: dangling Wire at (301.340, 313.025) (301.340, 313.025) on layer: M1
Net FECTS_clks_clk___L4_N23: dangling Wire at (301.340, 300.295) (301.340, 300.295) on layer: M1
Net FECTS_clks_clk___L4_N23: dangling Wire at (301.340, 290.415) (301.340, 290.415) on layer: M1
Net FECTS_clks_clk___L4_N23: dangling Wire at (301.340, 278.445) (301.340, 278.445) on layer: M1
Net FECTS_clks_clk___L4_N22: dangling Wire at (343.900, 229.045) (343.900, 229.045) on layer: M1
Net FECTS_clks_clk___L4_N22: dangling Wire at (343.900, 189.525) (343.900, 189.525) on layer: M1
Net FECTS_clks_clk___L4_N22: dangling Wire at (343.520, 263.625) (343.520, 263.625) on layer: M1
Net FECTS_clks_clk___L4_N22: dangling Wire at (343.520, 255.835) (343.520, 255.835) on layer: M1
Net FECTS_clks_clk___L4_N22: dangling Wire at (343.520, 250.895) (343.520, 250.895) on layer: M1
Net FECTS_clks_clk___L4_N22: dangling Wire at (342.760, 245.955) (342.760, 245.955) on layer: M1
Net FECTS_clks_clk___L4_N22: dangling Wire at (342.760, 204.345) (342.760, 204.345) on layer: M1
Net FECTS_clks_clk___L4_N22: dangling Wire at (342.760, 181.735) (342.760, 181.735) on layer: M1
Net FECTS_clks_clk___L4_N22: dangling Wire at (341.620, 260.775) (341.620, 260.775) on layer: M1
Net FECTS_clks_clk___L4_N22: dangling Wire at (338.200, 270.655) (338.200, 270.655) on layer: M1
Net FECTS_clks_clk___L4_N22: dangling Wire at (337.440, 263.625) (337.440, 263.625) on layer: M1
Net FECTS_clks_clk___L4_N22: dangling Wire at (334.400, 258.685) (334.400, 258.685) on layer: M1
Net FECTS_clks_clk___L4_N22: dangling Wire at (332.500, 260.775) (332.500, 260.775) on layer: M1
Net FECTS_clks_clk___L4_N22: dangling Wire at (332.500, 174.705) (332.500, 174.705) on layer: M1
Net FECTS_clks_clk___L4_N22: dangling Wire at (330.600, 179.645) (330.600, 179.645) on layer: M1
Net FECTS_clks_clk___L4_N22: dangling Wire at (327.940, 176.795) (327.940, 176.795) on layer: M1
Net FECTS_clks_clk___L4_N22: dangling Wire at (327.560, 268.565) (327.560, 268.565) on layer: M1
Net FECTS_clks_clk___L4_N22: dangling Wire at (325.660, 181.735) (325.660, 181.735) on layer: M1
Net FECTS_clks_clk___L4_N22: dangling Wire at (323.095, 223.820) (323.095, 223.820) on layer: M1
Net FECTS_clks_clk___L4_N22: dangling Wire at (323.000, 270.655) (323.000, 270.655) on layer: M1
Net FECTS_clks_clk___L4_N22: dangling Wire at (322.620, 176.890) (322.620, 176.890) on layer: M1
Net FECTS_clks_clk___L4_N22: dangling Wire at (321.860, 260.775) (321.860, 260.775) on layer: M1
Net FECTS_clks_clk___L4_N22: dangling Wire at (321.860, 179.550) (321.860, 179.550) on layer: M1
Net FECTS_clks_clk___L4_N22: dangling Wire at (318.440, 265.715) (318.440, 265.715) on layer: M1
Net FECTS_clks_clk___L4_N22: dangling Wire at (318.440, 174.705) (318.440, 174.705) on layer: M1
Net FECTS_clks_clk___L4_N22: dangling Wire at (313.880, 263.625) (313.880, 263.625) on layer: M1
Net FECTS_clks_clk___L4_N22: dangling Wire at (313.405, 266.855) (313.405, 266.855) on layer: M1
Net FECTS_clks_clk___L4_N22: dangling Wire at (312.075, 265.715) (312.075, 265.715) on layer: M1
Net FECTS_clks_clk___L4_N22: dangling Wire at (311.220, 268.565) (311.220, 268.565) on layer: M1
Net FECTS_clks_clk___L4_N22: dangling Wire at (307.040, 253.745) (307.040, 253.745) on layer: M1
Net FECTS_clks_clk___L4_N22: dangling Wire at (306.565, 257.545) (306.565, 257.545) on layer: M1
Net FECTS_clks_clk___L4_N22: dangling Wire at (305.235, 258.685) (305.235, 258.685) on layer: M1
Net FECTS_clks_clk___L4_N22: dangling Wire at (304.707, 178.695) (304.707, 178.695) on layer: M2
Net FECTS_clks_clk___L4_N22: dangling Wire at (303.240, 211.375) (303.240, 211.375) on layer: M1
Net FECTS_clks_clk___L4_N22: dangling Wire at (302.480, 263.625) (302.480, 263.625) on layer: M1
Net FECTS_clks_clk___L4_N22: dangling Wire at (302.480, 214.225) (302.480, 214.225) on layer: M1
Net FECTS_clks_clk___L4_N22: dangling Wire at (302.480, 209.285) (302.480, 209.285) on layer: M1
Net FECTS_clks_clk___L4_N22: dangling Wire at (301.340, 194.465) (301.340, 194.465) on layer: M1
Net FECTS_clks_clk___L4_N22: dangling Wire at (300.580, 258.685) (300.580, 258.685) on layer: M1
Net FECTS_clks_clk___L4_N22: dangling Wire at (299.820, 177.745) (299.820, 177.745) on layer: M2
Net FECTS_clks_clk___L4_N21: dangling Wire at (297.108, 177.365) (297.108, 177.365) on layer: M2
Net FECTS_clks_clk___L4_N21: dangling Wire at (296.400, 214.130) (296.400, 214.130) on layer: M1
Net FECTS_clks_clk___L4_N21: dangling Wire at (296.400, 204.250) (296.400, 204.250) on layer: M1
Net FECTS_clks_clk___L4_N21: dangling Wire at (296.020, 253.745) (296.020, 253.745) on layer: M1
Net FECTS_clks_clk___L4_N21: dangling Wire at (296.020, 194.465) (296.020, 194.465) on layer: M1
Net FECTS_clks_clk___L4_N21: dangling Wire at (294.120, 177.365) (294.120, 177.365) on layer: M2
Net FECTS_clks_clk___L4_N21: dangling Wire at (291.840, 233.985) (291.840, 233.985) on layer: M1
Net FECTS_clks_clk___L4_N21: dangling Wire at (291.840, 204.250) (291.840, 204.250) on layer: M1
Net FECTS_clks_clk___L4_N21: dangling Wire at (289.180, 226.195) (289.180, 226.195) on layer: M1
Net FECTS_clks_clk___L4_N21: dangling Wire at (288.800, 177.365) (288.800, 177.365) on layer: M2
Net FECTS_clks_clk___L4_N21: dangling Wire at (288.748, 177.745) (288.748, 177.745) on layer: M2
Net FECTS_clks_clk___L4_N21: dangling Wire at (288.040, 250.895) (288.040, 250.895) on layer: M1
Net FECTS_clks_clk___L4_N21: dangling Wire at (286.520, 253.745) (286.520, 253.745) on layer: M1
Net FECTS_clks_clk___L4_N21: dangling Wire at (286.520, 206.435) (286.520, 206.435) on layer: M1
Net FECTS_clks_clk___L4_N21: dangling Wire at (286.140, 233.985) (286.140, 233.985) on layer: M1
Net FECTS_clks_clk___L4_N21: dangling Wire at (286.140, 211.375) (286.140, 211.375) on layer: M1
Net FECTS_clks_clk___L4_N21: dangling Wire at (286.140, 196.555) (286.140, 196.555) on layer: M1
Net FECTS_clks_clk___L4_N21: dangling Wire at (285.760, 243.865) (285.760, 243.865) on layer: M1
Net FECTS_clks_clk___L4_N21: dangling Wire at (285.760, 224.105) (285.760, 224.105) on layer: M1
Net FECTS_clks_clk___L4_N21: dangling Wire at (285.760, 191.615) (285.760, 191.615) on layer: M1
Net FECTS_clks_clk___L4_N21: dangling Wire at (283.860, 177.745) (283.860, 177.745) on layer: M2
Net FECTS_clks_clk___L4_N21: dangling Wire at (283.100, 255.835) (283.100, 255.835) on layer: M1
Net FECTS_clks_clk___L4_N21: dangling Wire at (281.960, 199.405) (281.960, 199.405) on layer: M1
Net FECTS_clks_clk___L4_N21: dangling Wire at (281.580, 238.925) (281.580, 238.925) on layer: M1
Net FECTS_clks_clk___L4_N21: dangling Wire at (281.200, 191.615) (281.200, 191.615) on layer: M1
Net FECTS_clks_clk___L4_N21: dangling Wire at (281.105, 215.460) (281.105, 215.460) on layer: M1
Net FECTS_clks_clk___L4_N21: dangling Wire at (280.820, 248.805) (280.820, 248.805) on layer: M1
Net FECTS_clks_clk___L4_N21: dangling Wire at (280.440, 226.195) (280.440, 226.195) on layer: M1
Net FECTS_clks_clk___L4_N21: dangling Wire at (277.020, 238.925) (277.020, 238.925) on layer: M1
Net FECTS_clks_clk___L4_N21: dangling Wire at (275.880, 226.195) (275.880, 226.195) on layer: M1
Net FECTS_clks_clk___L4_N21: dangling Wire at (275.880, 214.225) (275.880, 214.225) on layer: M1
Net FECTS_clks_clk___L4_N21: dangling Wire at (275.880, 199.405) (275.880, 199.405) on layer: M1
Net FECTS_clks_clk___L4_N21: dangling Wire at (275.500, 243.865) (275.500, 243.865) on layer: M1
Net FECTS_clks_clk___L4_N21: dangling Wire at (274.360, 236.075) (274.360, 236.075) on layer: M1
Net FECTS_clks_clk___L4_N21: dangling Wire at (274.360, 196.555) (274.360, 196.555) on layer: M1
Net FECTS_clks_clk___L4_N21: dangling Wire at (272.460, 194.465) (272.460, 194.465) on layer: M1
Net FECTS_clks_clk___L4_N21: dangling Wire at (271.320, 199.405) (271.320, 199.405) on layer: M1
Net FECTS_clks_clk___L4_N21: dangling Wire at (270.940, 204.345) (270.940, 204.345) on layer: M1
Net FECTS_clks_clk___L4_N21: dangling Wire at (268.660, 221.255) (268.660, 221.255) on layer: M1
Net FECTS_clks_clk___L4_N21: dangling Wire at (267.140, 253.745) (267.140, 253.745) on layer: M1
Net FECTS_clks_clk___L4_N21: dangling Wire at (267.140, 233.985) (267.140, 233.985) on layer: M1
Net FECTS_clks_clk___L4_N21: dangling Wire at (266.760, 248.805) (266.760, 248.805) on layer: M1
Net FECTS_clks_clk___L4_N21: dangling Wire at (266.000, 255.835) (266.000, 255.835) on layer: M1
Net FECTS_clks_clk___L4_N21: dangling Wire at (266.000, 226.195) (266.000, 226.195) on layer: M1
Net FECTS_clks_clk___L4_N21: dangling Wire at (264.480, 196.555) (264.480, 196.555) on layer: M1
Net FECTS_clks_clk___L4_N20: dangling Wire at (317.300, 342.665) (317.300, 342.665) on layer: M1
Net FECTS_clks_clk___L4_N20: dangling Wire at (311.600, 342.665) (311.600, 342.665) on layer: M1
Net FECTS_clks_clk___L4_N20: dangling Wire at (310.080, 327.845) (310.080, 327.845) on layer: M1
Net FECTS_clks_clk___L4_N20: dangling Wire at (307.040, 322.905) (307.040, 322.905) on layer: M1
Net FECTS_clks_clk___L4_N20: dangling Wire at (306.660, 342.665) (306.660, 342.665) on layer: M1
Net FECTS_clks_clk___L4_N20: dangling Wire at (304.380, 327.845) (304.380, 327.845) on layer: M1
Net FECTS_clks_clk___L4_N20: dangling Wire at (302.480, 322.905) (302.480, 322.905) on layer: M1
Net FECTS_clks_clk___L4_N20: dangling Wire at (301.340, 332.785) (301.340, 332.785) on layer: M1
Net FECTS_clks_clk___L4_N20: dangling Wire at (299.440, 327.845) (299.440, 327.845) on layer: M1
Net FECTS_clks_clk___L4_N20: dangling Wire at (296.780, 317.965) (296.780, 317.965) on layer: M1
Net FECTS_clks_clk___L4_N20: dangling Wire at (296.020, 334.875) (296.020, 334.875) on layer: M1
Net FECTS_clks_clk___L4_N20: dangling Wire at (295.260, 327.845) (295.260, 327.845) on layer: M1
Net FECTS_clks_clk___L4_N20: dangling Wire at (295.260, 310.175) (295.260, 310.175) on layer: M1
Net FECTS_clks_clk___L4_N20: dangling Wire at (292.980, 320.055) (292.980, 320.055) on layer: M1
Net FECTS_clks_clk___L4_N20: dangling Wire at (292.600, 339.815) (292.600, 339.815) on layer: M1
Net FECTS_clks_clk___L4_N20: dangling Wire at (291.080, 332.785) (291.080, 332.785) on layer: M1
Net FECTS_clks_clk___L4_N20: dangling Wire at (291.080, 313.025) (291.080, 313.025) on layer: M1
Net FECTS_clks_clk___L4_N20: dangling Wire at (290.700, 327.845) (290.700, 327.845) on layer: M1
Net FECTS_clks_clk___L4_N20: dangling Wire at (290.700, 310.175) (290.700, 310.175) on layer: M1
Net FECTS_clks_clk___L4_N20: dangling Wire at (290.320, 342.570) (290.320, 342.570) on layer: M1
Net FECTS_clks_clk___L4_N20: dangling Wire at (286.140, 320.055) (286.140, 320.055) on layer: M1
Net FECTS_clks_clk___L4_N20: dangling Wire at (285.760, 334.875) (285.760, 334.875) on layer: M1
Net FECTS_clks_clk___L4_N20: dangling Wire at (284.240, 339.815) (284.240, 339.815) on layer: M1
Net FECTS_clks_clk___L4_N20: dangling Wire at (284.240, 313.025) (284.240, 313.025) on layer: M1
Net FECTS_clks_clk___L4_N20: dangling Wire at (281.580, 324.995) (281.580, 324.995) on layer: M1
Net FECTS_clks_clk___L4_N20: dangling Wire at (280.820, 315.115) (280.820, 315.115) on layer: M1
Net FECTS_clks_clk___L4_N20: dangling Wire at (280.440, 332.785) (280.440, 332.785) on layer: M1
Net FECTS_clks_clk___L4_N20: dangling Wire at (279.965, 324.140) (279.965, 324.140) on layer: M1
Net FECTS_clks_clk___L4_N20: dangling Wire at (279.680, 342.665) (279.680, 342.665) on layer: M1
Net FECTS_clks_clk___L4_N20: dangling Wire at (279.300, 308.085) (279.300, 308.085) on layer: M1
Net FECTS_clks_clk___L4_N20: dangling Wire at (278.920, 322.905) (278.920, 322.905) on layer: M1
Net FECTS_clks_clk___L4_N20: dangling Wire at (276.260, 332.785) (276.260, 332.785) on layer: M1
Net FECTS_clks_clk___L4_N20: dangling Wire at (275.880, 315.115) (275.880, 315.115) on layer: M1
Net FECTS_clks_clk___L4_N20: dangling Wire at (273.980, 342.570) (273.980, 342.570) on layer: M1
Net FECTS_clks_clk___L4_N20: dangling Wire at (270.940, 327.845) (270.940, 327.845) on layer: M1
Net FECTS_clks_clk___L4_N20: dangling Wire at (270.560, 315.115) (270.560, 315.115) on layer: M1
Net FECTS_clks_clk___L4_N20: dangling Wire at (270.180, 332.785) (270.180, 332.785) on layer: M1
Net FECTS_clks_clk___L4_N20: dangling Wire at (270.180, 324.995) (270.180, 324.995) on layer: M1
Net FECTS_clks_clk___L4_N20: dangling Wire at (270.180, 310.175) (270.180, 310.175) on layer: M1
Net FECTS_clks_clk___L4_N20: dangling Wire at (269.800, 342.665) (269.800, 342.665) on layer: M1
Net FECTS_clks_clk___L4_N20: dangling Wire at (268.660, 320.055) (268.660, 320.055) on layer: M1
Net FECTS_clks_clk___L4_N20: dangling Wire at (266.000, 329.935) (266.000, 329.935) on layer: M1
Net FECTS_clks_clk___L4_N20: dangling Wire at (266.000, 315.115) (266.000, 315.115) on layer: M1
Net FECTS_clks_clk___L4_N20: dangling Wire at (266.000, 310.175) (266.000, 310.175) on layer: M1
Net FECTS_clks_clk___L4_N20: dangling Wire at (264.860, 339.815) (264.860, 339.815) on layer: M1
Net FECTS_clks_clk___L4_N20: dangling Wire at (264.100, 332.785) (264.100, 332.785) on layer: M1
Net FECTS_clks_clk___L4_N20: dangling Wire at (262.580, 327.845) (262.580, 327.845) on layer: M1
Net FECTS_clks_clk___L4_N20: dangling Wire at (259.160, 322.905) (259.160, 322.905) on layer: M1
Net FECTS_clks_clk___L4_N20: dangling Wire at (258.780, 337.725) (258.780, 337.725) on layer: M1
Net FECTS_clks_clk___L4_N20: dangling Wire at (256.120, 327.845) (256.120, 327.845) on layer: M1
Net FECTS_clks_clk___L4_N20: dangling Wire at (256.120, 317.965) (256.120, 317.965) on layer: M1
Net FECTS_clks_clk___L4_N20: dangling Wire at (255.740, 332.785) (255.740, 332.785) on layer: M1
Net FECTS_clks_clk___L4_N20: dangling Wire at (252.700, 337.725) (252.700, 337.725) on layer: M1
Net FECTS_clks_clk___L4_N20: dangling Wire at (252.320, 324.995) (252.320, 324.995) on layer: M1
Net FECTS_clks_clk___L4_N20: dangling Wire at (251.560, 329.935) (251.560, 329.935) on layer: M1
Net FECTS_clks_clk___L4_N20: dangling Wire at (247.760, 342.665) (247.760, 342.665) on layer: M1
Net FECTS_clks_clk___L4_N20: dangling Wire at (243.960, 337.725) (243.960, 337.725) on layer: M1
Net FECTS_clks_clk___L4_N19: dangling Wire at (298.680, 268.565) (298.680, 268.565) on layer: M1
Net FECTS_clks_clk___L4_N19: dangling Wire at (298.395, 288.325) (298.395, 288.325) on layer: M1
Net FECTS_clks_clk___L4_N19: dangling Wire at (298.395, 283.385) (298.395, 283.385) on layer: M1
Net FECTS_clks_clk___L4_N19: dangling Wire at (296.875, 273.505) (296.875, 273.505) on layer: M1
Net FECTS_clks_clk___L4_N19: dangling Wire at (296.780, 290.415) (296.780, 290.415) on layer: M1
Net FECTS_clks_clk___L4_N19: dangling Wire at (296.780, 278.445) (296.780, 278.445) on layer: M1
Net FECTS_clks_clk___L4_N19: dangling Wire at (296.400, 295.355) (296.400, 295.355) on layer: M1
Net FECTS_clks_clk___L4_N19: dangling Wire at (296.020, 263.625) (296.020, 263.625) on layer: M1
Net FECTS_clks_clk___L4_N19: dangling Wire at (291.460, 273.505) (291.460, 273.505) on layer: M1
Net FECTS_clks_clk___L4_N19: dangling Wire at (291.080, 303.145) (291.080, 303.145) on layer: M1
Net FECTS_clks_clk___L4_N19: dangling Wire at (291.080, 283.385) (291.080, 283.385) on layer: M1
Net FECTS_clks_clk___L4_N19: dangling Wire at (290.700, 260.870) (290.700, 260.870) on layer: M1
Net FECTS_clks_clk___L4_N19: dangling Wire at (290.320, 295.355) (290.320, 295.355) on layer: M1
Net FECTS_clks_clk___L4_N19: dangling Wire at (289.940, 278.445) (289.940, 278.445) on layer: M1
Net FECTS_clks_clk___L4_N19: dangling Wire at (289.180, 270.655) (289.180, 270.655) on layer: M1
Net FECTS_clks_clk___L4_N19: dangling Wire at (287.280, 298.205) (287.280, 298.205) on layer: M1
Net FECTS_clks_clk___L4_N19: dangling Wire at (286.520, 293.265) (286.520, 293.265) on layer: M1
Net FECTS_clks_clk___L4_N19: dangling Wire at (286.520, 260.870) (286.520, 260.870) on layer: M1
Net FECTS_clks_clk___L4_N19: dangling Wire at (286.140, 290.415) (286.140, 290.415) on layer: M1
Net FECTS_clks_clk___L4_N19: dangling Wire at (285.760, 303.145) (285.760, 303.145) on layer: M1
Net FECTS_clks_clk___L4_N19: dangling Wire at (285.760, 265.715) (285.760, 265.715) on layer: M1
Net FECTS_clks_clk___L4_N19: dangling Wire at (281.200, 300.295) (281.200, 300.295) on layer: M1
Net FECTS_clks_clk___L4_N19: dangling Wire at (281.200, 293.265) (281.200, 293.265) on layer: M1
Net FECTS_clks_clk___L4_N19: dangling Wire at (281.200, 265.715) (281.200, 265.715) on layer: M1
Net FECTS_clks_clk___L4_N19: dangling Wire at (280.820, 278.445) (280.820, 278.445) on layer: M1
Net FECTS_clks_clk___L4_N19: dangling Wire at (280.820, 260.775) (280.820, 260.775) on layer: M1
Net FECTS_clks_clk___L4_N19: dangling Wire at (280.820, 258.685) (280.820, 258.685) on layer: M1
Net FECTS_clks_clk___L4_N19: dangling Wire at (280.440, 285.475) (280.440, 285.475) on layer: M1
Net FECTS_clks_clk___L4_N19: dangling Wire at (280.440, 280.535) (280.440, 280.535) on layer: M1
Net FECTS_clks_clk___L4_N19: dangling Wire at (276.640, 283.385) (276.640, 283.385) on layer: M1
Net FECTS_clks_clk___L4_N19: dangling Wire at (276.260, 260.870) (276.260, 260.870) on layer: M1
Net FECTS_clks_clk___L4_N19: dangling Wire at (275.880, 275.595) (275.880, 275.595) on layer: M1
Net FECTS_clks_clk___L4_N19: dangling Wire at (275.025, 283.100) (275.025, 283.100) on layer: M1
Net FECTS_clks_clk___L4_N19: dangling Wire at (273.980, 303.145) (273.980, 303.145) on layer: M1
Net FECTS_clks_clk___L4_N19: dangling Wire at (273.980, 295.355) (273.980, 295.355) on layer: M1
Net FECTS_clks_clk___L4_N19: dangling Wire at (273.220, 278.445) (273.220, 278.445) on layer: M1
Net FECTS_clks_clk___L4_N19: dangling Wire at (271.320, 265.715) (271.320, 265.715) on layer: M1
Net FECTS_clks_clk___L4_N19: dangling Wire at (270.560, 290.415) (270.560, 290.415) on layer: M1
Net FECTS_clks_clk___L4_N19: dangling Wire at (270.560, 258.685) (270.560, 258.685) on layer: M1
Net FECTS_clks_clk___L4_N19: dangling Wire at (270.180, 298.205) (270.180, 298.205) on layer: M1
Net FECTS_clks_clk___L4_N19: dangling Wire at (270.180, 283.385) (270.180, 283.385) on layer: M1
Net FECTS_clks_clk___L4_N19: dangling Wire at (270.180, 268.470) (270.180, 268.470) on layer: M1
Net FECTS_clks_clk___L4_N19: dangling Wire at (270.180, 263.625) (270.180, 263.625) on layer: M1
Net FECTS_clks_clk___L4_N19: dangling Wire at (267.900, 273.505) (267.900, 273.505) on layer: M1
Net FECTS_clks_clk___L4_N19: dangling Wire at (266.000, 290.415) (266.000, 290.415) on layer: M1
Net FECTS_clks_clk___L4_N19: dangling Wire at (266.000, 265.715) (266.000, 265.715) on layer: M1
Net FECTS_clks_clk___L4_N19: dangling Wire at (265.620, 305.235) (265.620, 305.235) on layer: M1
Net FECTS_clks_clk___L4_N19: dangling Wire at (265.620, 300.390) (265.620, 300.390) on layer: M1
Net FECTS_clks_clk___L4_N19: dangling Wire at (265.620, 283.385) (265.620, 283.385) on layer: M1
Net FECTS_clks_clk___L4_N19: dangling Wire at (260.300, 275.595) (260.300, 275.595) on layer: M1
Net FECTS_clks_clk___L4_N19: dangling Wire at (250.040, 273.505) (250.040, 273.505) on layer: M1
Net FECTS_clks_clk___L4_N18: dangling Wire at (222.680, 31.445) (222.680, 31.445) on layer: M1
Net FECTS_clks_clk___L4_N18: dangling Wire at (220.400, 43.415) (220.400, 43.415) on layer: M1
Net FECTS_clks_clk___L4_N18: dangling Wire at (219.260, 51.205) (219.260, 51.205) on layer: M1
Net FECTS_clks_clk___L4_N18: dangling Wire at (219.260, 28.595) (219.260, 28.595) on layer: M1
Net FECTS_clks_clk___L4_N18: dangling Wire at (219.260, 26.505) (219.260, 26.505) on layer: M1
Net FECTS_clks_clk___L4_N18: dangling Wire at (218.880, 21.565) (218.880, 21.565) on layer: M1
Net FECTS_clks_clk___L4_N18: dangling Wire at (216.220, 48.355) (216.220, 48.355) on layer: M1
Net FECTS_clks_clk___L4_N18: dangling Wire at (214.320, 61.085) (214.320, 61.085) on layer: M1
Net FECTS_clks_clk___L4_N18: dangling Wire at (214.320, 38.475) (214.320, 38.475) on layer: M1
Net FECTS_clks_clk___L4_N18: dangling Wire at (214.320, 36.385) (214.320, 36.385) on layer: M1
Net FECTS_clks_clk___L4_N18: dangling Wire at (213.940, 31.445) (213.940, 31.445) on layer: M1
Net FECTS_clks_clk___L4_N18: dangling Wire at (213.940, 23.655) (213.940, 23.655) on layer: M1
Net FECTS_clks_clk___L4_N18: dangling Wire at (213.560, 26.505) (213.560, 26.505) on layer: M1
Net FECTS_clks_clk___L4_N18: dangling Wire at (212.800, 56.145) (212.800, 56.145) on layer: M1
Net FECTS_clks_clk___L4_N18: dangling Wire at (209.380, 63.175) (209.380, 63.175) on layer: M1
Net FECTS_clks_clk___L4_N18: dangling Wire at (209.380, 51.205) (209.380, 51.205) on layer: M1
Net FECTS_clks_clk___L4_N18: dangling Wire at (209.380, 41.325) (209.380, 41.325) on layer: M1
Net FECTS_clks_clk___L4_N18: dangling Wire at (208.620, 38.475) (208.620, 38.475) on layer: M1
Net FECTS_clks_clk___L4_N18: dangling Wire at (206.340, 58.235) (206.340, 58.235) on layer: M1
Net FECTS_clks_clk___L4_N18: dangling Wire at (204.440, 23.655) (204.440, 23.655) on layer: M1
Net FECTS_clks_clk___L4_N18: dangling Wire at (204.060, 31.445) (204.060, 31.445) on layer: M1
Net FECTS_clks_clk___L4_N18: dangling Wire at (203.680, 48.355) (203.680, 48.355) on layer: M1
Net FECTS_clks_clk___L4_N18: dangling Wire at (201.020, 58.235) (201.020, 58.235) on layer: M1
Net FECTS_clks_clk___L4_N18: dangling Wire at (200.260, 26.505) (200.260, 26.505) on layer: M1
Net FECTS_clks_clk___L4_N18: dangling Wire at (199.880, 33.535) (199.880, 33.535) on layer: M1
Net FECTS_clks_clk___L4_N18: dangling Wire at (199.880, 23.655) (199.880, 23.655) on layer: M1
Net FECTS_clks_clk___L4_N18: dangling Wire at (199.500, 61.085) (199.500, 61.085) on layer: M1
Net FECTS_clks_clk___L4_N18: dangling Wire at (199.500, 53.295) (199.500, 53.295) on layer: M1
Net FECTS_clks_clk___L4_N18: dangling Wire at (199.500, 48.355) (199.500, 48.355) on layer: M1
Net FECTS_clks_clk___L4_N18: dangling Wire at (199.500, 46.265) (199.500, 46.265) on layer: M1
Net FECTS_clks_clk___L4_N18: dangling Wire at (199.500, 41.230) (199.500, 41.230) on layer: M1
Net FECTS_clks_clk___L4_N18: dangling Wire at (199.500, 38.570) (199.500, 38.570) on layer: M1
Net FECTS_clks_clk___L4_N18: dangling Wire at (194.560, 58.330) (194.560, 58.330) on layer: M1
Net FECTS_clks_clk___L4_N18: dangling Wire at (194.560, 33.535) (194.560, 33.535) on layer: M1
Net FECTS_clks_clk___L4_N18: dangling Wire at (194.560, 31.445) (194.560, 31.445) on layer: M1
Net FECTS_clks_clk___L4_N18: dangling Wire at (192.660, 63.175) (192.660, 63.175) on layer: M1
Net FECTS_clks_clk___L4_N18: dangling Wire at (191.520, 28.595) (191.520, 28.595) on layer: M1
Net FECTS_clks_clk___L4_N18: dangling Wire at (191.140, 48.355) (191.140, 48.355) on layer: M1
Net FECTS_clks_clk___L4_N18: dangling Wire at (190.760, 23.655) (190.760, 23.655) on layer: M1
Net FECTS_clks_clk___L4_N18: dangling Wire at (189.620, 60.990) (189.620, 60.990) on layer: M1
Net FECTS_clks_clk___L4_N18: dangling Wire at (189.620, 58.330) (189.620, 58.330) on layer: M1
Net FECTS_clks_clk___L4_N18: dangling Wire at (189.240, 21.565) (189.240, 21.565) on layer: M1
Net FECTS_clks_clk___L4_N18: dangling Wire at (188.480, 33.535) (188.480, 33.535) on layer: M1
Net FECTS_clks_clk___L4_N18: dangling Wire at (185.915, 43.700) (185.915, 43.700) on layer: M1
Net FECTS_clks_clk___L4_N18: dangling Wire at (185.345, 42.560) (185.345, 42.560) on layer: M1
Net FECTS_clks_clk___L4_N18: dangling Wire at (183.920, 41.325) (183.920, 41.325) on layer: M1
Net FECTS_clks_clk___L4_N18: dangling Wire at (183.920, 33.535) (183.920, 33.535) on layer: M1
Net FECTS_clks_clk___L4_N18: dangling Wire at (182.780, 23.655) (182.780, 23.655) on layer: M1
Net FECTS_clks_clk___L4_N18: dangling Wire at (158.840, 63.270) (158.840, 63.270) on layer: M1
Net FECTS_clks_clk___L4_N18: dangling Wire at (155.368, 60.515) (155.368, 60.515) on layer: M2
Net FECTS_clks_clk___L4_N18: dangling Wire at (153.852, 65.265) (153.852, 65.265) on layer: M2
Net FECTS_clks_clk___L4_N18: dangling Wire at (150.048, 60.515) (150.048, 60.515) on layer: M2
Net FECTS_clks_clk___L4_N18: dangling Wire at (147.060, 60.515) (147.060, 60.515) on layer: M2
Net FECTS_clks_clk___L4_N17: dangling Wire at (109.440, 95.570) (109.440, 95.570) on layer: M1
Net FECTS_clks_clk___L4_N17: dangling Wire at (102.220, 107.635) (102.220, 107.635) on layer: M1
Net FECTS_clks_clk___L4_N17: dangling Wire at (101.840, 100.605) (101.840, 100.605) on layer: M1
Net FECTS_clks_clk___L4_N17: dangling Wire at (101.840, 92.815) (101.840, 92.815) on layer: M1
Net FECTS_clks_clk___L4_N17: dangling Wire at (99.560, 87.875) (99.560, 87.875) on layer: M1
Net FECTS_clks_clk___L4_N17: dangling Wire at (98.040, 68.115) (98.040, 68.115) on layer: M1
Net FECTS_clks_clk___L4_N17: dangling Wire at (97.660, 82.935) (97.660, 82.935) on layer: M1
Net FECTS_clks_clk___L4_N17: dangling Wire at (97.280, 105.545) (97.280, 105.545) on layer: M1
Net FECTS_clks_clk___L4_N17: dangling Wire at (97.280, 97.755) (97.280, 97.755) on layer: M1
Net FECTS_clks_clk___L4_N17: dangling Wire at (94.620, 77.995) (94.620, 77.995) on layer: M1
Net FECTS_clks_clk___L4_N17: dangling Wire at (94.240, 80.845) (94.240, 80.845) on layer: M1
Net FECTS_clks_clk___L4_N17: dangling Wire at (94.240, 75.905) (94.240, 75.905) on layer: M1
Net FECTS_clks_clk___L4_N17: dangling Wire at (91.960, 100.605) (91.960, 100.605) on layer: M1
Net FECTS_clks_clk___L4_N17: dangling Wire at (91.580, 90.725) (91.580, 90.725) on layer: M1
Net FECTS_clks_clk___L4_N17: dangling Wire at (91.200, 95.665) (91.200, 95.665) on layer: M1
Net FECTS_clks_clk___L4_N17: dangling Wire at (91.200, 68.115) (91.200, 68.115) on layer: M1
Net FECTS_clks_clk___L4_N17: dangling Wire at (90.060, 66.025) (90.060, 66.025) on layer: M1
Net FECTS_clks_clk___L4_N17: dangling Wire at (87.020, 100.605) (87.020, 100.605) on layer: M1
Net FECTS_clks_clk___L4_N17: dangling Wire at (87.020, 90.725) (87.020, 90.725) on layer: M1
Net FECTS_clks_clk___L4_N17: dangling Wire at (87.020, 73.055) (87.020, 73.055) on layer: M1
Net FECTS_clks_clk___L4_N17: dangling Wire at (86.640, 87.875) (86.640, 87.875) on layer: M1
Net FECTS_clks_clk___L4_N17: dangling Wire at (85.880, 82.935) (85.880, 82.935) on layer: M1
Net FECTS_clks_clk___L4_N17: dangling Wire at (85.880, 66.025) (85.880, 66.025) on layer: M1
Net FECTS_clks_clk___L4_N17: dangling Wire at (82.840, 75.905) (82.840, 75.905) on layer: M1
Net FECTS_clks_clk___L4_N17: dangling Wire at (81.700, 70.965) (81.700, 70.965) on layer: M1
Net FECTS_clks_clk___L4_N17: dangling Wire at (81.320, 100.605) (81.320, 100.605) on layer: M1
Net FECTS_clks_clk___L4_N17: dangling Wire at (80.940, 105.545) (80.940, 105.545) on layer: M1
Net FECTS_clks_clk___L4_N17: dangling Wire at (80.940, 95.665) (80.940, 95.665) on layer: M1
Net FECTS_clks_clk___L4_N17: dangling Wire at (80.940, 82.935) (80.940, 82.935) on layer: M1
Net FECTS_clks_clk___L4_N17: dangling Wire at (80.940, 66.025) (80.940, 66.025) on layer: M1
Net FECTS_clks_clk___L4_N17: dangling Wire at (80.560, 107.635) (80.560, 107.635) on layer: M1
Net FECTS_clks_clk___L4_N17: dangling Wire at (79.040, 92.815) (79.040, 92.815) on layer: M1
Net FECTS_clks_clk___L4_N17: dangling Wire at (76.760, 87.970) (76.760, 87.970) on layer: M1
Net FECTS_clks_clk___L4_N17: dangling Wire at (76.760, 75.905) (76.760, 75.905) on layer: M1
Net FECTS_clks_clk___L4_N17: dangling Wire at (76.000, 102.695) (76.000, 102.695) on layer: M1
Net FECTS_clks_clk___L4_N17: dangling Wire at (75.620, 95.665) (75.620, 95.665) on layer: M1
Net FECTS_clks_clk___L4_N17: dangling Wire at (75.620, 82.935) (75.620, 82.935) on layer: M1
Net FECTS_clks_clk___L4_N17: dangling Wire at (73.340, 68.115) (73.340, 68.115) on layer: M1
Net FECTS_clks_clk___L4_N17: dangling Wire at (72.200, 75.905) (72.200, 75.905) on layer: M1
Net FECTS_clks_clk___L4_N17: dangling Wire at (71.440, 82.935) (71.440, 82.935) on layer: M1
Net FECTS_clks_clk___L4_N17: dangling Wire at (70.680, 95.665) (70.680, 95.665) on layer: M1
Net FECTS_clks_clk___L4_N17: dangling Wire at (70.680, 90.725) (70.680, 90.725) on layer: M1
Net FECTS_clks_clk___L4_N17: dangling Wire at (70.680, 73.055) (70.680, 73.055) on layer: M1
Net FECTS_clks_clk___L4_N17: dangling Wire at (66.880, 87.970) (66.880, 87.970) on layer: M1
Net FECTS_clks_clk___L4_N17: dangling Wire at (66.500, 102.695) (66.500, 102.695) on layer: M1
Net FECTS_clks_clk___L4_N17: dangling Wire at (66.500, 95.665) (66.500, 95.665) on layer: M1
Net FECTS_clks_clk___L4_N17: dangling Wire at (66.500, 85.785) (66.500, 85.785) on layer: M1
Net FECTS_clks_clk___L4_N17: dangling Wire at (66.500, 73.150) (66.500, 73.150) on layer: M1
Net FECTS_clks_clk___L4_N17: dangling Wire at (66.500, 68.115) (66.500, 68.115) on layer: M1
Net FECTS_clks_clk___L4_N17: dangling Wire at (66.120, 75.810) (66.120, 75.810) on layer: M1
Net FECTS_clks_clk___L4_N17: dangling Wire at (65.265, 88.160) (65.265, 88.160) on layer: M1
Net FECTS_clks_clk___L4_N17: dangling Wire at (61.940, 85.785) (61.940, 85.785) on layer: M1
Net FECTS_clks_clk___L4_N17: dangling Wire at (61.180, 100.605) (61.180, 100.605) on layer: M1
Net FECTS_clks_clk___L4_N17: dangling Wire at (61.180, 90.725) (61.180, 90.725) on layer: M1
Net FECTS_clks_clk___L4_N17: dangling Wire at (58.520, 95.665) (58.520, 95.665) on layer: M1
Net FECTS_clks_clk___L4_N17: dangling Wire at (56.620, 107.635) (56.620, 107.635) on layer: M1
Net FECTS_clks_clk___L4_N17: dangling Wire at (50.920, 95.665) (50.920, 95.665) on layer: M1
Net FECTS_clks_clk___L4_N17: dangling Wire at (47.120, 107.635) (47.120, 107.635) on layer: M1
Net FECTS_clks_clk___L4_N17: dangling Wire at (44.840, 102.695) (44.840, 102.695) on layer: M1
Net FECTS_clks_clk___L4_N17: dangling Wire at (40.660, 102.695) (40.660, 102.695) on layer: M1
Net FECTS_clks_clk___L4_N17: dangling Wire at (33.440, 97.755) (33.440, 97.755) on layer: M1
Net FECTS_clks_clk___L4_N17: dangling Wire at (30.400, 87.875) (30.400, 87.875) on layer: M1
Net FECTS_clks_clk___L4_N17: dangling Wire at (30.020, 92.815) (30.020, 92.815) on layer: M1
Net FECTS_clks_clk___L4_N17: dangling Wire at (20.520, 95.665) (20.520, 95.665) on layer: M1
Net FECTS_clks_clk___L4_N16: dangling Wire at (81.320, 63.175) (81.320, 63.175) on layer: M1
Net FECTS_clks_clk___L4_N16: dangling Wire at (81.320, 58.235) (81.320, 58.235) on layer: M1
Net FECTS_clks_clk___L4_N16: dangling Wire at (81.320, 28.595) (81.320, 28.595) on layer: M1
Net FECTS_clks_clk___L4_N16: dangling Wire at (81.320, 23.655) (81.320, 23.655) on layer: M1
Net FECTS_clks_clk___L4_N16: dangling Wire at (78.660, 51.205) (78.660, 51.205) on layer: M1
Net FECTS_clks_clk___L4_N16: dangling Wire at (76.760, 63.175) (76.760, 63.175) on layer: M1
Net FECTS_clks_clk___L4_N16: dangling Wire at (76.760, 28.595) (76.760, 28.595) on layer: M1
Net FECTS_clks_clk___L4_N16: dangling Wire at (76.760, 21.565) (76.760, 21.565) on layer: M1
Net FECTS_clks_clk___L4_N16: dangling Wire at (76.000, 58.235) (76.000, 58.235) on layer: M1
Net FECTS_clks_clk___L4_N16: dangling Wire at (75.620, 43.415) (75.620, 43.415) on layer: M1
Net FECTS_clks_clk___L4_N16: dangling Wire at (75.620, 38.475) (75.620, 38.475) on layer: M1
Net FECTS_clks_clk___L4_N16: dangling Wire at (71.440, 58.235) (71.440, 58.235) on layer: M1
Net FECTS_clks_clk___L4_N16: dangling Wire at (71.060, 43.415) (71.060, 43.415) on layer: M1
Net FECTS_clks_clk___L4_N16: dangling Wire at (70.680, 63.175) (70.680, 63.175) on layer: M1
Net FECTS_clks_clk___L4_N16: dangling Wire at (70.680, 46.265) (70.680, 46.265) on layer: M1
Net FECTS_clks_clk___L4_N16: dangling Wire at (70.680, 38.475) (70.680, 38.475) on layer: M1
Net FECTS_clks_clk___L4_N16: dangling Wire at (70.680, 31.445) (70.680, 31.445) on layer: M1
Net FECTS_clks_clk___L4_N16: dangling Wire at (70.680, 21.565) (70.680, 21.565) on layer: M1
Net FECTS_clks_clk___L4_N16: dangling Wire at (66.880, 56.145) (66.880, 56.145) on layer: M1
Net FECTS_clks_clk___L4_N16: dangling Wire at (66.500, 46.265) (66.500, 46.265) on layer: M1
Net FECTS_clks_clk___L4_N16: dangling Wire at (66.500, 36.385) (66.500, 36.385) on layer: M1
Net FECTS_clks_clk___L4_N16: dangling Wire at (65.360, 63.175) (65.360, 63.175) on layer: M1
Net FECTS_clks_clk___L4_N16: dangling Wire at (65.360, 28.595) (65.360, 28.595) on layer: M1
Net FECTS_clks_clk___L4_N16: dangling Wire at (65.360, 23.655) (65.360, 23.655) on layer: M1
Net FECTS_clks_clk___L4_N16: dangling Wire at (63.460, 31.445) (63.460, 31.445) on layer: M1
Net FECTS_clks_clk___L4_N16: dangling Wire at (61.180, 63.175) (61.180, 63.175) on layer: M1
Net FECTS_clks_clk___L4_N16: dangling Wire at (61.180, 26.505) (61.180, 26.505) on layer: M1
Net FECTS_clks_clk___L4_N16: dangling Wire at (61.180, 23.655) (61.180, 23.655) on layer: M1

Begin Summary
    1000 Problem(s) (ENCVFC-94): The net has dangling wire(s).
    1000 total info(s) created.
End Summary
