Information: Derived library resistance unit is 999.999939 Kohm (Time unit is 1 ns, and Capacitance unit is 0.001000 pF). (DES-028)
Warning: Reduced annotation reading must be enabled before reading a parasitics file which contains reduced annotations. (PARA-123)
Warning: Reduced annotation reading must be enabled before reading a parasitics file which contains reduced annotations. (PARA-123)
Warning: Reduced annotation reading must be enabled before reading a parasitics file which contains reduced annotations. (PARA-123)
Warning: Reduced annotation reading must be enabled before reading a parasitics file which contains reduced annotations. (PARA-123)
Warning: Reduced annotation reading must be enabled before reading a parasitics file which contains reduced annotations. (PARA-123)
Warning: Reduced annotation reading must be enabled before reading a parasitics file which contains reduced annotations. (PARA-123)
Warning: Reduced annotation reading must be enabled before reading a parasitics file which contains reduced annotations. (PARA-123)
Warning: Reduced annotation reading must be enabled before reading a parasitics file which contains reduced annotations. (PARA-123)
Warning: Reduced annotation reading must be enabled before reading a parasitics file which contains reduced annotations. (PARA-123)
Warning: Reduced annotation reading must be enabled before reading a parasitics file which contains reduced annotations. (PARA-123)
Warning: Reduced annotation reading must be enabled before reading a parasitics file which contains reduced annotations. (PARA-123)
Warning: Reduced annotation reading must be enabled before reading a parasitics file which contains reduced annotations. (PARA-123)
Warning: Reduced annotation reading must be enabled before reading a parasitics file which contains reduced annotations. (PARA-123)
Warning: Reduced annotation reading must be enabled before reading a parasitics file which contains reduced annotations. (PARA-123)
Warning: Reduced annotation reading must be enabled before reading a parasitics file which contains reduced annotations. (PARA-123)
Warning: Reduced annotation reading must be enabled before reading a parasitics file which contains reduced annotations. (PARA-123)
Warning: Reduced annotation reading must be enabled before reading a parasitics file which contains reduced annotations. (PARA-123)
Warning: Reduced annotation reading must be enabled before reading a parasitics file which contains reduced annotations. (PARA-123)
Warning: Reduced annotation reading must be enabled before reading a parasitics file which contains reduced annotations. (PARA-123)
Warning: Reduced annotation reading must be enabled before reading a parasitics file which contains reduced annotations. (PARA-123)
Warning: Reduced annotation reading must be enabled before reading a parasitics file which contains reduced annotations. (PARA-123)
Warning: Reduced annotation reading must be enabled before reading a parasitics file which contains reduced annotations. (PARA-123)
Warning: Reduced annotation reading must be enabled before reading a parasitics file which contains reduced annotations. (PARA-123)
Warning: Reduced annotation reading must be enabled before reading a parasitics file which contains reduced annotations. (PARA-123)
Warning: Reduced annotation reading must be enabled before reading a parasitics file which contains reduced annotations. (PARA-123)
Warning: Reduced annotation reading must be enabled before reading a parasitics file which contains reduced annotations. (PARA-123)
Warning: Reduced annotation reading must be enabled before reading a parasitics file which contains reduced annotations. (PARA-123)
Warning: Reduced annotation reading must be enabled before reading a parasitics file which contains reduced annotations. (PARA-123)
Warning: Reduced annotation reading must be enabled before reading a parasitics file which contains reduced annotations. (PARA-123)
Warning: Reduced annotation reading must be enabled before reading a parasitics file which contains reduced annotations. (PARA-123)
Warning: Reduced annotation reading must be enabled before reading a parasitics file which contains reduced annotations. (PARA-123)
Warning: Reduced annotation reading must be enabled before reading a parasitics file which contains reduced annotations. (PARA-123)
Warning: Reduced annotation reading must be enabled before reading a parasitics file which contains reduced annotations. (PARA-123)
Warning: Reduced annotation reading must be enabled before reading a parasitics file which contains reduced annotations. (PARA-123)
Warning: Reduced annotation reading must be enabled before reading a parasitics file which contains reduced annotations. (PARA-123)
Warning: Reduced annotation reading must be enabled before reading a parasitics file which contains reduced annotations. (PARA-123)
Warning: Reduced annotation reading must be enabled before reading a parasitics file which contains reduced annotations. (PARA-123)
Warning: Reduced annotation reading must be enabled before reading a parasitics file which contains reduced annotations. (PARA-123)
Warning: Reduced annotation reading must be enabled before reading a parasitics file which contains reduced annotations. (PARA-123)
Warning: Reduced annotation reading must be enabled before reading a parasitics file which contains reduced annotations. (PARA-123)
Warning: Reduced annotation reading must be enabled before reading a parasitics file which contains reduced annotations. (PARA-123)
Warning: Reduced annotation reading must be enabled before reading a parasitics file which contains reduced annotations. (PARA-123)
Warning: Reduced annotation reading must be enabled before reading a parasitics file which contains reduced annotations. (PARA-123)
Warning: Reduced annotation reading must be enabled before reading a parasitics file which contains reduced annotations. (PARA-123)
Warning: Reduced annotation reading must be enabled before reading a parasitics file which contains reduced annotations. (PARA-123)
Warning: Reduced annotation reading must be enabled before reading a parasitics file which contains reduced annotations. (PARA-123)
Warning: Reduced annotation reading must be enabled before reading a parasitics file which contains reduced annotations. (PARA-123)
Warning: Reduced annotation reading must be enabled before reading a parasitics file which contains reduced annotations. (PARA-123)
Warning: Reduced annotation reading must be enabled before reading a parasitics file which contains reduced annotations. (PARA-123)
Warning: Reduced annotation reading must be enabled before reading a parasitics file which contains reduced annotations. (PARA-123)
Warning: Reduced annotation reading must be enabled before reading a parasitics file which contains reduced annotations. (PARA-123)
Warning: Reduced annotation reading must be enabled before reading a parasitics file which contains reduced annotations. (PARA-123)
Warning: Reduced annotation reading must be enabled before reading a parasitics file which contains reduced annotations. (PARA-123)
Warning: Reduced annotation reading must be enabled before reading a parasitics file which contains reduced annotations. (PARA-123)
Warning: Reduced annotation reading must be enabled before reading a parasitics file which contains reduced annotations. (PARA-123)
Warning: Reduced annotation reading must be enabled before reading a parasitics file which contains reduced annotations. (PARA-123)
Warning: Reduced annotation reading must be enabled before reading a parasitics file which contains reduced annotations. (PARA-123)
Warning: Reduced annotation reading must be enabled before reading a parasitics file which contains reduced annotations. (PARA-123)
Warning: Reduced annotation reading must be enabled before reading a parasitics file which contains reduced annotations. (PARA-123)
Warning: Reduced annotation reading must be enabled before reading a parasitics file which contains reduced annotations. (PARA-123)
Warning: Reduced annotation reading must be enabled before reading a parasitics file which contains reduced annotations. (PARA-123)
Warning: Reduced annotation reading must be enabled before reading a parasitics file which contains reduced annotations. (PARA-123)
Warning: Reduced annotation reading must be enabled before reading a parasitics file which contains reduced annotations. (PARA-123)
Warning: Reduced annotation reading must be enabled before reading a parasitics file which contains reduced annotations. (PARA-123)
Warning: Reduced annotation reading must be enabled before reading a parasitics file which contains reduced annotations. (PARA-123)
Warning: Reduced annotation reading must be enabled before reading a parasitics file which contains reduced annotations. (PARA-123)
Warning: Reduced annotation reading must be enabled before reading a parasitics file which contains reduced annotations. (PARA-123)
Warning: Reduced annotation reading must be enabled before reading a parasitics file which contains reduced annotations. (PARA-123)
Warning: Reduced annotation reading must be enabled before reading a parasitics file which contains reduced annotations. (PARA-123)
Warning: Reduced annotation reading must be enabled before reading a parasitics file which contains reduced annotations. (PARA-123)
Warning: Reduced annotation reading must be enabled before reading a parasitics file which contains reduced annotations. (PARA-123)
Warning: Reduced annotation reading must be enabled before reading a parasitics file which contains reduced annotations. (PARA-123)
Warning: Reduced annotation reading must be enabled before reading a parasitics file which contains reduced annotations. (PARA-123)
Warning: Reduced annotation reading must be enabled before reading a parasitics file which contains reduced annotations. (PARA-123)
Warning: Reduced annotation reading must be enabled before reading a parasitics file which contains reduced annotations. (PARA-123)
Warning: Reduced annotation reading must be enabled before reading a parasitics file which contains reduced annotations. (PARA-123)
Warning: Reduced annotation reading must be enabled before reading a parasitics file which contains reduced annotations. (PARA-123)
Warning: Reduced annotation reading must be enabled before reading a parasitics file which contains reduced annotations. (PARA-123)
Warning: Reduced annotation reading must be enabled before reading a parasitics file which contains reduced annotations. (PARA-123)
Warning: Reduced annotation reading must be enabled before reading a parasitics file which contains reduced annotations. (PARA-123)
Warning: Reduced annotation reading must be enabled before reading a parasitics file which contains reduced annotations. (PARA-123)
Warning: Reduced annotation reading must be enabled before reading a parasitics file which contains reduced annotations. (PARA-123)
Warning: Reduced annotation reading must be enabled before reading a parasitics file which contains reduced annotations. (PARA-123)
Warning: Reduced annotation reading must be enabled before reading a parasitics file which contains reduced annotations. (PARA-123)
Warning: Reduced annotation reading must be enabled before reading a parasitics file which contains reduced annotations. (PARA-123)
Warning: Reduced annotation reading must be enabled before reading a parasitics file which contains reduced annotations. (PARA-123)
Warning: Reduced annotation reading must be enabled before reading a parasitics file which contains reduced annotations. (PARA-123)
Warning: Reduced annotation reading must be enabled before reading a parasitics file which contains reduced annotations. (PARA-123)
Warning: Reduced annotation reading must be enabled before reading a parasitics file which contains reduced annotations. (PARA-123)
Warning: Reduced annotation reading must be enabled before reading a parasitics file which contains reduced annotations. (PARA-123)
Warning: Reduced annotation reading must be enabled before reading a parasitics file which contains reduced annotations. (PARA-123)
Warning: Reduced annotation reading must be enabled before reading a parasitics file which contains reduced annotations. (PARA-123)
Warning: Reduced annotation reading must be enabled before reading a parasitics file which contains reduced annotations. (PARA-123)
Warning: Reduced annotation reading must be enabled before reading a parasitics file which contains reduced annotations. (PARA-123)
Warning: Reduced annotation reading must be enabled before reading a parasitics file which contains reduced annotations. (PARA-123)
Warning: Reduced annotation reading must be enabled before reading a parasitics file which contains reduced annotations. (PARA-123)
Warning: Reduced annotation reading must be enabled before reading a parasitics file which contains reduced annotations. (PARA-123)
Warning: Reduced annotation reading must be enabled before reading a parasitics file which contains reduced annotations. (PARA-123)
Warning: Reduced annotation reading must be enabled before reading a parasitics file which contains reduced annotations. (PARA-123)
Warning: Reduced annotation reading must be enabled before reading a parasitics file which contains reduced annotations. (PARA-123)
Note - message 'PARA-123' default limit (100) exceeded.  Remainder will be suppressed.

****************************************
Report : read_parasitics /home/010123386@SJSUAD.SJSU.EDU/Documents/MS_PROJECT_MEM_SEP/rtl/pt_power/pt_syn_cg/tc240/eth_core.spf
Design : eth_core
Version: K-2015.12-SP1
Date   : Fri Nov 11 19:07:35 2016
****************************************

        0 error(s)
        Format is SPEF
        Annotated nets                   :            0
        Annotated capacitances           :            0
        Annotated resistances            :            0
        Reduced coupling capacitances    :            0
        Annotated PI models              :            0
        Annotated Elmore delays          :            0

