                                        
                                 PrimeTime (R)
                                        
               Version K-2015.12-SP1 for linux64 - Jan 14, 2016 
                                        
                    Copyright (c) 1988 - 2016 Synopsys, Inc.
   This software and the associated documentation are proprietary to Synopsys,
 Inc. This software may only be used in accordance with the terms and conditions
 of a written license agreement with Synopsys, Inc. All other use, reproduction,
            or distribution of this software is strictly prohibited.

set power_enable_analysis TRUE
TRUE
set power_analysis_mode averaged
averaged
#####################################################################
#       link design
#####################################################################
set search_path         "../../pt_syn_cg/tc240  ."
../../pt_syn_cg/tc240  .
set link_library	"/apps/toshiba/sjsu/synopsys/tc240c/tc240c.db_NOMIN25 /apps/synopsys/I-2013.12-SP5/libraries/syn/dw_foundation.sldb"
/apps/toshiba/sjsu/synopsys/tc240c/tc240c.db_NOMIN25 /apps/synopsys/I-2013.12-SP5/libraries/syn/dw_foundation.sldb
read_verilog		eth_core_tc240CG_netlist.v
1
current_design		eth_core
Loading verilog file '/home/010123386@SJSUAD.SJSU.EDU/Documents/MS_PROJECT_MEM_SEP/rtl/pt_power/pt_syn_cg/tc240/eth_core_tc240CG_netlist.v'
Loading db file '/apps/toshiba/sjsu/synopsys/tc240c/tc240c.db_NOMIN25'
Loading db file '/apps/synopsys/I-2013.12-SP5/libraries/syn/dw_foundation.sldb'
{"eth_core"}
link
Linking design eth_core...
Warning: Unable to resolve reference to 'dma_controller_tx_I_clks_AXI_clks_to_rtl_' in 'eth_core'. (LNK-005)
Warning: Unable to resolve reference to 'SNPS_CLOCK_GATE_HIGH_rs_layer_I_clks_AXI_clks_to_rtl_I_xgmii_tx_tx_xgmii_from_rtl__4' in 'eth_core'. (LNK-005)
Warning: Unable to resolve reference to 'SNPS_CLOCK_GATE_HIGH_rs_layer_I_clks_AXI_clks_to_rtl_I_xgmii_tx_tx_xgmii_from_rtl__1' in 'eth_core'. (LNK-005)
Warning: Unable to resolve reference to 'SNPS_CLOCK_GATE_HIGH_rs_layer_I_clks_AXI_clks_to_rtl_I_xgmii_tx_tx_xgmii_from_rtl__2' in 'eth_core'. (LNK-005)
Warning: Unable to resolve reference to 'SNPS_CLOCK_GATE_HIGH_rs_layer_I_clks_AXI_clks_to_rtl_I_xgmii_tx_tx_xgmii_from_rtl__0' in 'eth_core'. (LNK-005)
Warning: Unable to resolve reference to 'CRC_block_I_clks_AXI_clks_to_rtl__2' in 'eth_core'. (LNK-005)
Warning: Unable to resolve reference to 'CRC_block_I_clks_AXI_clks_to_rtl__1' in 'eth_core'. (LNK-005)
Warning: Unable to resolve reference to 'CRC_block_I_clks_AXI_clks_to_rtl__0' in 'eth_core'. (LNK-005)
Warning: Unable to resolve reference to 'SNPS_CLOCK_GATE_HIGH_rs_layer_I_clks_AXI_clks_to_rtl_I_xgmii_tx_tx_xgmii_from_rtl__3' in 'eth_core'. (LNK-005)
Warning: Unable to resolve reference to 'AXI_master_I_clks_AXI_clks_to_rtl_I_raddr_ch_AXI_rd_addr_ch_master_if_I_rdata_ch_AXI_rd_data_ch_master_if_I_memif_pdfifo0_MEMIF_PKTD_from_fifo_I_memif_pdfifo1_MEMIF_PKTD_from_fifo_I_memif_pdfifo2_MEMIF_PKTD_from_fifo_I_memif_pcfifo0_MEMIF_PKTC_from_fifo_I_memif_pcfifo1_MEMIF_PKTC_from_fifo_I_memif_pcfifo2_MEMIF_PKTC_from_fifo_' in 'eth_core'. (LNK-005)
Information: Creating black box for tx_core/axi_master/AXI_master_I_clks_AXI_clks_to_rtl_I_raddr_ch_AXI_rd_addr_ch_master_if_I_rdata_ch_AXI_rd_data_ch_master_if_I_memif_pdfifo0_MEMIF_PKTD_from_fifo_I_memif_pdfifo1_MEMIF_PKTD_from_fifo_I_memif_pdfifo2_MEMIF_PKTD_from_fifo_I_memif_pcfifo0_MEMIF_PKTC_from_fifo_I_memif_pcfifo1_MEMIF_PKTC_from_fifo_I_memif_pcfifo2_MEMIF_PKTC_from_fifo_... (LNK-043)
Information: Creating black box for tx_core/dma_reg_tx/dma_controller_tx_I_clks_AXI_clks_to_rtl_... (LNK-043)
Information: Creating black box for tx_core/tx_crc/crcpkt0/CRC_block_I_clks_AXI_clks_to_rtl__2... (LNK-043)
Information: Creating black box for tx_core/tx_crc/crcpkt1/CRC_block_I_clks_AXI_clks_to_rtl__1... (LNK-043)
Information: Creating black box for tx_core/tx_crc/crcpkt2/CRC_block_I_clks_AXI_clks_to_rtl__0... (LNK-043)
Information: Creating black box for tx_core/tx_rs/clk_gate_xgmii_txd_d_reg/SNPS_CLOCK_GATE_HIGH_rs_layer_I_clks_AXI_clks_to_rtl_I_xgmii_tx_tx_xgmii_from_rtl__4... (LNK-043)
Information: Creating black box for tx_core/tx_rs/clk_gate_crc_tx_d_reg/SNPS_CLOCK_GATE_HIGH_rs_layer_I_clks_AXI_clks_to_rtl_I_xgmii_tx_tx_xgmii_from_rtl__1... (LNK-043)
Information: Creating black box for tx_core/tx_rs/clk_gate_crc_left_d_reg/SNPS_CLOCK_GATE_HIGH_rs_layer_I_clks_AXI_clks_to_rtl_I_xgmii_tx_tx_xgmii_from_rtl__2... (LNK-043)
Information: Creating black box for tx_core/tx_rs/clk_gate_pkt_ctrl_d_reg/SNPS_CLOCK_GATE_HIGH_rs_layer_I_clks_AXI_clks_to_rtl_I_xgmii_tx_tx_xgmii_from_rtl__0... (LNK-043)
Information: Creating black box for tx_core/tx_rs/clk_gate_wakeuptimer_d_reg/SNPS_CLOCK_GATE_HIGH_rs_layer_I_clks_AXI_clks_to_rtl_I_xgmii_tx_tx_xgmii_from_rtl__3... (LNK-043)
Information: Removing 89 unneeded designs..... (LNK-034)
Warning: Module 'SNPS_CLOCK_GATE_HIGH_AXI_master_I_clks_AXI_clks_to_rtl_I_raddr_ch_AXI_rd_addr_ch_master_if_I_rdata_ch_AXI_rd_data_ch_master_if_I_memif_pdfifo0_MEMIF_PKTD_from_fifo_I_memif_pdfifo1_MEMIF_PKTD_from_fifo_I_memif_pdfifo2_MEMIF_PKTD_from_fifo_I_memif_pcfifo0_MEMIF_PKTC_from_fifo_I_memif_pcfifo1_MEMIF_PKTC_from_fifo_I_memif_pcfifo2_MEMIF_PKTC_from_fifo__0' in file '/home/010123386@SJSUAD.SJSU.EDU/Documents/MS_PROJECT_MEM_SEP/rtl/pt_power/pt_syn_cg/tc240/eth_core_tc240CG_netlist.v' is not used in the current design .  (LNK-039)
Warning: Module 'SNPS_CLOCK_GATE_HIGH_AXI_master_I_clks_AXI_clks_to_rtl_I_raddr_ch_AXI_rd_addr_ch_master_if_I_rdata_ch_AXI_rd_data_ch_master_if_I_memif_pdfifo0_MEMIF_PKTD_from_fifo_I_memif_pdfifo1_MEMIF_PKTD_from_fifo_I_memif_pdfifo2_MEMIF_PKTD_from_fifo_I_memif_pcfifo0_MEMIF_PKTC_from_fifo_I_memif_pcfifo1_MEMIF_PKTC_from_fifo_I_memif_pcfifo2_MEMIF_PKTC_from_fifo__8' in file '/home/010123386@SJSUAD.SJSU.EDU/Documents/MS_PROJECT_MEM_SEP/rtl/pt_power/pt_syn_cg/tc240/eth_core_tc240CG_netlist.v' is not used in the current design .  (LNK-039)
Warning: Module 'SNPS_CLOCK_GATE_HIGH_AXI_master_I_clks_AXI_clks_to_rtl_I_raddr_ch_AXI_rd_addr_ch_master_if_I_rdata_ch_AXI_rd_data_ch_master_if_I_memif_pdfifo0_MEMIF_PKTD_from_fifo_I_memif_pdfifo1_MEMIF_PKTD_from_fifo_I_memif_pdfifo2_MEMIF_PKTD_from_fifo_I_memif_pcfifo0_MEMIF_PKTC_from_fifo_I_memif_pcfifo1_MEMIF_PKTC_from_fifo_I_memif_pcfifo2_MEMIF_PKTC_from_fifo__7' in file '/home/010123386@SJSUAD.SJSU.EDU/Documents/MS_PROJECT_MEM_SEP/rtl/pt_power/pt_syn_cg/tc240/eth_core_tc240CG_netlist.v' is not used in the current design .  (LNK-039)
Warning: Module 'SNPS_CLOCK_GATE_HIGH_AXI_master_I_clks_AXI_clks_to_rtl_I_raddr_ch_AXI_rd_addr_ch_master_if_I_rdata_ch_AXI_rd_data_ch_master_if_I_memif_pdfifo0_MEMIF_PKTD_from_fifo_I_memif_pdfifo1_MEMIF_PKTD_from_fifo_I_memif_pdfifo2_MEMIF_PKTD_from_fifo_I_memif_pcfifo0_MEMIF_PKTC_from_fifo_I_memif_pcfifo1_MEMIF_PKTC_from_fifo_I_memif_pcfifo2_MEMIF_PKTC_from_fifo__6' in file '/home/010123386@SJSUAD.SJSU.EDU/Documents/MS_PROJECT_MEM_SEP/rtl/pt_power/pt_syn_cg/tc240/eth_core_tc240CG_netlist.v' is not used in the current design .  (LNK-039)
Warning: Module 'SNPS_CLOCK_GATE_HIGH_AXI_master_I_clks_AXI_clks_to_rtl_I_raddr_ch_AXI_rd_addr_ch_master_if_I_rdata_ch_AXI_rd_data_ch_master_if_I_memif_pdfifo0_MEMIF_PKTD_from_fifo_I_memif_pdfifo1_MEMIF_PKTD_from_fifo_I_memif_pdfifo2_MEMIF_PKTD_from_fifo_I_memif_pcfifo0_MEMIF_PKTC_from_fifo_I_memif_pcfifo1_MEMIF_PKTC_from_fifo_I_memif_pcfifo2_MEMIF_PKTC_from_fifo__5' in file '/home/010123386@SJSUAD.SJSU.EDU/Documents/MS_PROJECT_MEM_SEP/rtl/pt_power/pt_syn_cg/tc240/eth_core_tc240CG_netlist.v' is not used in the current design .  (LNK-039)
Warning: Module 'SNPS_CLOCK_GATE_HIGH_AXI_master_I_clks_AXI_clks_to_rtl_I_raddr_ch_AXI_rd_addr_ch_master_if_I_rdata_ch_AXI_rd_data_ch_master_if_I_memif_pdfifo0_MEMIF_PKTD_from_fifo_I_memif_pdfifo1_MEMIF_PKTD_from_fifo_I_memif_pdfifo2_MEMIF_PKTD_from_fifo_I_memif_pcfifo0_MEMIF_PKTC_from_fifo_I_memif_pcfifo1_MEMIF_PKTC_from_fifo_I_memif_pcfifo2_MEMIF_PKTC_from_fifo__4' in file '/home/010123386@SJSUAD.SJSU.EDU/Documents/MS_PROJECT_MEM_SEP/rtl/pt_power/pt_syn_cg/tc240/eth_core_tc240CG_netlist.v' is not used in the current design .  (LNK-039)
Warning: Module 'SNPS_CLOCK_GATE_HIGH_AXI_master_I_clks_AXI_clks_to_rtl_I_raddr_ch_AXI_rd_addr_ch_master_if_I_rdata_ch_AXI_rd_data_ch_master_if_I_memif_pdfifo0_MEMIF_PKTD_from_fifo_I_memif_pdfifo1_MEMIF_PKTD_from_fifo_I_memif_pdfifo2_MEMIF_PKTD_from_fifo_I_memif_pcfifo0_MEMIF_PKTC_from_fifo_I_memif_pcfifo1_MEMIF_PKTC_from_fifo_I_memif_pcfifo2_MEMIF_PKTC_from_fifo__3' in file '/home/010123386@SJSUAD.SJSU.EDU/Documents/MS_PROJECT_MEM_SEP/rtl/pt_power/pt_syn_cg/tc240/eth_core_tc240CG_netlist.v' is not used in the current design .  (LNK-039)
Warning: Module 'SNPS_CLOCK_GATE_HIGH_AXI_master_I_clks_AXI_clks_to_rtl_I_raddr_ch_AXI_rd_addr_ch_master_if_I_rdata_ch_AXI_rd_data_ch_master_if_I_memif_pdfifo0_MEMIF_PKTD_from_fifo_I_memif_pdfifo1_MEMIF_PKTD_from_fifo_I_memif_pdfifo2_MEMIF_PKTD_from_fifo_I_memif_pcfifo0_MEMIF_PKTC_from_fifo_I_memif_pcfifo1_MEMIF_PKTC_from_fifo_I_memif_pcfifo2_MEMIF_PKTC_from_fifo__2' in file '/home/010123386@SJSUAD.SJSU.EDU/Documents/MS_PROJECT_MEM_SEP/rtl/pt_power/pt_syn_cg/tc240/eth_core_tc240CG_netlist.v' is not used in the current design .  (LNK-039)
Warning: Module 'SNPS_CLOCK_GATE_HIGH_AXI_master_I_clks_AXI_clks_to_rtl_I_raddr_ch_AXI_rd_addr_ch_master_if_I_rdata_ch_AXI_rd_data_ch_master_if_I_memif_pdfifo0_MEMIF_PKTD_from_fifo_I_memif_pdfifo1_MEMIF_PKTD_from_fifo_I_memif_pdfifo2_MEMIF_PKTD_from_fifo_I_memif_pcfifo0_MEMIF_PKTC_from_fifo_I_memif_pcfifo1_MEMIF_PKTC_from_fifo_I_memif_pcfifo2_MEMIF_PKTC_from_fifo__1' in file '/home/010123386@SJSUAD.SJSU.EDU/Documents/MS_PROJECT_MEM_SEP/rtl/pt_power/pt_syn_cg/tc240/eth_core_tc240CG_netlist.v' is not used in the current design .  (LNK-039)
Warning: Module 'SNPS_CLOCK_GATE_HIGH_dma_fifo_DWIDTH32_AWIDTH1_I_clks_AXI_clks_to_rtl__0_5' in file '/home/010123386@SJSUAD.SJSU.EDU/Documents/MS_PROJECT_MEM_SEP/rtl/pt_power/pt_syn_cg/tc240/eth_core_tc240CG_netlist.v' is not used in the current design .  (LNK-039)
Warning: Module 'SNPS_CLOCK_GATE_HIGH_dma_fifo_DWIDTH32_AWIDTH1_I_clks_AXI_clks_to_rtl__0_0' in file '/home/010123386@SJSUAD.SJSU.EDU/Documents/MS_PROJECT_MEM_SEP/rtl/pt_power/pt_syn_cg/tc240/eth_core_tc240CG_netlist.v' is not used in the current design .  (LNK-039)
Warning: Module 'SNPS_CLOCK_GATE_HIGH_dma_fifo_DWIDTH32_AWIDTH1_I_clks_AXI_clks_to_rtl__0_4' in file '/home/010123386@SJSUAD.SJSU.EDU/Documents/MS_PROJECT_MEM_SEP/rtl/pt_power/pt_syn_cg/tc240/eth_core_tc240CG_netlist.v' is not used in the current design .  (LNK-039)
Warning: Module 'SNPS_CLOCK_GATE_HIGH_dma_fifo_DWIDTH32_AWIDTH1_I_clks_AXI_clks_to_rtl__0_3' in file '/home/010123386@SJSUAD.SJSU.EDU/Documents/MS_PROJECT_MEM_SEP/rtl/pt_power/pt_syn_cg/tc240/eth_core_tc240CG_netlist.v' is not used in the current design .  (LNK-039)
Warning: Module 'SNPS_CLOCK_GATE_HIGH_dma_fifo_DWIDTH32_AWIDTH1_I_clks_AXI_clks_to_rtl__0_2' in file '/home/010123386@SJSUAD.SJSU.EDU/Documents/MS_PROJECT_MEM_SEP/rtl/pt_power/pt_syn_cg/tc240/eth_core_tc240CG_netlist.v' is not used in the current design .  (LNK-039)
Warning: Module 'SNPS_CLOCK_GATE_HIGH_dma_fifo_DWIDTH32_AWIDTH1_I_clks_AXI_clks_to_rtl__0_1' in file '/home/010123386@SJSUAD.SJSU.EDU/Documents/MS_PROJECT_MEM_SEP/rtl/pt_power/pt_syn_cg/tc240/eth_core_tc240CG_netlist.v' is not used in the current design .  (LNK-039)
Warning: Module 'AXI_master_I_clks_AXI_clks_to_rtl_I_raddr_ch_AXI_rd_addr_ch_master_if_I_rdata_ch_AXI_rd_data_ch_master_if_I_memif_pdfifo0_MEMIF_PKTD_from_fifo_I_memif_pdfifo1_MEMIF_PKTD_from_fifo_I_memif_pdfifo2_MEMIF_PKTD_from_fifo_I_memif_pcfifo0_MEMIF_PKTC_from_fifo_I_memif_pcfifo1_MEMIF_PKTC_from_fifo_I_memif_pcfifo2_MEMIF_PKTC_from_fifo_' in file '/home/010123386@SJSUAD.SJSU.EDU/Documents/MS_PROJECT_MEM_SEP/rtl/pt_power/pt_syn_cg/tc240/eth_core_tc240CG_netlist.v' is not used in the current design .  (LNK-039)
Warning: Module 'SNPS_CLOCK_GATE_HIGH_dma_controller_tx_I_clks_AXI_clks_to_rtl__0' in file '/home/010123386@SJSUAD.SJSU.EDU/Documents/MS_PROJECT_MEM_SEP/rtl/pt_power/pt_syn_cg/tc240/eth_core_tc240CG_netlist.v' is not used in the current design .  (LNK-039)
Warning: Module 'SNPS_CLOCK_GATE_HIGH_dma_controller_tx_I_clks_AXI_clks_to_rtl__15' in file '/home/010123386@SJSUAD.SJSU.EDU/Documents/MS_PROJECT_MEM_SEP/rtl/pt_power/pt_syn_cg/tc240/eth_core_tc240CG_netlist.v' is not used in the current design .  (LNK-039)
Warning: Module 'SNPS_CLOCK_GATE_HIGH_dma_controller_tx_I_clks_AXI_clks_to_rtl__14' in file '/home/010123386@SJSUAD.SJSU.EDU/Documents/MS_PROJECT_MEM_SEP/rtl/pt_power/pt_syn_cg/tc240/eth_core_tc240CG_netlist.v' is not used in the current design .  (LNK-039)
Warning: Module 'SNPS_CLOCK_GATE_HIGH_dma_controller_tx_I_clks_AXI_clks_to_rtl__13' in file '/home/010123386@SJSUAD.SJSU.EDU/Documents/MS_PROJECT_MEM_SEP/rtl/pt_power/pt_syn_cg/tc240/eth_core_tc240CG_netlist.v' is not used in the current design .  (LNK-039)
Warning: Module 'SNPS_CLOCK_GATE_HIGH_dma_controller_tx_I_clks_AXI_clks_to_rtl__12' in file '/home/010123386@SJSUAD.SJSU.EDU/Documents/MS_PROJECT_MEM_SEP/rtl/pt_power/pt_syn_cg/tc240/eth_core_tc240CG_netlist.v' is not used in the current design .  (LNK-039)
Warning: Module 'SNPS_CLOCK_GATE_HIGH_dma_controller_tx_I_clks_AXI_clks_to_rtl__11' in file '/home/010123386@SJSUAD.SJSU.EDU/Documents/MS_PROJECT_MEM_SEP/rtl/pt_power/pt_syn_cg/tc240/eth_core_tc240CG_netlist.v' is not used in the current design .  (LNK-039)
Warning: Module 'SNPS_CLOCK_GATE_HIGH_dma_controller_tx_I_clks_AXI_clks_to_rtl__10' in file '/home/010123386@SJSUAD.SJSU.EDU/Documents/MS_PROJECT_MEM_SEP/rtl/pt_power/pt_syn_cg/tc240/eth_core_tc240CG_netlist.v' is not used in the current design .  (LNK-039)
Warning: Module 'SNPS_CLOCK_GATE_HIGH_dma_controller_tx_I_clks_AXI_clks_to_rtl__9' in file '/home/010123386@SJSUAD.SJSU.EDU/Documents/MS_PROJECT_MEM_SEP/rtl/pt_power/pt_syn_cg/tc240/eth_core_tc240CG_netlist.v' is not used in the current design .  (LNK-039)
Warning: Module 'SNPS_CLOCK_GATE_HIGH_dma_controller_tx_I_clks_AXI_clks_to_rtl__8' in file '/home/010123386@SJSUAD.SJSU.EDU/Documents/MS_PROJECT_MEM_SEP/rtl/pt_power/pt_syn_cg/tc240/eth_core_tc240CG_netlist.v' is not used in the current design .  (LNK-039)
Warning: Module 'SNPS_CLOCK_GATE_HIGH_dma_controller_tx_I_clks_AXI_clks_to_rtl__7' in file '/home/010123386@SJSUAD.SJSU.EDU/Documents/MS_PROJECT_MEM_SEP/rtl/pt_power/pt_syn_cg/tc240/eth_core_tc240CG_netlist.v' is not used in the current design .  (LNK-039)
Warning: Module 'SNPS_CLOCK_GATE_HIGH_dma_controller_tx_I_clks_AXI_clks_to_rtl__6' in file '/home/010123386@SJSUAD.SJSU.EDU/Documents/MS_PROJECT_MEM_SEP/rtl/pt_power/pt_syn_cg/tc240/eth_core_tc240CG_netlist.v' is not used in the current design .  (LNK-039)
Warning: Module 'SNPS_CLOCK_GATE_HIGH_dma_controller_tx_I_clks_AXI_clks_to_rtl__5' in file '/home/010123386@SJSUAD.SJSU.EDU/Documents/MS_PROJECT_MEM_SEP/rtl/pt_power/pt_syn_cg/tc240/eth_core_tc240CG_netlist.v' is not used in the current design .  (LNK-039)
Warning: Module 'SNPS_CLOCK_GATE_HIGH_dma_controller_tx_I_clks_AXI_clks_to_rtl__4' in file '/home/010123386@SJSUAD.SJSU.EDU/Documents/MS_PROJECT_MEM_SEP/rtl/pt_power/pt_syn_cg/tc240/eth_core_tc240CG_netlist.v' is not used in the current design .  (LNK-039)
Warning: Module 'SNPS_CLOCK_GATE_HIGH_dma_controller_tx_I_clks_AXI_clks_to_rtl__3' in file '/home/010123386@SJSUAD.SJSU.EDU/Documents/MS_PROJECT_MEM_SEP/rtl/pt_power/pt_syn_cg/tc240/eth_core_tc240CG_netlist.v' is not used in the current design .  (LNK-039)
Warning: Module 'SNPS_CLOCK_GATE_HIGH_dma_controller_tx_I_clks_AXI_clks_to_rtl__2' in file '/home/010123386@SJSUAD.SJSU.EDU/Documents/MS_PROJECT_MEM_SEP/rtl/pt_power/pt_syn_cg/tc240/eth_core_tc240CG_netlist.v' is not used in the current design .  (LNK-039)
Warning: Module 'SNPS_CLOCK_GATE_HIGH_dma_controller_tx_I_clks_AXI_clks_to_rtl__1' in file '/home/010123386@SJSUAD.SJSU.EDU/Documents/MS_PROJECT_MEM_SEP/rtl/pt_power/pt_syn_cg/tc240/eth_core_tc240CG_netlist.v' is not used in the current design .  (LNK-039)
Warning: Module 'dma_controller_tx_I_clks_AXI_clks_to_rtl_' in file '/home/010123386@SJSUAD.SJSU.EDU/Documents/MS_PROJECT_MEM_SEP/rtl/pt_power/pt_syn_cg/tc240/eth_core_tc240CG_netlist.v' is not used in the current design .  (LNK-039)
Warning: Module 'SNPS_CLOCK_GATE_HIGH_CRC_block_I_clks_AXI_clks_to_rtl__0_0' in file '/home/010123386@SJSUAD.SJSU.EDU/Documents/MS_PROJECT_MEM_SEP/rtl/pt_power/pt_syn_cg/tc240/eth_core_tc240CG_netlist.v' is not used in the current design .  (LNK-039)
Warning: Module 'SNPS_CLOCK_GATE_HIGH_CRC_block_I_clks_AXI_clks_to_rtl__0_47' in file '/home/010123386@SJSUAD.SJSU.EDU/Documents/MS_PROJECT_MEM_SEP/rtl/pt_power/pt_syn_cg/tc240/eth_core_tc240CG_netlist.v' is not used in the current design .  (LNK-039)
Warning: Module 'SNPS_CLOCK_GATE_HIGH_CRC_block_I_clks_AXI_clks_to_rtl__0_46' in file '/home/010123386@SJSUAD.SJSU.EDU/Documents/MS_PROJECT_MEM_SEP/rtl/pt_power/pt_syn_cg/tc240/eth_core_tc240CG_netlist.v' is not used in the current design .  (LNK-039)
Warning: Module 'SNPS_CLOCK_GATE_HIGH_CRC_block_I_clks_AXI_clks_to_rtl__0_45' in file '/home/010123386@SJSUAD.SJSU.EDU/Documents/MS_PROJECT_MEM_SEP/rtl/pt_power/pt_syn_cg/tc240/eth_core_tc240CG_netlist.v' is not used in the current design .  (LNK-039)
Warning: Module 'SNPS_CLOCK_GATE_HIGH_CRC_block_I_clks_AXI_clks_to_rtl__0_44' in file '/home/010123386@SJSUAD.SJSU.EDU/Documents/MS_PROJECT_MEM_SEP/rtl/pt_power/pt_syn_cg/tc240/eth_core_tc240CG_netlist.v' is not used in the current design .  (LNK-039)
Warning: Module 'SNPS_CLOCK_GATE_HIGH_CRC_block_I_clks_AXI_clks_to_rtl__0_43' in file '/home/010123386@SJSUAD.SJSU.EDU/Documents/MS_PROJECT_MEM_SEP/rtl/pt_power/pt_syn_cg/tc240/eth_core_tc240CG_netlist.v' is not used in the current design .  (LNK-039)
Warning: Module 'SNPS_CLOCK_GATE_HIGH_CRC_block_I_clks_AXI_clks_to_rtl__0_42' in file '/home/010123386@SJSUAD.SJSU.EDU/Documents/MS_PROJECT_MEM_SEP/rtl/pt_power/pt_syn_cg/tc240/eth_core_tc240CG_netlist.v' is not used in the current design .  (LNK-039)
Warning: Module 'SNPS_CLOCK_GATE_HIGH_CRC_block_I_clks_AXI_clks_to_rtl__0_41' in file '/home/010123386@SJSUAD.SJSU.EDU/Documents/MS_PROJECT_MEM_SEP/rtl/pt_power/pt_syn_cg/tc240/eth_core_tc240CG_netlist.v' is not used in the current design .  (LNK-039)
Warning: Module 'SNPS_CLOCK_GATE_HIGH_CRC_block_I_clks_AXI_clks_to_rtl__0_40' in file '/home/010123386@SJSUAD.SJSU.EDU/Documents/MS_PROJECT_MEM_SEP/rtl/pt_power/pt_syn_cg/tc240/eth_core_tc240CG_netlist.v' is not used in the current design .  (LNK-039)
Warning: Module 'SNPS_CLOCK_GATE_HIGH_CRC_block_I_clks_AXI_clks_to_rtl__0_39' in file '/home/010123386@SJSUAD.SJSU.EDU/Documents/MS_PROJECT_MEM_SEP/rtl/pt_power/pt_syn_cg/tc240/eth_core_tc240CG_netlist.v' is not used in the current design .  (LNK-039)
Warning: Module 'SNPS_CLOCK_GATE_HIGH_CRC_block_I_clks_AXI_clks_to_rtl__0_38' in file '/home/010123386@SJSUAD.SJSU.EDU/Documents/MS_PROJECT_MEM_SEP/rtl/pt_power/pt_syn_cg/tc240/eth_core_tc240CG_netlist.v' is not used in the current design .  (LNK-039)
Warning: Module 'SNPS_CLOCK_GATE_HIGH_CRC_block_I_clks_AXI_clks_to_rtl__0_37' in file '/home/010123386@SJSUAD.SJSU.EDU/Documents/MS_PROJECT_MEM_SEP/rtl/pt_power/pt_syn_cg/tc240/eth_core_tc240CG_netlist.v' is not used in the current design .  (LNK-039)
Warning: Module 'SNPS_CLOCK_GATE_HIGH_CRC_block_I_clks_AXI_clks_to_rtl__0_36' in file '/home/010123386@SJSUAD.SJSU.EDU/Documents/MS_PROJECT_MEM_SEP/rtl/pt_power/pt_syn_cg/tc240/eth_core_tc240CG_netlist.v' is not used in the current design .  (LNK-039)
Warning: Module 'SNPS_CLOCK_GATE_HIGH_CRC_block_I_clks_AXI_clks_to_rtl__0_35' in file '/home/010123386@SJSUAD.SJSU.EDU/Documents/MS_PROJECT_MEM_SEP/rtl/pt_power/pt_syn_cg/tc240/eth_core_tc240CG_netlist.v' is not used in the current design .  (LNK-039)
Warning: Module 'SNPS_CLOCK_GATE_HIGH_CRC_block_I_clks_AXI_clks_to_rtl__0_34' in file '/home/010123386@SJSUAD.SJSU.EDU/Documents/MS_PROJECT_MEM_SEP/rtl/pt_power/pt_syn_cg/tc240/eth_core_tc240CG_netlist.v' is not used in the current design .  (LNK-039)
Warning: Module 'SNPS_CLOCK_GATE_HIGH_CRC_block_I_clks_AXI_clks_to_rtl__0_33' in file '/home/010123386@SJSUAD.SJSU.EDU/Documents/MS_PROJECT_MEM_SEP/rtl/pt_power/pt_syn_cg/tc240/eth_core_tc240CG_netlist.v' is not used in the current design .  (LNK-039)
Warning: Module 'CRC_block_I_clks_AXI_clks_to_rtl__0' in file '/home/010123386@SJSUAD.SJSU.EDU/Documents/MS_PROJECT_MEM_SEP/rtl/pt_power/pt_syn_cg/tc240/eth_core_tc240CG_netlist.v' is not used in the current design .  (LNK-039)
Warning: Module 'SNPS_CLOCK_GATE_HIGH_CRC_block_I_clks_AXI_clks_to_rtl__0_32' in file '/home/010123386@SJSUAD.SJSU.EDU/Documents/MS_PROJECT_MEM_SEP/rtl/pt_power/pt_syn_cg/tc240/eth_core_tc240CG_netlist.v' is not used in the current design .  (LNK-039)
Warning: Module 'SNPS_CLOCK_GATE_HIGH_CRC_block_I_clks_AXI_clks_to_rtl__0_31' in file '/home/010123386@SJSUAD.SJSU.EDU/Documents/MS_PROJECT_MEM_SEP/rtl/pt_power/pt_syn_cg/tc240/eth_core_tc240CG_netlist.v' is not used in the current design .  (LNK-039)
Warning: Module 'SNPS_CLOCK_GATE_HIGH_CRC_block_I_clks_AXI_clks_to_rtl__0_30' in file '/home/010123386@SJSUAD.SJSU.EDU/Documents/MS_PROJECT_MEM_SEP/rtl/pt_power/pt_syn_cg/tc240/eth_core_tc240CG_netlist.v' is not used in the current design .  (LNK-039)
Warning: Module 'SNPS_CLOCK_GATE_HIGH_CRC_block_I_clks_AXI_clks_to_rtl__0_29' in file '/home/010123386@SJSUAD.SJSU.EDU/Documents/MS_PROJECT_MEM_SEP/rtl/pt_power/pt_syn_cg/tc240/eth_core_tc240CG_netlist.v' is not used in the current design .  (LNK-039)
Warning: Module 'SNPS_CLOCK_GATE_HIGH_CRC_block_I_clks_AXI_clks_to_rtl__0_28' in file '/home/010123386@SJSUAD.SJSU.EDU/Documents/MS_PROJECT_MEM_SEP/rtl/pt_power/pt_syn_cg/tc240/eth_core_tc240CG_netlist.v' is not used in the current design .  (LNK-039)
Warning: Module 'SNPS_CLOCK_GATE_HIGH_CRC_block_I_clks_AXI_clks_to_rtl__0_27' in file '/home/010123386@SJSUAD.SJSU.EDU/Documents/MS_PROJECT_MEM_SEP/rtl/pt_power/pt_syn_cg/tc240/eth_core_tc240CG_netlist.v' is not used in the current design .  (LNK-039)
Warning: Module 'SNPS_CLOCK_GATE_HIGH_CRC_block_I_clks_AXI_clks_to_rtl__0_26' in file '/home/010123386@SJSUAD.SJSU.EDU/Documents/MS_PROJECT_MEM_SEP/rtl/pt_power/pt_syn_cg/tc240/eth_core_tc240CG_netlist.v' is not used in the current design .  (LNK-039)
Warning: Module 'SNPS_CLOCK_GATE_HIGH_CRC_block_I_clks_AXI_clks_to_rtl__0_25' in file '/home/010123386@SJSUAD.SJSU.EDU/Documents/MS_PROJECT_MEM_SEP/rtl/pt_power/pt_syn_cg/tc240/eth_core_tc240CG_netlist.v' is not used in the current design .  (LNK-039)
Warning: Module 'SNPS_CLOCK_GATE_HIGH_CRC_block_I_clks_AXI_clks_to_rtl__0_24' in file '/home/010123386@SJSUAD.SJSU.EDU/Documents/MS_PROJECT_MEM_SEP/rtl/pt_power/pt_syn_cg/tc240/eth_core_tc240CG_netlist.v' is not used in the current design .  (LNK-039)
Warning: Module 'SNPS_CLOCK_GATE_HIGH_CRC_block_I_clks_AXI_clks_to_rtl__0_23' in file '/home/010123386@SJSUAD.SJSU.EDU/Documents/MS_PROJECT_MEM_SEP/rtl/pt_power/pt_syn_cg/tc240/eth_core_tc240CG_netlist.v' is not used in the current design .  (LNK-039)
Warning: Module 'SNPS_CLOCK_GATE_HIGH_CRC_block_I_clks_AXI_clks_to_rtl__0_22' in file '/home/010123386@SJSUAD.SJSU.EDU/Documents/MS_PROJECT_MEM_SEP/rtl/pt_power/pt_syn_cg/tc240/eth_core_tc240CG_netlist.v' is not used in the current design .  (LNK-039)
Warning: Module 'SNPS_CLOCK_GATE_HIGH_CRC_block_I_clks_AXI_clks_to_rtl__0_21' in file '/home/010123386@SJSUAD.SJSU.EDU/Documents/MS_PROJECT_MEM_SEP/rtl/pt_power/pt_syn_cg/tc240/eth_core_tc240CG_netlist.v' is not used in the current design .  (LNK-039)
Warning: Module 'SNPS_CLOCK_GATE_HIGH_CRC_block_I_clks_AXI_clks_to_rtl__0_20' in file '/home/010123386@SJSUAD.SJSU.EDU/Documents/MS_PROJECT_MEM_SEP/rtl/pt_power/pt_syn_cg/tc240/eth_core_tc240CG_netlist.v' is not used in the current design .  (LNK-039)
Warning: Module 'SNPS_CLOCK_GATE_HIGH_CRC_block_I_clks_AXI_clks_to_rtl__0_19' in file '/home/010123386@SJSUAD.SJSU.EDU/Documents/MS_PROJECT_MEM_SEP/rtl/pt_power/pt_syn_cg/tc240/eth_core_tc240CG_netlist.v' is not used in the current design .  (LNK-039)
Warning: Module 'SNPS_CLOCK_GATE_HIGH_CRC_block_I_clks_AXI_clks_to_rtl__0_18' in file '/home/010123386@SJSUAD.SJSU.EDU/Documents/MS_PROJECT_MEM_SEP/rtl/pt_power/pt_syn_cg/tc240/eth_core_tc240CG_netlist.v' is not used in the current design .  (LNK-039)
Warning: Module 'SNPS_CLOCK_GATE_HIGH_CRC_block_I_clks_AXI_clks_to_rtl__0_17' in file '/home/010123386@SJSUAD.SJSU.EDU/Documents/MS_PROJECT_MEM_SEP/rtl/pt_power/pt_syn_cg/tc240/eth_core_tc240CG_netlist.v' is not used in the current design .  (LNK-039)
Warning: Module 'CRC_block_I_clks_AXI_clks_to_rtl__1' in file '/home/010123386@SJSUAD.SJSU.EDU/Documents/MS_PROJECT_MEM_SEP/rtl/pt_power/pt_syn_cg/tc240/eth_core_tc240CG_netlist.v' is not used in the current design .  (LNK-039)
Warning: Module 'SNPS_CLOCK_GATE_HIGH_CRC_block_I_clks_AXI_clks_to_rtl__0_16' in file '/home/010123386@SJSUAD.SJSU.EDU/Documents/MS_PROJECT_MEM_SEP/rtl/pt_power/pt_syn_cg/tc240/eth_core_tc240CG_netlist.v' is not used in the current design .  (LNK-039)
Warning: Module 'SNPS_CLOCK_GATE_HIGH_CRC_block_I_clks_AXI_clks_to_rtl__0_15' in file '/home/010123386@SJSUAD.SJSU.EDU/Documents/MS_PROJECT_MEM_SEP/rtl/pt_power/pt_syn_cg/tc240/eth_core_tc240CG_netlist.v' is not used in the current design .  (LNK-039)
Warning: Module 'SNPS_CLOCK_GATE_HIGH_CRC_block_I_clks_AXI_clks_to_rtl__0_14' in file '/home/010123386@SJSUAD.SJSU.EDU/Documents/MS_PROJECT_MEM_SEP/rtl/pt_power/pt_syn_cg/tc240/eth_core_tc240CG_netlist.v' is not used in the current design .  (LNK-039)
Warning: Module 'SNPS_CLOCK_GATE_HIGH_CRC_block_I_clks_AXI_clks_to_rtl__0_13' in file '/home/010123386@SJSUAD.SJSU.EDU/Documents/MS_PROJECT_MEM_SEP/rtl/pt_power/pt_syn_cg/tc240/eth_core_tc240CG_netlist.v' is not used in the current design .  (LNK-039)
Warning: Module 'SNPS_CLOCK_GATE_HIGH_CRC_block_I_clks_AXI_clks_to_rtl__0_12' in file '/home/010123386@SJSUAD.SJSU.EDU/Documents/MS_PROJECT_MEM_SEP/rtl/pt_power/pt_syn_cg/tc240/eth_core_tc240CG_netlist.v' is not used in the current design .  (LNK-039)
Warning: Module 'SNPS_CLOCK_GATE_HIGH_CRC_block_I_clks_AXI_clks_to_rtl__0_11' in file '/home/010123386@SJSUAD.SJSU.EDU/Documents/MS_PROJECT_MEM_SEP/rtl/pt_power/pt_syn_cg/tc240/eth_core_tc240CG_netlist.v' is not used in the current design .  (LNK-039)
Warning: Module 'SNPS_CLOCK_GATE_HIGH_CRC_block_I_clks_AXI_clks_to_rtl__0_10' in file '/home/010123386@SJSUAD.SJSU.EDU/Documents/MS_PROJECT_MEM_SEP/rtl/pt_power/pt_syn_cg/tc240/eth_core_tc240CG_netlist.v' is not used in the current design .  (LNK-039)
Warning: Module 'SNPS_CLOCK_GATE_HIGH_CRC_block_I_clks_AXI_clks_to_rtl__0_9' in file '/home/010123386@SJSUAD.SJSU.EDU/Documents/MS_PROJECT_MEM_SEP/rtl/pt_power/pt_syn_cg/tc240/eth_core_tc240CG_netlist.v' is not used in the current design .  (LNK-039)
Warning: Module 'SNPS_CLOCK_GATE_HIGH_CRC_block_I_clks_AXI_clks_to_rtl__0_8' in file '/home/010123386@SJSUAD.SJSU.EDU/Documents/MS_PROJECT_MEM_SEP/rtl/pt_power/pt_syn_cg/tc240/eth_core_tc240CG_netlist.v' is not used in the current design .  (LNK-039)
Warning: Module 'SNPS_CLOCK_GATE_HIGH_CRC_block_I_clks_AXI_clks_to_rtl__0_7' in file '/home/010123386@SJSUAD.SJSU.EDU/Documents/MS_PROJECT_MEM_SEP/rtl/pt_power/pt_syn_cg/tc240/eth_core_tc240CG_netlist.v' is not used in the current design .  (LNK-039)
Warning: Module 'SNPS_CLOCK_GATE_HIGH_CRC_block_I_clks_AXI_clks_to_rtl__0_6' in file '/home/010123386@SJSUAD.SJSU.EDU/Documents/MS_PROJECT_MEM_SEP/rtl/pt_power/pt_syn_cg/tc240/eth_core_tc240CG_netlist.v' is not used in the current design .  (LNK-039)
Warning: Module 'SNPS_CLOCK_GATE_HIGH_CRC_block_I_clks_AXI_clks_to_rtl__0_5' in file '/home/010123386@SJSUAD.SJSU.EDU/Documents/MS_PROJECT_MEM_SEP/rtl/pt_power/pt_syn_cg/tc240/eth_core_tc240CG_netlist.v' is not used in the current design .  (LNK-039)
Warning: Module 'SNPS_CLOCK_GATE_HIGH_CRC_block_I_clks_AXI_clks_to_rtl__0_4' in file '/home/010123386@SJSUAD.SJSU.EDU/Documents/MS_PROJECT_MEM_SEP/rtl/pt_power/pt_syn_cg/tc240/eth_core_tc240CG_netlist.v' is not used in the current design .  (LNK-039)
Warning: Module 'SNPS_CLOCK_GATE_HIGH_CRC_block_I_clks_AXI_clks_to_rtl__0_3' in file '/home/010123386@SJSUAD.SJSU.EDU/Documents/MS_PROJECT_MEM_SEP/rtl/pt_power/pt_syn_cg/tc240/eth_core_tc240CG_netlist.v' is not used in the current design .  (LNK-039)
Warning: Module 'SNPS_CLOCK_GATE_HIGH_CRC_block_I_clks_AXI_clks_to_rtl__0_2' in file '/home/010123386@SJSUAD.SJSU.EDU/Documents/MS_PROJECT_MEM_SEP/rtl/pt_power/pt_syn_cg/tc240/eth_core_tc240CG_netlist.v' is not used in the current design .  (LNK-039)
Warning: Module 'SNPS_CLOCK_GATE_HIGH_CRC_block_I_clks_AXI_clks_to_rtl__0_1' in file '/home/010123386@SJSUAD.SJSU.EDU/Documents/MS_PROJECT_MEM_SEP/rtl/pt_power/pt_syn_cg/tc240/eth_core_tc240CG_netlist.v' is not used in the current design .  (LNK-039)
Warning: Module 'CRC_block_I_clks_AXI_clks_to_rtl__2' in file '/home/010123386@SJSUAD.SJSU.EDU/Documents/MS_PROJECT_MEM_SEP/rtl/pt_power/pt_syn_cg/tc240/eth_core_tc240CG_netlist.v' is not used in the current design .  (LNK-039)
Warning: Module 'SNPS_CLOCK_GATE_HIGH_rs_layer_I_clks_AXI_clks_to_rtl_I_xgmii_tx_tx_xgmii_from_rtl__4' in file '/home/010123386@SJSUAD.SJSU.EDU/Documents/MS_PROJECT_MEM_SEP/rtl/pt_power/pt_syn_cg/tc240/eth_core_tc240CG_netlist.v' is not used in the current design .  (LNK-039)
Warning: Module 'SNPS_CLOCK_GATE_HIGH_rs_layer_I_clks_AXI_clks_to_rtl_I_xgmii_tx_tx_xgmii_from_rtl__3' in file '/home/010123386@SJSUAD.SJSU.EDU/Documents/MS_PROJECT_MEM_SEP/rtl/pt_power/pt_syn_cg/tc240/eth_core_tc240CG_netlist.v' is not used in the current design .  (LNK-039)
Warning: Module 'SNPS_CLOCK_GATE_HIGH_rs_layer_I_clks_AXI_clks_to_rtl_I_xgmii_tx_tx_xgmii_from_rtl__2' in file '/home/010123386@SJSUAD.SJSU.EDU/Documents/MS_PROJECT_MEM_SEP/rtl/pt_power/pt_syn_cg/tc240/eth_core_tc240CG_netlist.v' is not used in the current design .  (LNK-039)
Warning: Module 'SNPS_CLOCK_GATE_HIGH_rs_layer_I_clks_AXI_clks_to_rtl_I_xgmii_tx_tx_xgmii_from_rtl__1' in file '/home/010123386@SJSUAD.SJSU.EDU/Documents/MS_PROJECT_MEM_SEP/rtl/pt_power/pt_syn_cg/tc240/eth_core_tc240CG_netlist.v' is not used in the current design .  (LNK-039)
Warning: Module 'SNPS_CLOCK_GATE_HIGH_rs_layer_I_clks_AXI_clks_to_rtl_I_xgmii_tx_tx_xgmii_from_rtl__0' in file '/home/010123386@SJSUAD.SJSU.EDU/Documents/MS_PROJECT_MEM_SEP/rtl/pt_power/pt_syn_cg/tc240/eth_core_tc240CG_netlist.v' is not used in the current design .  (LNK-039)
Information: 648 (85.15%) library cells are unused in library tc240c..... (LNK-045)
Information: total 648 library cells are unused (LNK-046)
Design 'eth_core' was successfully linked.
Information: There are 3740 leaf cells, ports, hiers and 4395 nets in the design (LNK-047)
1
#####################################################################
#       read SDC
#####################################################################
read_sdc ../../pt_syn_cg/tc240/eth_core_tc240CG_netlist.sdc

Reading SDC version 2.0...
Warning: No cell objects matched 'tx_core/tx_rs/clk_gate_pkt_ctrl_d_reg@main_gate' (SEL-004)
Error: Nothing matched for cells (SEL-005)
Warning: No cell objects matched 'tx_core/tx_rs/clk_gate_pkt_ctrl_d_reg@main_gate' (SEL-004)
Error: Nothing matched for cells (SEL-005)
Warning: No cell objects matched 'tx_core/tx_rs/clk_gate_pkt_ctrl_d_reg@main_gate' (SEL-004)
Error: Nothing matched for cells (SEL-005)
Warning: No cell objects matched 'tx_core/tx_rs/clk_gate_pkt_ctrl_d_reg@main_gate' (SEL-004)
Error: Nothing matched for cells (SEL-005)
Warning: No cell objects matched 'tx_core/tx_rs/clk_gate_crc_tx_d_reg@main_gate' (SEL-004)
Error: Nothing matched for cells (SEL-005)
Warning: No cell objects matched 'tx_core/tx_rs/clk_gate_crc_tx_d_reg@main_gate' (SEL-004)
Error: Nothing matched for cells (SEL-005)
Warning: No cell objects matched 'tx_core/tx_rs/clk_gate_crc_tx_d_reg@main_gate' (SEL-004)
Error: Nothing matched for cells (SEL-005)
Warning: No cell objects matched 'tx_core/tx_rs/clk_gate_crc_tx_d_reg@main_gate' (SEL-004)
Error: Nothing matched for cells (SEL-005)
Warning: No cell objects matched 'tx_core/tx_rs/clk_gate_crc_left_d_reg@main_gate' (SEL-004)
Error: Nothing matched for cells (SEL-005)
Warning: No cell objects matched 'tx_core/tx_rs/clk_gate_crc_left_d_reg@main_gate' (SEL-004)
Error: Nothing matched for cells (SEL-005)
Warning: No cell objects matched 'tx_core/tx_rs/clk_gate_crc_left_d_reg@main_gate' (SEL-004)
Error: Nothing matched for cells (SEL-005)
Warning: No cell objects matched 'tx_core/tx_rs/clk_gate_crc_left_d_reg@main_gate' (SEL-004)
Error: Nothing matched for cells (SEL-005)
Warning: No cell objects matched 'tx_core/tx_rs/clk_gate_wakeuptimer_d_reg@main_gate' (SEL-004)
Error: Nothing matched for cells (SEL-005)
Warning: No cell objects matched 'tx_core/tx_rs/clk_gate_wakeuptimer_d_reg@main_gate' (SEL-004)
Error: Nothing matched for cells (SEL-005)
Warning: No cell objects matched 'tx_core/tx_rs/clk_gate_wakeuptimer_d_reg@main_gate' (SEL-004)
Error: Nothing matched for cells (SEL-005)
Warning: No cell objects matched 'tx_core/tx_rs/clk_gate_wakeuptimer_d_reg@main_gate' (SEL-004)
Error: Nothing matched for cells (SEL-005)
Warning: No cell objects matched 'tx_core/tx_rs/clk_gate_xgmii_txd_d_reg@main_gate' (SEL-004)
Error: Nothing matched for cells (SEL-005)
Warning: No cell objects matched 'tx_core/tx_rs/clk_gate_xgmii_txd_d_reg@main_gate' (SEL-004)
Error: Nothing matched for cells (SEL-005)
Warning: No cell objects matched 'tx_core/tx_rs/clk_gate_xgmii_txd_d_reg@main_gate' (SEL-004)
Error: Nothing matched for cells (SEL-005)
Warning: No cell objects matched 'tx_core/tx_rs/clk_gate_xgmii_txd_d_reg@main_gate' (SEL-004)
Error: Nothing matched for cells (SEL-005)
Warning: No cell objects matched 'tx_core/tx_crc/crcpkt0@clk_gate_data24_d_reg@main_gate' (SEL-004)
Error: Nothing matched for cells (SEL-005)
Warning: No cell objects matched 'tx_core/tx_crc/crcpkt0@clk_gate_data24_d_reg@main_gate' (SEL-004)
Error: Nothing matched for cells (SEL-005)
Warning: No cell objects matched 'tx_core/tx_crc/crcpkt0@clk_gate_data24_d_reg@main_gate' (SEL-004)
Error: Nothing matched for cells (SEL-005)
Warning: No cell objects matched 'tx_core/tx_crc/crcpkt0@clk_gate_data24_d_reg@main_gate' (SEL-004)
Error: Nothing matched for cells (SEL-005)
Warning: No cell objects matched 'tx_core/tx_crc/crcpkt0@clk_gate_crcin64_d_reg@main_gate' (SEL-004)
Error: Nothing matched for cells (SEL-005)
Warning: No cell objects matched 'tx_core/tx_crc/crcpkt0@clk_gate_crcin64_d_reg@main_gate' (SEL-004)
Error: Nothing matched for cells (SEL-005)
Warning: No cell objects matched 'tx_core/tx_crc/crcpkt0@clk_gate_crcin64_d_reg@main_gate' (SEL-004)
Error: Nothing matched for cells (SEL-005)
Warning: No cell objects matched 'tx_core/tx_crc/crcpkt0@clk_gate_crcin64_d_reg@main_gate' (SEL-004)
Error: Nothing matched for cells (SEL-005)
Warning: No cell objects matched 'tx_core/tx_crc/crcpkt0@clk_gate_crcin56_d_reg@main_gate' (SEL-004)
Error: Nothing matched for cells (SEL-005)
Warning: No cell objects matched 'tx_core/tx_crc/crcpkt0@clk_gate_crcin56_d_reg@main_gate' (SEL-004)
Error: Nothing matched for cells (SEL-005)
Warning: No cell objects matched 'tx_core/tx_crc/crcpkt0@clk_gate_crcin56_d_reg@main_gate' (SEL-004)
Error: Nothing matched for cells (SEL-005)
Warning: No cell objects matched 'tx_core/tx_crc/crcpkt0@clk_gate_crcin56_d_reg@main_gate' (SEL-004)
Error: Nothing matched for cells (SEL-005)
Warning: No cell objects matched 'tx_core/tx_crc/crcpkt0@clk_gate_crcin48_d_reg@main_gate' (SEL-004)
Error: Nothing matched for cells (SEL-005)
Warning: No cell objects matched 'tx_core/tx_crc/crcpkt0@clk_gate_crcin48_d_reg@main_gate' (SEL-004)
Error: Nothing matched for cells (SEL-005)
Warning: No cell objects matched 'tx_core/tx_crc/crcpkt0@clk_gate_crcin48_d_reg@main_gate' (SEL-004)
Error: Nothing matched for cells (SEL-005)
Warning: No cell objects matched 'tx_core/tx_crc/crcpkt0@clk_gate_crcin48_d_reg@main_gate' (SEL-004)
Error: Nothing matched for cells (SEL-005)
Warning: No cell objects matched 'tx_core/tx_crc/crcpkt0@clk_gate_crcin40_d_reg@main_gate' (SEL-004)
Error: Nothing matched for cells (SEL-005)
Warning: No cell objects matched 'tx_core/tx_crc/crcpkt0@clk_gate_crcin40_d_reg@main_gate' (SEL-004)
Error: Nothing matched for cells (SEL-005)
Warning: No cell objects matched 'tx_core/tx_crc/crcpkt0@clk_gate_crcin40_d_reg@main_gate' (SEL-004)
Error: Nothing matched for cells (SEL-005)
Warning: No cell objects matched 'tx_core/tx_crc/crcpkt0@clk_gate_crcin40_d_reg@main_gate' (SEL-004)
Error: Nothing matched for cells (SEL-005)
Warning: No cell objects matched 'tx_core/tx_crc/crcpkt0@clk_gate_crcin32_d_reg@main_gate' (SEL-004)
Error: Nothing matched for cells (SEL-005)
Warning: No cell objects matched 'tx_core/tx_crc/crcpkt0@clk_gate_crcin32_d_reg@main_gate' (SEL-004)
Error: Nothing matched for cells (SEL-005)
Warning: No cell objects matched 'tx_core/tx_crc/crcpkt0@clk_gate_crcin32_d_reg@main_gate' (SEL-004)
Error: Nothing matched for cells (SEL-005)
Warning: No cell objects matched 'tx_core/tx_crc/crcpkt0@clk_gate_crcin32_d_reg@main_gate' (SEL-004)
Error: Nothing matched for cells (SEL-005)
Warning: No cell objects matched 'tx_core/tx_crc/crcpkt0@clk_gate_crcin24_d_reg@main_gate' (SEL-004)
Error: Nothing matched for cells (SEL-005)
Warning: No cell objects matched 'tx_core/tx_crc/crcpkt0@clk_gate_crcin24_d_reg@main_gate' (SEL-004)
Error: Nothing matched for cells (SEL-005)
Warning: No cell objects matched 'tx_core/tx_crc/crcpkt0@clk_gate_crcin24_d_reg@main_gate' (SEL-004)
Error: Nothing matched for cells (SEL-005)
Warning: No cell objects matched 'tx_core/tx_crc/crcpkt0@clk_gate_crcin24_d_reg@main_gate' (SEL-004)
Error: Nothing matched for cells (SEL-005)
Warning: No cell objects matched 'tx_core/tx_crc/crcpkt0@clk_gate_crcin16_d_reg@main_gate' (SEL-004)
Error: Nothing matched for cells (SEL-005)
Warning: No cell objects matched 'tx_core/tx_crc/crcpkt0@clk_gate_crcin16_d_reg@main_gate' (SEL-004)
Error: Nothing matched for cells (SEL-005)
Warning: No cell objects matched 'tx_core/tx_crc/crcpkt0@clk_gate_crcin16_d_reg@main_gate' (SEL-004)
Error: Nothing matched for cells (SEL-005)
Warning: No cell objects matched 'tx_core/tx_crc/crcpkt0@clk_gate_crcin16_d_reg@main_gate' (SEL-004)
Error: Nothing matched for cells (SEL-005)
Warning: No cell objects matched 'tx_core/tx_crc/crcpkt0@clk_gate_data56_d_reg@main_gate' (SEL-004)
Error: Nothing matched for cells (SEL-005)
Warning: No cell objects matched 'tx_core/tx_crc/crcpkt0@clk_gate_data56_d_reg@main_gate' (SEL-004)
Error: Nothing matched for cells (SEL-005)
Warning: No cell objects matched 'tx_core/tx_crc/crcpkt0@clk_gate_data56_d_reg@main_gate' (SEL-004)
Error: Nothing matched for cells (SEL-005)
Warning: No cell objects matched 'tx_core/tx_crc/crcpkt0@clk_gate_data56_d_reg@main_gate' (SEL-004)
Error: Nothing matched for cells (SEL-005)
Warning: No cell objects matched 'tx_core/tx_crc/crcpkt0@clk_gate_data40_d_reg@main_gate' (SEL-004)
Error: Nothing matched for cells (SEL-005)
Warning: No cell objects matched 'tx_core/tx_crc/crcpkt0@clk_gate_data40_d_reg@main_gate' (SEL-004)
Error: Nothing matched for cells (SEL-005)
Warning: No cell objects matched 'tx_core/tx_crc/crcpkt0@clk_gate_data40_d_reg@main_gate' (SEL-004)
Error: Nothing matched for cells (SEL-005)
Warning: No cell objects matched 'tx_core/tx_crc/crcpkt0@clk_gate_data40_d_reg@main_gate' (SEL-004)
Error: Nothing matched for cells (SEL-005)
Warning: No cell objects matched 'tx_core/tx_crc/crcpkt0@clk_gate_data48_d_reg@main_gate' (SEL-004)
Error: Nothing matched for cells (SEL-005)
Warning: No cell objects matched 'tx_core/tx_crc/crcpkt0@clk_gate_data48_d_reg@main_gate' (SEL-004)
Error: Nothing matched for cells (SEL-005)
Warning: No cell objects matched 'tx_core/tx_crc/crcpkt0@clk_gate_data48_d_reg@main_gate' (SEL-004)
Error: Nothing matched for cells (SEL-005)
Warning: No cell objects matched 'tx_core/tx_crc/crcpkt0@clk_gate_data48_d_reg@main_gate' (SEL-004)
Error: Nothing matched for cells (SEL-005)
Warning: No cell objects matched 'tx_core/tx_crc/crcpkt0@clk_gate_data64_d_reg@main_gate' (SEL-004)
Error: Nothing matched for cells (SEL-005)
Warning: No cell objects matched 'tx_core/tx_crc/crcpkt0@clk_gate_data64_d_reg@main_gate' (SEL-004)
Error: Nothing matched for cells (SEL-005)
Warning: No cell objects matched 'tx_core/tx_crc/crcpkt0@clk_gate_data64_d_reg@main_gate' (SEL-004)
Error: Nothing matched for cells (SEL-005)
Warning: No cell objects matched 'tx_core/tx_crc/crcpkt0@clk_gate_data64_d_reg@main_gate' (SEL-004)
Error: Nothing matched for cells (SEL-005)
Warning: No cell objects matched 'tx_core/tx_crc/crcpkt0@clk_gate_data32_d_reg@main_gate' (SEL-004)
Error: Nothing matched for cells (SEL-005)
Warning: No cell objects matched 'tx_core/tx_crc/crcpkt0@clk_gate_data32_d_reg@main_gate' (SEL-004)
Error: Nothing matched for cells (SEL-005)
Warning: No cell objects matched 'tx_core/tx_crc/crcpkt0@clk_gate_data32_d_reg@main_gate' (SEL-004)
Error: Nothing matched for cells (SEL-005)
Warning: No cell objects matched 'tx_core/tx_crc/crcpkt0@clk_gate_data32_d_reg@main_gate' (SEL-004)
Error: Nothing matched for cells (SEL-005)
Warning: No cell objects matched 'tx_core/tx_crc/crcpkt0@clk_gate_data16_d_reg@main_gate' (SEL-004)
Error: Nothing matched for cells (SEL-005)
Warning: No cell objects matched 'tx_core/tx_crc/crcpkt0@clk_gate_data16_d_reg@main_gate' (SEL-004)
Error: Nothing matched for cells (SEL-005)
Warning: No cell objects matched 'tx_core/tx_crc/crcpkt0@clk_gate_data16_d_reg@main_gate' (SEL-004)
Error: Nothing matched for cells (SEL-005)
Warning: No cell objects matched 'tx_core/tx_crc/crcpkt0@clk_gate_data16_d_reg@main_gate' (SEL-004)
Error: Nothing matched for cells (SEL-005)
Warning: No cell objects matched 'tx_core/tx_crc/crcpkt0@clk_gate_crc_reg@main_gate' (SEL-004)
Error: Nothing matched for cells (SEL-005)
Warning: No cell objects matched 'tx_core/tx_crc/crcpkt0@clk_gate_crc_reg@main_gate' (SEL-004)
Error: Nothing matched for cells (SEL-005)
Warning: No cell objects matched 'tx_core/tx_crc/crcpkt0@clk_gate_crc_reg@main_gate' (SEL-004)
Error: Nothing matched for cells (SEL-005)
Warning: No cell objects matched 'tx_core/tx_crc/crcpkt0@clk_gate_crc_reg@main_gate' (SEL-004)
Error: Nothing matched for cells (SEL-005)
Warning: No cell objects matched 'tx_core/tx_crc/crcpkt0@clk_gate_crcin8_d_reg@main_gate' (SEL-004)
Error: Nothing matched for cells (SEL-005)
Warning: No cell objects matched 'tx_core/tx_crc/crcpkt0@clk_gate_crcin8_d_reg@main_gate' (SEL-004)
Error: Nothing matched for cells (SEL-005)
Warning: No cell objects matched 'tx_core/tx_crc/crcpkt0@clk_gate_crcin8_d_reg@main_gate' (SEL-004)
Error: Nothing matched for cells (SEL-005)
Warning: No cell objects matched 'tx_core/tx_crc/crcpkt0@clk_gate_crcin8_d_reg@main_gate' (SEL-004)
Error: Nothing matched for cells (SEL-005)
Warning: No cell objects matched 'tx_core/tx_crc/crcpkt1@clk_gate_data24_d_reg@main_gate' (SEL-004)
Error: Nothing matched for cells (SEL-005)
Warning: No cell objects matched 'tx_core/tx_crc/crcpkt1@clk_gate_data24_d_reg@main_gate' (SEL-004)
Error: Nothing matched for cells (SEL-005)
Warning: No cell objects matched 'tx_core/tx_crc/crcpkt1@clk_gate_data24_d_reg@main_gate' (SEL-004)
Error: Nothing matched for cells (SEL-005)
Warning: No cell objects matched 'tx_core/tx_crc/crcpkt1@clk_gate_data24_d_reg@main_gate' (SEL-004)
Error: Nothing matched for cells (SEL-005)
Warning: No cell objects matched 'tx_core/tx_crc/crcpkt1@clk_gate_crcin64_d_reg@main_gate' (SEL-004)
Error: Nothing matched for cells (SEL-005)
Warning: No cell objects matched 'tx_core/tx_crc/crcpkt1@clk_gate_crcin64_d_reg@main_gate' (SEL-004)
Error: Nothing matched for cells (SEL-005)
Warning: No cell objects matched 'tx_core/tx_crc/crcpkt1@clk_gate_crcin64_d_reg@main_gate' (SEL-004)
Error: Nothing matched for cells (SEL-005)
Warning: No cell objects matched 'tx_core/tx_crc/crcpkt1@clk_gate_crcin64_d_reg@main_gate' (SEL-004)
Error: Nothing matched for cells (SEL-005)
Warning: No cell objects matched 'tx_core/tx_crc/crcpkt1@clk_gate_crcin56_d_reg@main_gate' (SEL-004)
Error: Nothing matched for cells (SEL-005)
Warning: No cell objects matched 'tx_core/tx_crc/crcpkt1@clk_gate_crcin56_d_reg@main_gate' (SEL-004)
Error: Nothing matched for cells (SEL-005)
Warning: No cell objects matched 'tx_core/tx_crc/crcpkt1@clk_gate_crcin56_d_reg@main_gate' (SEL-004)
Error: Nothing matched for cells (SEL-005)
Warning: No cell objects matched 'tx_core/tx_crc/crcpkt1@clk_gate_crcin56_d_reg@main_gate' (SEL-004)
Error: Nothing matched for cells (SEL-005)
Warning: No cell objects matched 'tx_core/tx_crc/crcpkt1@clk_gate_crcin48_d_reg@main_gate' (SEL-004)
Error: Nothing matched for cells (SEL-005)
Warning: No cell objects matched 'tx_core/tx_crc/crcpkt1@clk_gate_crcin48_d_reg@main_gate' (SEL-004)
Error: Nothing matched for cells (SEL-005)
Warning: No cell objects matched 'tx_core/tx_crc/crcpkt1@clk_gate_crcin48_d_reg@main_gate' (SEL-004)
Error: Nothing matched for cells (SEL-005)
Warning: No cell objects matched 'tx_core/tx_crc/crcpkt1@clk_gate_crcin48_d_reg@main_gate' (SEL-004)
Error: Nothing matched for cells (SEL-005)
Warning: No cell objects matched 'tx_core/tx_crc/crcpkt1@clk_gate_crcin40_d_reg@main_gate' (SEL-004)
Error: Nothing matched for cells (SEL-005)
Warning: No cell objects matched 'tx_core/tx_crc/crcpkt1@clk_gate_crcin40_d_reg@main_gate' (SEL-004)
Error: Nothing matched for cells (SEL-005)
Warning: No cell objects matched 'tx_core/tx_crc/crcpkt1@clk_gate_crcin40_d_reg@main_gate' (SEL-004)
Error: Nothing matched for cells (SEL-005)
Warning: No cell objects matched 'tx_core/tx_crc/crcpkt1@clk_gate_crcin40_d_reg@main_gate' (SEL-004)
Error: Nothing matched for cells (SEL-005)
Warning: No cell objects matched 'tx_core/tx_crc/crcpkt1@clk_gate_crcin32_d_reg@main_gate' (SEL-004)
Error: Nothing matched for cells (SEL-005)
Warning: No cell objects matched 'tx_core/tx_crc/crcpkt1@clk_gate_crcin32_d_reg@main_gate' (SEL-004)
Error: Nothing matched for cells (SEL-005)
Warning: No cell objects matched 'tx_core/tx_crc/crcpkt1@clk_gate_crcin32_d_reg@main_gate' (SEL-004)
Error: Nothing matched for cells (SEL-005)
Warning: No cell objects matched 'tx_core/tx_crc/crcpkt1@clk_gate_crcin32_d_reg@main_gate' (SEL-004)
Error: Nothing matched for cells (SEL-005)
Warning: No cell objects matched 'tx_core/tx_crc/crcpkt1@clk_gate_crcin24_d_reg@main_gate' (SEL-004)
Error: Nothing matched for cells (SEL-005)
Warning: No cell objects matched 'tx_core/tx_crc/crcpkt1@clk_gate_crcin24_d_reg@main_gate' (SEL-004)
Error: Nothing matched for cells (SEL-005)
Warning: No cell objects matched 'tx_core/tx_crc/crcpkt1@clk_gate_crcin24_d_reg@main_gate' (SEL-004)
Error: Nothing matched for cells (SEL-005)
Warning: No cell objects matched 'tx_core/tx_crc/crcpkt1@clk_gate_crcin24_d_reg@main_gate' (SEL-004)
Error: Nothing matched for cells (SEL-005)
Warning: No cell objects matched 'tx_core/tx_crc/crcpkt1@clk_gate_crcin16_d_reg@main_gate' (SEL-004)
Error: Nothing matched for cells (SEL-005)
Warning: No cell objects matched 'tx_core/tx_crc/crcpkt1@clk_gate_crcin16_d_reg@main_gate' (SEL-004)
Error: Nothing matched for cells (SEL-005)
Warning: No cell objects matched 'tx_core/tx_crc/crcpkt1@clk_gate_crcin16_d_reg@main_gate' (SEL-004)
Error: Nothing matched for cells (SEL-005)
Warning: No cell objects matched 'tx_core/tx_crc/crcpkt1@clk_gate_crcin16_d_reg@main_gate' (SEL-004)
Error: Nothing matched for cells (SEL-005)
Warning: No cell objects matched 'tx_core/tx_crc/crcpkt1@clk_gate_data56_d_reg@main_gate' (SEL-004)
Error: Nothing matched for cells (SEL-005)
Warning: No cell objects matched 'tx_core/tx_crc/crcpkt1@clk_gate_data56_d_reg@main_gate' (SEL-004)
Error: Nothing matched for cells (SEL-005)
Warning: No cell objects matched 'tx_core/tx_crc/crcpkt1@clk_gate_data56_d_reg@main_gate' (SEL-004)
Error: Nothing matched for cells (SEL-005)
Warning: No cell objects matched 'tx_core/tx_crc/crcpkt1@clk_gate_data56_d_reg@main_gate' (SEL-004)
Error: Nothing matched for cells (SEL-005)
Warning: No cell objects matched 'tx_core/tx_crc/crcpkt1@clk_gate_data40_d_reg@main_gate' (SEL-004)
Error: Nothing matched for cells (SEL-005)
Warning: No cell objects matched 'tx_core/tx_crc/crcpkt1@clk_gate_data40_d_reg@main_gate' (SEL-004)
Error: Nothing matched for cells (SEL-005)
Warning: No cell objects matched 'tx_core/tx_crc/crcpkt1@clk_gate_data40_d_reg@main_gate' (SEL-004)
Error: Nothing matched for cells (SEL-005)
Warning: No cell objects matched 'tx_core/tx_crc/crcpkt1@clk_gate_data40_d_reg@main_gate' (SEL-004)
Error: Nothing matched for cells (SEL-005)
Warning: No cell objects matched 'tx_core/tx_crc/crcpkt1@clk_gate_data48_d_reg@main_gate' (SEL-004)
Error: Nothing matched for cells (SEL-005)
Warning: No cell objects matched 'tx_core/tx_crc/crcpkt1@clk_gate_data48_d_reg@main_gate' (SEL-004)
Error: Nothing matched for cells (SEL-005)
Warning: No cell objects matched 'tx_core/tx_crc/crcpkt1@clk_gate_data48_d_reg@main_gate' (SEL-004)
Error: Nothing matched for cells (SEL-005)
Warning: No cell objects matched 'tx_core/tx_crc/crcpkt1@clk_gate_data48_d_reg@main_gate' (SEL-004)
Error: Nothing matched for cells (SEL-005)
Warning: No cell objects matched 'tx_core/tx_crc/crcpkt1@clk_gate_data64_d_reg@main_gate' (SEL-004)
Error: Nothing matched for cells (SEL-005)
Warning: No cell objects matched 'tx_core/tx_crc/crcpkt1@clk_gate_data64_d_reg@main_gate' (SEL-004)
Error: Nothing matched for cells (SEL-005)
Warning: No cell objects matched 'tx_core/tx_crc/crcpkt1@clk_gate_data64_d_reg@main_gate' (SEL-004)
Error: Nothing matched for cells (SEL-005)
Warning: No cell objects matched 'tx_core/tx_crc/crcpkt1@clk_gate_data64_d_reg@main_gate' (SEL-004)
Error: Nothing matched for cells (SEL-005)
Warning: No cell objects matched 'tx_core/tx_crc/crcpkt1@clk_gate_data32_d_reg@main_gate' (SEL-004)
Error: Nothing matched for cells (SEL-005)
Warning: No cell objects matched 'tx_core/tx_crc/crcpkt1@clk_gate_data32_d_reg@main_gate' (SEL-004)
Error: Nothing matched for cells (SEL-005)
Warning: No cell objects matched 'tx_core/tx_crc/crcpkt1@clk_gate_data32_d_reg@main_gate' (SEL-004)
Error: Nothing matched for cells (SEL-005)
Warning: No cell objects matched 'tx_core/tx_crc/crcpkt1@clk_gate_data32_d_reg@main_gate' (SEL-004)
Error: Nothing matched for cells (SEL-005)
Warning: No cell objects matched 'tx_core/tx_crc/crcpkt1@clk_gate_data16_d_reg@main_gate' (SEL-004)
Error: Nothing matched for cells (SEL-005)
Warning: No cell objects matched 'tx_core/tx_crc/crcpkt1@clk_gate_data16_d_reg@main_gate' (SEL-004)
Error: Nothing matched for cells (SEL-005)
Warning: No cell objects matched 'tx_core/tx_crc/crcpkt1@clk_gate_data16_d_reg@main_gate' (SEL-004)
Error: Nothing matched for cells (SEL-005)
Warning: No cell objects matched 'tx_core/tx_crc/crcpkt1@clk_gate_data16_d_reg@main_gate' (SEL-004)
Error: Nothing matched for cells (SEL-005)
Warning: No cell objects matched 'tx_core/tx_crc/crcpkt1@clk_gate_crc_reg@main_gate' (SEL-004)
Error: Nothing matched for cells (SEL-005)
Warning: No cell objects matched 'tx_core/tx_crc/crcpkt1@clk_gate_crc_reg@main_gate' (SEL-004)
Error: Nothing matched for cells (SEL-005)
Warning: No cell objects matched 'tx_core/tx_crc/crcpkt1@clk_gate_crc_reg@main_gate' (SEL-004)
Error: Nothing matched for cells (SEL-005)
Warning: No cell objects matched 'tx_core/tx_crc/crcpkt1@clk_gate_crc_reg@main_gate' (SEL-004)
Error: Nothing matched for cells (SEL-005)
Warning: No cell objects matched 'tx_core/tx_crc/crcpkt1@clk_gate_crcin8_d_reg@main_gate' (SEL-004)
Error: Nothing matched for cells (SEL-005)
Warning: No cell objects matched 'tx_core/tx_crc/crcpkt1@clk_gate_crcin8_d_reg@main_gate' (SEL-004)
Error: Nothing matched for cells (SEL-005)
Warning: No cell objects matched 'tx_core/tx_crc/crcpkt1@clk_gate_crcin8_d_reg@main_gate' (SEL-004)
Error: Nothing matched for cells (SEL-005)
Warning: No cell objects matched 'tx_core/tx_crc/crcpkt1@clk_gate_crcin8_d_reg@main_gate' (SEL-004)
Error: Nothing matched for cells (SEL-005)
Warning: No cell objects matched 'tx_core/tx_crc/crcpkt2@clk_gate_data24_d_reg@main_gate' (SEL-004)
Error: Nothing matched for cells (SEL-005)
Warning: No cell objects matched 'tx_core/tx_crc/crcpkt2@clk_gate_data24_d_reg@main_gate' (SEL-004)
Error: Nothing matched for cells (SEL-005)
Warning: No cell objects matched 'tx_core/tx_crc/crcpkt2@clk_gate_data24_d_reg@main_gate' (SEL-004)
Error: Nothing matched for cells (SEL-005)
Warning: No cell objects matched 'tx_core/tx_crc/crcpkt2@clk_gate_data24_d_reg@main_gate' (SEL-004)
Error: Nothing matched for cells (SEL-005)
Warning: No cell objects matched 'tx_core/tx_crc/crcpkt2@clk_gate_crcin64_d_reg@main_gate' (SEL-004)
Error: Nothing matched for cells (SEL-005)
Warning: No cell objects matched 'tx_core/tx_crc/crcpkt2@clk_gate_crcin64_d_reg@main_gate' (SEL-004)
Error: Nothing matched for cells (SEL-005)
Warning: No cell objects matched 'tx_core/tx_crc/crcpkt2@clk_gate_crcin64_d_reg@main_gate' (SEL-004)
Error: Nothing matched for cells (SEL-005)
Warning: No cell objects matched 'tx_core/tx_crc/crcpkt2@clk_gate_crcin64_d_reg@main_gate' (SEL-004)
Error: Nothing matched for cells (SEL-005)
Warning: No cell objects matched 'tx_core/tx_crc/crcpkt2@clk_gate_crcin56_d_reg@main_gate' (SEL-004)
Error: Nothing matched for cells (SEL-005)
Warning: No cell objects matched 'tx_core/tx_crc/crcpkt2@clk_gate_crcin56_d_reg@main_gate' (SEL-004)
Error: Nothing matched for cells (SEL-005)
Warning: No cell objects matched 'tx_core/tx_crc/crcpkt2@clk_gate_crcin56_d_reg@main_gate' (SEL-004)
Error: Nothing matched for cells (SEL-005)
Warning: No cell objects matched 'tx_core/tx_crc/crcpkt2@clk_gate_crcin56_d_reg@main_gate' (SEL-004)
Error: Nothing matched for cells (SEL-005)
Warning: No cell objects matched 'tx_core/tx_crc/crcpkt2@clk_gate_crcin48_d_reg@main_gate' (SEL-004)
Error: Nothing matched for cells (SEL-005)
Warning: No cell objects matched 'tx_core/tx_crc/crcpkt2@clk_gate_crcin48_d_reg@main_gate' (SEL-004)
Error: Nothing matched for cells (SEL-005)
Warning: No cell objects matched 'tx_core/tx_crc/crcpkt2@clk_gate_crcin48_d_reg@main_gate' (SEL-004)
Error: Nothing matched for cells (SEL-005)
Warning: No cell objects matched 'tx_core/tx_crc/crcpkt2@clk_gate_crcin48_d_reg@main_gate' (SEL-004)
Error: Nothing matched for cells (SEL-005)
Warning: No cell objects matched 'tx_core/tx_crc/crcpkt2@clk_gate_crcin40_d_reg@main_gate' (SEL-004)
Error: Nothing matched for cells (SEL-005)
Warning: No cell objects matched 'tx_core/tx_crc/crcpkt2@clk_gate_crcin40_d_reg@main_gate' (SEL-004)
Error: Nothing matched for cells (SEL-005)
Warning: No cell objects matched 'tx_core/tx_crc/crcpkt2@clk_gate_crcin40_d_reg@main_gate' (SEL-004)
Error: Nothing matched for cells (SEL-005)
Warning: No cell objects matched 'tx_core/tx_crc/crcpkt2@clk_gate_crcin40_d_reg@main_gate' (SEL-004)
Error: Nothing matched for cells (SEL-005)
Warning: No cell objects matched 'tx_core/tx_crc/crcpkt2@clk_gate_crcin32_d_reg@main_gate' (SEL-004)
Error: Nothing matched for cells (SEL-005)
Warning: No cell objects matched 'tx_core/tx_crc/crcpkt2@clk_gate_crcin32_d_reg@main_gate' (SEL-004)
Error: Nothing matched for cells (SEL-005)
Warning: No cell objects matched 'tx_core/tx_crc/crcpkt2@clk_gate_crcin32_d_reg@main_gate' (SEL-004)
Error: Nothing matched for cells (SEL-005)
Warning: No cell objects matched 'tx_core/tx_crc/crcpkt2@clk_gate_crcin32_d_reg@main_gate' (SEL-004)
Error: Nothing matched for cells (SEL-005)
Warning: No cell objects matched 'tx_core/tx_crc/crcpkt2@clk_gate_crcin24_d_reg@main_gate' (SEL-004)
Error: Nothing matched for cells (SEL-005)
Warning: No cell objects matched 'tx_core/tx_crc/crcpkt2@clk_gate_crcin24_d_reg@main_gate' (SEL-004)
Error: Nothing matched for cells (SEL-005)
Warning: No cell objects matched 'tx_core/tx_crc/crcpkt2@clk_gate_crcin24_d_reg@main_gate' (SEL-004)
Error: Nothing matched for cells (SEL-005)
Warning: No cell objects matched 'tx_core/tx_crc/crcpkt2@clk_gate_crcin24_d_reg@main_gate' (SEL-004)
Error: Nothing matched for cells (SEL-005)
Warning: No cell objects matched 'tx_core/tx_crc/crcpkt2@clk_gate_crcin16_d_reg@main_gate' (SEL-004)
Error: Nothing matched for cells (SEL-005)
Warning: No cell objects matched 'tx_core/tx_crc/crcpkt2@clk_gate_crcin16_d_reg@main_gate' (SEL-004)
Error: Nothing matched for cells (SEL-005)
Warning: No cell objects matched 'tx_core/tx_crc/crcpkt2@clk_gate_crcin16_d_reg@main_gate' (SEL-004)
Error: Nothing matched for cells (SEL-005)
Warning: No cell objects matched 'tx_core/tx_crc/crcpkt2@clk_gate_crcin16_d_reg@main_gate' (SEL-004)
Error: Nothing matched for cells (SEL-005)
Warning: No cell objects matched 'tx_core/tx_crc/crcpkt2@clk_gate_data56_d_reg@main_gate' (SEL-004)
Error: Nothing matched for cells (SEL-005)
Warning: No cell objects matched 'tx_core/tx_crc/crcpkt2@clk_gate_data56_d_reg@main_gate' (SEL-004)
Error: Nothing matched for cells (SEL-005)
Warning: No cell objects matched 'tx_core/tx_crc/crcpkt2@clk_gate_data56_d_reg@main_gate' (SEL-004)
Error: Nothing matched for cells (SEL-005)
Warning: No cell objects matched 'tx_core/tx_crc/crcpkt2@clk_gate_data56_d_reg@main_gate' (SEL-004)
Error: Nothing matched for cells (SEL-005)
Warning: No cell objects matched 'tx_core/tx_crc/crcpkt2@clk_gate_data40_d_reg@main_gate' (SEL-004)
Error: Nothing matched for cells (SEL-005)
Warning: No cell objects matched 'tx_core/tx_crc/crcpkt2@clk_gate_data40_d_reg@main_gate' (SEL-004)
Error: Nothing matched for cells (SEL-005)
Warning: No cell objects matched 'tx_core/tx_crc/crcpkt2@clk_gate_data40_d_reg@main_gate' (SEL-004)
Error: Nothing matched for cells (SEL-005)
Warning: No cell objects matched 'tx_core/tx_crc/crcpkt2@clk_gate_data40_d_reg@main_gate' (SEL-004)
Error: Nothing matched for cells (SEL-005)
Warning: No cell objects matched 'tx_core/tx_crc/crcpkt2@clk_gate_data48_d_reg@main_gate' (SEL-004)
Error: Nothing matched for cells (SEL-005)
Warning: No cell objects matched 'tx_core/tx_crc/crcpkt2@clk_gate_data48_d_reg@main_gate' (SEL-004)
Error: Nothing matched for cells (SEL-005)
Warning: No cell objects matched 'tx_core/tx_crc/crcpkt2@clk_gate_data48_d_reg@main_gate' (SEL-004)
Error: Nothing matched for cells (SEL-005)
Warning: No cell objects matched 'tx_core/tx_crc/crcpkt2@clk_gate_data48_d_reg@main_gate' (SEL-004)
Error: Nothing matched for cells (SEL-005)
Warning: No cell objects matched 'tx_core/tx_crc/crcpkt2@clk_gate_data64_d_reg@main_gate' (SEL-004)
Error: Nothing matched for cells (SEL-005)
Warning: No cell objects matched 'tx_core/tx_crc/crcpkt2@clk_gate_data64_d_reg@main_gate' (SEL-004)
Error: Nothing matched for cells (SEL-005)
Warning: No cell objects matched 'tx_core/tx_crc/crcpkt2@clk_gate_data64_d_reg@main_gate' (SEL-004)
Error: Nothing matched for cells (SEL-005)
Warning: No cell objects matched 'tx_core/tx_crc/crcpkt2@clk_gate_data64_d_reg@main_gate' (SEL-004)
Error: Nothing matched for cells (SEL-005)
Warning: No cell objects matched 'tx_core/tx_crc/crcpkt2@clk_gate_data32_d_reg@main_gate' (SEL-004)
Error: Nothing matched for cells (SEL-005)
Warning: No cell objects matched 'tx_core/tx_crc/crcpkt2@clk_gate_data32_d_reg@main_gate' (SEL-004)
Error: Nothing matched for cells (SEL-005)
Warning: No cell objects matched 'tx_core/tx_crc/crcpkt2@clk_gate_data32_d_reg@main_gate' (SEL-004)
Error: Nothing matched for cells (SEL-005)
Warning: No cell objects matched 'tx_core/tx_crc/crcpkt2@clk_gate_data32_d_reg@main_gate' (SEL-004)
Error: Nothing matched for cells (SEL-005)
Warning: No cell objects matched 'tx_core/tx_crc/crcpkt2@clk_gate_data16_d_reg@main_gate' (SEL-004)
Error: Nothing matched for cells (SEL-005)
Warning: No cell objects matched 'tx_core/tx_crc/crcpkt2@clk_gate_data16_d_reg@main_gate' (SEL-004)
Error: Nothing matched for cells (SEL-005)
Warning: No cell objects matched 'tx_core/tx_crc/crcpkt2@clk_gate_data16_d_reg@main_gate' (SEL-004)
Error: Nothing matched for cells (SEL-005)
Warning: No cell objects matched 'tx_core/tx_crc/crcpkt2@clk_gate_data16_d_reg@main_gate' (SEL-004)
Error: Nothing matched for cells (SEL-005)
Warning: No cell objects matched 'tx_core/tx_crc/crcpkt2@clk_gate_crc_reg@main_gate' (SEL-004)
Error: Nothing matched for cells (SEL-005)
Warning: No cell objects matched 'tx_core/tx_crc/crcpkt2@clk_gate_crc_reg@main_gate' (SEL-004)
Error: Nothing matched for cells (SEL-005)
Warning: No cell objects matched 'tx_core/tx_crc/crcpkt2@clk_gate_crc_reg@main_gate' (SEL-004)
Error: Nothing matched for cells (SEL-005)
Warning: No cell objects matched 'tx_core/tx_crc/crcpkt2@clk_gate_crc_reg@main_gate' (SEL-004)
Error: Nothing matched for cells (SEL-005)
Warning: No cell objects matched 'tx_core/tx_crc/crcpkt2@clk_gate_crcin8_d_reg@main_gate' (SEL-004)
Error: Nothing matched for cells (SEL-005)
Warning: No cell objects matched 'tx_core/tx_crc/crcpkt2@clk_gate_crcin8_d_reg@main_gate' (SEL-004)
Error: Nothing matched for cells (SEL-005)
Warning: No cell objects matched 'tx_core/tx_crc/crcpkt2@clk_gate_crcin8_d_reg@main_gate' (SEL-004)
Error: Nothing matched for cells (SEL-005)
Warning: No cell objects matched 'tx_core/tx_crc/crcpkt2@clk_gate_crcin8_d_reg@main_gate' (SEL-004)
Error: Nothing matched for cells (SEL-005)
Warning: No cell objects matched 'tx_core/dma_reg_tx@clk_gate_clink_ptr_reg[l_reg][15][head_ptr]@main_gate' (SEL-004)
Error: Nothing matched for cells (SEL-005)
Warning: No cell objects matched 'tx_core/dma_reg_tx@clk_gate_clink_ptr_reg[l_reg][15][head_ptr]@main_gate' (SEL-004)
Error: Nothing matched for cells (SEL-005)
Warning: No cell objects matched 'tx_core/dma_reg_tx@clk_gate_clink_ptr_reg[l_reg][15][head_ptr]@main_gate' (SEL-004)
Error: Nothing matched for cells (SEL-005)
Warning: No cell objects matched 'tx_core/dma_reg_tx@clk_gate_clink_ptr_reg[l_reg][15][head_ptr]@main_gate' (SEL-004)
Error: Nothing matched for cells (SEL-005)
Warning: No cell objects matched 'tx_core/dma_reg_tx@clk_gate_clink_ptr_reg[l_reg][14][head_ptr]@main_gate' (SEL-004)
Error: Nothing matched for cells (SEL-005)
Warning: No cell objects matched 'tx_core/dma_reg_tx@clk_gate_clink_ptr_reg[l_reg][14][head_ptr]@main_gate' (SEL-004)
Error: Nothing matched for cells (SEL-005)
Warning: No cell objects matched 'tx_core/dma_reg_tx@clk_gate_clink_ptr_reg[l_reg][14][head_ptr]@main_gate' (SEL-004)
Error: Nothing matched for cells (SEL-005)
Warning: No cell objects matched 'tx_core/dma_reg_tx@clk_gate_clink_ptr_reg[l_reg][14][head_ptr]@main_gate' (SEL-004)
Error: Nothing matched for cells (SEL-005)
Warning: No cell objects matched 'tx_core/dma_reg_tx@clk_gate_clink_ptr_reg[l_reg][13][head_ptr]@main_gate' (SEL-004)
Error: Nothing matched for cells (SEL-005)
Warning: No cell objects matched 'tx_core/dma_reg_tx@clk_gate_clink_ptr_reg[l_reg][13][head_ptr]@main_gate' (SEL-004)
Error: Nothing matched for cells (SEL-005)
Warning: No cell objects matched 'tx_core/dma_reg_tx@clk_gate_clink_ptr_reg[l_reg][13][head_ptr]@main_gate' (SEL-004)
Error: Nothing matched for cells (SEL-005)
Warning: No cell objects matched 'tx_core/dma_reg_tx@clk_gate_clink_ptr_reg[l_reg][13][head_ptr]@main_gate' (SEL-004)
Error: Nothing matched for cells (SEL-005)
Warning: No cell objects matched 'tx_core/dma_reg_tx@clk_gate_clink_ptr_reg[l_reg][12][head_ptr]@main_gate' (SEL-004)
Error: Nothing matched for cells (SEL-005)
Warning: No cell objects matched 'tx_core/dma_reg_tx@clk_gate_clink_ptr_reg[l_reg][12][head_ptr]@main_gate' (SEL-004)
Error: Nothing matched for cells (SEL-005)
Warning: No cell objects matched 'tx_core/dma_reg_tx@clk_gate_clink_ptr_reg[l_reg][12][head_ptr]@main_gate' (SEL-004)
Error: Nothing matched for cells (SEL-005)
Warning: No cell objects matched 'tx_core/dma_reg_tx@clk_gate_clink_ptr_reg[l_reg][12][head_ptr]@main_gate' (SEL-004)
Error: Nothing matched for cells (SEL-005)
Warning: No cell objects matched 'tx_core/dma_reg_tx@clk_gate_clink_ptr_reg[l_reg][11][head_ptr]@main_gate' (SEL-004)
Error: Nothing matched for cells (SEL-005)
Warning: No cell objects matched 'tx_core/dma_reg_tx@clk_gate_clink_ptr_reg[l_reg][11][head_ptr]@main_gate' (SEL-004)
Error: Nothing matched for cells (SEL-005)
Warning: No cell objects matched 'tx_core/dma_reg_tx@clk_gate_clink_ptr_reg[l_reg][11][head_ptr]@main_gate' (SEL-004)
Error: Nothing matched for cells (SEL-005)
Warning: No cell objects matched 'tx_core/dma_reg_tx@clk_gate_clink_ptr_reg[l_reg][11][head_ptr]@main_gate' (SEL-004)
Error: Nothing matched for cells (SEL-005)
Warning: No cell objects matched 'tx_core/dma_reg_tx@clk_gate_clink_ptr_reg[l_reg][10][head_ptr]@main_gate' (SEL-004)
Error: Nothing matched for cells (SEL-005)
Warning: No cell objects matched 'tx_core/dma_reg_tx@clk_gate_clink_ptr_reg[l_reg][10][head_ptr]@main_gate' (SEL-004)
Error: Nothing matched for cells (SEL-005)
Warning: No cell objects matched 'tx_core/dma_reg_tx@clk_gate_clink_ptr_reg[l_reg][10][head_ptr]@main_gate' (SEL-004)
Error: Nothing matched for cells (SEL-005)
Warning: No cell objects matched 'tx_core/dma_reg_tx@clk_gate_clink_ptr_reg[l_reg][10][head_ptr]@main_gate' (SEL-004)
Error: Nothing matched for cells (SEL-005)
Warning: No cell objects matched 'tx_core/dma_reg_tx@clk_gate_clink_ptr_reg[l_reg][9][head_ptr]@main_gate' (SEL-004)
Error: Nothing matched for cells (SEL-005)
Warning: No cell objects matched 'tx_core/dma_reg_tx@clk_gate_clink_ptr_reg[l_reg][9][head_ptr]@main_gate' (SEL-004)
Error: Nothing matched for cells (SEL-005)
Warning: No cell objects matched 'tx_core/dma_reg_tx@clk_gate_clink_ptr_reg[l_reg][9][head_ptr]@main_gate' (SEL-004)
Error: Nothing matched for cells (SEL-005)
Warning: No cell objects matched 'tx_core/dma_reg_tx@clk_gate_clink_ptr_reg[l_reg][9][head_ptr]@main_gate' (SEL-004)
Error: Nothing matched for cells (SEL-005)
Warning: No cell objects matched 'tx_core/dma_reg_tx@clk_gate_clink_ptr_reg[l_reg][8][head_ptr]@main_gate' (SEL-004)
Error: Nothing matched for cells (SEL-005)
Warning: No cell objects matched 'tx_core/dma_reg_tx@clk_gate_clink_ptr_reg[l_reg][8][head_ptr]@main_gate' (SEL-004)
Error: Nothing matched for cells (SEL-005)
Warning: No cell objects matched 'tx_core/dma_reg_tx@clk_gate_clink_ptr_reg[l_reg][8][head_ptr]@main_gate' (SEL-004)
Error: Nothing matched for cells (SEL-005)
Warning: No cell objects matched 'tx_core/dma_reg_tx@clk_gate_clink_ptr_reg[l_reg][8][head_ptr]@main_gate' (SEL-004)
Error: Nothing matched for cells (SEL-005)
Warning: No cell objects matched 'tx_core/dma_reg_tx@clk_gate_clink_ptr_reg[l_reg][7][head_ptr]@main_gate' (SEL-004)
Error: Nothing matched for cells (SEL-005)
Warning: No cell objects matched 'tx_core/dma_reg_tx@clk_gate_clink_ptr_reg[l_reg][7][head_ptr]@main_gate' (SEL-004)
Error: Nothing matched for cells (SEL-005)
Warning: No cell objects matched 'tx_core/dma_reg_tx@clk_gate_clink_ptr_reg[l_reg][7][head_ptr]@main_gate' (SEL-004)
Error: Nothing matched for cells (SEL-005)
Warning: No cell objects matched 'tx_core/dma_reg_tx@clk_gate_clink_ptr_reg[l_reg][7][head_ptr]@main_gate' (SEL-004)
Error: Nothing matched for cells (SEL-005)
Warning: No cell objects matched 'tx_core/dma_reg_tx@clk_gate_clink_ptr_reg[l_reg][6][head_ptr]@main_gate' (SEL-004)
Error: Nothing matched for cells (SEL-005)
Warning: No cell objects matched 'tx_core/dma_reg_tx@clk_gate_clink_ptr_reg[l_reg][6][head_ptr]@main_gate' (SEL-004)
Error: Nothing matched for cells (SEL-005)
Warning: No cell objects matched 'tx_core/dma_reg_tx@clk_gate_clink_ptr_reg[l_reg][6][head_ptr]@main_gate' (SEL-004)
Error: Nothing matched for cells (SEL-005)
Warning: No cell objects matched 'tx_core/dma_reg_tx@clk_gate_clink_ptr_reg[l_reg][6][head_ptr]@main_gate' (SEL-004)
Error: Nothing matched for cells (SEL-005)
Warning: No cell objects matched 'tx_core/dma_reg_tx@clk_gate_clink_ptr_reg[l_reg][5][head_ptr]@main_gate' (SEL-004)
Error: Nothing matched for cells (SEL-005)
Warning: No cell objects matched 'tx_core/dma_reg_tx@clk_gate_clink_ptr_reg[l_reg][5][head_ptr]@main_gate' (SEL-004)
Error: Nothing matched for cells (SEL-005)
Warning: No cell objects matched 'tx_core/dma_reg_tx@clk_gate_clink_ptr_reg[l_reg][5][head_ptr]@main_gate' (SEL-004)
Error: Nothing matched for cells (SEL-005)
Warning: No cell objects matched 'tx_core/dma_reg_tx@clk_gate_clink_ptr_reg[l_reg][5][head_ptr]@main_gate' (SEL-004)
Error: Nothing matched for cells (SEL-005)
Warning: No cell objects matched 'tx_core/dma_reg_tx@clk_gate_clink_ptr_reg[l_reg][4][head_ptr]@main_gate' (SEL-004)
Error: Nothing matched for cells (SEL-005)
Warning: No cell objects matched 'tx_core/dma_reg_tx@clk_gate_clink_ptr_reg[l_reg][4][head_ptr]@main_gate' (SEL-004)
Error: Nothing matched for cells (SEL-005)
Warning: No cell objects matched 'tx_core/dma_reg_tx@clk_gate_clink_ptr_reg[l_reg][4][head_ptr]@main_gate' (SEL-004)
Error: Nothing matched for cells (SEL-005)
Warning: No cell objects matched 'tx_core/dma_reg_tx@clk_gate_clink_ptr_reg[l_reg][4][head_ptr]@main_gate' (SEL-004)
Error: Nothing matched for cells (SEL-005)
Warning: No cell objects matched 'tx_core/dma_reg_tx@clk_gate_clink_ptr_reg[l_reg][3][head_ptr]@main_gate' (SEL-004)
Error: Nothing matched for cells (SEL-005)
Warning: No cell objects matched 'tx_core/dma_reg_tx@clk_gate_clink_ptr_reg[l_reg][3][head_ptr]@main_gate' (SEL-004)
Error: Nothing matched for cells (SEL-005)
Warning: No cell objects matched 'tx_core/dma_reg_tx@clk_gate_clink_ptr_reg[l_reg][3][head_ptr]@main_gate' (SEL-004)
Error: Nothing matched for cells (SEL-005)
Warning: No cell objects matched 'tx_core/dma_reg_tx@clk_gate_clink_ptr_reg[l_reg][3][head_ptr]@main_gate' (SEL-004)
Error: Nothing matched for cells (SEL-005)
Warning: No cell objects matched 'tx_core/dma_reg_tx@clk_gate_clink_ptr_reg[l_reg][2][head_ptr]@main_gate' (SEL-004)
Error: Nothing matched for cells (SEL-005)
Warning: No cell objects matched 'tx_core/dma_reg_tx@clk_gate_clink_ptr_reg[l_reg][2][head_ptr]@main_gate' (SEL-004)
Error: Nothing matched for cells (SEL-005)
Warning: No cell objects matched 'tx_core/dma_reg_tx@clk_gate_clink_ptr_reg[l_reg][2][head_ptr]@main_gate' (SEL-004)
Error: Nothing matched for cells (SEL-005)
Warning: No cell objects matched 'tx_core/dma_reg_tx@clk_gate_clink_ptr_reg[l_reg][2][head_ptr]@main_gate' (SEL-004)
Error: Nothing matched for cells (SEL-005)
Warning: No cell objects matched 'tx_core/dma_reg_tx@clk_gate_clink_ptr_reg[l_reg][1][head_ptr]@main_gate' (SEL-004)
Error: Nothing matched for cells (SEL-005)
Warning: No cell objects matched 'tx_core/dma_reg_tx@clk_gate_clink_ptr_reg[l_reg][1][head_ptr]@main_gate' (SEL-004)
Error: Nothing matched for cells (SEL-005)
Warning: No cell objects matched 'tx_core/dma_reg_tx@clk_gate_clink_ptr_reg[l_reg][1][head_ptr]@main_gate' (SEL-004)
Error: Nothing matched for cells (SEL-005)
Warning: No cell objects matched 'tx_core/dma_reg_tx@clk_gate_clink_ptr_reg[l_reg][1][head_ptr]@main_gate' (SEL-004)
Error: Nothing matched for cells (SEL-005)
Warning: No cell objects matched 'tx_core/dma_reg_tx@clk_gate_clink_ptr_reg[l_reg][0][head_ptr]@main_gate' (SEL-004)
Error: Nothing matched for cells (SEL-005)
Warning: No cell objects matched 'tx_core/dma_reg_tx@clk_gate_clink_ptr_reg[l_reg][0][head_ptr]@main_gate' (SEL-004)
Error: Nothing matched for cells (SEL-005)
Warning: No cell objects matched 'tx_core/dma_reg_tx@clk_gate_clink_ptr_reg[l_reg][0][head_ptr]@main_gate' (SEL-004)
Error: Nothing matched for cells (SEL-005)
Warning: No cell objects matched 'tx_core/dma_reg_tx@clk_gate_clink_ptr_reg[l_reg][0][head_ptr]@main_gate' (SEL-004)
Error: Nothing matched for cells (SEL-005)
Warning: No cell objects matched 'tx_core/axi_master@link_addr_1_fifo/clk_gate_data_mem_reg[0]@main_gate' (SEL-004)
Error: Nothing matched for cells (SEL-005)
Warning: No cell objects matched 'tx_core/axi_master@link_addr_1_fifo/clk_gate_data_mem_reg[0]@main_gate' (SEL-004)
Error: Nothing matched for cells (SEL-005)
Warning: No cell objects matched 'tx_core/axi_master@link_addr_1_fifo/clk_gate_data_mem_reg[0]@main_gate' (SEL-004)
Error: Nothing matched for cells (SEL-005)
Warning: No cell objects matched 'tx_core/axi_master@link_addr_1_fifo/clk_gate_data_mem_reg[0]@main_gate' (SEL-004)
Error: Nothing matched for cells (SEL-005)
Warning: No cell objects matched 'tx_core/axi_master@link_addr_1_fifo/clk_gate_data_mem_reg[1]@main_gate' (SEL-004)
Error: Nothing matched for cells (SEL-005)
Warning: No cell objects matched 'tx_core/axi_master@link_addr_1_fifo/clk_gate_data_mem_reg[1]@main_gate' (SEL-004)
Error: Nothing matched for cells (SEL-005)
Warning: No cell objects matched 'tx_core/axi_master@link_addr_1_fifo/clk_gate_data_mem_reg[1]@main_gate' (SEL-004)
Error: Nothing matched for cells (SEL-005)
Warning: No cell objects matched 'tx_core/axi_master@link_addr_1_fifo/clk_gate_data_mem_reg[1]@main_gate' (SEL-004)
Error: Nothing matched for cells (SEL-005)
Warning: No cell objects matched 'tx_core/axi_master@link_addr_0_fifo/clk_gate_data_mem_reg[0]@main_gate' (SEL-004)
Error: Nothing matched for cells (SEL-005)
Warning: No cell objects matched 'tx_core/axi_master@link_addr_0_fifo/clk_gate_data_mem_reg[0]@main_gate' (SEL-004)
Error: Nothing matched for cells (SEL-005)
Warning: No cell objects matched 'tx_core/axi_master@link_addr_0_fifo/clk_gate_data_mem_reg[0]@main_gate' (SEL-004)
Error: Nothing matched for cells (SEL-005)
Warning: No cell objects matched 'tx_core/axi_master@link_addr_0_fifo/clk_gate_data_mem_reg[0]@main_gate' (SEL-004)
Error: Nothing matched for cells (SEL-005)
Warning: No cell objects matched 'tx_core/axi_master@link_addr_0_fifo/clk_gate_data_mem_reg[1]@main_gate' (SEL-004)
Error: Nothing matched for cells (SEL-005)
Warning: No cell objects matched 'tx_core/axi_master@link_addr_0_fifo/clk_gate_data_mem_reg[1]@main_gate' (SEL-004)
Error: Nothing matched for cells (SEL-005)
Warning: No cell objects matched 'tx_core/axi_master@link_addr_0_fifo/clk_gate_data_mem_reg[1]@main_gate' (SEL-004)
Error: Nothing matched for cells (SEL-005)
Warning: No cell objects matched 'tx_core/axi_master@link_addr_0_fifo/clk_gate_data_mem_reg[1]@main_gate' (SEL-004)
Error: Nothing matched for cells (SEL-005)
Warning: No cell objects matched 'tx_core/axi_master@link_addr_2_fifo/clk_gate_data_mem_reg[0]@main_gate' (SEL-004)
Error: Nothing matched for cells (SEL-005)
Warning: No cell objects matched 'tx_core/axi_master@link_addr_2_fifo/clk_gate_data_mem_reg[0]@main_gate' (SEL-004)
Error: Nothing matched for cells (SEL-005)
Warning: No cell objects matched 'tx_core/axi_master@link_addr_2_fifo/clk_gate_data_mem_reg[0]@main_gate' (SEL-004)
Error: Nothing matched for cells (SEL-005)
Warning: No cell objects matched 'tx_core/axi_master@link_addr_2_fifo/clk_gate_data_mem_reg[0]@main_gate' (SEL-004)
Error: Nothing matched for cells (SEL-005)
Warning: No cell objects matched 'tx_core/axi_master@link_addr_2_fifo/clk_gate_data_mem_reg[1]@main_gate' (SEL-004)
Error: Nothing matched for cells (SEL-005)
Warning: No cell objects matched 'tx_core/axi_master@link_addr_2_fifo/clk_gate_data_mem_reg[1]@main_gate' (SEL-004)
Error: Nothing matched for cells (SEL-005)
Warning: No cell objects matched 'tx_core/axi_master@link_addr_2_fifo/clk_gate_data_mem_reg[1]@main_gate' (SEL-004)
Error: Nothing matched for cells (SEL-005)
Warning: No cell objects matched 'tx_core/axi_master@link_addr_2_fifo/clk_gate_data_mem_reg[1]@main_gate' (SEL-004)
Error: Nothing matched for cells (SEL-005)
Warning: No cell objects matched 'tx_core/axi_master@clk_gate_haddr1_d_reg@main_gate' (SEL-004)
Error: Nothing matched for cells (SEL-005)
Warning: No cell objects matched 'tx_core/axi_master@clk_gate_haddr1_d_reg@main_gate' (SEL-004)
Error: Nothing matched for cells (SEL-005)
Warning: No cell objects matched 'tx_core/axi_master@clk_gate_haddr1_d_reg@main_gate' (SEL-004)
Error: Nothing matched for cells (SEL-005)
Warning: No cell objects matched 'tx_core/axi_master@clk_gate_haddr1_d_reg@main_gate' (SEL-004)
Error: Nothing matched for cells (SEL-005)
Warning: No cell objects matched 'tx_core/axi_master@clk_gate_haddr0_d_reg@main_gate' (SEL-004)
Error: Nothing matched for cells (SEL-005)
Warning: No cell objects matched 'tx_core/axi_master@clk_gate_haddr0_d_reg@main_gate' (SEL-004)
Error: Nothing matched for cells (SEL-005)
Warning: No cell objects matched 'tx_core/axi_master@clk_gate_haddr0_d_reg@main_gate' (SEL-004)
Error: Nothing matched for cells (SEL-005)
Warning: No cell objects matched 'tx_core/axi_master@clk_gate_haddr0_d_reg@main_gate' (SEL-004)
Error: Nothing matched for cells (SEL-005)
Warning: No cell objects matched 'tx_core/axi_master@clk_gate_ctrl_hdr2_d_reg[last_bvalid]@main_gate' (SEL-004)
Error: Nothing matched for cells (SEL-005)
Warning: No cell objects matched 'tx_core/axi_master@clk_gate_ctrl_hdr2_d_reg[last_bvalid]@main_gate' (SEL-004)
Error: Nothing matched for cells (SEL-005)
Warning: No cell objects matched 'tx_core/axi_master@clk_gate_ctrl_hdr2_d_reg[last_bvalid]@main_gate' (SEL-004)
Error: Nothing matched for cells (SEL-005)
Warning: No cell objects matched 'tx_core/axi_master@clk_gate_ctrl_hdr2_d_reg[last_bvalid]@main_gate' (SEL-004)
Error: Nothing matched for cells (SEL-005)
Warning: No cell objects matched 'tx_core/axi_master@clk_gate_link_datain_2_d_reg@main_gate' (SEL-004)
Error: Nothing matched for cells (SEL-005)
Warning: No cell objects matched 'tx_core/axi_master@clk_gate_link_datain_2_d_reg@main_gate' (SEL-004)
Error: Nothing matched for cells (SEL-005)
Warning: No cell objects matched 'tx_core/axi_master@clk_gate_link_datain_2_d_reg@main_gate' (SEL-004)
Error: Nothing matched for cells (SEL-005)
Warning: No cell objects matched 'tx_core/axi_master@clk_gate_link_datain_2_d_reg@main_gate' (SEL-004)
Error: Nothing matched for cells (SEL-005)
Warning: No cell objects matched 'tx_core/axi_master@clk_gate_link_datain_1_d_reg@main_gate' (SEL-004)
Error: Nothing matched for cells (SEL-005)
Warning: No cell objects matched 'tx_core/axi_master@clk_gate_link_datain_1_d_reg@main_gate' (SEL-004)
Error: Nothing matched for cells (SEL-005)
Warning: No cell objects matched 'tx_core/axi_master@clk_gate_link_datain_1_d_reg@main_gate' (SEL-004)
Error: Nothing matched for cells (SEL-005)
Warning: No cell objects matched 'tx_core/axi_master@clk_gate_link_datain_1_d_reg@main_gate' (SEL-004)
Error: Nothing matched for cells (SEL-005)
Warning: No cell objects matched 'tx_core/axi_master@clk_gate_link_datain_0_d_reg@main_gate' (SEL-004)
Error: Nothing matched for cells (SEL-005)
Warning: No cell objects matched 'tx_core/axi_master@clk_gate_link_datain_0_d_reg@main_gate' (SEL-004)
Error: Nothing matched for cells (SEL-005)
Warning: No cell objects matched 'tx_core/axi_master@clk_gate_link_datain_0_d_reg@main_gate' (SEL-004)
Error: Nothing matched for cells (SEL-005)
Warning: No cell objects matched 'tx_core/axi_master@clk_gate_link_datain_0_d_reg@main_gate' (SEL-004)
Error: Nothing matched for cells (SEL-005)
Warning: No cell objects matched 'tx_core/axi_master@clk_gate_pfifo_datain_1_d_reg@main_gate' (SEL-004)
Error: Nothing matched for cells (SEL-005)
Warning: No cell objects matched 'tx_core/axi_master@clk_gate_pfifo_datain_1_d_reg@main_gate' (SEL-004)
Error: Nothing matched for cells (SEL-005)
Warning: No cell objects matched 'tx_core/axi_master@clk_gate_pfifo_datain_1_d_reg@main_gate' (SEL-004)
Error: Nothing matched for cells (SEL-005)
Warning: No cell objects matched 'tx_core/axi_master@clk_gate_pfifo_datain_1_d_reg@main_gate' (SEL-004)
Error: Nothing matched for cells (SEL-005)
Warning: No cell objects matched 'tx_core/axi_master@clk_gate_pfifo_datain_0_d_reg@main_gate' (SEL-004)
Error: Nothing matched for cells (SEL-005)
Warning: No cell objects matched 'tx_core/axi_master@clk_gate_pfifo_datain_0_d_reg@main_gate' (SEL-004)
Error: Nothing matched for cells (SEL-005)
Warning: No cell objects matched 'tx_core/axi_master@clk_gate_pfifo_datain_0_d_reg@main_gate' (SEL-004)
Error: Nothing matched for cells (SEL-005)
Warning: No cell objects matched 'tx_core/axi_master@clk_gate_pfifo_datain_0_d_reg@main_gate' (SEL-004)
Error: Nothing matched for cells (SEL-005)
Warning: No cell objects matched 'tx_core/axi_master@clk_gate_pfifo_datain_ctrl2_d_reg@main_gate' (SEL-004)
Error: Nothing matched for cells (SEL-005)
Warning: No cell objects matched 'tx_core/axi_master@clk_gate_pfifo_datain_ctrl2_d_reg@main_gate' (SEL-004)
Error: Nothing matched for cells (SEL-005)
Warning: No cell objects matched 'tx_core/axi_master@clk_gate_pfifo_datain_ctrl2_d_reg@main_gate' (SEL-004)
Error: Nothing matched for cells (SEL-005)
Warning: No cell objects matched 'tx_core/axi_master@clk_gate_pfifo_datain_ctrl2_d_reg@main_gate' (SEL-004)
Error: Nothing matched for cells (SEL-005)
1
1
#set_disable_timing [get_lib_pins ssc_core_typ/*/G]
#####################################################################
#       set transition time / annotate parasitics
#####################################################################
read_parasitics		../../pt_syn_cg/tc240/eth_core.spf
Information: Log for 'read_parasitics command' will be generated in 'parasitics_command.log'. (PARA-107)
1
#####################################################################
#       check/update/report timing
#####################################################################
check_timing 
Warning: Some timing arcs have been disabled for breaking timing loops or because of constant propagation. Use the 'report_disable_timing' command to get the list of these disabled timing arcs. (PTE-003)
Information: Checking 'no_input_delay'.
Information: Checking 'no_driving_cell'.
Information: Checking 'unconstrained_endpoints'.
Warning: There are 609 endpoints which are not constrained for maximum delay.

Information: Checking 'unexpandable_clocks'.
Information: Checking 'latch_fanout'.
Information: Checking 'no_clock'.
Warning: There are 231 register clock pins with no clock.

Information: Checking 'partial_input_delay'.
Information: Checking 'generic'.
Information: Checking 'loops'.
Information: Checking 'generated_clocks'.
Information: Checking 'pulse_clock_non_pulse_clock_merge'.
Information: Checking 'pll_configuration'.
0
update_timing
1
report_timing
****************************************
Report : timing
	-path_type full
	-delay_type max
	-max_paths 1
	-sort_by slack
Design : eth_core
Version: K-2015.12-SP1
Date   : Fri Nov 11 19:04:54 2016
****************************************


  Startpoint: tx_core/QOS_selector/qos/srv_cnt0_d_reg[3]
               (rising edge-triggered flip-flop clocked by clk)
  Endpoint: tx_core/QOS_selector/qos/srv_cnt0_d_reg[0]
               (rising edge-triggered flip-flop clocked by clk)
  Path Group: clk
  Path Type: max

  Point                                                   Incr       Path
  ------------------------------------------------------------------------------
  clock clk (rise edge)                                   0.00       0.00
  clock network delay (ideal)                             0.00       0.00
  tx_core/QOS_selector/qos/srv_cnt0_d_reg[3]/CP (CFD2QXL)
                                                          0.00       0.00 r
  tx_core/QOS_selector/qos/srv_cnt0_d_reg[3]/Q (CFD2QXL)
                                                          0.65       0.65 r
  U2401/Z (CNR2X1)                                        0.13       0.77 f
  U2404/Z (CND3X1)                                        0.09       0.86 r
  U2411/Z (CND2X1)                                        0.18       1.04 f
  U2418/Z (CNR2X2)                                        0.14       1.18 r
  U1811/Z (CNR2X1)                                        0.10       1.29 f
  U1776/Z (CNR2X2)                                        0.09       1.38 r
  U1775/Z (CND2X2)                                        0.09       1.47 f
  U1280/Z (CIVX3)                                         0.06       1.52 r
  U1772/Z (CND4X4)                                        0.15       1.67 f
  U1782/Z (CND2X4)                                        0.08       1.75 r
  U1797/Z (CND2X4)                                        0.08       1.83 f
  U1795/Z (CND2X4)                                        0.12       1.95 r
  U1789/Z (CMX2X1)                                        0.27       2.22 f
  U1786/Z (CEN3X2)                                        0.42       2.64 r
  U1785/Z (CENX2)                                         0.15       2.80 r
  U1784/Z (CENX2)                                         0.14       2.93 f
  U1904/Z (CNR2X4)                                        0.09       3.03 r
  U1903/Z (CND3X4)                                        0.14       3.17 f
  U1752/Z (CIVX8)                                         0.11       3.28 r
  U3225/Z (CNR2X1)                                        0.08       3.35 f
  tx_core/QOS_selector/qos/srv_cnt0_d_reg[0]/D (CFD2XL)
                                                          0.00       3.35 f
  data arrival time                                                  3.35

  clock clk (rise edge)                                   4.50       4.50
  clock network delay (ideal)                             0.00       4.50
  clock reconvergence pessimism                           0.00       4.50
  clock uncertainty                                      -0.25       4.25
  tx_core/QOS_selector/qos/srv_cnt0_d_reg[0]/CP (CFD2XL)             4.25 r
  library setup time                                     -0.22       4.03
  data required time                                                 4.03
  ------------------------------------------------------------------------------
  data required time                                                 4.03
  data arrival time                                                 -3.35
  ------------------------------------------------------------------------------
  slack (MET)                                                        0.68


1
#####################################################################
#       check/update/report power 
#####################################################################
check_power
Information: Checked out license 'PrimeTime-PX' (PT-019)
Information: The power model is different from the delay model in the library.  (PLIB-161)
Information: Checking 'out_of_table_range'.
Warning: There are 989 out_of_range ramps.
Information: Checking 'missing_table'.
Warning: There are 113 library cells without leakage power tables.
Information: Checking 'missing_function'.
Warning: There are 10 library cells without function.
0
update_power
Warning: The hierarchical cell 'tx_core/dma_reg_tx' is an empty cell (PWR-278)
Warning: The hierarchical cell 'tx_core/tx_crc/crcpkt0' is an empty cell (PWR-278)
Warning: The hierarchical cell 'tx_core/tx_rs/clk_gate_xgmii_txd_d_reg' is an empty cell (PWR-278)
Warning: The hierarchical cell 'tx_core/tx_crc/crcpkt2' is an empty cell (PWR-278)
Warning: The hierarchical cell 'tx_core/tx_crc/crcpkt1' is an empty cell (PWR-278)
Warning: The hierarchical cell 'tx_core/tx_rs/clk_gate_crc_tx_d_reg' is an empty cell (PWR-278)
Warning: The hierarchical cell 'tx_core/tx_rs/clk_gate_pkt_ctrl_d_reg' is an empty cell (PWR-278)
Warning: The hierarchical cell 'tx_core/tx_rs/clk_gate_crc_left_d_reg' is an empty cell (PWR-278)
Warning: The hierarchical cell 'tx_core/tx_rs/clk_gate_wakeuptimer_d_reg' is an empty cell (PWR-278)
Warning: The hierarchical cell 'tx_core/axi_master' is an empty cell (PWR-278)
Warning: Neither event file or switching activity data present for power estimation. The command will propagate switching activity values for power calculation.  (PWR-246)
Information: Running switching activity propagation with 4 threads!
Information: Running averaged power analysis... (PWR-601)
Information: Running power calculation with 4 threads. (PWR-602)
1
report_power -hierarchy > vf.rpt
quit
Suppressed Messages Summary:
Id          Severity      Occurrences   Suppressed
-------------------------------------------------------------------------------
PARA-123    Warning             18958        18858
Total 1 type of message is suppressed

Timing updates: 1 (1 implicit, 0 explicit) (0 incremental, 1 full, 0 logical)
Noise updates: 0 (0 implicit, 0 explicit) (0 incremental, 0 full)
Maximum memory usage for this session: 657.01 MB
CPU usage for this session: 3 seconds 
Elapsed time for this session: 2 seconds
Diagnostics summary: 336 errors, 447 warnings, 19 informationals

Thank you for using pt_shell!
