###############################################################
#  Generated by:      Cadence Encounter 09.14-s273_1
#  OS:                Linux x86_64(Host ID coe-ee-cad45.sjsuad.sjsu.edu)
#  Generated on:      Tue Nov  8 22:15:29 2016
#  Command:           verifyConnectivity -type all
###############################################################
Verify Connectivity Report created on Tue Nov  8 22:15:29 2016



Net FECTS_clks_clk___L4_N9: dangling Wire at (118.560, 110.485) (118.560, 110.485) on layer: M1
Net FECTS_clks_clk___L4_N9: dangling Wire at (109.440, 110.485) (109.440, 110.485) on layer: M1
Net FECTS_clks_clk___L4_N9: dangling Wire at (102.980, 110.485) (102.980, 110.485) on layer: M1
Net FECTS_clks_clk___L4_N9: dangling Wire at (101.080, 115.330) (101.080, 115.330) on layer: M1
Net FECTS_clks_clk___L4_N9: dangling Wire at (98.040, 117.515) (98.040, 117.515) on layer: M1
Net FECTS_clks_clk___L4_N9: dangling Wire at (96.140, 112.575) (96.140, 112.575) on layer: M1
Net FECTS_clks_clk___L4_N9: dangling Wire at (95.760, 110.485) (95.760, 110.485) on layer: M1
Net FECTS_clks_clk___L4_N9: dangling Wire at (95.380, 115.330) (95.380, 115.330) on layer: M1
Net FECTS_clks_clk___L4_N9: dangling Wire at (87.400, 115.330) (87.400, 115.330) on layer: M1
Net FECTS_clks_clk___L4_N9: dangling Wire at (85.120, 112.575) (85.120, 112.575) on layer: M1
Net FECTS_clks_clk___L4_N9: dangling Wire at (77.520, 110.485) (77.520, 110.485) on layer: M1
Net FECTS_clks_clk___L4_N9: dangling Wire at (77.140, 112.670) (77.140, 112.670) on layer: M1
Net FECTS_clks_clk___L4_N9: dangling Wire at (73.625, 111.720) (73.625, 111.720) on layer: M1
Net FECTS_clks_clk___L4_N9: dangling Wire at (73.340, 115.330) (73.340, 115.330) on layer: M1
Net FECTS_clks_clk___L4_N9: dangling Wire at (71.060, 110.485) (71.060, 110.485) on layer: M1
Net FECTS_clks_clk___L4_N9: dangling Wire at (69.540, 112.575) (69.540, 112.575) on layer: M1
Net FECTS_clks_clk___L4_N9: dangling Wire at (64.980, 117.515) (64.980, 117.515) on layer: M1
Net FECTS_clks_clk___L4_N9: dangling Wire at (63.460, 112.575) (63.460, 112.575) on layer: M1
Net FECTS_clks_clk___L4_N9: dangling Wire at (62.700, 110.485) (62.700, 110.485) on layer: M1
Net FECTS_clks_clk___L4_N9: dangling Wire at (55.100, 117.515) (55.100, 117.515) on layer: M1
Net FECTS_clks_clk___L4_N9: dangling Wire at (48.260, 110.485) (48.260, 110.485) on layer: M1
Net FECTS_clks_clk___L4_N9: dangling Wire at (32.680, 117.515) (32.680, 117.515) on layer: M1
Net FECTS_clks_clk___L4_N9: dangling Wire at (29.260, 110.485) (29.260, 110.485) on layer: M1
Net FECTS_clks_clk___L4_N9: dangling Wire at (26.220, 115.425) (26.220, 115.425) on layer: M1
Net FECTS_clks_clk___L4_N9: dangling Wire at (25.840, 112.575) (25.840, 112.575) on layer: M1
Net FECTS_clks_clk___L4_N8: dangling Wire at (118.560, 102.695) (118.560, 102.695) on layer: M1
Net FECTS_clks_clk___L4_N8: dangling Wire at (118.180, 100.605) (118.180, 100.605) on layer: M1
Net FECTS_clks_clk___L4_N8: dangling Wire at (112.100, 105.545) (112.100, 105.545) on layer: M1
Net FECTS_clks_clk___L4_N8: dangling Wire at (110.960, 102.695) (110.960, 102.695) on layer: M1
Net FECTS_clks_clk___L4_N8: dangling Wire at (106.780, 107.635) (106.780, 107.635) on layer: M1
Net FECTS_clks_clk___L4_N8: dangling Wire at (101.460, 105.545) (101.460, 105.545) on layer: M1
Net FECTS_clks_clk___L4_N8: dangling Wire at (97.280, 105.545) (97.280, 105.545) on layer: M1
Net FECTS_clks_clk___L4_N8: dangling Wire at (96.900, 107.635) (96.900, 107.635) on layer: M1
Net FECTS_clks_clk___L4_N8: dangling Wire at (92.340, 105.545) (92.340, 105.545) on layer: M1
Net FECTS_clks_clk___L4_N8: dangling Wire at (90.060, 107.635) (90.060, 107.635) on layer: M1
Net FECTS_clks_clk___L4_N8: dangling Wire at (89.300, 102.790) (89.300, 102.790) on layer: M1
Net FECTS_clks_clk___L4_N8: dangling Wire at (83.600, 102.790) (83.600, 102.790) on layer: M1
Net FECTS_clks_clk___L4_N8: dangling Wire at (81.320, 105.545) (81.320, 105.545) on layer: M1
Net FECTS_clks_clk___L4_N8: dangling Wire at (78.660, 102.790) (78.660, 102.790) on layer: M1
Net FECTS_clks_clk___L4_N8: dangling Wire at (74.765, 102.980) (74.765, 102.980) on layer: M1
Net FECTS_clks_clk___L4_N8: dangling Wire at (73.720, 105.545) (73.720, 105.545) on layer: M1
Net FECTS_clks_clk___L4_N8: dangling Wire at (67.260, 107.635) (67.260, 107.635) on layer: M1
Net FECTS_clks_clk___L4_N8: dangling Wire at (66.500, 102.695) (66.500, 102.695) on layer: M1
Net FECTS_clks_clk___L4_N8: dangling Wire at (64.220, 105.545) (64.220, 105.545) on layer: M1
Net FECTS_clks_clk___L4_N8: dangling Wire at (61.180, 102.695) (61.180, 102.695) on layer: M1
Net FECTS_clks_clk___L4_N8: dangling Wire at (58.900, 107.635) (58.900, 107.635) on layer: M1
Net FECTS_clks_clk___L4_N8: dangling Wire at (57.000, 105.545) (57.000, 105.545) on layer: M1
Net FECTS_clks_clk___L4_N8: dangling Wire at (47.500, 102.695) (47.500, 102.695) on layer: M1
Net FECTS_clks_clk___L4_N8: dangling Wire at (29.260, 102.695) (29.260, 102.695) on layer: M1
Net FECTS_clks_clk___L4_N7: dangling Wire at (114.760, 95.665) (114.760, 95.665) on layer: M1
Net FECTS_clks_clk___L4_N7: dangling Wire at (113.240, 97.755) (113.240, 97.755) on layer: M1
Net FECTS_clks_clk___L4_N7: dangling Wire at (109.440, 100.605) (109.440, 100.605) on layer: M1
Net FECTS_clks_clk___L4_N7: dangling Wire at (108.300, 97.755) (108.300, 97.755) on layer: M1
Net FECTS_clks_clk___L4_N7: dangling Wire at (105.260, 100.605) (105.260, 100.605) on layer: M1
Net FECTS_clks_clk___L4_N7: dangling Wire at (104.880, 95.665) (104.880, 95.665) on layer: M1
Net FECTS_clks_clk___L4_N7: dangling Wire at (102.980, 92.815) (102.980, 92.815) on layer: M1
Net FECTS_clks_clk___L4_N7: dangling Wire at (101.080, 100.605) (101.080, 100.605) on layer: M1
Net FECTS_clks_clk___L4_N7: dangling Wire at (100.320, 97.755) (100.320, 97.755) on layer: M1
Net FECTS_clks_clk___L4_N7: dangling Wire at (96.140, 95.665) (96.140, 95.665) on layer: M1
Net FECTS_clks_clk___L4_N7: dangling Wire at (94.240, 97.755) (94.240, 97.755) on layer: M1
Net FECTS_clks_clk___L4_N7: dangling Wire at (93.100, 100.605) (93.100, 100.605) on layer: M1
Net FECTS_clks_clk___L4_N7: dangling Wire at (87.400, 97.755) (87.400, 97.755) on layer: M1
Net FECTS_clks_clk___L4_N7: dangling Wire at (85.500, 95.665) (85.500, 95.665) on layer: M1
Net FECTS_clks_clk___L4_N7: dangling Wire at (80.940, 97.755) (80.940, 97.755) on layer: M1
Net FECTS_clks_clk___L4_N7: dangling Wire at (76.760, 97.755) (76.760, 97.755) on layer: M1
Net FECTS_clks_clk___L4_N7: dangling Wire at (73.720, 100.605) (73.720, 100.605) on layer: M1
Net FECTS_clks_clk___L4_N7: dangling Wire at (71.725, 96.520) (71.725, 96.520) on layer: M1
Net FECTS_clks_clk___L4_N7: dangling Wire at (71.060, 97.755) (71.060, 97.755) on layer: M1
Net FECTS_clks_clk___L4_N7: dangling Wire at (64.980, 97.755) (64.980, 97.755) on layer: M1
Net FECTS_clks_clk___L4_N7: dangling Wire at (56.620, 95.665) (56.620, 95.665) on layer: M1
Net FECTS_clks_clk___L4_N7: dangling Wire at (47.120, 97.755) (47.120, 97.755) on layer: M1
Net FECTS_clks_clk___L4_N7: dangling Wire at (41.800, 100.605) (41.800, 100.605) on layer: M1
Net FECTS_clks_clk___L4_N7: dangling Wire at (32.680, 95.665) (32.680, 95.665) on layer: M1
Net FECTS_clks_clk___L4_N7: dangling Wire at (28.500, 95.665) (28.500, 95.665) on layer: M1
Net FECTS_clks_clk___L4_N6: dangling Wire at (110.580, 90.725) (110.580, 90.725) on layer: M1
Net FECTS_clks_clk___L4_N6: dangling Wire at (109.060, 85.785) (109.060, 85.785) on layer: M1
Net FECTS_clks_clk___L4_N6: dangling Wire at (107.540, 82.935) (107.540, 82.935) on layer: M1
Net FECTS_clks_clk___L4_N6: dangling Wire at (102.980, 90.725) (102.980, 90.725) on layer: M1
Net FECTS_clks_clk___L4_N6: dangling Wire at (99.940, 82.935) (99.940, 82.935) on layer: M1
Net FECTS_clks_clk___L4_N6: dangling Wire at (97.660, 90.725) (97.660, 90.725) on layer: M1
Net FECTS_clks_clk___L4_N6: dangling Wire at (93.480, 87.970) (93.480, 87.970) on layer: M1
Net FECTS_clks_clk___L4_N6: dangling Wire at (93.100, 92.815) (93.100, 92.815) on layer: M1
Net FECTS_clks_clk___L4_N6: dangling Wire at (88.920, 90.725) (88.920, 90.725) on layer: M1
Net FECTS_clks_clk___L4_N6: dangling Wire at (86.260, 82.935) (86.260, 82.935) on layer: M1
Net FECTS_clks_clk___L4_N6: dangling Wire at (83.980, 85.785) (83.980, 85.785) on layer: M1
Net FECTS_clks_clk___L4_N6: dangling Wire at (82.460, 90.725) (82.460, 90.725) on layer: M1
Net FECTS_clks_clk___L4_N6: dangling Wire at (79.800, 85.785) (79.800, 85.785) on layer: M1
Net FECTS_clks_clk___L4_N6: dangling Wire at (74.480, 82.935) (74.480, 82.935) on layer: M1
Net FECTS_clks_clk___L4_N6: dangling Wire at (73.340, 92.815) (73.340, 92.815) on layer: M1
Net FECTS_clks_clk___L4_N6: dangling Wire at (66.785, 88.160) (66.785, 88.160) on layer: M1
Net FECTS_clks_clk___L4_N6: dangling Wire at (64.980, 92.815) (64.980, 92.815) on layer: M1
Net FECTS_clks_clk___L4_N6: dangling Wire at (52.440, 82.935) (52.440, 82.935) on layer: M1
Net FECTS_clks_clk___L4_N6: dangling Wire at (51.300, 90.725) (51.300, 90.725) on layer: M1
Net FECTS_clks_clk___L4_N6: dangling Wire at (47.500, 82.935) (47.500, 82.935) on layer: M1
Net FECTS_clks_clk___L4_N6: dangling Wire at (39.140, 85.785) (39.140, 85.785) on layer: M1
Net FECTS_clks_clk___L4_N6: dangling Wire at (32.680, 87.875) (32.680, 87.875) on layer: M1
Net FECTS_clks_clk___L4_N6: dangling Wire at (28.500, 87.875) (28.500, 87.875) on layer: M1
Net FECTS_clks_clk___L4_N6: dangling Wire at (22.800, 90.725) (22.800, 90.725) on layer: M1
Net FECTS_clks_clk___L4_N5: dangling Wire at (117.800, 75.905) (117.800, 75.905) on layer: M1
Net FECTS_clks_clk___L4_N5: dangling Wire at (116.280, 77.995) (116.280, 77.995) on layer: M1
Net FECTS_clks_clk___L4_N5: dangling Wire at (115.900, 80.845) (115.900, 80.845) on layer: M1
Net FECTS_clks_clk___L4_N5: dangling Wire at (114.000, 73.055) (114.000, 73.055) on layer: M1
Net FECTS_clks_clk___L4_N5: dangling Wire at (107.920, 75.905) (107.920, 75.905) on layer: M1
Net FECTS_clks_clk___L4_N5: dangling Wire at (106.780, 80.845) (106.780, 80.845) on layer: M1
Net FECTS_clks_clk___L4_N5: dangling Wire at (102.600, 77.995) (102.600, 77.995) on layer: M1
Net FECTS_clks_clk___L4_N5: dangling Wire at (99.180, 80.845) (99.180, 80.845) on layer: M1
Net FECTS_clks_clk___L4_N5: dangling Wire at (97.280, 75.905) (97.280, 75.905) on layer: M1
Net FECTS_clks_clk___L4_N5: dangling Wire at (93.480, 80.845) (93.480, 80.845) on layer: M1
Net FECTS_clks_clk___L4_N5: dangling Wire at (92.720, 77.995) (92.720, 77.995) on layer: M1
Net FECTS_clks_clk___L4_N5: dangling Wire at (90.440, 73.055) (90.440, 73.055) on layer: M1
Net FECTS_clks_clk___L4_N5: dangling Wire at (88.160, 77.995) (88.160, 77.995) on layer: M1
Net FECTS_clks_clk___L4_N5: dangling Wire at (85.500, 80.845) (85.500, 80.845) on layer: M1
Net FECTS_clks_clk___L4_N5: dangling Wire at (84.740, 73.055) (84.740, 73.055) on layer: M1
Net FECTS_clks_clk___L4_N5: dangling Wire at (77.900, 77.995) (77.900, 77.995) on layer: M1
Net FECTS_clks_clk___L4_N5: dangling Wire at (73.340, 77.995) (73.340, 77.995) on layer: M1
Net FECTS_clks_clk___L4_N5: dangling Wire at (71.440, 75.905) (71.440, 75.905) on layer: M1
Net FECTS_clks_clk___L4_N5: dangling Wire at (70.395, 75.620) (70.395, 75.620) on layer: M1
Net FECTS_clks_clk___L4_N5: dangling Wire at (64.220, 77.995) (64.220, 77.995) on layer: M1
Net FECTS_clks_clk___L4_N5: dangling Wire at (57.760, 75.905) (57.760, 75.905) on layer: M1
Net FECTS_clks_clk___L4_N5: dangling Wire at (32.300, 75.905) (32.300, 75.905) on layer: M1
Net FECTS_clks_clk___L4_N5: dangling Wire at (22.800, 80.845) (22.800, 80.845) on layer: M1
Net FECTS_clks_clk___L4_N5: dangling Wire at (22.040, 75.905) (22.040, 75.905) on layer: M1
Net FECTS_clks_clk___L4_N4: dangling Wire at (118.560, 66.025) (118.560, 66.025) on layer: M1
Net FECTS_clks_clk___L4_N4: dangling Wire at (114.760, 70.870) (114.760, 70.870) on layer: M1
Net FECTS_clks_clk___L4_N4: dangling Wire at (112.480, 66.025) (112.480, 66.025) on layer: M1
Net FECTS_clks_clk___L4_N4: dangling Wire at (109.820, 70.870) (109.820, 70.870) on layer: M1
Net FECTS_clks_clk___L4_N4: dangling Wire at (109.820, 68.210) (109.820, 68.210) on layer: M1
Net FECTS_clks_clk___L4_N4: dangling Wire at (108.680, 63.175) (108.680, 63.175) on layer: M1
Net FECTS_clks_clk___L4_N4: dangling Wire at (108.300, 66.025) (108.300, 66.025) on layer: M1
Net FECTS_clks_clk___L4_N4: dangling Wire at (105.260, 70.870) (105.260, 70.870) on layer: M1
Net FECTS_clks_clk___L4_N4: dangling Wire at (101.080, 68.115) (101.080, 68.115) on layer: M1
Net FECTS_clks_clk___L4_N4: dangling Wire at (95.760, 66.025) (95.760, 66.025) on layer: M1
Net FECTS_clks_clk___L4_N4: dangling Wire at (95.000, 70.870) (95.000, 70.870) on layer: M1
Net FECTS_clks_clk___L4_N4: dangling Wire at (93.480, 61.085) (93.480, 61.085) on layer: M1
Net FECTS_clks_clk___L4_N4: dangling Wire at (89.680, 66.025) (89.680, 66.025) on layer: M1
Net FECTS_clks_clk___L4_N4: dangling Wire at (86.640, 70.870) (86.640, 70.870) on layer: M1
Net FECTS_clks_clk___L4_N4: dangling Wire at (86.260, 68.210) (86.260, 68.210) on layer: M1
Net FECTS_clks_clk___L4_N4: dangling Wire at (73.720, 66.025) (73.720, 66.025) on layer: M1
Net FECTS_clks_clk___L4_N4: dangling Wire at (70.205, 66.880) (70.205, 66.880) on layer: M1
Net FECTS_clks_clk___L4_N4: dangling Wire at (55.100, 66.025) (55.100, 66.025) on layer: M1
Net FECTS_clks_clk___L4_N4: dangling Wire at (50.920, 73.055) (50.920, 73.055) on layer: M1
Net FECTS_clks_clk___L4_N4: dangling Wire at (50.920, 66.025) (50.920, 66.025) on layer: M1
Net FECTS_clks_clk___L4_N4: dangling Wire at (48.260, 70.965) (48.260, 70.965) on layer: M1
Net FECTS_clks_clk___L4_N4: dangling Wire at (45.220, 68.115) (45.220, 68.115) on layer: M1
Net FECTS_clks_clk___L4_N4: dangling Wire at (41.420, 66.025) (41.420, 66.025) on layer: M1
Net FECTS_clks_clk___L4_N4: dangling Wire at (35.340, 63.175) (35.340, 63.175) on layer: M1
Net FECTS_clks_clk___L4_N4: dangling Wire at (22.040, 68.115) (22.040, 68.115) on layer: M1
Net FECTS_clks_clk___L4_N3: dangling Wire at (118.180, 53.295) (118.180, 53.295) on layer: M1
Net FECTS_clks_clk___L4_N3: dangling Wire at (114.760, 56.145) (114.760, 56.145) on layer: M1
Net FECTS_clks_clk___L4_N3: dangling Wire at (112.480, 53.295) (112.480, 53.295) on layer: M1
Net FECTS_clks_clk___L4_N3: dangling Wire at (110.960, 48.355) (110.960, 48.355) on layer: M1
Net FECTS_clks_clk___L4_N3: dangling Wire at (108.300, 56.145) (108.300, 56.145) on layer: M1
Net FECTS_clks_clk___L4_N3: dangling Wire at (107.540, 58.235) (107.540, 58.235) on layer: M1
Net FECTS_clks_clk___L4_N3: dangling Wire at (99.940, 58.235) (99.940, 58.235) on layer: M1
Net FECTS_clks_clk___L4_N3: dangling Wire at (99.560, 56.145) (99.560, 56.145) on layer: M1
Net FECTS_clks_clk___L4_N3: dangling Wire at (98.800, 48.355) (98.800, 48.355) on layer: M1
Net FECTS_clks_clk___L4_N3: dangling Wire at (87.020, 56.145) (87.020, 56.145) on layer: M1
Net FECTS_clks_clk___L4_N3: dangling Wire at (83.980, 48.355) (83.980, 48.355) on layer: M1
Net FECTS_clks_clk___L4_N3: dangling Wire at (70.205, 53.580) (70.205, 53.580) on layer: M1
Net FECTS_clks_clk___L4_N3: dangling Wire at (64.220, 53.295) (64.220, 53.295) on layer: M1
Net FECTS_clks_clk___L4_N3: dangling Wire at (61.180, 58.235) (61.180, 58.235) on layer: M1
Net FECTS_clks_clk___L4_N3: dangling Wire at (54.720, 51.205) (54.720, 51.205) on layer: M1
Net FECTS_clks_clk___L4_N3: dangling Wire at (54.340, 48.355) (54.340, 48.355) on layer: M1
Net FECTS_clks_clk___L4_N3: dangling Wire at (44.460, 53.295) (44.460, 53.295) on layer: M1
Net FECTS_clks_clk___L4_N3: dangling Wire at (41.800, 61.085) (41.800, 61.085) on layer: M1
Net FECTS_clks_clk___L4_N3: dangling Wire at (41.800, 51.205) (41.800, 51.205) on layer: M1
Net FECTS_clks_clk___L4_N3: dangling Wire at (35.340, 58.235) (35.340, 58.235) on layer: M1
Net FECTS_clks_clk___L4_N3: dangling Wire at (29.260, 58.235) (29.260, 58.235) on layer: M1
Net FECTS_clks_clk___L4_N3: dangling Wire at (23.180, 53.295) (23.180, 53.295) on layer: M1
Net FECTS_clks_clk___L4_N3: dangling Wire at (22.420, 51.110) (22.420, 51.110) on layer: M1
Net FECTS_clks_clk___L4_N3: dangling Wire at (22.040, 48.450) (22.040, 48.450) on layer: M1
Net FECTS_clks_clk___L4_N2: dangling Wire at (118.180, 46.265) (118.180, 46.265) on layer: M1
Net FECTS_clks_clk___L4_N2: dangling Wire at (117.040, 41.325) (117.040, 41.325) on layer: M1
Net FECTS_clks_clk___L4_N2: dangling Wire at (112.860, 41.325) (112.860, 41.325) on layer: M1
Net FECTS_clks_clk___L4_N2: dangling Wire at (111.340, 46.170) (111.340, 46.170) on layer: M1
Net FECTS_clks_clk___L4_N2: dangling Wire at (111.340, 43.510) (111.340, 43.510) on layer: M1
Net FECTS_clks_clk___L4_N2: dangling Wire at (105.260, 38.475) (105.260, 38.475) on layer: M1
Net FECTS_clks_clk___L4_N2: dangling Wire at (99.560, 41.325) (99.560, 41.325) on layer: M1
Net FECTS_clks_clk___L4_N2: dangling Wire at (96.520, 46.265) (96.520, 46.265) on layer: M1
Net FECTS_clks_clk___L4_N2: dangling Wire at (95.380, 38.475) (95.380, 38.475) on layer: M1
Net FECTS_clks_clk___L4_N2: dangling Wire at (90.060, 43.415) (90.060, 43.415) on layer: M1
Net FECTS_clks_clk___L4_N2: dangling Wire at (87.780, 41.325) (87.780, 41.325) on layer: M1
Net FECTS_clks_clk___L4_N2: dangling Wire at (83.600, 41.325) (83.600, 41.325) on layer: M1
Net FECTS_clks_clk___L4_N2: dangling Wire at (79.420, 41.325) (79.420, 41.325) on layer: M1
Net FECTS_clks_clk___L4_N2: dangling Wire at (76.095, 41.420) (76.095, 41.420) on layer: M1
Net FECTS_clks_clk___L4_N2: dangling Wire at (75.525, 42.180) (75.525, 42.180) on layer: M1
Net FECTS_clks_clk___L4_N2: dangling Wire at (73.720, 46.265) (73.720, 46.265) on layer: M1
Net FECTS_clks_clk___L4_N2: dangling Wire at (69.920, 41.325) (69.920, 41.325) on layer: M1
Net FECTS_clks_clk___L4_N2: dangling Wire at (66.880, 46.265) (66.880, 46.265) on layer: M1
Net FECTS_clks_clk___L4_N2: dangling Wire at (64.600, 43.415) (64.600, 43.415) on layer: M1
Net FECTS_clks_clk___L4_N2: dangling Wire at (61.180, 41.325) (61.180, 41.325) on layer: M1
Net FECTS_clks_clk___L4_N2: dangling Wire at (57.760, 46.265) (57.760, 46.265) on layer: M1
Net FECTS_clks_clk___L4_N2: dangling Wire at (45.220, 41.325) (45.220, 41.325) on layer: M1
Net FECTS_clks_clk___L4_N2: dangling Wire at (41.040, 46.265) (41.040, 46.265) on layer: M1
Net FECTS_clks_clk___L4_N2: dangling Wire at (39.140, 43.415) (39.140, 43.415) on layer: M1
Net FECTS_clks_clk___L4_N2: dangling Wire at (34.580, 43.415) (34.580, 43.415) on layer: M1
Net FECTS_clks_clk___L4_N2: dangling Wire at (32.300, 46.265) (32.300, 46.265) on layer: M1
Net FECTS_clks_clk___L4_N1: dangling Wire at (118.180, 33.535) (118.180, 33.535) on layer: M1
Net FECTS_clks_clk___L4_N1: dangling Wire at (117.800, 31.445) (117.800, 31.445) on layer: M1
Net FECTS_clks_clk___L4_N1: dangling Wire at (111.340, 33.535) (111.340, 33.535) on layer: M1
Net FECTS_clks_clk___L4_N1: dangling Wire at (105.640, 28.595) (105.640, 28.595) on layer: M1
Net FECTS_clks_clk___L4_N1: dangling Wire at (104.880, 33.535) (104.880, 33.535) on layer: M1
Net FECTS_clks_clk___L4_N1: dangling Wire at (93.860, 28.595) (93.860, 28.595) on layer: M1
Net FECTS_clks_clk___L4_N1: dangling Wire at (89.300, 38.475) (89.300, 38.475) on layer: M1
Net FECTS_clks_clk___L4_N1: dangling Wire at (88.540, 28.595) (88.540, 28.595) on layer: M1
Net FECTS_clks_clk___L4_N1: dangling Wire at (84.360, 28.595) (84.360, 28.595) on layer: M1
Net FECTS_clks_clk___L4_N1: dangling Wire at (83.980, 36.385) (83.980, 36.385) on layer: M1
Net FECTS_clks_clk___L4_N1: dangling Wire at (79.800, 28.595) (79.800, 28.595) on layer: M1
Net FECTS_clks_clk___L4_N1: dangling Wire at (75.240, 28.595) (75.240, 28.595) on layer: M1
Net FECTS_clks_clk___L4_N1: dangling Wire at (71.440, 33.535) (71.440, 33.535) on layer: M1
Net FECTS_clks_clk___L4_N1: dangling Wire at (71.440, 31.445) (71.440, 31.445) on layer: M1
Net FECTS_clks_clk___L4_N1: dangling Wire at (69.065, 32.680) (69.065, 32.680) on layer: M1
Net FECTS_clks_clk___L4_N1: dangling Wire at (67.640, 28.595) (67.640, 28.595) on layer: M1
Net FECTS_clks_clk___L4_N1: dangling Wire at (64.980, 36.385) (64.980, 36.385) on layer: M1
Net FECTS_clks_clk___L4_N1: dangling Wire at (54.720, 36.290) (54.720, 36.290) on layer: M1
Net FECTS_clks_clk___L4_N1: dangling Wire at (51.300, 33.630) (51.300, 33.630) on layer: M1
Net FECTS_clks_clk___L4_N1: dangling Wire at (45.600, 36.290) (45.600, 36.290) on layer: M1
Net FECTS_clks_clk___L4_N1: dangling Wire at (29.640, 33.535) (29.640, 33.535) on layer: M1
Net FECTS_clks_clk___L4_N1: dangling Wire at (29.260, 38.475) (29.260, 38.475) on layer: M1
Net FECTS_clks_clk___L4_N1: dangling Wire at (23.560, 33.535) (23.560, 33.535) on layer: M1
Net FECTS_clks_clk___L4_N1: dangling Wire at (20.520, 31.445) (20.520, 31.445) on layer: M1
Net FECTS_clks_clk___L4_N0: dangling Wire at (118.180, 23.655) (118.180, 23.655) on layer: M1
Net FECTS_clks_clk___L4_N0: dangling Wire at (112.860, 26.410) (112.860, 26.410) on layer: M1
Net FECTS_clks_clk___L4_N0: dangling Wire at (112.860, 23.750) (112.860, 23.750) on layer: M1
Net FECTS_clks_clk___L4_N0: dangling Wire at (108.680, 26.410) (108.680, 26.410) on layer: M1
Net FECTS_clks_clk___L4_N0: dangling Wire at (103.740, 21.565) (103.740, 21.565) on layer: M1
Net FECTS_clks_clk___L4_N0: dangling Wire at (99.560, 26.410) (99.560, 26.410) on layer: M1
Net FECTS_clks_clk___L4_N0: dangling Wire at (99.560, 23.750) (99.560, 23.750) on layer: M1
Net FECTS_clks_clk___L4_N0: dangling Wire at (86.640, 26.505) (86.640, 26.505) on layer: M1
Net FECTS_clks_clk___L4_N0: dangling Wire at (84.740, 21.565) (84.740, 21.565) on layer: M1
Net FECTS_clks_clk___L4_N0: dangling Wire at (77.140, 23.655) (77.140, 23.655) on layer: M1
Net FECTS_clks_clk___L4_N0: dangling Wire at (72.960, 23.655) (72.960, 23.655) on layer: M1
Net FECTS_clks_clk___L4_N0: dangling Wire at (70.775, 23.560) (70.775, 23.560) on layer: M1
Net FECTS_clks_clk___L4_N0: dangling Wire at (66.120, 23.655) (66.120, 23.655) on layer: M1
Net FECTS_clks_clk___L4_N0: dangling Wire at (61.940, 23.655) (61.940, 23.655) on layer: M1
Net FECTS_clks_clk___L4_N0: dangling Wire at (59.280, 28.595) (59.280, 28.595) on layer: M1
Net FECTS_clks_clk___L4_N0: dangling Wire at (58.520, 26.505) (58.520, 26.505) on layer: M1
Net FECTS_clks_clk___L4_N0: dangling Wire at (53.580, 26.505) (53.580, 26.505) on layer: M1
Net FECTS_clks_clk___L4_N0: dangling Wire at (42.180, 23.655) (42.180, 23.655) on layer: M1
Net FECTS_clks_clk___L4_N0: dangling Wire at (40.660, 26.505) (40.660, 26.505) on layer: M1
Net FECTS_clks_clk___L4_N0: dangling Wire at (34.960, 23.655) (34.960, 23.655) on layer: M1
Net FECTS_clks_clk___L4_N0: dangling Wire at (30.780, 23.655) (30.780, 23.655) on layer: M1
Net FECTS_clks_clk___L4_N0: dangling Wire at (29.640, 28.595) (29.640, 28.595) on layer: M1
Net FECTS_clks_clk___L4_N0: dangling Wire at (22.040, 28.595) (22.040, 28.595) on layer: M1
Net FECTS_clks_clk___L3_N0: dangling Wire at (75.715, 41.230) (75.715, 41.230) on layer: M1
Net FECTS_clks_clk___L3_N0: dangling Wire at (74.955, 102.790) (74.955, 102.790) on layer: M1
Net FECTS_clks_clk___L3_N0: dangling Wire at (73.815, 112.670) (73.815, 112.670) on layer: M1
Net FECTS_clks_clk___L3_N0: dangling Wire at (71.915, 95.570) (71.915, 95.570) on layer: M1
Net FECTS_clks_clk___L3_N0: dangling Wire at (70.585, 67.260) (70.585, 67.260) on layer: M1
Net FECTS_clks_clk___L3_N0: dangling Wire at (70.395, 65.930) (70.395, 65.930) on layer: M1
Net FECTS_clks_clk___L3_N0: dangling Wire at (70.395, 53.390) (70.395, 53.390) on layer: M1
Net FECTS_clks_clk___L3_N0: dangling Wire at (70.395, 23.750) (70.395, 23.750) on layer: M1
Net FECTS_clks_clk___L3_N0: dangling Wire at (70.015, 75.810) (70.015, 75.810) on layer: M1
Net FECTS_clks_clk___L3_N0: dangling Wire at (69.255, 33.630) (69.255, 33.630) on layer: M1
Net FECTS_clks_clk___L3_N0: dangling Wire at (66.975, 87.970) (66.975, 87.970) on layer: M1
Net FECTS_clks_clk___L2_N0: dangling Wire at (72.105, 70.680) (72.105, 70.680) on layer: M1
Net FECTS_clks_clk___L2_N0: dangling Wire at (70.775, 68.210) (70.775, 68.210) on layer: M1
Net FECTS_clks_clk___L1_N0: dangling Wire at (121.125, 70.680) (121.125, 70.680) on layer: M1
Net FECTS_clks_clk___L1_N0: dangling Wire at (72.295, 70.870) (72.295, 70.870) on layer: M1
Net clks.clk: dangling Wire at (121.315, 70.870) (121.315, 70.870) on layer: M1

Begin Summary
    260 Problem(s) (ENCVFC-94): The net has dangling wire(s).
    260 total info(s) created.
End Summary
