###############################################################
#  Generated by:      Cadence Encounter 09.14-s273_1
#  OS:                Linux x86_64(Host ID coe-ee-cad45.sjsuad.sjsu.edu)
#  Generated on:      Tue Nov  8 22:15:29 2016
#  Command:           verifyGeometry
###############################################################

SPACING: Regular Via of Net n2055 & Regular Via of Net FECTS_clks_clk___L4_N2  ( via1 )
Bounds : ( 45.188, 41.230 ) ( 45.252, 41.292 )
Actual:     0.0625     Min:     0.075

SPACING: Regular Via of Net FECTS_clks_clk___L3_N0 & Blockage of Cell crc_left_d_reg[27]  ( M1 )
Bounds : ( 70.287, 53.357 ) ( 70.327, 53.423 )
Actual:     0.04     Min:     0.065

SPACING: Regular Via of Net FECTS_clks_clk___L4_N0 & Blockage of Cell wakeuptimer_d_reg[11]  ( M1 )
Bounds : ( 34.888, 23.587 ) ( 34.928, 23.685 )
Actual:     0.04     Min:     0.065

SPACING: Regular Via of Net FECTS_clks_clk___L4_N0 & Blockage of Cell wakeuptimer_d_reg[11]  ( M1 )
Bounds : ( 34.928, 23.722 ) ( 34.993, 23.750 )
Actual:     0.0275     Min:     0.065

SPACING: Regular Via of Net FECTS_clks_clk___L4_N0 & Blockage of Cell wakeuptimer_d_reg[10]  ( M1 )
Bounds : ( 42.147, 23.545 ) ( 42.213, 23.587 )
Actual:     0.0425     Min:     0.065

SPACING: Regular Via of Net FECTS_clks_clk___L4_N1 & Blockage of Cell wakeuptimer_d_reg[31]  ( M1 )
Bounds : ( 23.593, 33.467 ) ( 23.618, 33.603 )
Actual:     0.025     Min:     0.065

SPACING: Regular Via of Net FECTS_clks_clk___L4_N1 & Blockage of Cell wakeuptimer_d_reg[31]  ( M1 )
Bounds : ( 23.528, 33.425 ) ( 23.593, 33.467 )
Actual:     0.0425     Min:     0.065

SPACING: Regular Via of Net FECTS_clks_clk___L4_N2 & Blockage of Cell wakeuptimer_d_reg[27]  ( M1 )
Bounds : ( 34.612, 43.347 ) ( 34.638, 43.482 )
Actual:     0.025     Min:     0.065

SPACING: Regular Via of Net FECTS_clks_clk___L4_N2 & Blockage of Cell wakeuptimer_d_reg[27]  ( M1 )
Bounds : ( 34.548, 43.305 ) ( 34.612, 43.347 )
Actual:     0.0425     Min:     0.065

SPACING: Regular Via of Net FECTS_clks_clk___L4_N3 & Blockage of Cell U1367  ( M1 )
Bounds : ( 41.745, 61.018 ) ( 41.768, 61.033 )
Actual:     0.0225     Min:     0.065

SPACING: Regular Via of Net FECTS_clks_clk___L4_N4 & Blockage of Cell U1452  ( M1 )
Bounds : ( 35.285, 63.228 ) ( 35.307, 63.243 )
Actual:     0.0225     Min:     0.065

SHORT: Regular Via of Net n2055 & Regular Via of Net FECTS_clks_clk___L4_N2  ( M2 )
Bounds : ( 45.185, 41.255 ) ( 45.255, 41.265 )


SHORT: Regular Via of Net FECTS_clks_clk___L4_N0 & Blockage of Cell U1577  ( M1 )
Bounds : ( 29.608, 28.528 ) ( 29.612, 28.603 )


SHORT: Regular Via of Net FECTS_clks_clk___L4_N0 & Pin of Cell U1598  ( M1 )
Bounds : ( 53.548, 26.438 ) ( 53.612, 26.573 )


SHORT: Regular Via of Net FECTS_clks_clk___L4_N0 & Pin of Cell U2245  ( M1 )
Bounds : ( 61.908, 23.587 ) ( 61.932, 23.612 )


SHORT: Regular Via of Net FECTS_clks_clk___L4_N0 & Pin of Cell U2245  ( M1 )
Bounds : ( 61.908, 23.677 ) ( 61.972, 23.722 )


SHORT: Regular Via of Net FECTS_clks_clk___L4_N1 & Blockage of Cell U2275  ( M1 )
Bounds : ( 29.228, 38.408 ) ( 29.233, 38.482 )


SHORT: Regular Via of Net FECTS_clks_clk___L4_N1 & Pin of Cell U2216  ( M1 )
Bounds : ( 45.568, 36.320 ) ( 45.612, 36.357 )


SHORT: Regular Via of Net FECTS_clks_clk___L4_N2 & Pin of Cell U2215  ( M1 )
Bounds : ( 45.188, 41.257 ) ( 45.252, 41.333 )


SHORT: Regular Via of Net FECTS_clks_clk___L4_N2 & Pin of Cell U1876  ( M1 )
Bounds : ( 64.632, 43.347 ) ( 64.632, 43.482 )


SHORT: Regular Via of Net FECTS_clks_clk___L4_N2 & Blockage of Cell U874  ( M1 )
Bounds : ( 69.887, 41.257 ) ( 69.952, 41.290 )


SHORT: Regular Via of Net FECTS_clks_clk___L4_N3 & Blockage of Cell crc_left_d_reg[27]  ( M1 )
Bounds : ( 70.223, 53.548 ) ( 70.272, 53.612 )


SHORT: Regular Via of Net FECTS_clks_clk___L4_N3 & Blockage of Cell crc_left_d_reg[27]  ( M1 )
Bounds : ( 70.137, 53.568 ) ( 70.272, 53.612 )


SPACING: Regular Via of Net n2176 & Regular Via of Net FECTS_clks_clk___L4_N7  ( M2 )
Bounds : ( 41.695, 100.652 ) ( 41.765, 100.673 )
Actual:     0.07     Min:     0.075

SPACING: Regular Via of Net n2176 & Regular Wire of Net FECTS_clks_clk___L4_N7  ( M2 )
Bounds : ( 41.625, 100.640 ) ( 41.695, 100.652 )
Actual:     0.0125     Min:     0.075

SPACING: Regular Via of Net n2176 & Regular Via of Net FECTS_clks_clk___L4_N7  ( M1 )
Bounds : ( 41.728, 100.673 ) ( 41.768, 100.688 )
Actual:     0.0425     Min:     0.065

SPACING: Regular Via of Net FECTS_clks_clk___L4_N4 & Blockage of Cell gclk_en_d_reg  ( M2 )
Bounds : ( 41.318, 67.368 ) ( 41.385, 67.425 )
Actual:     0.0675     Min:     0.075

SPACING: Regular Via of Net FECTS_clks_clk___L4_N5 & Blockage of Cell cnt128_d_reg[1]  ( M2 )
Bounds : ( 22.835, 80.777 ) ( 22.868, 80.912 )
Actual:     0.0325     Min:     0.075

SPACING: Regular Via of Net FECTS_clks_clk___L4_N5 & Blockage of Cell cnt128_d_reg[1]  ( M1 )
Bounds : ( 22.833, 80.777 ) ( 22.837, 80.912 )
Actual:     0.005     Min:     0.065

SPACING: Regular Via of Net FECTS_clks_clk___L4_N5 & Blockage of Cell cnt128_d_reg[1]  ( via1 )
Bounds : ( 22.833, 80.878 ) ( 22.872, 80.938 )
Actual:     0.072     Min:     0.075

SPACING: Regular Via of Net FECTS_clks_clk___L4_N5 & Blockage of Cell cnt128_d_reg[1]  ( via1 )
Bounds : ( 22.833, 80.812 ) ( 22.872, 80.863 )
Actual:     0.04     Min:     0.075

SPACING: Regular Via of Net FECTS_clks_clk___L4_N6 & Blockage of Cell cur_state_reg[2]  ( M2 )
Bounds : ( 22.835, 90.658 ) ( 22.868, 90.793 )
Actual:     0.0325     Min:     0.075

SPACING: Regular Via of Net FECTS_clks_clk___L4_N6 & Blockage of Cell cur_state_reg[2]  ( M1 )
Bounds : ( 22.833, 90.658 ) ( 22.837, 90.793 )
Actual:     0.005     Min:     0.065

SPACING: Regular Via of Net FECTS_clks_clk___L4_N6 & Blockage of Cell cur_state_reg[2]  ( via1 )
Bounds : ( 22.833, 90.757 ) ( 22.872, 90.817 )
Actual:     0.072     Min:     0.075

SPACING: Regular Via of Net FECTS_clks_clk___L4_N6 & Blockage of Cell cur_state_reg[2]  ( via1 )
Bounds : ( 22.833, 90.692 ) ( 22.872, 90.743 )
Actual:     0.04     Min:     0.075

SPACING: Regular Via of Net FECTS_clks_clk___L4_N7 & Blockage of Cell U1363  ( M1 )
Bounds : ( 41.745, 100.537 ) ( 41.768, 100.552 )
Actual:     0.0225     Min:     0.065

SHORT: Regular Via of Net FECTS_clks_clk___L4_N4 & Pin of Cell U2181  ( M1 )
Bounds : ( 22.007, 68.048 ) ( 22.073, 68.183 )


SHORT: Regular Via of Net FECTS_clks_clk___L4_N4 & Pin of Cell U2187  ( M1 )
Bounds : ( 45.188, 68.048 ) ( 45.252, 68.183 )


SHORT: Regular Via of Net FECTS_clks_clk___L4_N5 & Blockage of Cell cnt128_d_reg[1]  ( M1 )
Bounds : ( 22.767, 80.777 ) ( 22.772, 80.912 )


SHORT: Regular Via of Net FECTS_clks_clk___L4_N5 & Blockage of Cell U1561  ( M1 )
Bounds : ( 32.268, 75.838 ) ( 32.333, 75.870 )


SHORT: Regular Via of Net FECTS_clks_clk___L4_N6 & Blockage of Cell cur_state_reg[2]  ( M1 )
Bounds : ( 22.767, 90.658 ) ( 22.772, 90.793 )


SHORT: Regular Wire of Net FECTS_clks_clk___L4_N6 & Blockage of Cell cur_state_reg[2]  ( M2 )
Bounds : ( 22.868, 90.690 ) ( 22.938, 90.760 )


SPACING: Regular Via of Net FECTS_clks_clk___L2_N0 & Pin of Cell U1430  ( M1 )
Bounds : ( 70.692, 68.177 ) ( 70.707, 68.180 )
Actual:     0.015     Min:     0.065

SPACING: Regular Via of Net FECTS_clks_clk___L4_N4 & Blockage of Cell wakeuptimer_d_reg[25]  ( M2 )
Bounds : ( 48.287, 71.033 ) ( 48.295, 71.040 )
Actual:     0.0075     Min:     0.075

SPACING: Regular Via of Net FECTS_clks_clk___L4_N4 & Blockage of Cell wakeuptimer_d_reg[25]  ( M1 )
Bounds : ( 48.182, 70.897 ) ( 48.228, 71.033 )
Actual:     0.045     Min:     0.065

SPACING: Regular Via of Net FECTS_clks_clk___L4_N4 & Blockage of Cell wakeuptimer_d_reg[25]  ( M1 )
Bounds : ( 48.222, 71.033 ) ( 48.228, 71.075 )
Actual:     0.0425     Min:     0.065

SPACING: Regular Via of Net FECTS_clks_clk___L4_N8 & Blockage of Cell IDC_cnt_d_reg[0]  ( M1 )
Bounds : ( 47.467, 102.585 ) ( 47.533, 102.628 )
Actual:     0.0425     Min:     0.065

SHORT: Regular Via of Net FECTS_clks_clk___L3_N0 & Pin of Cell U1430  ( M1 )
Bounds : ( 70.628, 67.228 ) ( 70.652, 67.293 )


SHORT: Regular Via of Net FECTS_clks_clk___L4_N4 & Blockage of Cell wakeuptimer_d_reg[25]  ( M1 )
Bounds : ( 48.287, 70.897 ) ( 48.292, 71.033 )


SHORT: Regular Via of Net FECTS_clks_clk___L4_N4 & Blockage of Cell wakeuptimer_d_reg[25]  ( M1 )
Bounds : ( 48.248, 70.897 ) ( 48.292, 70.960 )


SHORT: Regular Wire of Net FECTS_clks_clk___L4_N4 & Blockage of Cell wakeuptimer_d_reg[25]  ( M2 )
Bounds : ( 47.947, 70.930 ) ( 48.018, 71.000 )


SHORT: Regular Via of Net FECTS_clks_clk___L4_N4 & Blockage of Cell wakeuptimer_d_reg[25]  ( M2 )
Bounds : ( 47.947, 70.895 ) ( 48.010, 71.035 )


SHORT: Regular Via of Net FECTS_clks_clk___L4_N4 & Blockage of Cell U1894  ( M1 )
Bounds : ( 50.888, 72.988 ) ( 50.895, 73.122 )


SHORT: Regular Via of Net FECTS_clks_clk___L4_N4 & Blockage of Cell U1894  ( M1 )
Bounds : ( 50.888, 73.107 ) ( 50.952, 73.122 )


SHORT: Regular Via of Net FECTS_clks_clk___L4_N5 & Pin of Cell wakeuptimer_d_reg[22]  ( M1 )
Bounds : ( 64.188, 77.965 ) ( 64.253, 78.062 )


SHORT: Regular Via of Net FECTS_clks_clk___L4_N5 & Pin of Cell U904  ( M1 )
Bounds : ( 70.448, 75.588 ) ( 70.463, 75.652 )


SHORT: Regular Via of Net FECTS_clks_clk___L4_N6 & Blockage of Cell U1301  ( M1 )
Bounds : ( 52.408, 82.868 ) ( 52.415, 83.003 )


SHORT: Regular Via of Net FECTS_clks_clk___L4_N6 & Blockage of Cell U1301  ( M1 )
Bounds : ( 52.408, 82.988 ) ( 52.472, 83.003 )


SHORT: Regular Via of Net FECTS_clks_clk___L4_N6 & Pin of Cell U1797  ( M1 )
Bounds : ( 64.948, 92.747 ) ( 65.012, 92.882 )


SHORT: Regular Via of Net FECTS_clks_clk___L4_N8 & Blockage of Cell U1380  ( M1 )
Bounds : ( 56.967, 105.478 ) ( 56.975, 105.613 )


SHORT: Regular Via of Net FECTS_clks_clk___L4_N8 & Blockage of Cell U1380  ( M1 )
Bounds : ( 56.967, 105.478 ) ( 57.033, 105.493 )


SPACING: Regular Via of Net crc_left_d[5] & Regular Via of Net FECTS_clks_clk___L4_N1  ( M2 )
Bounds : ( 89.050, 38.405 ) ( 89.122, 38.428 )
Actual:     0.0725     Min:     0.075

SPACING: Regular Via of Net crc_left_d[5] & Regular Wire of Net FECTS_clks_clk___L4_N1  ( M2 )
Bounds : ( 89.122, 38.428 ) ( 89.192, 38.440 )
Actual:     0.0125     Min:     0.075

SPACING: Regular Via of Net crc_left_d[5] & Regular Via of Net FECTS_clks_clk___L4_N1  ( M2 )
Bounds : ( 89.192, 38.408 ) ( 89.265, 38.428 )
Actual:     0.0725     Min:     0.075

SPACING: Regular Via of Net crc_left_d[5] & Regular Via of Net FECTS_clks_clk___L4_N1  ( M1 )
Bounds : ( 89.225, 38.393 ) ( 89.268, 38.408 )
Actual:     0.045     Min:     0.065

SPACING: Regular Via of Net FECTS_clks_clk___L4_N0 & Blockage of Cell wakeuptimer_d_reg[2]  ( M1 )
Bounds : ( 72.993, 23.587 ) ( 72.997, 23.722 )
Actual:     0.005     Min:     0.065

SPACING: Regular Via of Net FECTS_clks_clk___L4_N0 & Blockage of Cell wakeuptimer_d_reg[2]  ( via1 )
Bounds : ( 72.993, 23.562 ) ( 73.033, 23.622 )
Actual:     0.072     Min:     0.075

SPACING: Regular Via of Net FECTS_clks_clk___L4_N0 & Blockage of Cell wakeuptimer_d_reg[2]  ( via1 )
Bounds : ( 72.993, 23.638 ) ( 73.033, 23.688 )
Actual:     0.04     Min:     0.075

SPACING: Regular Via of Net FECTS_clks_clk___L4_N0 & Blockage of Cell wakeuptimer_d_reg[2]  ( M2 )
Bounds : ( 72.995, 23.585 ) ( 73.027, 23.725 )
Actual:     0.0325     Min:     0.075

SPACING: Regular Via of Net FECTS_clks_clk___L4_N1 & Blockage of Cell wakeuptimer_d_reg[0]  ( M1 )
Bounds : ( 71.408, 31.350 ) ( 71.467, 31.378 )
Actual:     0.0275     Min:     0.065

SPACING: Regular Via of Net FECTS_clks_clk___L4_N1 & Blockage of Cell U1736  ( M1 )
Bounds : ( 89.245, 38.528 ) ( 89.268, 38.542 )
Actual:     0.0225     Min:     0.065

SPACING: Regular Via of Net FECTS_clks_clk___L4_N2 & Blockage of Cell wakeuptimer_d_reg[4]  ( M1 )
Bounds : ( 73.688, 46.170 ) ( 73.747, 46.197 )
Actual:     0.0275     Min:     0.065

SHORT: Regular Via of Net FECTS_clks_clk___L3_N0 & Pin of Cell U2203  ( M1 )
Bounds : ( 75.647, 41.197 ) ( 75.652, 41.263 )


SHORT: Regular Via of Net FECTS_clks_clk___L4_N0 & Blockage of Cell wakeuptimer_d_reg[2]  ( M1 )
Bounds : ( 72.927, 23.587 ) ( 72.933, 23.722 )


SHORT: Regular Via of Net FECTS_clks_clk___L4_N1 & Blockage of Cell wakeuptimer_d_reg[0]  ( M1 )
Bounds : ( 71.467, 31.378 ) ( 71.473, 31.513 )


SHORT: Regular Via of Net FECTS_clks_clk___L4_N1 & Pin of Cell U2543  ( M1 )
Bounds : ( 88.507, 28.528 ) ( 88.573, 28.663 )


SHORT: Regular Via of Net FECTS_clks_clk___L4_N1 & Pin of Cell U1499  ( M1 )
Bounds : ( 93.827, 28.528 ) ( 93.893, 28.663 )


SHORT: Regular Via of Net FECTS_clks_clk___L4_N2 & Blockage of Cell wakeuptimer_d_reg[4]  ( M1 )
Bounds : ( 73.747, 46.197 ) ( 73.753, 46.333 )


SHORT: Regular Wire of Net FECTS_clks_clk___L4_N2 & Blockage of Cell wakeuptimer_d_reg[4]  ( M2 )
Bounds : ( 73.927, 46.230 ) ( 73.997, 46.300 )


SHORT: Regular Via of Net FECTS_clks_clk___L4_N2 & Blockage of Cell wakeuptimer_d_reg[4]  ( M2 )
Bounds : ( 73.970, 46.195 ) ( 73.997, 46.335 )


SHORT: Regular Via of Net FECTS_clks_clk___L4_N2 & Pin of Cell U2203  ( M1 )
Bounds : ( 75.552, 42.147 ) ( 75.592, 42.153 )


SHORT: Regular Via of Net FECTS_clks_clk___L4_N2 & Pin of Cell U2203  ( M1 )
Bounds : ( 75.457, 42.147 ) ( 75.467, 42.213 )


SHORT: Regular Via of Net FECTS_clks_clk___L4_N2 & Blockage of Cell wakeuptimer_d_reg[3]  ( M1 )
Bounds : ( 79.387, 41.257 ) ( 79.408, 41.393 )


SHORT: Regular Via of Net FECTS_clks_clk___L4_N2 & Pin of Cell U1062  ( M1 )
Bounds : ( 87.812, 41.257 ) ( 87.812, 41.393 )


SHORT: Regular Via of Net FECTS_clks_clk___L4_N2 & Blockage of Cell U1111  ( M1 )
Bounds : ( 90.027, 43.347 ) ( 90.035, 43.482 )


SHORT: Regular Via of Net FECTS_clks_clk___L4_N2 & Blockage of Cell U1111  ( M1 )
Bounds : ( 90.027, 43.467 ) ( 90.092, 43.482 )


SHORT: Regular Via of Net FECTS_clks_clk___L4_N3 & Pin of Cell U2483  ( M1 )
Bounds : ( 83.948, 48.287 ) ( 84.012, 48.423 )


SHORT: Regular Via of Net FECTS_clks_clk___L4_N3 & Blockage of Cell U1337  ( M1 )
Bounds : ( 86.988, 56.077 ) ( 86.995, 56.213 )


SHORT: Regular Via of Net FECTS_clks_clk___L4_N3 & Blockage of Cell U1337  ( M1 )
Bounds : ( 86.988, 56.077 ) ( 87.052, 56.092 )


SPACING: Regular Via of Net FECTS_clks_clk___L4_N6 & Pin of Cell FECTS_clks_clk___L2_I0  ( M1 )
Bounds : ( 86.228, 82.865 ) ( 86.293, 82.868 )
Actual:     0.0025     Min:     0.065

SPACING: Regular Via of Net FECTS_clks_clk___L4_N5 & Blockage of Cell crc_left_d_reg[29]  ( M2 )
Bounds : ( 88.195, 77.927 ) ( 88.228, 78.062 )
Actual:     0.0325     Min:     0.075

SPACING: Regular Via of Net FECTS_clks_clk___L4_N5 & Blockage of Cell crc_left_d_reg[29]  ( M1 )
Bounds : ( 88.192, 77.927 ) ( 88.198, 78.062 )
Actual:     0.005     Min:     0.065

SPACING: Regular Via of Net FECTS_clks_clk___L4_N5 & Blockage of Cell crc_left_d_reg[29]  ( via1 )
Bounds : ( 88.192, 77.902 ) ( 88.232, 77.963 )
Actual:     0.072     Min:     0.075

SPACING: Regular Via of Net FECTS_clks_clk___L4_N5 & Blockage of Cell crc_left_d_reg[29]  ( via1 )
Bounds : ( 88.192, 77.978 ) ( 88.232, 78.027 )
Actual:     0.04     Min:     0.075

SHORT: Regular Via of Net FECTS_clks_clk___L2_N0 & Pin of Cell U1430  ( M1 )
Bounds : ( 70.838, 68.177 ) ( 70.842, 68.243 )


SHORT: Regular Via of Net FECTS_clks_clk___L4_N4 & Pin of Cell U2063  ( M1 )
Bounds : ( 73.753, 66.088 ) ( 73.753, 66.092 )


SHORT: Regular Via of Net FECTS_clks_clk___L4_N5 & Pin of Cell U1994  ( M1 )
Bounds : ( 73.308, 78.035 ) ( 73.348, 78.062 )


SHORT: Regular Via of Net FECTS_clks_clk___L4_N5 & Pin of Cell U1994  ( M1 )
Bounds : ( 73.308, 77.927 ) ( 73.372, 77.933 )


SHORT: Regular Via of Net FECTS_clks_clk___L4_N5 & Pin of Cell U2109  ( M1 )
Bounds : ( 77.868, 78.035 ) ( 77.908, 78.062 )


SHORT: Regular Via of Net FECTS_clks_clk___L4_N5 & Pin of Cell U2109  ( M1 )
Bounds : ( 77.868, 77.927 ) ( 77.933, 77.933 )


SHORT: Regular Via of Net FECTS_clks_clk___L4_N5 & Blockage of Cell crc_left_d_reg[29]  ( M1 )
Bounds : ( 88.128, 77.927 ) ( 88.132, 78.062 )


SHORT: Regular Via of Net FECTS_clks_clk___L4_N6 & Pin of Cell U1315  ( M1 )
Bounds : ( 79.832, 85.717 ) ( 79.832, 85.853 )


SHORT: Regular Via of Net FECTS_clks_clk___L4_N6 & Blockage of Cell U1733  ( M1 )
Bounds : ( 88.887, 90.658 ) ( 88.895, 90.793 )


SHORT: Regular Via of Net FECTS_clks_clk___L4_N6 & Blockage of Cell U1733  ( M1 )
Bounds : ( 88.887, 90.658 ) ( 88.952, 90.673 )


SPACING: Regular Via of Net FECTS_clks_clk___L4_N0 & Pin of Cell xgmii_txd_d_reg[2]  ( M1 )
Bounds : ( 103.652, 21.555 ) ( 103.707, 21.600 )
Actual:     0.055     Min:     0.065

SPACING: Regular Via of Net FE_OFN3_clks_rst & Blockage of Cell xgmii_txd_d_reg[2]  ( M1 )
Bounds : ( 103.827, 21.815 ) ( 103.863, 21.835 )
Actual:     0.035     Min:     0.065

SPACING: Regular Via of Net FE_OFN3_clks_rst & Blockage of Cell xgmii_txd_d_reg[2]  ( M1 )
Bounds : ( 103.997, 21.770 ) ( 104.043, 21.815 )
Actual:     0.045     Min:     0.065

SPACING: Regular Via of Net FECTS_clks_clk___L4_N0 & Blockage of Cell xgmii_txd_d_reg[2]  ( M2 )
Bounds : ( 103.637, 21.497 ) ( 103.705, 21.632 )
Actual:     0.0675     Min:     0.075

SPACING: Regular Via of Net FECTS_clks_clk___L4_N1 & Blockage of Cell xgmii_tx_hold_reg[4]  ( M1 )
Bounds : ( 105.567, 28.528 ) ( 105.607, 28.625 )
Actual:     0.04     Min:     0.065

SPACING: Regular Via of Net FECTS_clks_clk___L4_N1 & Blockage of Cell xgmii_tx_hold_reg[4]  ( M1 )
Bounds : ( 105.607, 28.663 ) ( 105.673, 28.690 )
Actual:     0.0275     Min:     0.065

SPACING: Regular Via of Net FECTS_clks_clk___L4_N2 & Blockage of Cell crc_left_d_reg[2]  ( M1 )
Bounds : ( 96.448, 46.235 ) ( 96.488, 46.333 )
Actual:     0.04     Min:     0.065

SPACING: Regular Via of Net FECTS_clks_clk___L4_N2 & Blockage of Cell crc_left_d_reg[2]  ( M1 )
Bounds : ( 96.488, 46.170 ) ( 96.552, 46.197 )
Actual:     0.0275     Min:     0.065

SPACING: Regular Via of Net FECTS_clks_clk___L4_N3 & Blockage of Cell xgmii_tx_hold_reg[34]  ( M1 )
Bounds : ( 118.107, 53.228 ) ( 118.147, 53.325 )
Actual:     0.04     Min:     0.065

SPACING: Regular Via of Net FECTS_clks_clk___L4_N3 & Blockage of Cell xgmii_tx_hold_reg[34]  ( M1 )
Bounds : ( 118.147, 53.362 ) ( 118.213, 53.390 )
Actual:     0.0275     Min:     0.065

SHORT: Regular Via of Net FE_OFN3_clks_rst & Blockage of Cell xgmii_txd_d_reg[2]  ( M1 )
Bounds : ( 103.918, 21.815 ) ( 103.997, 21.835 )


SHORT: Regular Via of Net FECTS_clks_clk___L4_N0 & Pin of Cell U2590  ( M1 )
Bounds : ( 99.527, 26.343 ) ( 99.590, 26.372 )


SHORT: Regular Via of Net FECTS_clks_clk___L4_N0 & Blockage of Cell U2590  ( M1 )
Bounds : ( 99.527, 26.438 ) ( 99.592, 26.478 )


SHORT: Regular Via of Net FECTS_clks_clk___L4_N0 & Pin of Cell xgmii_txd_d_reg[2]  ( M1 )
Bounds : ( 103.707, 21.600 ) ( 103.772, 21.632 )


SHORT: Regular Via of Net FECTS_clks_clk___L4_N0 & Pin of Cell U2350  ( M1 )
Bounds : ( 108.647, 26.343 ) ( 108.710, 26.372 )


SHORT: Regular Via of Net FECTS_clks_clk___L4_N0 & Blockage of Cell U2350  ( M1 )
Bounds : ( 108.647, 26.438 ) ( 108.713, 26.478 )


SHORT: Regular Via of Net FECTS_clks_clk___L4_N2 & Pin of Cell U2592  ( M1 )
Bounds : ( 95.412, 38.408 ) ( 95.412, 38.412 )


SHORT: Regular Via of Net FECTS_clks_clk___L4_N2 & Blockage of Cell U1101  ( M1 )
Bounds : ( 99.527, 41.257 ) ( 99.535, 41.393 )


SHORT: Regular Via of Net FECTS_clks_clk___L4_N2 & Blockage of Cell U1101  ( M1 )
Bounds : ( 99.527, 41.257 ) ( 99.592, 41.272 )


SHORT: Regular Via of Net FECTS_clks_clk___L4_N2 & Pin of Cell U1723  ( M1 )
Bounds : ( 111.372, 46.103 ) ( 111.372, 46.237 )


SHORT: Regular Via of Net FECTS_clks_clk___L4_N3 & Blockage of Cell crc_tx_d_reg[18]  ( M1 )
Bounds : ( 110.927, 48.287 ) ( 110.948, 48.423 )


SPACING: Regular Via of Net FECTS_clks_clk___L4_N4 & Pin of Cell crc_tx_d_reg[10]  ( M1 )
Bounds : ( 114.673, 70.938 ) ( 114.728, 70.955 )
Actual:     0.0575     Min:     0.065

SPACING: Regular Via of Net FECTS_clks_clk___L4_N4 & Pin of Cell crc_tx_d_reg[10]  ( M1 )
Bounds : ( 114.728, 70.938 ) ( 114.793, 71.000 )
Actual:     0.0625     Min:     0.065

SPACING: Regular Via of Net FECTS_clks_clk___L4_N4 & Blockage of Cell crc_tx_d_reg[10]  ( M2 )
Bounds : ( 114.658, 70.195 ) ( 114.725, 70.938 )
Actual:     0.0675     Min:     0.075

SPACING: Regular Via of Net FECTS_clks_clk___L4_N4 & Blockage of Cell crc_tx_d_reg[10]  ( via1 )
Bounds : ( 114.658, 70.838 ) ( 114.728, 70.855 )
Actual:     0.07     Min:     0.075

SPACING: Regular Via of Net FECTS_clks_clk___L4_N5 & Blockage of Cell crc_left_d_reg[21]  ( M1 )
Bounds : ( 106.812, 80.777 ) ( 106.838, 80.912 )
Actual:     0.025     Min:     0.065

SPACING: Regular Via of Net FECTS_clks_clk___L4_N5 & Blockage of Cell crc_left_d_reg[21]  ( M1 )
Bounds : ( 106.747, 80.912 ) ( 106.812, 80.955 )
Actual:     0.0425     Min:     0.065

SPACING: Regular Via of Net FECTS_clks_clk___L4_N5 & Blockage of Cell crc_tx_d_reg[13]  ( M1 )
Bounds : ( 116.202, 77.927 ) ( 116.247, 78.062 )
Actual:     0.045     Min:     0.065

SPACING: Regular Via of Net FECTS_clks_clk___L4_N5 & Blockage of Cell crc_tx_d_reg[13]  ( M1 )
Bounds : ( 116.243, 77.885 ) ( 116.247, 77.927 )
Actual:     0.0425     Min:     0.065

SPACING: Regular Via of Net FECTS_clks_clk___L4_N5 & Blockage of Cell crc_tx_d_reg[13]  ( M2 )
Bounds : ( 116.308, 77.920 ) ( 116.315, 77.925 )
Actual:     0.005     Min:     0.075

SPACING: Regular Via of Net FECTS_clks_clk___L4_N6 & Blockage of Cell crc_tx_d_reg[21]  ( M1 )
Bounds : ( 107.507, 82.825 ) ( 107.573, 82.868 )
Actual:     0.0425     Min:     0.065

SHORT: Regular Via of Net FECTS_clks_clk___L4_N5 & Regular Wire of Net n1791  ( M1 )
Bounds : ( 99.147, 80.777 ) ( 99.213, 80.838 )


SHORT: Regular Via of Net FECTS_clks_clk___L4_N4 & Pin of Cell U2104  ( M1 )
Bounds : ( 95.728, 65.957 ) ( 95.793, 66.092 )


SHORT: Regular Via of Net FECTS_clks_clk___L4_N4 & Pin of Cell U1528  ( M1 )
Bounds : ( 109.787, 68.143 ) ( 109.853, 68.277 )


SHORT: Regular Via of Net FECTS_clks_clk___L4_N4 & Blockage of Cell U1197  ( M1 )
Bounds : ( 112.448, 66.018 ) ( 112.452, 66.092 )


SHORT: Regular Via of Net FECTS_clks_clk___L4_N5 & Pin of Cell U1152  ( M1 )
Bounds : ( 99.147, 80.838 ) ( 99.213, 80.912 )


SHORT: Regular Via of Net FECTS_clks_clk___L4_N5 & Blockage of Cell crc_tx_d_reg[13]  ( M1 )
Bounds : ( 116.308, 77.927 ) ( 116.312, 78.062 )


SHORT: Regular Via of Net FECTS_clks_clk___L4_N5 & Blockage of Cell crc_tx_d_reg[13]  ( M1 )
Bounds : ( 116.268, 78.000 ) ( 116.312, 78.062 )


SHORT: Regular Via of Net FECTS_clks_clk___L4_N6 & Blockage of Cell U1010  ( M1 )
Bounds : ( 110.548, 90.658 ) ( 110.555, 90.793 )


SHORT: Regular Via of Net FECTS_clks_clk___L4_N6 & Blockage of Cell U1010  ( M1 )
Bounds : ( 110.548, 90.658 ) ( 110.613, 90.673 )


SPACING: Regular Via of Net FECTS_clks_clk___L3_N0 & Pin of Cell U1320  ( M1 )
Bounds : ( 71.848, 95.482 ) ( 71.850, 95.537 )
Actual:     0.055     Min:     0.065

SPACING: Regular Via of Net FECTS_clks_clk___L4_N7 & Blockage of Cell xgmii_tx_hold_reg[47]  ( M1 )
Bounds : ( 105.188, 100.575 ) ( 105.228, 100.673 )
Actual:     0.04     Min:     0.065

SPACING: Regular Via of Net FECTS_clks_clk___L4_N7 & Blockage of Cell xgmii_tx_hold_reg[47]  ( M1 )
Bounds : ( 105.228, 100.510 ) ( 105.293, 100.537 )
Actual:     0.0275     Min:     0.065

SPACING: Regular Via of Net FECTS_clks_clk___L4_N7 & Blockage of Cell crc_tx_d_reg[4]  ( M2 )
Bounds : ( 113.268, 97.680 ) ( 113.275, 97.688 )
Actual:     0.0075     Min:     0.075

SPACING: Regular Via of Net FECTS_clks_clk___L4_N7 & Blockage of Cell crc_tx_d_reg[4]  ( M1 )
Bounds : ( 113.162, 97.688 ) ( 113.207, 97.823 )
Actual:     0.045     Min:     0.065

SPACING: Regular Via of Net FECTS_clks_clk___L4_N7 & Blockage of Cell crc_tx_d_reg[4]  ( M1 )
Bounds : ( 113.202, 97.645 ) ( 113.207, 97.688 )
Actual:     0.0425     Min:     0.065

SHORT: Regular Via of Net FECTS_clks_clk___L3_N0 & Blockage of Cell U1320  ( M1 )
Bounds : ( 71.970, 95.537 ) ( 71.982, 95.603 )


SHORT: Regular Via of Net FECTS_clks_clk___L3_N0 & Blockage of Cell U1320  ( M1 )
Bounds : ( 71.848, 95.548 ) ( 71.982, 95.603 )


SHORT: Regular Via of Net FECTS_clks_clk___L4_N6 & Pin of Cell crc_left_d_reg[17]  ( M1 )
Bounds : ( 93.067, 92.785 ) ( 93.132, 92.882 )


SHORT: Regular Via of Net FECTS_clks_clk___L4_N7 & Pin of Cell U1320  ( M1 )
Bounds : ( 71.658, 96.488 ) ( 71.665, 96.552 )


SHORT: Regular Via of Net FECTS_clks_clk___L4_N7 & Pin of Cell U1320  ( M1 )
Bounds : ( 71.785, 96.488 ) ( 71.793, 96.552 )


SHORT: Regular Via of Net FECTS_clks_clk___L4_N7 & Pin of Cell U2470  ( M1 )
Bounds : ( 80.908, 97.688 ) ( 80.973, 97.692 )


SHORT: Regular Via of Net FECTS_clks_clk___L4_N7 & Blockage of Cell U2470  ( M1 )
Bounds : ( 80.908, 97.757 ) ( 80.973, 97.823 )


SHORT: Regular Via of Net FECTS_clks_clk___L4_N7 & Pin of Cell U2042  ( M1 )
Bounds : ( 94.207, 97.795 ) ( 94.247, 97.823 )


SHORT: Regular Via of Net FECTS_clks_clk___L4_N7 & Pin of Cell U2042  ( M1 )
Bounds : ( 94.207, 97.688 ) ( 94.272, 97.692 )


SHORT: Regular Via of Net FECTS_clks_clk___L4_N7 & Pin of Cell U1491  ( M1 )
Bounds : ( 96.107, 95.598 ) ( 96.173, 95.732 )


SHORT: Regular Via of Net FECTS_clks_clk___L4_N7 & Blockage of Cell U1814  ( M1 )
Bounds : ( 101.048, 100.537 ) ( 101.055, 100.673 )


SHORT: Regular Via of Net FECTS_clks_clk___L4_N7 & Blockage of Cell U1814  ( M1 )
Bounds : ( 101.048, 100.537 ) ( 101.113, 100.552 )


SHORT: Regular Via of Net FECTS_clks_clk___L4_N7 & Pin of Cell U1751  ( M1 )
Bounds : ( 104.912, 95.598 ) ( 104.912, 95.732 )


SHORT: Regular Via of Net FECTS_clks_clk___L4_N7 & Blockage of Cell crc_tx_d_reg[4]  ( M1 )
Bounds : ( 113.268, 97.688 ) ( 113.272, 97.823 )


SHORT: Regular Via of Net FECTS_clks_clk___L4_N7 & Blockage of Cell crc_tx_d_reg[4]  ( M1 )
Bounds : ( 113.228, 97.760 ) ( 113.272, 97.823 )


SHORT: Regular Wire of Net FECTS_clks_clk___L4_N7 & Blockage of Cell crc_tx_d_reg[4]  ( M2 )
Bounds : ( 112.927, 97.720 ) ( 112.997, 97.790 )


SHORT: Regular Via of Net FECTS_clks_clk___L4_N7 & Blockage of Cell crc_tx_d_reg[4]  ( M2 )
Bounds : ( 112.927, 97.685 ) ( 112.990, 97.825 )


SHORT: Regular Via of Net FECTS_clks_clk___L4_N8 & Pin of Cell U2501  ( M1 )
Bounds : ( 81.287, 105.607 ) ( 81.353, 105.613 )


SHORT: Regular Via of Net FECTS_clks_clk___L4_N8 & Blockage of Cell U2501  ( M1 )
Bounds : ( 81.287, 105.478 ) ( 81.353, 105.543 )


SHORT: Regular Via of Net FECTS_clks_clk___L4_N8 & Pin of Cell U1515  ( M1 )
Bounds : ( 92.308, 105.478 ) ( 92.372, 105.613 )


SHORT: Regular Via of Net FECTS_clks_clk___L4_N8 & Pin of Cell U2545  ( M1 )
Bounds : ( 118.527, 102.628 ) ( 118.592, 102.762 )


SPACING: Regular Via of Net FECTS_clks_clk___L4_N9 & Pin of Cell U1350  ( M1 )
Bounds : ( 73.308, 115.243 ) ( 73.370, 115.262 )
Actual:     0.02     Min:     0.065

SPACING: Regular Via of Net FECTS_clks_clk___L4_N9 & Blockage of Cell crc_left_d_reg[22]  ( M1 )
Bounds : ( 62.667, 110.552 ) ( 62.732, 110.595 )
Actual:     0.0425     Min:     0.065

SPACING: Regular Via of Net FECTS_clks_clk___L4_N9 & Blockage of Cell crc_left_d_reg[15]  ( M2 )
Bounds : ( 77.175, 112.603 ) ( 77.207, 113.757 )
Actual:     0.0325     Min:     0.075

SPACING: Regular Via of Net FECTS_clks_clk___L4_N9 & Blockage of Cell crc_left_d_reg[15]  ( M1 )
Bounds : ( 77.173, 112.603 ) ( 77.177, 112.738 )
Actual:     0.005     Min:     0.065

SPACING: Regular Via of Net FECTS_clks_clk___L4_N9 & Blockage of Cell crc_left_d_reg[15]  ( via1 )
Bounds : ( 77.173, 112.622 ) ( 77.213, 112.637 )
Actual:     0.0425     Min:     0.075

SPACING: Regular Via of Net FECTS_clks_clk___L4_N9 & Blockage of Cell crc_left_d_reg[15]  ( via1 )
Bounds : ( 77.173, 112.698 ) ( 77.213, 112.702 )
Actual:     0.04     Min:     0.075

SPACING: Regular Via of Net FECTS_clks_clk___L4_N9 & Blockage of Cell crc_tx_d_reg[25]  ( M1 )
Bounds : ( 118.482, 110.418 ) ( 118.527, 110.552 )
Actual:     0.045     Min:     0.065

SPACING: Regular Via of Net FECTS_clks_clk___L4_N9 & Blockage of Cell crc_tx_d_reg[25]  ( M1 )
Bounds : ( 118.522, 110.552 ) ( 118.527, 110.595 )
Actual:     0.0425     Min:     0.065

SPACING: Regular Via of Net FECTS_clks_clk___L4_N9 & Blockage of Cell crc_tx_d_reg[25]  ( M2 )
Bounds : ( 118.588, 110.555 ) ( 118.595, 110.560 )
Actual:     0.005     Min:     0.075

SHORT: Regular Via of Net FECTS_clks_clk___L4_N9 & Blockage of Cell U1816  ( M1 )
Bounds : ( 29.228, 110.418 ) ( 29.235, 110.552 )


SHORT: Regular Via of Net FECTS_clks_clk___L4_N9 & Blockage of Cell U1816  ( M1 )
Bounds : ( 29.228, 110.418 ) ( 29.292, 110.433 )


SHORT: Regular Via of Net FECTS_clks_clk___L4_N9 & Pin of Cell U1653  ( M1 )
Bounds : ( 32.647, 117.448 ) ( 32.713, 117.582 )


SHORT: Regular Via of Net FECTS_clks_clk___L4_N9 & Pin of Cell U1211  ( M1 )
Bounds : ( 48.228, 110.418 ) ( 48.292, 110.552 )


SHORT: Regular Via of Net FECTS_clks_clk___L4_N9 & Blockage of Cell U1350  ( M1 )
Bounds : ( 73.308, 115.308 ) ( 73.315, 115.397 )


SHORT: Regular Via of Net FECTS_clks_clk___L4_N9 & Blockage of Cell U1350  ( M1 )
Bounds : ( 73.308, 115.308 ) ( 73.372, 115.372 )


SHORT: Regular Via of Net FECTS_clks_clk___L4_N9 & Blockage of Cell crc_left_d_reg[15]  ( M1 )
Bounds : ( 77.107, 112.603 ) ( 77.113, 112.738 )


SHORT: Regular Via of Net FECTS_clks_clk___L4_N9 & Pin of Cell U2005  ( M1 )
Bounds : ( 77.488, 110.548 ) ( 77.552, 110.552 )


SHORT: Regular Via of Net FECTS_clks_clk___L4_N9 & Blockage of Cell U2005  ( M1 )
Bounds : ( 77.488, 110.418 ) ( 77.552, 110.482 )


SHORT: Regular Via of Net FECTS_clks_clk___L4_N9 & Blockage of Cell U958  ( M1 )
Bounds : ( 96.107, 112.507 ) ( 96.115, 112.643 )


SHORT: Regular Via of Net FECTS_clks_clk___L4_N9 & Blockage of Cell U958  ( M1 )
Bounds : ( 96.107, 112.628 ) ( 96.173, 112.643 )


SHORT: Regular Via of Net FECTS_clks_clk___L4_N9 & Blockage of Cell xgmii_txd_d_reg[25]  ( M1 )
Bounds : ( 109.408, 110.418 ) ( 109.427, 110.552 )


SHORT: Regular Via of Net FECTS_clks_clk___L4_N9 & Blockage of Cell crc_tx_d_reg[25]  ( M1 )
Bounds : ( 118.588, 110.418 ) ( 118.592, 110.552 )


SHORT: Regular Via of Net FECTS_clks_clk___L4_N9 & Blockage of Cell crc_tx_d_reg[25]  ( M1 )
Bounds : ( 118.548, 110.418 ) ( 118.592, 110.480 )



Begin Summary ...
  Cells       : 0
  SameNet     : 65
  Wiring      : 15
  Antenna     : 0
  Short       : 114
  Overlap     : 0
End Summary

  Total Violations : 194 Viols.
