###############################################################
#  Generated by:      Cadence Encounter 09.14-s273_1
#  OS:                Linux x86_64(Host ID coe-ee-cad45.sjsuad.sjsu.edu)
#  Generated on:      Tue Nov  8 20:48:22 2016
#  Command:           verifyGeometry
###############################################################

SPACING: Regular Via of Net FECTS_clks_clk___L2_N4 & Blockage of Cell wchrsp_fifo/w_ptr_reg[1]  ( M1 )
Bounds : ( 68.707, 43.347 ) ( 68.747, 43.445 )
Actual:     0.04     Min:     0.065

SPACING: Regular Via of Net FECTS_clks_clk___L2_N2 & Regular Wire of Net wchaddr_fifo/N36  ( M1 )
Bounds : ( 44.493, 36.377 ) ( 44.498, 36.452 )
Actual:     0.005     Min:     0.065

SPACING: Regular Via of Net FECTS_clks_clk___L2_N3 & Pin of Cell intadd_0/U5  ( M2 )
Bounds : ( 25.800, 26.435 ) ( 25.805, 26.575 )
Actual:     0.005     Min:     0.075

SPACING: Regular Via of Net FECTS_clks_clk___L2_N2 & Blockage of Cell wchrsp_fifo/depth_left_reg[5]  ( M1 )
Bounds : ( 42.213, 23.587 ) ( 42.263, 23.722 )
Actual:     0.05     Min:     0.065

SPACING: Regular Via of Net FECTS_clks_clk___L2_N3 & Blockage of Cell wchrsp_fifo/depth_left_reg[0]  ( M1 )
Bounds : ( 23.593, 31.378 ) ( 23.618, 31.513 )
Actual:     0.025     Min:     0.065

SPACING: Regular Via of Net FECTS_clks_clk___L2_N3 & Blockage of Cell wchrsp_fifo/depth_left_reg[0]  ( M1 )
Bounds : ( 23.528, 31.513 ) ( 23.593, 31.555 )
Actual:     0.0425     Min:     0.065

SPACING: Regular Via of Net FECTS_clks_clk___L2_N3 & Blockage of Cell intadd_0/U5  ( via1 )
Bounds : ( 25.800, 26.462 ) ( 25.808, 26.472 )
Actual:     0.0125     Min:     0.075

SPACING: Regular Via of Net FECTS_clks_clk___L2_N3 & Blockage of Cell wchrsp_fifo/depth_left_reg[1]  ( M1 )
Bounds : ( 26.188, 33.603 ) ( 26.247, 33.630 )
Actual:     0.0275     Min:     0.065

SHORT: Regular Via of Net FECTS_clks_clk___L2_N2 & Blockage of Cell FE_OFCC43_wchrsp_fifo_n2  ( M1 )
Bounds : ( 37.208, 23.587 ) ( 37.215, 23.722 )


SHORT: Regular Via of Net FECTS_clks_clk___L2_N2 & Blockage of Cell FE_OFCC43_wchrsp_fifo_n2  ( M1 )
Bounds : ( 37.208, 23.708 ) ( 37.272, 23.722 )


SHORT: Regular Via of Net FECTS_clks_clk___L2_N2 & Blockage of Cell U377  ( M1 )
Bounds : ( 44.428, 36.318 ) ( 44.432, 36.452 )


SHORT: Regular Via of Net FECTS_clks_clk___L2_N3 & Pin of Cell intadd_0/U5  ( M1 )
Bounds : ( 25.808, 26.438 ) ( 25.872, 26.462 )


SHORT: Regular Via of Net FECTS_clks_clk___L2_N3 & Pin of Cell intadd_0/U5  ( M1 )
Bounds : ( 25.808, 26.528 ) ( 25.872, 26.573 )


SHORT: Regular Via of Net FECTS_clks_clk___L2_N3 & Blockage of Cell wchrsp_fifo/depth_left_reg[1]  ( M1 )
Bounds : ( 26.247, 33.467 ) ( 26.253, 33.603 )


SHORT: Regular Wire of Net FECTS_clks_clk___L2_N3 & Blockage of Cell wchrsp_fifo/depth_left_reg[1]  ( M2 )
Bounds : ( 26.427, 33.500 ) ( 26.497, 33.570 )


SHORT: Regular Via of Net FECTS_clks_clk___L2_N3 & Blockage of Cell wchrsp_fifo/depth_left_reg[1]  ( M2 )
Bounds : ( 26.470, 33.465 ) ( 26.497, 33.605 )


SHORT: Regular Via of Net FECTS_clks_clk___L2_N3 & Pin of Cell U545  ( M1 )
Bounds : ( 29.987, 26.438 ) ( 30.052, 26.573 )


SPACING: Regular Via of Net vdd & Regular Wire of Net FECTS_clks_clk___L2_N0  ( M2 )
Bounds : ( 58.295, 23.690 ) ( 58.365, 23.728 )
Actual:     0.0375     Min:     0.075

SPACING: Regular Via of Net n454 & Regular Via of Net FECTS_clks_clk___L2_N4  ( M2 )
Bounds : ( 57.415, 43.347 ) ( 57.458, 43.403 )
Actual:     0.0425     Min:     0.075

SPACING: Regular Via of Net n454 & Regular Via of Net FECTS_clks_clk___L2_N4  ( M1 )
Bounds : ( 57.412, 43.382 ) ( 57.460, 43.403 )
Actual:     0.0475     Min:     0.065

SPACING: Regular Via of Net n454 & Regular Via of Net FECTS_clks_clk___L2_N4  ( via1 )
Bounds : ( 57.412, 43.368 ) ( 57.460, 43.382 )
Actual:     0.05     Min:     0.075

SPACING: Regular Via of Net FECTS_clks_clk___L2_N0 & Pin of Cell wchrsp_fifo/w_ptr_reg[0]  ( M1 )
Bounds : ( 58.053, 23.620 ) ( 58.107, 23.665 )
Actual:     0.055     Min:     0.065

SPACING: Regular Via of Net FECTS_clks_clk___L2_N2 & Regular Via of Net FE_OFCN64_wchaddr_fifo_n1  ( M1 )
Bounds : ( 47.790, 33.452 ) ( 47.847, 33.467 )
Actual:     0.059     Min:     0.065

SPACING: Regular Via of Net FE_OFCN64_wchaddr_fifo_n1 & Regular Wire of Net FECTS_clks_clk___L2_N2  ( M2 )
Bounds : ( 47.688, 33.487 ) ( 47.757, 33.500 )
Actual:     0.0125     Min:     0.075

SPACING: Regular Via of Net FECTS_clks_clk___L2_N2 & Regular Via of Net FE_OFCN64_wchaddr_fifo_n1  ( M2 )
Bounds : ( 47.630, 33.465 ) ( 47.688, 33.487 )
Actual:     0.0575     Min:     0.075

SPACING: Regular Via of Net FECTS_clks_clk___L2_N2 & Pin of Cell burst_addr_d_reg[6]  ( M1 )
Bounds : ( 49.312, 23.620 ) ( 49.368, 23.665 )
Actual:     0.055     Min:     0.065

SPACING: Regular Via of Net FECTS_clks_clk___L1_N0 & Blockage of Cell U322  ( M1 )
Bounds : ( 54.978, 38.443 ) ( 55.010, 38.507 )
Actual:     0.0325     Min:     0.065

SPACING: Regular Via of Net FECTS_clks_clk___L2_N0 & Blockage of Cell wchrsp_fifo/w_ptr_reg[0]  ( M2 )
Bounds : ( 58.037, 23.587 ) ( 58.105, 23.722 )
Actual:     0.0675     Min:     0.075

SPACING: Regular Via of Net FECTS_clks_clk___L2_N0 & Blockage of Cell awready_d_reg  ( M1 )
Bounds : ( 69.887, 23.545 ) ( 69.952, 23.587 )
Actual:     0.0425     Min:     0.065

SPACING: Regular Via of Net FECTS_clks_clk___L2_N2 & Blockage of Cell U440  ( M1 )
Bounds : ( 47.825, 33.588 ) ( 47.847, 33.603 )
Actual:     0.0225     Min:     0.065

SPACING: Regular Via of Net FECTS_clks_clk___L2_N2 & Blockage of Cell burst_addr_d_reg[6]  ( M2 )
Bounds : ( 49.298, 23.585 ) ( 49.365, 23.725 )
Actual:     0.0675     Min:     0.075

SPACING: Regular Via of Net FECTS_clks_clk___L2_N4 & Blockage of Cell U320  ( M1 )
Bounds : ( 67.965, 41.257 ) ( 67.988, 41.272 )
Actual:     0.0225     Min:     0.065

SPACING: Regular Via of Net FECTS_clks_clk___L2_N6 & Blockage of Cell w_rspch_cur_state_reg[0]  ( M1 )
Bounds : ( 51.228, 41.295 ) ( 51.268, 41.393 )
Actual:     0.04     Min:     0.065

SPACING: Regular Via of Net FECTS_clks_clk___L2_N6 & Blockage of Cell w_rspch_cur_state_reg[0]  ( M1 )
Bounds : ( 51.268, 41.230 ) ( 51.333, 41.257 )
Actual:     0.0275     Min:     0.065

SHORT: Regular Via of Net FECTS_clks_clk___L1_N0 & Pin of Cell U322  ( M1 )
Bounds : ( 54.842, 38.443 ) ( 54.945, 38.507 )


SHORT: Regular Via of Net FECTS_clks_clk___L2_N0 & Pin of Cell U322  ( M1 )
Bounds : ( 54.752, 38.822 ) ( 54.882, 38.888 )


SHORT: Regular Via of Net FECTS_clks_clk___L2_N0 & Pin of Cell wchrsp_fifo/w_ptr_reg[0]  ( M1 )
Bounds : ( 58.107, 23.587 ) ( 58.173, 23.620 )


SHORT: Regular Via of Net FECTS_clks_clk___L2_N2 & Pin of Cell burst_addr_d_reg[6]  ( M1 )
Bounds : ( 49.368, 23.587 ) ( 49.432, 23.620 )


SHORT: Regular Via of Net FECTS_clks_clk___L2_N4 & Pin of Cell U331  ( M1 )
Bounds : ( 57.347, 43.347 ) ( 57.412, 43.382 )


SPACING: Regular Via of Net FECTS_clks_clk___L2_N1 & Regular Via of Net FECTS_clks_clk___L2_N7  ( via1 )
Bounds : ( 22.007, 58.268 ) ( 22.073, 58.330 )
Actual:     0.0625     Min:     0.075

SPACING: Regular Via of Net FECTS_clks_clk___L2_N1 & Pin of Cell burst_addr_d_reg[13]  ( M1 )
Bounds : ( 43.612, 63.140 ) ( 43.667, 63.185 )
Actual:     0.055     Min:     0.065

SPACING: Regular Via of Net FECTS_clks_clk___L2_N7 & Pin of Cell U528  ( M1 )
Bounds : ( 27.013, 48.287 ) ( 27.022, 48.292 )
Actual:     0.01     Min:     0.065

SPACING: Regular Via of Net FECTS_clks_clk___L2_N1 & Blockage of Cell burst_addr_d_reg[18]  ( M1 )
Bounds : ( 34.928, 63.243 ) ( 34.987, 63.270 )
Actual:     0.0275     Min:     0.065

SPACING: Regular Via of Net FECTS_clks_clk___L2_N1 & Blockage of Cell burst_addr_d_reg[13]  ( M2 )
Bounds : ( 43.597, 63.105 ) ( 43.665, 63.245 )
Actual:     0.0675     Min:     0.075

SPACING: Regular Via of Net FECTS_clks_clk___L2_N6 & Blockage of Cell U523  ( M1 )
Bounds : ( 36.447, 48.423 ) ( 36.513, 48.425 )
Actual:     0.0025     Min:     0.065

SPACING: Regular Via of Net FECTS_clks_clk___L2_N6 & Blockage of Cell burst_addr_d_reg[14]  ( M1 )
Bounds : ( 41.072, 56.077 ) ( 41.123, 56.213 )
Actual:     0.05     Min:     0.065

SHORT: Regular Via of Net FECTS_clks_clk___L2_N1 & Regular Via of Net FECTS_clks_clk___L2_N7  ( M2 )
Bounds : ( 22.005, 58.295 ) ( 22.075, 58.303 )


SHORT: Regular Via of Net FECTS_clks_clk___L2_N1 & Regular Via of Net FECTS_clks_clk___L2_N7  ( M1 )
Bounds : ( 22.007, 58.205 ) ( 22.073, 58.303 )


SHORT: Regular Via of Net FECTS_clks_clk___L2_N1 & Blockage of Cell burst_addr_d_reg[18]  ( M1 )
Bounds : ( 34.987, 63.107 ) ( 34.993, 63.243 )


SHORT: Regular Via of Net FECTS_clks_clk___L2_N1 & Pin of Cell burst_addr_d_reg[13]  ( M1 )
Bounds : ( 43.667, 63.107 ) ( 43.732, 63.140 )


SHORT: Regular Via of Net FECTS_clks_clk___L2_N1 & Pin of Cell U307  ( M1 )
Bounds : ( 37.588, 53.228 ) ( 37.653, 53.362 )


SHORT: Regular Via of Net FECTS_clks_clk___L2_N6 & Pin of Cell U523  ( M1 )
Bounds : ( 36.447, 48.287 ) ( 36.502, 48.360 )


SHORT: Regular Via of Net FECTS_clks_clk___L2_N7 & Pin of Cell U528  ( M1 )
Bounds : ( 26.948, 48.287 ) ( 26.952, 48.423 )


SHORT: Regular Via of Net FECTS_clks_clk___L2_N7 & Pin of Cell U507  ( M1 )
Bounds : ( 31.192, 48.287 ) ( 31.192, 48.423 )


SPACING: Regular Via of Net FECTS_clks_clk___L2_N4 & Blockage of Cell wchrsp_fifo/w_ptr_reg[1]  ( M1 )
Bounds : ( 68.747, 43.482 ) ( 68.812, 43.510 )
Actual:     0.0275     Min:     0.065

SPACING: Regular Via of Net FECTS_clks_clk___L2_N5 & Blockage of Cell burst_addr_d_reg[31]  ( M2 )
Bounds : ( 55.127, 58.160 ) ( 55.135, 58.167 )
Actual:     0.0075     Min:     0.075

SPACING: Regular Via of Net FECTS_clks_clk___L2_N5 & Blockage of Cell burst_addr_d_reg[31]  ( M1 )
Bounds : ( 55.022, 58.167 ) ( 55.068, 58.303 )
Actual:     0.045     Min:     0.065

SPACING: Regular Via of Net FECTS_clks_clk___L2_N5 & Blockage of Cell burst_addr_d_reg[31]  ( M1 )
Bounds : ( 55.062, 58.125 ) ( 55.068, 58.167 )
Actual:     0.0425     Min:     0.065

SPACING: Regular Via of Net FECTS_clks_clk___L2_N6 & Blockage of Cell burst_addr_d_reg[25]  ( M2 )
Bounds : ( 48.295, 51.138 ) ( 48.327, 51.272 )
Actual:     0.0325     Min:     0.075

SPACING: Regular Via of Net FECTS_clks_clk___L2_N6 & Blockage of Cell burst_addr_d_reg[25]  ( M1 )
Bounds : ( 48.292, 51.138 ) ( 48.298, 51.272 )
Actual:     0.005     Min:     0.065

SPACING: Regular Via of Net FECTS_clks_clk___L2_N6 & Blockage of Cell burst_addr_d_reg[25]  ( via1 )
Bounds : ( 48.292, 51.237 ) ( 48.333, 51.298 )
Actual:     0.072     Min:     0.075

SPACING: Regular Via of Net FECTS_clks_clk___L2_N6 & Blockage of Cell burst_addr_d_reg[25]  ( via1 )
Bounds : ( 48.292, 51.173 ) ( 48.333, 51.222 )
Actual:     0.04     Min:     0.075

SHORT: Regular Via of Net FECTS_clks_clk___L2_N4 & Blockage of Cell U331  ( M1 )
Bounds : ( 57.347, 43.467 ) ( 57.412, 43.482 )


SHORT: Regular Via of Net FECTS_clks_clk___L2_N5 & Blockage of Cell burst_addr_d_reg[31]  ( M1 )
Bounds : ( 55.127, 58.167 ) ( 55.132, 58.303 )


SHORT: Regular Via of Net FECTS_clks_clk___L2_N5 & Blockage of Cell burst_addr_d_reg[31]  ( M1 )
Bounds : ( 55.088, 58.240 ) ( 55.132, 58.303 )


SHORT: Regular Wire of Net FECTS_clks_clk___L2_N5 & Blockage of Cell burst_addr_d_reg[31]  ( M2 )
Bounds : ( 54.787, 58.200 ) ( 54.857, 58.270 )


SHORT: Regular Via of Net FECTS_clks_clk___L2_N5 & Blockage of Cell burst_addr_d_reg[31]  ( M2 )
Bounds : ( 54.787, 58.165 ) ( 54.850, 58.305 )


SHORT: Regular Via of Net FECTS_clks_clk___L2_N6 & Blockage of Cell burst_addr_d_reg[25]  ( M1 )
Bounds : ( 48.228, 51.138 ) ( 48.232, 51.272 )


SHORT: Regular Wire of Net FECTS_clks_clk___L2_N6 & Blockage of Cell burst_addr_d_reg[25]  ( M2 )
Bounds : ( 48.327, 51.170 ) ( 48.397, 51.240 )



Begin Summary ...
  Cells       : 0
  SameNet     : 26
  Wiring      : 14
  Antenna     : 0
  Short       : 29
  Overlap     : 0
End Summary

  Total Violations : 69 Viols.
