*----------------------------------------------------------------------------------------
*	Encounter 09.14-s273_1 (32bit) 02/17/2011 18:35 (Linux 2.6)
*	
*
* 	Date & Time:	2016-Nov-08 21:01:02 (2016-Nov-09 05:01:02 GMT)
*
*----------------------------------------------------------------------------------------
*
*	Design: AXI_slave
*
*	Liberty Libraries used: 
*	        /home/010123386@SJSUAD.SJSU.EDU/Documents/new_lib/FreePDK45/osu_soc/lib/files/gscl45nm.tlf
*
*	Power Domain used: 
*		Rail:        vdd 	Voltage:        1.1 
*
*       User-Defined Activity : N.A.
*
*       Activity File: N.A.
*
*       Hierarchical Global Activity: N.A.
*
*       Global Activity: N.A.
*
*       Sequential Element Activity: N.A.
*
*       Clock Gates Enable Activity: N.A.
*
*       Primary Input Activity: 0.200000
*
*	Power Units = 1mW
*
*	Time Units = 1e-09 secs 
*
*       Temperature = 27 
*
*       report_power -outfile .//AXI_slave.rpt -rail_analysis_format VS
*
-----------------------------------------------------------------------------------------
Cell                            Internal   Switching       Total     Leakage   Cell
                                   Power       Power       Power       Power   Name
--------------------------------------------------------------------------------------
FECTS_clks_clk___L1_I0          0.009265     0.02514     0.03443   2.466e-05  INVX8
FECTS_clks_clk___L2_I6          0.002871     0.01708     0.01996    1.23e-05  INVX4
FECTS_clks_clk___L2_I0          0.002855     0.01632     0.01919    1.23e-05  INVX4
FECTS_clks_clk___L2_I4          0.002852     0.01616     0.01902    1.23e-05  INVX4
FECTS_clks_clk___L2_I2           0.00285     0.01605     0.01892    1.23e-05  INVX4
FECTS_clks_clk___L2_I1          0.002843     0.01568     0.01854    1.23e-05  INVX4
FECTS_clks_clk___L2_I5           0.00283     0.01513     0.01797    1.23e-05  INVX4
FECTS_clks_clk___L2_I7          0.002816     0.01437      0.0172    1.23e-05  INVX4
FECTS_clks_clk___L2_I3          0.002798     0.01354     0.01635    1.23e-05  INVX4
wchaddr_fifo/depth_left_reg[3]    0.01478   0.0002009     0.01509   0.0001086  DFFSR
wchaddr_fifo/depth_left_reg[5]    0.01464   0.0002926     0.01504   0.0001086  DFFSR
wchrsp_fifo/depth_left_reg[5]    0.01452    0.000238     0.01487   0.0001086  DFFSR
wchrsp_fifo/depth_left_reg[4]    0.01429   0.0003565     0.01476   0.0001086  DFFSR
wchrsp_fifo/depth_left_reg[3]    0.01424   0.0002985     0.01465   0.0001086  DFFSR
wchaddr_fifo/depth_left_reg[2]    0.01422   0.0001993     0.01453   0.0001086  DFFSR
wchrsp_fifo/depth_left_reg[2]    0.01405    0.000263     0.01442   0.0001086  DFFSR
wchaddr_fifo/depth_left_reg[1]    0.01385   0.0001824     0.01414   0.0001086  DFFSR
w_dch_cur_state_reg[0]           0.01345   0.0002408      0.0138   0.0001086  DFFSR
wchaddr_fifo/depth_left_reg[4]    0.01297   0.0001648     0.01324   0.0001086  DFFSR
wchaddr_fifo/depth_left_reg[0]    0.01283   0.0002963     0.01323   0.0001086  DFFSR
wchrsp_fifo/depth_left_reg[1]    0.01287   0.0002065     0.01318   0.0001086  DFFSR
wchaddr_fifo/w_ptr_reg[1]         0.0128   0.0001655     0.01307   0.0001086  DFFSR
wchaddr_fifo/r_ptr_reg[0]        0.01264   0.0001753     0.01292   0.0001086  DFFSR
wchrsp_fifo/r_ptr_reg[0]          0.0126   0.0001586     0.01287   0.0001086  DFFSR
wchrsp_fifo/depth_left_reg[0]    0.01247   0.0002597     0.01284   0.0001086  DFFSR
wready_d_reg                     0.01236   0.0003491     0.01282   0.0001086  DFFSR
wchrsp_fifo/r_ptr_reg[1]         0.01215   0.0002904     0.01255   0.0001086  DFFSR
wchaddr_fifo/w_ptr_reg[0]        0.01217   0.0001344     0.01241   0.0001086  DFFSR
awready_d_reg                    0.01192   0.0001193     0.01215   0.0001086  DFFSR
wchrsp_fifo/w_ptr_reg[0]         0.01171   0.0001052     0.01192   0.0001086  DFFSR
wchrsp_fifo/r_ptr_reg[2]         0.01156   8.409e-05     0.01175   0.0001086  DFFSR
w_dch_cur_state_reg[1]           0.01151   9.728e-05     0.01171   0.0001086  DFFSR
wchaddr_fifo/r_ptr_reg[2]        0.01138   0.0001116      0.0116   0.0001086  DFFSR
burst_addr_d_reg[4]              0.01124   0.0001659     0.01151   0.0001086  DFFSR
wchaddr_fifo/w_ptr_reg[2]        0.01112   0.0001532     0.01139   0.0001086  DFFSR
wchaddr_fifo/r_ptr_reg[3]        0.01114   0.0001065     0.01136   0.0001086  DFFSR
burst_addr_d_reg[5]              0.01115   8.315e-05     0.01134   0.0001086  DFFSR
wchaddr_fifo/r_ptr_reg[1]        0.01112   0.0001034     0.01133   0.0001086  DFFSR
wchrsp_fifo/w_ptr_reg[2]         0.01114   7.721e-05     0.01133   0.0001086  DFFSR
wchrsp_fifo/w_ptr_reg[3]         0.01114   7.613e-05     0.01133   0.0001086  DFFSR
wchaddr_fifo/w_ptr_reg[3]        0.01112   9.118e-05     0.01132   0.0001086  DFFSR
wchrsp_fifo/r_ptr_reg[3]         0.01112   9.074e-05     0.01132   0.0001086  DFFSR
wchrsp_fifo/w_ptr_reg[1]         0.01111   8.131e-05      0.0113   0.0001086  DFFSR
wchrsp_fifo/r_ptr_reg[4]         0.01094    8.53e-05     0.01113   0.0001086  DFFSR
U258                           0.0003674     0.01062       0.011    1.23e-05  INVX4
wchaddr_fifo/w_ptr_reg[4]        0.01073   6.434e-05      0.0109   0.0001086  DFFSR
wchrsp_fifo/w_ptr_reg[4]         0.01068   6.462e-05     0.01085   0.0001086  DFFSR
wchaddr_fifo/r_ptr_reg[4]        0.01066   6.301e-05     0.01084   0.0001086  DFFSR
w_rspch_cur_state_reg[0]        0.009723   2.439e-05    0.009856   0.0001086  DFFSR
w_ach_cur_state_reg[0]          0.009686   3.325e-05    0.009828   0.0001086  DFFSR
burst_addr_d_reg[6]             0.009553   1.914e-05    0.009681   0.0001086  DFFSR
burst_addr_d_reg[30]            0.009481   2.454e-05    0.009614   0.0001086  DFFSR
burst_addr_d_reg[11]            0.009456   4.256e-05    0.009608   0.0001086  DFFSR
burst_addr_d_reg[14]             0.00948   1.802e-05    0.009607   0.0001086  DFFSR
burst_addr_d_reg[26]            0.009481   1.384e-05    0.009603   0.0001086  DFFSR
burst_addr_d_reg[25]            0.009481   1.289e-05    0.009602   0.0001086  DFFSR
burst_addr_d_reg[10]            0.009481   1.211e-05    0.009602   0.0001086  DFFSR
burst_addr_d_reg[8]             0.009481   1.092e-05      0.0096   0.0001086  DFFSR
burst_addr_d_reg[9]              0.00948   1.078e-05      0.0096   0.0001086  DFFSR
burst_addr_d_reg[29]            0.009423   6.154e-05    0.009593   0.0001086  DFFSR
burst_addr_d_reg[17]            0.009457   1.919e-05    0.009584   0.0001086  DFFSR
burst_addr_d_reg[13]            0.009456   1.949e-05    0.009584   0.0001086  DFFSR
burst_addr_d_reg[12]            0.009457   1.808e-05    0.009583   0.0001086  DFFSR
burst_addr_d_reg[21]            0.009456   1.506e-05     0.00958   0.0001086  DFFSR
burst_addr_d_reg[27]            0.009446   2.489e-05    0.009579   0.0001086  DFFSR
burst_addr_d_reg[28]            0.009456   1.206e-05    0.009577   0.0001086  DFFSR
burst_addr_d_reg[7]              0.00943   3.752e-05    0.009576   0.0001086  DFFSR
burst_addr_d_reg[31]            0.009444   1.476e-05    0.009568   0.0001086  DFFSR
burst_addr_d_reg[15]            0.009421   3.145e-05    0.009561   0.0001086  DFFSR
burst_addr_d_reg[20]            0.009284    2.43e-05    0.009417   0.0001086  DFFSR
burst_addr_d_reg[22]            0.009284   1.819e-05    0.009411   0.0001086  DFFSR
burst_addr_d_reg[16]            0.009284   1.785e-05     0.00941   0.0001086  DFFSR
burst_addr_d_reg[19]            0.009284   1.152e-05    0.009404   0.0001086  DFFSR
burst_addr_d_reg[18]            0.009284   1.043e-05    0.009403   0.0001086  DFFSR
burst_addr_d_reg[23]            0.009284   9.216e-06    0.009402   0.0001086  DFFSR
burst_addr_d_reg[24]            0.009284   8.897e-06    0.009401   0.0001086  DFFSR
intadd_1/U4                     0.003148    0.001809    0.004996   3.921e-05  FAX1
intadd_1/U3                     0.002722    0.001891    0.004653   3.921e-05  FAX1
U273                           9.603e-05    0.004492    0.004594   6.148e-06  INVX2
intadd_1/U5                     0.002911    0.001456    0.004406   3.921e-05  FAX1
intadd_0/U3                     0.002571    0.001299     0.00391   3.921e-05  FAX1
intadd_0/U4                     0.002589    0.001232     0.00386   3.921e-05  FAX1
intadd_1/U2                     0.002728    0.001086    0.003854   3.921e-05  FAX1
U548                             0.00269   0.0008678    0.003588   2.998e-05  XNOR2X1
intadd_0/U5                     0.002262    0.001196    0.003498   3.921e-05  FAX1
intadd_0/U2                     0.002519   0.0009354    0.003494   3.921e-05  FAX1
U513                           0.0003343    0.002995    0.003354   2.456e-05  AND2X2
U547                            0.001919   0.0008561    0.002821   4.515e-05  XOR2X1
U522                           0.0003251    0.002477    0.002807   5.129e-06  OAI21X1
U446                           0.0005718    0.002163    0.002755   1.975e-05  BUFX2
U444                           0.0005778     0.00206    0.002657   1.975e-05  BUFX2
U445                           0.0005715    0.002048    0.002639   1.975e-05  BUFX2
U452                            0.000403    0.002211    0.002633   1.975e-05  BUFX2
U533                            0.002097   0.0004764    0.002603   2.998e-05  XNOR2X1
U449                           0.0005197    0.001988    0.002528   1.975e-05  BUFX2
U447                           0.0005424    0.001943    0.002505   1.975e-05  BUFX2
U503                           0.0006677    0.001778    0.002465   1.975e-05  BUFX2
U507                           0.0004586    0.001899    0.002378   1.975e-05  BUFX2
U506                           0.0005322    0.001624    0.002176   1.975e-05  BUFX2
U440                           0.0006769    0.001471    0.002168   1.975e-05  BUFX2
U302                            0.000394     0.00174    0.002157   2.268e-05  OR2X2
U532                            0.001453   0.0005891    0.002087   4.515e-05  XOR2X1
U510                            3.34e-05    0.002048    0.002083   1.742e-06  INVX1
U509                           0.0004563    0.001605    0.002081   1.975e-05  BUFX2
U450                           0.0004136     0.00154    0.001974   1.975e-05  BUFX2
U523                            0.001336    0.000595     0.00195   1.855e-05  MUX2X1
U534                            0.001222   0.0006095     0.00185   1.855e-05  MUX2X1
U437                           0.0005257    0.001304    0.001849   1.975e-05  BUFX2
U478                           0.0004187     0.00139    0.001828   1.975e-05  BUFX2
U438                           0.0004459    0.001322    0.001787   1.975e-05  BUFX2
U549                            0.001134   0.0006199    0.001772   1.855e-05  MUX2X1
U527                            0.001383   0.0002832    0.001711   4.515e-05  XOR2X1
U511                           0.0003129    0.001319    0.001657   2.456e-05  AND2X2
U525                             0.00103   0.0005525    0.001601   1.855e-05  MUX2X1
U505                            0.000369    0.001176    0.001564   1.975e-05  BUFX2
U542                            0.000982   0.0005299     0.00153   1.855e-05  MUX2X1
U306                           0.0008971   0.0005477    0.001467   2.268e-05  OR2X2
U550                            0.001062   0.0003428    0.001434   2.998e-05  XNOR2X1
U508                           0.0002562    0.001137    0.001413   1.975e-05  BUFX2
U520                           0.0004105   0.0009834    0.001399   5.129e-06  OAI21X1
U540                           0.0009908   0.0003667    0.001376   1.855e-05  MUX2X1
U559                           0.0009652   0.0003656    0.001376   4.515e-05  XOR2X1
U537                           0.0001305    0.001227    0.001359   1.742e-06  INVX1
U310                           0.0009092   0.0004211    0.001353   2.268e-05  OR2X2
FE_OFCC69_n413                  0.001163   0.0001361    0.001351    5.15e-05  BUFX4
U512                           0.0003815   0.0008962    0.001302   2.456e-05  AND2X2
U268                           0.0006427   0.0006325      0.0013   2.456e-05  AND2X2
U519                           0.0001029    0.001192    0.001297   1.742e-06  INVX1
U314                           0.0009322   0.0003322    0.001287   2.268e-05  OR2X2
U422                           0.0003926   0.0008719    0.001284   1.975e-05  BUFX2
FE_OFCC68_n508                  0.001112   0.0001143    0.001278    5.15e-05  BUFX4
U528                           0.0009656   0.0002904    0.001275   1.855e-05  MUX2X1
U536                           0.0003523     0.00089    0.001267   2.456e-05  AND2X2
U544                           0.0009476   0.0002956    0.001262   1.855e-05  MUX2X1
U443                           0.0002823   0.0009025    0.001205   1.975e-05  BUFX2
U232                           0.0004384   0.0007168     0.00118   2.456e-05  AND2X2
FE_OFCC65_wchrsp_fifo_n1       0.0006758   0.0004757    0.001171   1.975e-05  BUFX2
FE_OFCC59_n548                 0.0004271   0.0007239    0.001171   1.975e-05  BUFX2
U560                           0.0009286   0.0001811    0.001155   4.515e-05  XOR2X1
U666                           0.0005712   0.0005671    0.001143   5.129e-06  OAI21X1
FE_OFCC64_wchaddr_fifo_n1      0.0006966   0.0004244    0.001141   1.975e-05  BUFX2
U504                            0.000308   0.0007905    0.001118   1.975e-05  BUFX2
U387                           0.0008297   0.0002653    0.001118   2.268e-05  OR2X2
U477                           0.0002401   0.0008144    0.001074   1.975e-05  BUFX2
FE_OFCC6_wchaddr_fifo_n4       0.0005781   0.0004622     0.00106   1.975e-05  BUFX2
U442                           0.0002802    0.000727    0.001027   1.975e-05  BUFX2
U303                           0.0004378   0.0005509    0.001011   2.268e-05  OR2X2
U403                           0.0003966   0.0005806    0.000997   1.975e-05  BUFX2
U476                           0.0002436   0.0007128   0.0009761   1.975e-05  BUFX2
U260                           0.0006444   0.0002943   0.0009633   2.456e-05  AND2X2
U259                           0.0003136   0.0006158   0.0009539   2.456e-05  AND2X2
U473                           0.0002507   0.0006794   0.0009498   1.975e-05  BUFX2
U472                           0.0002415   0.0006869   0.0009481   1.975e-05  BUFX2
U263                           0.0005387   0.0003775   0.0009407   2.456e-05  AND2X2
U551                            0.000736   0.0001731   0.0009391   2.998e-05  XNOR2X1
U461                            0.000384   0.0005271   0.0009309   1.975e-05  BUFX2
U439                           0.0001293   0.0007945   0.0009255   1.742e-06  INVX1
FE_OFCC42_wchrsp_fifo_n3       0.0005933   0.0003048   0.0009178   1.975e-05  BUFX2
U327                           0.0005702   0.0003087   0.0009016   2.268e-05  OR2X2
U664                           0.0004626    0.000433   0.0009007   5.129e-06  OAI21X1
U414                           0.0004426   0.0004344   0.0008967   1.975e-05  BUFX2
U233                           0.0006837   0.0001821   0.0008904   2.456e-05  AND2X2
U427                           0.0002393   0.0006198   0.0008789   1.975e-05  BUFX2
U441                           5.597e-05   0.0008161   0.0008738   1.742e-06  INVX1
U684                           0.0004315    0.000423   0.0008731   1.855e-05  MUX2X1
FE_OFCC38_n538                 0.0004182    0.000435    0.000873   1.975e-05  BUFX2
U426                           0.0003244   0.0005219    0.000866   1.975e-05  BUFX2
U471                           0.0002358   0.0006076   0.0008632   1.975e-05  BUFX2
U425                           0.0002624   0.0005802   0.0008624   1.975e-05  BUFX2
U308                           0.0007011   0.0001359   0.0008597   2.268e-05  OR2X2
U329                           0.0005848   0.0002424   0.0008499   2.268e-05  OR2X2
FE_OFCC8_w_dch_cur_state_0_    0.0005459   0.0002697   0.0008353   1.975e-05  BUFX2
FE_OFCC43_wchrsp_fifo_n2        0.000606   0.0002035   0.0008293   1.975e-05  BUFX2
U671                             0.00043    0.000388   0.0008217   3.659e-06  AOI21X1
FE_OFCC7_wchaddr_fifo_n3       0.0005473   0.0002482   0.0008152   1.975e-05  BUFX2
U546                           0.0004397   0.0003672    0.000812   5.129e-06  OAI21X1
U317                           0.0006433   0.0001448   0.0008109   2.268e-05  OR2X2
U470                           0.0002608    0.000528   0.0008085   1.975e-05  BUFX2
U432                           3.874e-05    0.000761   0.0008015   1.742e-06  INVX1
U235                           0.0004962   0.0002789   0.0007997   2.456e-05  AND2X2
U469                           0.0001815   0.0005897    0.000791   1.975e-05  BUFX2
U556                           0.0006272   0.0001161   0.0007884   4.515e-05  XOR2X1
U562                             0.00055   0.0002042   0.0007842   2.998e-05  XNOR2X1
FE_OFCC67_n534                 0.0005314   0.0001934   0.0007763    5.15e-05  BUFX4
FE_OFCC10_N43                  0.0002749   0.0004806   0.0007753   1.975e-05  BUFX2
FE_OFCC50_n557                 0.0004047   0.0003435    0.000768   1.975e-05  BUFX2
U448                           5.464e-05   0.0007112   0.0007676   1.742e-06  INVX1
FE_OFCC41_wchrsp_fifo_n4       0.0005677   0.0001769   0.0007644   1.975e-05  BUFX2
U625                           0.0004147   0.0003295    0.000751   6.813e-06  AOI22X1
U531                           0.0004707   0.0002747   0.0007505   5.129e-06  OAI21X1
U515                           0.0002075   0.0005277   0.0007408   5.612e-06  NOR3X1
FE_OFCC5_wchaddr_fifo_n5       0.0005343   0.0001801   0.0007342   1.975e-05  BUFX2
U386                           0.0004374   0.0002736   0.0007307   1.975e-05  BUFX2
FE_OFCC77_n165                 0.0005622   0.0001445   0.0007264   1.975e-05  BUFX2
U662                           0.0003102   0.0003774   0.0006927   5.129e-06  OAI21X1
U467                           0.0002146   0.0004459   0.0006803   1.975e-05  BUFX2
U665                           0.0004449   0.0002255   0.0006755   5.129e-06  OAI21X1
FE_OFCC3_wchaddr_fifo_n2       0.0004692   0.0001809   0.0006699   1.975e-05  BUFX2
FE_OFCC61_n546                 0.0002534   0.0003967   0.0006699   1.975e-05  BUFX2
U393                           0.0004173   0.0002325   0.0006696   1.975e-05  BUFX2
U514                           8.998e-05   0.0005742    0.000666   1.742e-06  INVX1
U267                           0.0003839   0.0002507   0.0006591   2.456e-05  AND2X2
U324                           0.0004473   0.0001915   0.0006585   1.975e-05  BUFX2
U518                           5.305e-05   0.0006029   0.0006577   1.742e-06  INVX1
U325                           0.0002887   0.0003465    0.000655   1.975e-05  BUFX2
FE_OFCC4_wchaddr_fifo_n6       0.0004872   0.0001471    0.000654   1.975e-05  BUFX2
U468                           0.0001888   0.0004426   0.0006512   1.975e-05  BUFX2
U524                           0.0001515   0.0004934   0.0006467   1.742e-06  INVX1
U301                           0.0003525   0.0002705   0.0006457   2.268e-05  OR2X2
U663                           0.0003684   0.0002625   0.0006345   3.659e-06  AOI21X1
U660                           0.0004514   0.0001753   0.0006323   5.612e-06  NOR3X1
FE_OFCC78_n403                 0.0004811   0.0001287   0.0006295   1.975e-05  BUFX2
U300                           0.0002706   0.0003361   0.0006294   2.268e-05  OR2X2
U677                           0.0004378   0.0001728   0.0006292   1.855e-05  MUX2X1
FE_OFCC40_wchrsp_fifo_n5       0.0004675   0.0001413   0.0006286   1.975e-05  BUFX2
U561                           0.0003521    0.000271   0.0006267   3.659e-06  AOI21X1
U379                           0.0004366   0.0001625   0.0006237   2.456e-05  AND2X2
U377                           0.0004866   0.0001081   0.0006193   2.456e-05  AND2X2
FE_OFCC49_n558                 0.0004319    0.000167   0.0006187   1.975e-05  BUFX2
U266                           0.0003486   0.0002446   0.0006177   2.456e-05  AND2X2
U460                           0.0002413   0.0003542   0.0006152   1.975e-05  BUFX2
U463                           0.0003016    0.000292   0.0006133   1.975e-05  BUFX2
U674                           0.0004279   0.0001664   0.0006129   1.855e-05  MUX2X1
FE_OFCC39_wchrsp_fifo_n6       0.0004389   0.0001438   0.0006025   1.975e-05  BUFX2
U466                           0.0001794    0.000393   0.0005921   1.975e-05  BUFX2
FE_OFCC62_n545                 0.0002465   0.0003219   0.0005881   1.975e-05  BUFX2
U667                           0.0004378   0.0001286    0.000585   1.855e-05  MUX2X1
U383                           0.0004304   0.0001274   0.0005824   2.456e-05  AND2X2
FE_OFCC60_n547                 0.0002519   0.0003097   0.0005813   1.975e-05  BUFX2
U315                           0.0003286   0.0002269   0.0005801   2.456e-05  AND2X2
U564                           0.0001928    0.000383   0.0005791   3.291e-06  NAND2X1
U270                           0.0004172   0.0001321   0.0005721   2.268e-05  OR2X2
FE_OFCC54_n543                 0.0003785   0.0001731   0.0005713   1.975e-05  BUFX2
FE_OFCC55_n542                 0.0004108   0.0001352   0.0005657   1.975e-05  BUFX2
U304                           0.0004257   0.0001163   0.0005647   2.268e-05  OR2X2
FE_OFCC76_n516                 0.0004195   0.0001249   0.0005641   1.975e-05  BUFX2
FE_OFCC73_burst_addr_nxt_5_    0.0003904   0.0001524   0.0005625   1.975e-05  BUFX2
U394                           0.0002537   0.0002885   0.0005619   1.975e-05  BUFX2
U475                           7.482e-05   0.0004846   0.0005612   1.742e-06  INVX1
U569                           0.0004535   0.0001004   0.0005607   6.813e-06  AOI22X1
U682                           0.0002862   0.0002688   0.0005602   5.129e-06  OAI21X1
U388                            9.33e-05   0.0004634   0.0005584   1.742e-06  INVX1
U539                            0.000377   0.0001736   0.0005543   3.659e-06  AOI21X1
FE_OFCC103_n421                0.0002696    0.000258   0.0005473   1.975e-05  BUFX2
U272                           0.0004117   0.0001105   0.0005449   2.268e-05  OR2X2
U623                           5.227e-05   0.0004873   0.0005413   1.742e-06  INVX1
U451                           8.175e-05   0.0004547   0.0005382   1.742e-06  INVX1
U566                           0.0003498    0.000161   0.0005354   2.456e-05  AND2X2
U565                           0.0003498    0.000158   0.0005323   2.456e-05  AND2X2
U265                           0.0001644   0.0003425   0.0005315   2.456e-05  AND2X2
FE_OFCC74_n170                 0.0003539   0.0001568   0.0005304   1.975e-05  BUFX2
U541                           0.0001135   0.0004133   0.0005285   1.742e-06  INVX1
U526                           0.0001196   0.0003963   0.0005177   1.742e-06  INVX1
U676                           0.0003725   0.0001256   0.0005166   1.855e-05  MUX2X1
FE_OFCC2_n537                  0.0003116   0.0001843   0.0005156   1.975e-05  BUFX2
U424                           0.0001596     0.00033   0.0005142   2.456e-05  AND2X2
U319                           0.0002705   0.0002136   0.0005039   1.975e-05  BUFX2
U670                           6.894e-05   0.0004326   0.0005033   1.742e-06  INVX1
FE_OFCC11_N44                  0.0002529   0.0002302   0.0005029   1.975e-05  BUFX2
U294                           0.0002192   0.0002608   0.0004997   1.975e-05  BUFX2
U381                            0.000368   0.0001065    0.000499   2.456e-05  AND2X2
FE_OFCC105_n418                0.0003421   0.0001342    0.000496   1.975e-05  BUFX2
U686                           0.0003125   0.0001616   0.0004926   1.855e-05  MUX2X1
U567                           0.0003475   0.0001184   0.0004904   2.456e-05  AND2X2
U288                           0.0002183    0.000252     0.00049   1.975e-05  BUFX2
U419                           0.0003693   9.424e-05   0.0004881   2.456e-05  AND2X2
U284                           0.0002191   0.0002414   0.0004803   1.975e-05  BUFX2
U276                           0.0002184   0.0002419   0.0004801   1.975e-05  BUFX2
U585                           0.0003451   0.0001276   0.0004795   6.813e-06  AOI22X1
FE_OFCC97_n427                 0.0002691   0.0001895   0.0004784   1.975e-05  BUFX2
U597                           0.0003433   0.0001263   0.0004765   6.813e-06  AOI22X1
U568                           0.0001235   0.0003458   0.0004726   3.291e-06  NAND2X1
U390                           0.0003056   0.0001416   0.0004718   2.456e-05  AND2X2
U615                            0.000345   0.0001196   0.0004714   6.813e-06  AOI22X1
U462                           8.896e-05   0.0003796   0.0004703   1.742e-06  INVX1
U385                            0.000347   9.853e-05   0.0004701   2.456e-05  AND2X2
U457                           0.0003475   9.793e-05   0.0004699   2.456e-05  AND2X2
U261                             0.00032   0.0001245   0.0004672   2.268e-05  OR2X2
U669                           0.0003253   0.0001234   0.0004672   1.855e-05  MUX2X1
U605                           0.0003442   0.0001052   0.0004562   6.813e-06  AOI22X1
U579                           0.0003445   0.0001019   0.0004532   6.813e-06  AOI22X1
U581                            0.000345   9.842e-05   0.0004502   6.813e-06  AOI22X1
FE_OFCC75_n150                 0.0003491    8.08e-05   0.0004497   1.975e-05  BUFX2
FE_OFCC95_n429                  0.000272   0.0001577   0.0004494   1.975e-05  BUFX2
U262                           0.0001761   0.0002482   0.0004488   2.456e-05  AND2X2
FE_OFCC96_n428                 0.0002692   0.0001582   0.0004471   1.975e-05  BUFX2
U554                           0.0001326    0.000308   0.0004462   5.612e-06  NOR3X1
U558                           0.0003012   0.0001412   0.0004461   3.659e-06  AOI21X1
U583                            0.000344   9.258e-05   0.0004434   6.813e-06  AOI22X1
U679                           0.0003279   9.561e-05   0.0004421   1.855e-05  MUX2X1
U593                            0.000344    9.09e-05   0.0004417   6.813e-06  AOI22X1
U613                           0.0003449   8.815e-05   0.0004399   6.813e-06  AOI22X1
U307                           7.787e-05     0.00036   0.0004396   1.742e-06  INVX1
U571                           0.0003482   8.378e-05   0.0004388   6.813e-06  AOI22X1
U277                           0.0002204   0.0001985   0.0004387   1.975e-05  BUFX2
U609                            0.000342   8.967e-05   0.0004385   6.813e-06  AOI22X1
U617                           0.0003454   8.506e-05   0.0004373   6.813e-06  AOI22X1
U280                           0.0002224   0.0001948    0.000437   1.975e-05  BUFX2
U621                           0.0003434   8.588e-05    0.000436   6.813e-06  AOI22X1
U274                           0.0002775   0.0001385   0.0004358   1.975e-05  BUFX2
U601                           0.0003457   8.267e-05   0.0004352   6.813e-06  AOI22X1
U591                           0.0003439   8.422e-05   0.0004349   6.813e-06  AOI22X1
U430                            4.72e-05   0.0003859   0.0004348   1.742e-06  INVX1
U599                           0.0003436   8.431e-05   0.0004347   6.813e-06  AOI22X1
U611                           0.0003432   8.106e-05    0.000431   6.813e-06  AOI22X1
U595                           0.0003423   8.167e-05   0.0004308   6.813e-06  AOI22X1
U575                           0.0003433   7.665e-05   0.0004268   6.813e-06  AOI22X1
FE_OFCC98_n426                 0.0002782   0.0001281    0.000426   1.975e-05  BUFX2
U293                           0.0002175   0.0001885   0.0004258   1.975e-05  BUFX2
U555                           0.0002854   0.0001364   0.0004255   3.659e-06  AOI21X1
FE_OFCC44_n553                   0.00032   8.547e-05   0.0004252   1.975e-05  BUFX2
U607                           0.0003406   7.557e-05    0.000423   6.813e-06  AOI22X1
U619                           0.0003461   6.922e-05   0.0004221   6.813e-06  AOI22X1
U320                           0.0002929    0.000109   0.0004216   1.975e-05  BUFX2
U589                           0.0003457   6.883e-05   0.0004213   6.813e-06  AOI22X1
U577                            0.000345   6.856e-05   0.0004204   6.813e-06  AOI22X1
U603                           0.0003424   7.092e-05   0.0004201   6.813e-06  AOI22X1
U658                           0.0002447   0.0001498   0.0004191   2.456e-05  AND2X2
U587                            0.000345   6.727e-05   0.0004191   6.813e-06  AOI22X1
U295                           0.0002205   0.0001746   0.0004148   1.975e-05  BUFX2
U309                           0.0001022     0.00031   0.0004139   1.742e-06  INVX1
U672                           0.0002908   0.0001131    0.000409   5.129e-06  OAI21X1
U626                           0.0002573   0.0001448   0.0004071   5.129e-06  OAI21X1
FE_OFCC51_n556                 0.0002698   0.0001176   0.0004071   1.975e-05  BUFX2
U404                           0.0002016   0.0001843   0.0004056   1.975e-05  BUFX2
FE_OFCC87_n437                 0.0002673   0.0001163   0.0004033   1.975e-05  BUFX2
U535                           2.998e-05   0.0003713   0.0004031   1.742e-06  INVX1
U275                           0.0002293   0.0001535   0.0004026   1.975e-05  BUFX2
FE_OFCC101_n423                0.0002738   0.0001076   0.0004011   1.975e-05  BUFX2
U543                           0.0001155   0.0002826   0.0003998   1.742e-06  INVX1
FE_OFCC45_n552                 0.0002479    0.000132   0.0003997   1.975e-05  BUFX2
FE_OFCC83_n441                 0.0002771   0.0001018   0.0003987   1.975e-05  BUFX2
FE_OFCC100_n424                0.0002748   0.0001027   0.0003972   1.975e-05  BUFX2
FE_OFCC56_n541                 0.0002578   0.0001133   0.0003909   1.975e-05  BUFX2
FE_OFCC9_w_dch_cur_state_1_    0.0002913   7.764e-05   0.0003887   1.975e-05  BUFX2
U657                           0.0002362   0.0001251   0.0003859   2.456e-05  AND2X2
FE_OFCC82_n442                 0.0002731   8.916e-05    0.000382   1.975e-05  BUFX2
U681                           0.0002842   9.132e-05   0.0003792   3.659e-06  AOI21X1
U545                           0.0001072   0.0002703   0.0003792   1.742e-06  INVX1
FE_OFCC88_n436                  0.000274   8.454e-05   0.0003783   1.975e-05  BUFX2
FE_OFCC93_n431                 0.0002711   8.668e-05   0.0003776   1.975e-05  BUFX2
FE_OFCC94_n430                 0.0002736   8.401e-05   0.0003774   1.975e-05  BUFX2
FE_OFCC84_n440                 0.0002731   8.424e-05   0.0003771   1.975e-05  BUFX2
U278                             0.00022   0.0001371   0.0003769   1.975e-05  BUFX2
U285                           0.0002179   0.0001385   0.0003761   1.975e-05  BUFX2
FE_OFCC104_n419                0.0002733   8.083e-05   0.0003739   1.975e-05  BUFX2
FE_OFCC57_n540                 0.0002492   0.0001048   0.0003737   1.975e-05  BUFX2
FE_OFCC91_n433                 0.0002712   7.981e-05   0.0003708   1.975e-05  BUFX2
U418                            5.47e-05   0.0003142   0.0003707   1.742e-06  INVX1
FE_OFCC102_n422                0.0002709   7.859e-05   0.0003693   1.975e-05  BUFX2
FE_OFCC81_n443                 0.0002691   7.793e-05   0.0003668   1.975e-05  BUFX2
FE_OFCC99_n425                  0.000274   7.244e-05   0.0003662   1.975e-05  BUFX2
U530                           9.421e-05   0.0002702   0.0003661   1.742e-06  INVX1
FE_OFCC89_n435                 0.0002706   7.561e-05    0.000366   1.975e-05  BUFX2
U234                            0.000286   5.722e-05   0.0003659   2.268e-05  OR2X2
FE_OFCC92_n432                 0.0002773   6.836e-05   0.0003654   1.975e-05  BUFX2
U453                           0.0002198   0.0001258   0.0003654   1.975e-05  BUFX2
U297                           0.0002174   0.0001281   0.0003652   1.975e-05  BUFX2
FE_OFCC85_n439                 0.0002693   7.504e-05   0.0003641   1.975e-05  BUFX2
FE_OFCC90_n434                 0.0002728   7.141e-05    0.000364   1.975e-05  BUFX2
U552                           4.472e-05   0.0003164   0.0003629   1.742e-06  INVX1
U655                           0.0002383   9.949e-05   0.0003624   2.456e-05  AND2X2
U290                            0.000218   0.0001239   0.0003617   1.975e-05  BUFX2
FE_OFCC80_n444                 0.0002696   7.226e-05   0.0003616   1.975e-05  BUFX2
FE_OFCC86_n438                 0.0002693   7.207e-05   0.0003611   1.975e-05  BUFX2
U656                           0.0002371   9.697e-05   0.0003586   2.456e-05  AND2X2
U281                           0.0002246   0.0001098   0.0003542   1.975e-05  BUFX2
U517                           0.0002019   0.0001463   0.0003518   3.659e-06  AOI21X1
U313                            0.000104   0.0002445   0.0003502   1.742e-06  INVX1
U287                           0.0002173   0.0001129     0.00035   1.975e-05  BUFX2
FE_OFCC52_n555                  0.000249   7.863e-05   0.0003474   1.975e-05  BUFX2
FE_OFCC47_n550                 0.0002434   8.306e-05   0.0003462   1.975e-05  BUFX2
U282                           0.0002225   0.0001032   0.0003454   1.975e-05  BUFX2
FE_OFCC46_n551                 0.0002471   7.747e-05   0.0003443   1.975e-05  BUFX2
U580                           3.858e-05   0.0003002   0.0003406   1.742e-06  INVX1
U529                           0.0001067   0.0002289   0.0003373   1.742e-06  INVX1
U574                           0.0001829   0.0001466   0.0003346   5.129e-06  OAI21X1
U680                           4.435e-05   0.0002884   0.0003345   1.742e-06  INVX1
U298                           0.0002169   9.766e-05   0.0003343   1.975e-05  BUFX2
U328                            7.26e-05   0.0002591   0.0003334   1.742e-06  INVX1
U283                           0.0002223   8.973e-05   0.0003318   1.975e-05  BUFX2
FE_OFCC53_n554                 0.0002233   8.653e-05   0.0003295   1.975e-05  BUFX2
U305                           0.0001034   0.0002222   0.0003274   1.742e-06  INVX1
U279                           0.0002176   8.158e-05   0.0003189   1.975e-05  BUFX2
U392                           0.0002087   8.349e-05   0.0003167   2.456e-05  AND2X2
U598                           3.711e-05   0.0002773   0.0003161   1.742e-06  INVX1
U291                           0.0002188   7.666e-05   0.0003152   1.975e-05  BUFX2
U292                           0.0002167   7.565e-05   0.0003121   1.975e-05  BUFX2
U286                           0.0002173   7.323e-05   0.0003103   1.975e-05  BUFX2
U614                           3.917e-05   0.0002683   0.0003093   1.742e-06  INVX1
U296                           0.0002185   6.907e-05   0.0003073   1.975e-05  BUFX2
U459                            9.39e-05   0.0002103    0.000306   1.742e-06  INVX1
U289                           0.0002167   6.849e-05    0.000305   1.975e-05  BUFX2
U376                           6.758e-05   0.0002319   0.0003013   1.742e-06  INVX1
U586                           3.857e-05   0.0002596   0.0002999   1.742e-06  INVX1
U576                           3.831e-05   0.0002569    0.000297   1.742e-06  INVX1
U608                           3.714e-05   0.0002546   0.0002935   1.742e-06  INVX1
U553                           6.115e-05   0.0002263   0.0002892   1.742e-06  INVX1
U318                           6.928e-05   0.0002177   0.0002888   1.742e-06  INVX1
U412                           9.566e-05   0.0001637   0.0002839   2.456e-05  AND2X2
FE_OFCC58_n539                 0.0001957   6.384e-05   0.0002793   1.975e-05  BUFX2
FE_OFCC48_n549                 0.0001857   7.377e-05   0.0002792   1.975e-05  BUFX2
U464                           0.0001119   0.0001463   0.0002779   1.975e-05  BUFX2
U592                           3.738e-05    0.000238   0.0002771   1.742e-06  INVX1
FE_OFCC63_n544                 0.0001869   6.875e-05   0.0002754   1.975e-05  BUFX2
FE_OFCC72_burst_addr_nxt_6_    0.0001549   6.005e-05   0.0002664    5.15e-05  BUFX4
U538                           5.657e-05   0.0002075   0.0002658   1.742e-06  INVX1
U413                           5.896e-05   0.0001996   0.0002603   1.742e-06  INVX1
U588                           3.771e-05   0.0002168   0.0002563   1.742e-06  INVX1
U384                           6.545e-05   0.0001854   0.0002526   1.742e-06  INVX1
U683                           4.861e-05   0.0001998   0.0002501   1.742e-06  INVX1
U433                           0.0001609   6.282e-05   0.0002464   2.268e-05  OR2X2
U610                           3.714e-05   0.0002066   0.0002455   1.742e-06  INVX1
U606                           3.759e-05   0.0002058   0.0002451   1.742e-06  INVX1
U436                           5.089e-05   0.0001729   0.0002435   1.975e-05  BUFX2
U570                           4.747e-05   0.0001905   0.0002397   1.742e-06  INVX1
U326                           6.581e-05   0.0001695   0.0002371   1.742e-06  INVX1
U675                           4.129e-05   0.0001908   0.0002338   1.742e-06  INVX1
U264                           0.0001261   7.974e-05   0.0002304   2.456e-05  AND2X2
U622                           3.735e-05   0.0001903   0.0002294   1.742e-06  INVX1
U378                           6.638e-05   0.0001604   0.0002285   1.742e-06  INVX1
U389                           4.873e-05    0.000177   0.0002275   1.742e-06  INVX1
U572                           3.801e-05   0.0001867   0.0002265   1.742e-06  INVX1
U582                           3.786e-05   0.0001851   0.0002247   1.742e-06  INVX1
U673                           4.948e-05   0.0001716   0.0002229   1.742e-06  INVX1
U415                           1.889e-05   0.0001987   0.0002194   1.742e-06  INVX1
U434                           1.928e-05    0.000196    0.000217   1.742e-06  INVX1
U486                           3.234e-05   0.0001638   0.0002158   1.975e-05  BUFX2
U620                           3.767e-05   0.0001724   0.0002118   1.742e-06  INVX1
U496                           3.182e-05   0.0001565    0.000208   1.975e-05  BUFX2
U382                             6.1e-05   0.0001453    0.000208   1.742e-06  INVX1
U557                            6.08e-05   0.0001452   0.0002077   1.742e-06  INVX1
U578                           3.889e-05   0.0001668   0.0002074   1.742e-06  INVX1
U624                           5.387e-05   0.0001496   0.0002052   1.742e-06  INVX1
U590                           3.754e-05   0.0001649   0.0002042   1.742e-06  INVX1
U429                            7.31e-05   0.0001051   0.0002028   2.456e-05  AND2X2
U479                           3.179e-05   0.0001512   0.0002027   1.975e-05  BUFX2
U521                           8.647e-05    0.000114   0.0002022   1.742e-06  INVX1
U604                           3.696e-05   0.0001627   0.0002014   1.742e-06  INVX1
U502                           3.195e-05   0.0001494   0.0002011   1.975e-05  BUFX2
U480                           3.173e-05   0.0001459   0.0001974   1.975e-05  BUFX2
U312                           0.0001231   4.894e-05   0.0001966   2.456e-05  AND2X2
U485                           3.221e-05   0.0001413   0.0001933   1.975e-05  BUFX2
U612                            3.83e-05   0.0001528   0.0001928   1.742e-06  INVX1
U618                           3.709e-05   0.0001515   0.0001903   1.742e-06  INVX1
U489                           2.533e-05   0.0001444   0.0001894   1.975e-05  BUFX2
U594                            3.89e-05   0.0001457   0.0001863   1.742e-06  INVX1
FE_OFCC79_n505                  0.000128   3.783e-05   0.0001856   1.975e-05  BUFX2
U458                            6.55e-05   0.0001183   0.0001855   1.742e-06  INVX1
U410                           7.696e-05   8.335e-05   0.0001849   2.456e-05  AND2X2
U484                            3.26e-05   0.0001284   0.0001808   1.975e-05  BUFX2
U602                           3.898e-05   0.0001398   0.0001805   1.742e-06  INVX1
U498                           3.221e-05   0.0001277   0.0001797   1.975e-05  BUFX2
U495                           2.527e-05    0.000132    0.000177   1.975e-05  BUFX2
U380                           4.976e-05    0.000121   0.0001725   1.742e-06  INVX1
U493                            2.53e-05   0.0001262   0.0001713   1.975e-05  BUFX2
U421                           0.0001112    3.38e-05   0.0001695   2.456e-05  AND2X2
U474                           2.662e-05     0.00014   0.0001684   1.742e-06  INVX1
U465                           7.241e-05   7.526e-05   0.0001674   1.975e-05  BUFX2
U616                           3.824e-05   0.0001259   0.0001659   1.742e-06  INVX1
U596                           3.769e-05   0.0001252   0.0001646   1.742e-06  INVX1
U316                           5.627e-05   0.0001045   0.0001625   1.742e-06  INVX1
U423                           2.621e-05   0.0001336   0.0001616   1.742e-06  INVX1
U584                           3.718e-05   0.0001223   0.0001612   1.742e-06  INVX1
U627                           4.077e-05   0.0001161   0.0001605   3.659e-06  AOI21X1
U497                           3.177e-05   0.0001089   0.0001605   1.975e-05  BUFX2
U678                           3.694e-05    0.000121   0.0001597   1.742e-06  INVX1
U487                           2.568e-05   0.0001135   0.0001589   1.975e-05  BUFX2
U416                           0.0001101   2.384e-05   0.0001585   2.456e-05  AND2X2
U481                           3.166e-05   0.0001059   0.0001573   1.975e-05  BUFX2
U488                           3.272e-05   0.0001033   0.0001558   1.975e-05  BUFX2
U491                           2.539e-05   0.0001093   0.0001544   1.975e-05  BUFX2
U494                           2.611e-05   0.0001058   0.0001516   1.975e-05  BUFX2
U398                           9.762e-05   2.878e-05    0.000151   2.456e-05  AND2X2
U668                           3.469e-05   0.0001141   0.0001505   1.742e-06  INVX1
U492                           3.259e-05   9.558e-05   0.0001479   1.975e-05  BUFX2
U661                           9.216e-05    5.07e-05   0.0001477   4.887e-06  NAND3X1
U269                           9.404e-05   2.914e-05   0.0001459   2.268e-05  OR2X2
U600                           3.739e-05   0.0001048   0.0001439   1.742e-06  INVX1
U343                           6.357e-05   5.753e-05   0.0001438   2.268e-05  OR2X2
U499                           3.241e-05    9.09e-05   0.0001431   1.975e-05  BUFX2
U516                            1.35e-05   0.0001251   0.0001404   1.742e-06  INVX1
FE_OFCC12_N45                  4.922e-05   7.139e-05   0.0001404   1.975e-05  BUFX2
U685                           3.705e-05   0.0001001   0.0001389   1.742e-06  INVX1
U482                           3.228e-05    8.41e-05   0.0001361   1.975e-05  BUFX2
U371                           6.338e-05   4.889e-05    0.000135   2.268e-05  OR2X2
U483                           3.451e-05   7.703e-05   0.0001313   1.975e-05  BUFX2
U391                           3.008e-05   9.822e-05     0.00013   1.742e-06  INVX1
U341                           6.328e-05    4.31e-05   0.0001291   2.268e-05  OR2X2
FE_OFCC1_w_rspch_cur_state_0_  7.527e-05     3.1e-05    0.000126   1.975e-05  BUFX2
U405                            1.64e-05   0.0001077   0.0001259   1.742e-06  INVX1
U500                           3.269e-05   7.288e-05   0.0001253   1.975e-05  BUFX2
U321                           4.955e-05   5.555e-05   0.0001248   1.975e-05  BUFX2
U373                           6.354e-05   3.791e-05   0.0001241   2.268e-05  OR2X2
U501                           3.202e-05   7.222e-05    0.000124   1.975e-05  BUFX2
U337                            6.34e-05   3.762e-05   0.0001237   2.268e-05  OR2X2
FE_OFCC0_w_ach_cur_state_0_     7.65e-05   2.676e-05    0.000123   1.975e-05  BUFX2
U573                           5.648e-06   0.0001147   0.0001221   1.742e-06  INVX1
U339                           6.341e-05   3.205e-05   0.0001181   2.268e-05  OR2X2
U420                           1.468e-05   0.0001009   0.0001173   1.742e-06  INVX1
U357                           6.321e-05    3.12e-05   0.0001171   2.268e-05  OR2X2
U455                           7.124e-05   2.033e-05   0.0001161   2.456e-05  AND2X2
U299                           7.222e-05   2.339e-05   0.0001154   1.975e-05  BUFX2
U345                           6.329e-05   2.722e-05   0.0001132   2.268e-05  OR2X2
U369                           6.352e-05   2.678e-05    0.000113   2.268e-05  OR2X2
U490                           2.651e-05   6.386e-05   0.0001101   1.975e-05  BUFX2
FE_OFCC18_N51                  3.367e-05    5.59e-05   0.0001093   1.975e-05  BUFX2
U349                           6.402e-05   2.193e-05   0.0001086   2.268e-05  OR2X2
U335                           6.327e-05   2.242e-05   0.0001084   2.268e-05  OR2X2
U397                           1.434e-05   8.896e-05    0.000105   1.742e-06  INVX1
U375                           6.353e-05   1.632e-05   0.0001025   2.268e-05  OR2X2
U399                           5.602e-05   2.116e-05   0.0001017   2.456e-05  AND2X2
U367                           6.349e-05   1.284e-05   9.901e-05   2.268e-05  OR2X2
U331                           6.339e-05   1.217e-05   9.825e-05   2.268e-05  OR2X2
U333                           6.336e-05   1.096e-05     9.7e-05   2.268e-05  OR2X2
U406                            3.63e-05   3.571e-05   9.657e-05   2.456e-05  AND2X2
U365                           6.303e-05   1.021e-05   9.592e-05   2.268e-05  OR2X2
FE_OFCC70_burst_addr_nxt_7_    4.023e-05   3.225e-05   9.223e-05   1.975e-05  BUFX2
U411                           1.479e-05   7.277e-05    8.93e-05   1.742e-06  INVX1
FE_OFCC13_N46                  3.655e-05   3.095e-05   8.725e-05   1.975e-05  BUFX2
FE_OFCC25_N58                  2.571e-05   4.053e-05     8.6e-05   1.975e-05  BUFX2
U428                           1.157e-05   6.891e-05   8.222e-05   1.742e-06  INVX1
U402                             4.3e-05   1.302e-05   8.057e-05   2.456e-05  AND2X2
FE_OFCC23_N56                  3.367e-05   2.691e-05   8.034e-05   1.975e-05  BUFX2
FE_OFCC27_N60                  3.311e-05   2.678e-05   7.964e-05   1.975e-05  BUFX2
FE_OFCC34_N67                  3.269e-05   2.546e-05    7.79e-05   1.975e-05  BUFX2
FE_OFCC29_N62                  2.536e-05   3.248e-05   7.759e-05   1.975e-05  BUFX2
FE_OFCC19_N52                   3.37e-05   2.306e-05   7.652e-05   1.975e-05  BUFX2
U629                           2.177e-05   5.011e-05   7.553e-05   3.659e-06  AOI21X1
FE_OFCC35_N68                  3.945e-05   1.566e-05   7.486e-05   1.975e-05  BUFX2
U395                           3.762e-05    1.21e-05   7.428e-05   2.456e-05  AND2X2
U311                           1.992e-05   5.207e-05   7.373e-05   1.742e-06  INVX1
FE_OFCC36_N69                  3.437e-05   1.731e-05   7.143e-05   1.975e-05  BUFX2
FE_OFCC17_N50                  3.684e-05   1.437e-05   7.097e-05   1.975e-05  BUFX2
FE_OFCC20_N53                  3.346e-05   1.642e-05   6.963e-05   1.975e-05  BUFX2
FE_OFCC33_N66                  3.441e-05   1.538e-05   6.954e-05   1.975e-05  BUFX2
FE_OFCC22_N55                   2.65e-05   2.259e-05   6.884e-05   1.975e-05  BUFX2
U322                           3.387e-05   1.399e-05   6.761e-05   1.975e-05  BUFX2
FE_OFCC21_N54                   3.53e-05   1.218e-05   6.723e-05   1.975e-05  BUFX2
FE_OFCC32_N65                  3.288e-05   1.376e-05    6.64e-05   1.975e-05  BUFX2
FE_OFCC71_burst_addr_nxt_31_   3.581e-05   1.014e-05    6.57e-05   1.975e-05  BUFX2
U323                           3.143e-05    1.44e-05   6.558e-05   1.975e-05  BUFX2
FE_OFCC37_N70                    3.3e-05   1.268e-05   6.543e-05   1.975e-05  BUFX2
FE_OFCC16_N49                  3.264e-05   1.277e-05   6.517e-05   1.975e-05  BUFX2
U454                           3.325e-05   1.216e-05   6.516e-05   1.975e-05  BUFX2
U372                           6.314e-06   5.674e-05   6.479e-05   1.742e-06  INVX1
U639                             2.9e-05   3.053e-05   6.467e-05   5.129e-06  OAI21X1
U435                           9.919e-06   5.275e-05   6.441e-05   1.742e-06  INVX1
U408                           2.337e-05   3.928e-05   6.439e-05   1.742e-06  INVX1
FE_OFCC26_N59                  2.735e-05   1.657e-05   6.368e-05   1.975e-05  BUFX2
FE_OFCC31_N64                  3.273e-05    1.06e-05   6.308e-05   1.975e-05  BUFX2
FE_OFCC14_N47                   3.25e-05   1.061e-05   6.287e-05   1.975e-05  BUFX2
FE_OFCC15_N48                  3.246e-05    1.06e-05   6.281e-05   1.975e-05  BUFX2
FE_OFCC30_N63                  2.524e-05   1.766e-05   6.265e-05   1.975e-05  BUFX2
FE_OFCC28_N61                   2.65e-05   1.575e-05   6.201e-05   1.975e-05  BUFX2
FE_OFCC24_N57                  2.545e-05   1.678e-05   6.199e-05   1.975e-05  BUFX2
U654                           3.292e-05    2.11e-05   5.768e-05   3.659e-06  AOI21X1
U652                           2.896e-05   2.286e-05   5.695e-05   5.129e-06  OAI21X1
U648                           2.901e-05   2.252e-05   5.666e-05   5.129e-06  OAI21X1
U649                           2.901e-05   2.197e-05   5.611e-05   5.129e-06  OAI21X1
U651                           2.896e-05   2.196e-05   5.605e-05   5.129e-06  OAI21X1
U636                           2.903e-05   2.186e-05   5.602e-05   5.129e-06  OAI21X1
U653                           3.075e-05   1.967e-05   5.554e-05   5.129e-06  OAI21X1
U634                           2.898e-05   2.038e-05   5.449e-05   5.129e-06  OAI21X1
U631                           2.907e-05   1.983e-05   5.403e-05   5.129e-06  OAI21X1
U633                           2.898e-05    1.97e-05   5.381e-05   5.129e-06  OAI21X1
U630                           2.912e-05    1.94e-05   5.365e-05   5.129e-06  OAI21X1
U650                           2.898e-05   1.913e-05   5.324e-05   5.129e-06  OAI21X1
U637                           2.906e-05   1.875e-05   5.295e-05   5.129e-06  OAI21X1
U400                           8.125e-06   4.307e-05   5.294e-05   1.742e-06  INVX1
U632                           2.901e-05   1.827e-05   5.242e-05   5.129e-06  OAI21X1
U635                           2.903e-05   1.791e-05   5.206e-05   5.129e-06  OAI21X1
U643                           2.901e-05    1.73e-05   5.144e-05   5.129e-06  OAI21X1
U647                           2.907e-05   1.527e-05   4.947e-05   5.129e-06  OAI21X1
U409                           1.178e-05    2.98e-05   4.332e-05   1.742e-06  INVX1
U351                           1.015e-05   9.587e-06   4.242e-05   2.268e-05  OR2X2
U401                           6.154e-06   3.368e-05   4.158e-05   1.742e-06  INVX1
U353                           1.015e-05   8.566e-06    4.14e-05   2.268e-05  OR2X2
U347                           1.016e-05   7.485e-06   4.033e-05   2.268e-05  OR2X2
U355                           1.017e-05   5.622e-06   3.848e-05   2.268e-05  OR2X2
U344                           6.195e-06   3.041e-05   3.835e-05   1.742e-06  INVX1
U363                           1.028e-05   4.375e-06   3.734e-05   2.268e-05  OR2X2
U359                           1.014e-05   4.485e-06    3.73e-05   2.268e-05  OR2X2
U361                           1.014e-05   2.882e-06   3.571e-05   2.268e-05  OR2X2
U374                           6.101e-06   2.548e-05   3.333e-05   1.742e-06  INVX1
U348                           6.171e-06   2.511e-05   3.303e-05   1.742e-06  INVX1
U334                           6.148e-06   2.502e-05   3.291e-05   1.742e-06  INVX1
U396                           5.372e-06   2.554e-05   3.265e-05   1.742e-06  INVX1
U456                           8.947e-06   2.067e-05   3.136e-05   1.742e-06  INVX1
U338                           6.239e-06   2.138e-05   2.936e-05   1.742e-06  INVX1
U356                           6.222e-06   1.758e-05   2.554e-05   1.742e-06  INVX1
U231                           1.569e-08   2.434e-08    2.46e-05   2.456e-05  AND2X2
U256                           1.008e-09   1.617e-09   2.456e-05   2.456e-05  AND2X2
U255                             6.2e-11   1.089e-10   2.456e-05   2.456e-05  AND2X2
U254                           3.886e-12   4.993e-12   2.456e-05   2.456e-05  AND2X2
U249                           5.948e-19   8.203e-19   2.456e-05   2.456e-05  AND2X2
U240                           4.567e-35   5.314e-35   2.456e-05   2.456e-05  AND2X2
U250                           7.482e-17    9.38e-17   2.456e-05   2.456e-05  AND2X2
U241                           7.223e-34   1.286e-33   2.456e-05   2.456e-05  AND2X2
U242                           8.557e-32   1.103e-31   2.456e-05   2.456e-05  AND2X2
U243                           1.088e-29   1.226e-29   2.456e-05   2.456e-05  AND2X2
U271                           4.624e-41   1.233e-40   2.456e-05   2.456e-05  AND2X2
U251                           1.127e-15   1.464e-15   2.456e-05   2.456e-05  AND2X2
U244                           1.235e-27   1.592e-27   2.456e-05   2.456e-05  AND2X2
U245                           2.024e-26   2.205e-26   2.456e-05   2.456e-05  AND2X2
U252                           1.718e-14   2.165e-14   2.456e-05   2.456e-05  AND2X2
U246                           2.333e-24   3.235e-24   2.456e-05   2.456e-05  AND2X2
U247                           3.255e-22   3.261e-22   2.456e-05   2.456e-05  AND2X2
U253                           2.508e-13   3.874e-13   2.456e-05   2.456e-05  AND2X2
U248                           3.636e-20   4.831e-20   2.456e-05   2.456e-05  AND2X2
U236                           7.175e-40   9.543e-40   2.456e-05   2.456e-05  AND2X2
U237                           1.139e-38    1.95e-38   2.456e-05   2.456e-05  AND2X2
U238                           1.845e-37   2.707e-37   2.456e-05   2.456e-05  AND2X2
U239                           2.794e-36   5.281e-36   2.456e-05   2.456e-05  AND2X2
U366                           6.062e-06   1.668e-05   2.448e-05   1.742e-06  INVX1
U417                           2.042e-06   2.565e-06   2.436e-05   1.975e-05  BUFX2
U364                           6.019e-06   1.611e-05   2.387e-05   1.742e-06  INVX1
U340                           6.334e-06   1.557e-05   2.364e-05   1.742e-06  INVX1
U332                           6.042e-06   1.576e-05   2.354e-05   1.742e-06  INVX1
U336                           6.288e-06   1.513e-05   2.316e-05   1.742e-06  INVX1
U257                           3.204e-07   6.533e-08   2.307e-05   2.268e-05  OR2X2
FE_OFCC66_n451                 2.287e-06   8.957e-07   2.294e-05   1.975e-05  BUFX2
U370                           6.393e-06   1.458e-05   2.271e-05   1.742e-06  INVX1
U342                           6.477e-06   1.448e-05    2.27e-05   1.742e-06  INVX1
U330                           6.057e-06   1.476e-05   2.255e-05   1.742e-06  INVX1
U368                           6.192e-06   1.392e-05   2.185e-05   1.742e-06  INVX1
U407                           4.872e-06   1.079e-05   1.741e-05   1.742e-06  INVX1
U646                            4.67e-06   4.811e-06   1.461e-05   5.129e-06  OAI21X1
U642                           4.668e-06   3.065e-06   1.286e-05   5.129e-06  OAI21X1
U638                           4.669e-06   2.783e-06   1.258e-05   5.129e-06  OAI21X1
U645                           4.668e-06   2.683e-06   1.248e-05   5.129e-06  OAI21X1
U640                           4.674e-06   2.584e-06   1.239e-05   5.129e-06  OAI21X1
U641                           4.661e-06   2.594e-06   1.238e-05   5.129e-06  OAI21X1
U644                           4.672e-06   2.507e-06   1.231e-05   5.129e-06  OAI21X1
U628                           2.165e-06   7.966e-07   7.849e-06   4.887e-06  NAND3X1
U360                           9.803e-07   4.483e-06   7.205e-06   1.742e-06  INVX1
U354                           1.006e-06   3.104e-06   5.852e-06   1.742e-06  INVX1
U350                           1.042e-06   2.947e-06   5.731e-06   1.742e-06  INVX1
U346                           1.023e-06   2.603e-06   5.368e-06   1.742e-06  INVX1
U358                           9.939e-07    2.52e-06   5.256e-06   1.742e-06  INVX1
U362                            9.98e-07   2.416e-06   5.156e-06   1.742e-06  INVX1
U352                           1.032e-06   2.288e-06   5.062e-06   1.742e-06  INVX1
U431                           3.163e-08   5.617e-07   2.335e-06   1.742e-06  INVX1

---------------------------------------------------------------------------------------

Total (    643 of    643  )       0.9105      0.3163      1.243     0.01599
Total Capacitance                4.951e-12 F
Power Density                   *** No Die Area ***
