                                        
                                 PrimeTime (R)
                                        
               Version K-2015.12-SP1 for linux64 - Jan 14, 2016 
                                        
                    Copyright (c) 1988 - 2016 Synopsys, Inc.
   This software and the associated documentation are proprietary to Synopsys,
 Inc. This software may only be used in accordance with the terms and conditions
 of a written license agreement with Synopsys, Inc. All other use, reproduction,
            or distribution of this software is strictly prohibited.

set power_enable_analysis TRUE
TRUE
set power_analysis_mode averaged
averaged
#####################################################################
#       link design
#####################################################################
set search_path         "../../pt_syn/osu180  ."
../../pt_syn/osu180  .
set link_library "/home/morris/PnRhw/tsmc018/signalstorm/osu018_stdcells.db  /apps/synopsys/I-2013.12-SP5/libraries/syn/dw_foundation.sldb"
/home/morris/PnRhw/tsmc018/signalstorm/osu018_stdcells.db  /apps/synopsys/I-2013.12-SP5/libraries/syn/dw_foundation.sldb
read_verilog		eth_core_OSU180_netlist.v
1
current_design		eth_core
Loading db file '/home/morris/PnRhw/tsmc018/signalstorm/osu018_stdcells.db'
Loading verilog file '/home/010123386@SJSUAD.SJSU.EDU/Documents/MS_PROJECT_MEM_SEP/rtl/pt_power/pt_syn/osu180/eth_core_OSU180_netlist.v'
Loading db file '/apps/synopsys/I-2013.12-SP5/libraries/syn/dw_foundation.sldb'
{"eth_core"}
link
Linking design eth_core...
Warning: Unable to resolve reference to 'dma_controller_tx_I_clks_AXI_clks_to_rtl_' in 'eth_core'. (LNK-005)
Warning: Unable to resolve reference to 'CRC_block_I_clks_AXI_clks_to_rtl__2' in 'eth_core'. (LNK-005)
Warning: Unable to resolve reference to 'CRC_block_I_clks_AXI_clks_to_rtl__1' in 'eth_core'. (LNK-005)
Warning: Unable to resolve reference to 'CRC_block_I_clks_AXI_clks_to_rtl__0' in 'eth_core'. (LNK-005)
Warning: Unable to resolve reference to 'AXI_master_I_clks_AXI_clks_to_rtl_I_raddr_ch_AXI_rd_addr_ch_master_if_I_rdata_ch_AXI_rd_data_ch_master_if_I_memif_pdfifo0_MEMIF_PKTD_from_fifo_I_memif_pdfifo1_MEMIF_PKTD_from_fifo_I_memif_pdfifo2_MEMIF_PKTD_from_fifo_I_memif_pcfifo0_MEMIF_PKTC_from_fifo_I_memif_pcfifo1_MEMIF_PKTC_from_fifo_I_memif_pcfifo2_MEMIF_PKTC_from_fifo_' in 'eth_core'. (LNK-005)
Information: Creating black box for tx_core/axi_master/AXI_master_I_clks_AXI_clks_to_rtl_I_raddr_ch_AXI_rd_addr_ch_master_if_I_rdata_ch_AXI_rd_data_ch_master_if_I_memif_pdfifo0_MEMIF_PKTD_from_fifo_I_memif_pdfifo1_MEMIF_PKTD_from_fifo_I_memif_pdfifo2_MEMIF_PKTD_from_fifo_I_memif_pcfifo0_MEMIF_PKTC_from_fifo_I_memif_pcfifo1_MEMIF_PKTC_from_fifo_I_memif_pcfifo2_MEMIF_PKTC_from_fifo_... (LNK-043)
Information: Creating black box for tx_core/dma_reg_tx/dma_controller_tx_I_clks_AXI_clks_to_rtl_... (LNK-043)
Information: Creating black box for tx_core/tx_crc/crcpkt0/CRC_block_I_clks_AXI_clks_to_rtl__2... (LNK-043)
Information: Creating black box for tx_core/tx_crc/crcpkt1/CRC_block_I_clks_AXI_clks_to_rtl__1... (LNK-043)
Information: Creating black box for tx_core/tx_crc/crcpkt2/CRC_block_I_clks_AXI_clks_to_rtl__0... (LNK-043)
Information: Removing 5 unneeded designs..... (LNK-034)
Warning: Module 'AXI_master_I_clks_AXI_clks_to_rtl_I_raddr_ch_AXI_rd_addr_ch_master_if_I_rdata_ch_AXI_rd_data_ch_master_if_I_memif_pdfifo0_MEMIF_PKTD_from_fifo_I_memif_pdfifo1_MEMIF_PKTD_from_fifo_I_memif_pdfifo2_MEMIF_PKTD_from_fifo_I_memif_pcfifo0_MEMIF_PKTC_from_fifo_I_memif_pcfifo1_MEMIF_PKTC_from_fifo_I_memif_pcfifo2_MEMIF_PKTC_from_fifo_' in file '/home/010123386@SJSUAD.SJSU.EDU/Documents/MS_PROJECT_MEM_SEP/rtl/pt_power/pt_syn/osu180/eth_core_OSU180_netlist.v' is not used in the current design .  (LNK-039)
Warning: Module 'dma_controller_tx_I_clks_AXI_clks_to_rtl_' in file '/home/010123386@SJSUAD.SJSU.EDU/Documents/MS_PROJECT_MEM_SEP/rtl/pt_power/pt_syn/osu180/eth_core_OSU180_netlist.v' is not used in the current design .  (LNK-039)
Warning: Module 'CRC_block_I_clks_AXI_clks_to_rtl__0' in file '/home/010123386@SJSUAD.SJSU.EDU/Documents/MS_PROJECT_MEM_SEP/rtl/pt_power/pt_syn/osu180/eth_core_OSU180_netlist.v' is not used in the current design .  (LNK-039)
Warning: Module 'CRC_block_I_clks_AXI_clks_to_rtl__2' in file '/home/010123386@SJSUAD.SJSU.EDU/Documents/MS_PROJECT_MEM_SEP/rtl/pt_power/pt_syn/osu180/eth_core_OSU180_netlist.v' is not used in the current design .  (LNK-039)
Warning: Module 'CRC_block_I_clks_AXI_clks_to_rtl__1' in file '/home/010123386@SJSUAD.SJSU.EDU/Documents/MS_PROJECT_MEM_SEP/rtl/pt_power/pt_syn/osu180/eth_core_OSU180_netlist.v' is not used in the current design .  (LNK-039)
Information: 8 (25.00%) library cells are unused in library osu018_stdcells..... (LNK-045)
Information: total 8 library cells are unused (LNK-046)
Design 'eth_core' was successfully linked.
Information: There are 3833 leaf cells, ports, hiers and 4423 nets in the design (LNK-047)
1
#####################################################################
#       read SDC
#####################################################################
read_sdc ../../pt_syn/osu180/eth_core_OSU180_netlist.sdc

Reading SDC version 2.0...
1
1
#set_disable_timing [get_lib_pins ssc_core_typ/*/G]
#####################################################################
#       set transition time / annotate parasitics
#####################################################################
read_parasitics		../../pt_syn/osu180/eth_core.spf
Information: Log for 'read_parasitics command' will be generated in 'parasitics_command.log'. (PARA-107)
1
#####################################################################
#       check/update/report timing
#####################################################################
check_timing
Warning: Some timing arcs have been disabled for breaking timing loops or because of constant propagation. Use the 'report_disable_timing' command to get the list of these disabled timing arcs. (PTE-003)
Information: Checking 'no_input_delay'.
Information: Checking 'no_driving_cell'.
Information: Checking 'unconstrained_endpoints'.
Warning: There are 366 endpoints which are not constrained for maximum delay.

Information: Checking 'unexpandable_clocks'.
Information: Checking 'latch_fanout'.
Information: Checking 'no_clock'.
Warning: There are 366 register clock pins with no clock.

Information: Checking 'partial_input_delay'.
Information: Checking 'generic'.
Information: Checking 'loops'.
Information: Checking 'generated_clocks'.
Information: Checking 'pulse_clock_non_pulse_clock_merge'.
Information: Checking 'pll_configuration'.
0
update_timing
1
report_timing
****************************************
Report : timing
	-path_type full
	-delay_type max
	-max_paths 1
	-sort_by slack
Design : eth_core
Version: K-2015.12-SP1
Date   : Fri Nov 11 14:38:54 2016
****************************************


  Startpoint: tx_core/QOS_selector/qos/srv_cnt1_d_reg[3]
               (rising edge-triggered flip-flop clocked by clk)
  Endpoint: tx_core/QOS_selector/qos/srv_cnt0_d_reg[0]
               (rising edge-triggered flip-flop clocked by clk)
  Path Group: clk
  Path Type: max

  Point                                                   Incr       Path
  ------------------------------------------------------------------------------
  clock clk (rise edge)                                   0.00       0.00
  clock network delay (ideal)                             0.00       0.00
  tx_core/QOS_selector/qos/srv_cnt1_d_reg[3]/CLK (DFFSR)
                                                          0.00       0.00 r
  tx_core/QOS_selector/qos/srv_cnt1_d_reg[3]/Q (DFFSR)
                                                          0.26       0.26 r
  U1764/Y (NOR3X1)                                        0.10       0.36 f
  U1907/Y (NAND3X1)                                       0.09       0.45 r
  U1921/Y (BUFX2)                                         0.12       0.57 r
  U1941/Y (NAND3X1)                                       0.06       0.63 f
  U1880/Y (NAND2X1)                                       0.11       0.74 r
  U1860/Y (MUX2X1)                                        0.15       0.89 f
  U1855/Y (NAND2X1)                                       0.09       0.98 r
  U1774/Y (BUFX2)                                         0.10       1.08 r
  U1853/Y (NAND2X1)                                       0.04       1.13 f
  U1854/Y (OAI21X1)                                       0.10       1.23 r
  U1899/Y (XNOR2X1)                                       0.13       1.36 r
  U1898/Y (XNOR2X1)                                       0.12       1.49 r
  U1887/Y (NOR2X1)                                        0.10       1.59 f
  U1843/Y (AOI21X1)                                       0.10       1.69 r
  U1841/Y (XOR2X1)                                        0.10       1.79 f
  U1835/Y (NAND3X1)                                       0.08       1.87 r
  U1826/Y (OR2X2)                                         0.16       2.03 r
  U1825/Y (INVX8)                                         0.11       2.14 f
  U3031/Y (NOR2X1)                                        0.06       2.20 r
  tx_core/QOS_selector/qos/srv_cnt0_d_reg[0]/D (DFFSR)
                                                          0.00       2.20 r
  data arrival time                                                  2.20

  clock clk (rise edge)                                   3.00       3.00
  clock network delay (ideal)                             0.00       3.00
  clock reconvergence pessimism                           0.00       3.00
  clock uncertainty                                      -0.25       2.75
  tx_core/QOS_selector/qos/srv_cnt0_d_reg[0]/CLK (DFFSR)             2.75 r
  library setup time                                     -0.09       2.66
  data required time                                                 2.66
  ------------------------------------------------------------------------------
  data required time                                                 2.66
  data arrival time                                                 -2.20
  ------------------------------------------------------------------------------
  slack (MET)                                                        0.46


1
#####################################################################
#       read switching activity file
#####################################################################
read_saif "/home/010123386@SJSUAD.SJSU.EDU/Documents/MS_PROJECT_MEM_SEP/tb/eth_core.saif" -strip_path "ethernet_tb/tx" 
Information: Checked out license 'PrimeTime-PX' (PT-019)
Information: The power model is different from the delay model in the library.  (PLIB-161)
Warning: Switching  activity for net *Logic0* is overwritten with different values (PSW-211)
Warning: Switching  activity for net *Logic0* is overwritten with different values (PSW-211)
Warning: Switching  activity for net *Logic0* is overwritten with different values (PSW-211)
Warning: Switching  activity for net *Logic0* is overwritten with different values (PSW-211)
Warning: Switching  activity for net *Logic0* is overwritten with different values (PSW-211)
Warning: Switching  activity for net *Logic0* is overwritten with different values (PSW-211)
Warning: Switching  activity for net *Logic0* is overwritten with different values (PSW-211)
Warning: Switching  activity for net *Logic0* is overwritten with different values (PSW-211)
Warning: Switching  activity for net *Logic0* is overwritten with different values (PSW-211)
Warning: Switching  activity for net *Logic0* is overwritten with different values (PSW-211)
Warning: Switching  activity for net *Logic0* is overwritten with different values (PSW-211)
Warning: Switching  activity for net *Logic0* is overwritten with different values (PSW-211)
Warning: Switching  activity for net *Logic0* is overwritten with different values (PSW-211)
Warning: Switching  activity for net *Logic0* is overwritten with different values (PSW-211)
Warning: Switching  activity for net *Logic0* is overwritten with different values (PSW-211)
Warning: Switching  activity for net *Logic0* is overwritten with different values (PSW-211)
Warning: Switching  activity for net *Logic0* is overwritten with different values (PSW-211)
Warning: Switching  activity for net *Logic0* is overwritten with different values (PSW-211)
Warning: Switching  activity for net *Logic0* is overwritten with different values (PSW-211)
Warning: Switching  activity for net *Logic0* is overwritten with different values (PSW-211)
Warning: Switching  activity for net *Logic0* is overwritten with different values (PSW-211)
Warning: Switching  activity for net *Logic0* is overwritten with different values (PSW-211)
Warning: Switching  activity for net *Logic0* is overwritten with different values (PSW-211)
Warning: Switching  activity for net *Logic0* is overwritten with different values (PSW-211)
Warning: Switching  activity for net *Logic0* is overwritten with different values (PSW-211)
Warning: Switching  activity for net *Logic0* is overwritten with different values (PSW-211)
Warning: Switching  activity for net *Logic0* is overwritten with different values (PSW-211)
Warning: Switching  activity for net *Logic0* is overwritten with different values (PSW-211)
Warning: Switching  activity for net *Logic0* is overwritten with different values (PSW-211)
Warning: Switching  activity for net *Logic0* is overwritten with different values (PSW-211)
Warning: Switching  activity for net *Logic0* is overwritten with different values (PSW-211)
Warning: Switching  activity for net *Logic0* is overwritten with different values (PSW-211)
Warning: Switching  activity for net *Logic0* is overwritten with different values (PSW-211)
Warning: Switching  activity for net *Logic0* is overwritten with different values (PSW-211)
Warning: Switching  activity for net *Logic0* is overwritten with different values (PSW-211)
Warning: Switching  activity for net *Logic0* is overwritten with different values (PSW-211)
Warning: Switching  activity for net *Logic0* is overwritten with different values (PSW-211)
Warning: Switching  activity for net *Logic0* is overwritten with different values (PSW-211)
Warning: Switching  activity for net *Logic0* is overwritten with different values (PSW-211)
Warning: Switching  activity for net *Logic0* is overwritten with different values (PSW-211)

======================================================================
Summary:
Total number of nets = 4321
Number of annotated nets = 845 (19.56%)
Total number of leaf cells = 2563
Number of fully annotated leaf cells = 0 (0.00%)
======================================================================

1
report_switching_activity -list_not_annotated
****************************************
Report : Switching Activity
	-list_not_annotated
Design : eth_core
Version: K-2015.12-SP1
Date   : Fri Nov 11 14:38:54 2016
****************************************

 Switching Activity Overview Statistics for "eth_core"
----------------------------------------------------------------------------------------------------------------------------------------------------
                  From Activity     From         From         From                                                         Not
Object Type       File (%)          SSA (%)      SCA (%)      Clock (%)    Default (%)     Propagated(%)   Implied(%)      Annotated(%)    Total
----------------------------------------------------------------------------------------------------------------------------------------------------
 Nets             845(19.56%)       0(0.00%)     0(0.00%)     1(0.02%)     935(21.64%)     0(0.00%)        39(0.90%)       2501(57.88%)    4321
----------------------------------------------------------------------------------------------------------------------------------------------------
Nets Driven by
----------------------------------------------------------------------------------------------------------------------------------------------------
Primary Input     40(6.56%)         0(0.00%)     0(0.00%)     1(0.16%)     569(93.28%)     0(0.00%)        0(0.00%)        0(0.00%)        610
Tri-State         0(0%)             0(0%)        0(0%)        0(0%)        0(0%)           0(0%)           0(0%)           0(0%)           0
Black Box         0(0%)             0(0%)        0(0%)        0(0%)        0(0%)           0(0%)           0(0%)           0(0%)           0
Sequential        0(0.00%)          0(0.00%)     0(0.00%)     0(0.00%)     0(0.00%)        0(0.00%)        0(0.00%)        366(100.00%)    366
Combinational     805(24.07%)       0(0.00%)     0(0.00%)     0(0.00%)     366(10.94%)     0(0.00%)        39(1.17%)       2135(63.83%)    3345
Memory            0(0%)             0(0%)        0(0%)        0(0%)        0(0%)           0(0%)           0(0%)           0(0%)           0
Clock Gate        0(0%)             0(0%)        0(0%)        0(0%)        0(0%)           0(0%)           0(0%)           0(0%)           0
----------------------------------------------------------------------------------------------------------------------------------------------------
 Static Probability Overview Statistics for "eth_core"
----------------------------------------------------------------------------------------------------------------------------------------------------
                  From Activity     From         From         From                                                         Not
Object Type       File (%)          SSA (%)      SCA (%)      Clock (%)    Default (%)     Propagated(%)   Implied(%)      Annotated(%)    Total
----------------------------------------------------------------------------------------------------------------------------------------------------
 Nets             845(19.56%)       0(0.00%)     0(0.00%)     1(0.02%)     935(21.64%)     0(0.00%)        39(0.90%)       2501(57.88%)    4321
----------------------------------------------------------------------------------------------------------------------------------------------------
Nets Driven by
----------------------------------------------------------------------------------------------------------------------------------------------------
Primary Input     40(6.56%)         0(0.00%)     0(0.00%)     1(0.16%)     569(93.28%)     0(0.00%)        0(0.00%)        0(0.00%)        610
Tri-State         0(0%)             0(0%)        0(0%)        0(0%)        0(0%)           0(0%)           0(0%)           0(0%)           0
Black Box         0(0%)             0(0%)        0(0%)        0(0%)        0(0%)           0(0%)           0(0%)           0(0%)           0
Sequential        0(0.00%)          0(0.00%)     0(0.00%)     0(0.00%)     0(0.00%)        0(0.00%)        0(0.00%)        366(100.00%)    366
Combinational     805(24.07%)       0(0.00%)     0(0.00%)     0(0.00%)     366(10.94%)     0(0.00%)        39(1.17%)       2135(63.83%)    3345
Memory            0(0%)             0(0%)        0(0%)        0(0%)        0(0%)           0(0%)           0(0%)           0(0%)           0
Clock Gate        0(0%)             0(0%)        0(0%)        0(0%)        0(0%)           0(0%)           0(0%)           0(0%)           0
----------------------------------------------------------------------------------------------------------------------------------------------------


List of nonannotated nets :
	tx_core/tx_rs/crc_left_d[27]
	n2684
	memif_pdfifo0.f0_wdata[45]
	SYNOPSYS_UNCONNECTED__61
	n1356
	tx_core/tx_rs/crc_left_d[26]
	n2686
	memif_pdfifo0.f0_wdata[44]
	SYNOPSYS_UNCONNECTED__62
	n1357
	tx_core/tx_rs/crc_left_d[25]
	n2691
	memif_pdfifo0.f0_wdata[43]
	n1358
	tx_core/tx_rs/crc_left_d[24]
	n2698
	memif_pdfifo0.f0_wdata[42]
	n1359
	tx_core/tx_rs/crc_left_d[23]
	n2704
	memif_pdfifo0.f0_wdata[41]
	n1360
	tx_core/tx_rs/crc_left_d[22]
	n2717
	memif_pdfifo0.f0_wdata[40]
	n1361
	tx_core/tx_rs/crc_left_d[21]
	memif_pdfifo0.f0_wdata[39]
	n2779
	n1362
	tx_core/tx_rs/crc_left_d[20]
	memif_pdfifo0.f0_wdata[38]
	n2948
	n1363
	tx_core/tx_rs/crc_left_d[19]
	n3143
	memif_pdfifo0.f0_wdata[37]
	n1364
	tx_core/tx_rs/crc_left_d[18]
	memif_pdfifo0.f0_wdata[36]
	n1365
	tx_core/tx_rs/crc_left_d[17]
	memif_pdfifo0.f0_wdata[35]
	tx_core/axi_slave/burst_addr_nxt[4]
	n1366
	tx_core/tx_rs/crc_left_d[16]
	memif_pdfifo0.f0_wdata[34]
	n1495
	n1367
	tx_core/tx_rs/crc_left_d[15]
	n1525
	memif_pdfifo0.f0_wdata[33]
	n1368
	tx_core/tx_rs/crc_left_d[14]
	n1526
	memif_pdfifo0.f0_wdata[32]
	n1369
	tx_core/tx_rs/crc_left_d[13]
	n1583
	memif_pdfifo0.f0_wdata[31]
	n1370
	tx_core/tx_rs/crc_left_d[12]
	n1588
	memif_pdfifo0.f0_wdata[30]
	n1371
	tx_core/tx_rs/crc_left_d[11]
	n1616
	memif_pdfifo0.f0_wdata[29]
	n1372
	tx_core/tx_rs/crc_left_d[10]
	net127801
	memif_pdfifo0.f0_wdata[28]
	n1373
	tx_core/tx_rs/crc_left_d[9]
	net127975
	memif_pdfifo0.f0_wdata[27]
	n1374
	tx_core/tx_rs/crc_left_d[8]
	memif_pdfifo0.f0_wdata[26]
	net128608
	n1375
	tx_core/tx_rs/crc_left_d[7]
	memif_pdfifo0.f0_wdata[25]
	net129094
	n1376
	tx_core/tx_rs/crc_left_d[6]
	memif_pdfifo0.f0_wdata[24]
	net129140
	n1377
	tx_core/tx_rs/crc_left_d[5]
	memif_pdfifo0.f0_wdata[23]
	net129341
	n1378
	tx_core/tx_rs/crc_left_d[4]
	memif_pdfifo0.f0_wdata[22]
	net129535
	n1379
	tx_core/tx_rs/crc_left_d[3]
	memif_pdfifo0.f0_wdata[21]
	net144085
	n1444
	tx_core/tx_rs/crc_left_d[2]
	memif_pdfifo0.f0_wdata[20]
	net144505
	n1446
	tx_core/tx_rs/crc_left_d[1]
	memif_pdfifo0.f0_wdata[19]
	net144848
	w_ach.AWLEN[3]
	n1447
	tx_core/tx_rs/crc_left_d[0]
	memif_pdfifo0.f0_wdata[18]
	net144845
	w_ach.AWLEN[2]
	n1448
	tx_core/tx_rs/xgmii_tx_hold[63]
	net144412
	memif_pdfifo0.f0_wdata[17]
	w_ach.AWLEN[1]
	n1449
	tx_core/tx_rs/xgmii_tx_hold[62]
	n1680
	memif_pdfifo0.f0_wdata[16]
	w_ach.AWLEN[0]
	n1450
	tx_core/tx_rs/xgmii_tx_hold[61]
	memif_pdfifo0.f0_wdata[15]
	n1715
	w_ach.AWADDR[31]
	n1451
	tx_core/tx_rs/xgmii_tx_hold[60]
	memif_pdfifo0.f0_wdata[14]
	n1738
	w_ach.AWADDR[30]
	n1500
	tx_core/tx_rs/xgmii_tx_hold[59]
	memif_pdfifo0.f0_wdata[13]
	n1774
	n1507
	w_ach.AWADDR[29]
	tx_core/tx_rs/xgmii_tx_hold[58]
	memif_pdfifo0.f0_wdata[12]
	n1778
	n1514
	w_ach.AWADDR[28]
	tx_core/tx_rs/xgmii_tx_hold[57]
	memif_pdfifo0.f0_wdata[11]
	n1780
	n1541
	w_ach.AWADDR[27]
	tx_core/tx_rs/xgmii_tx_hold[56]
	memif_pdfifo0.f0_wdata[10]
	n1787
	n1542
	w_ach.AWADDR[26]
	tx_core/tx_rs/xgmii_tx_hold[55]
	memif_pdfifo0.f0_wdata[9]
	n1793
	n1551
	w_ach.AWADDR[25]
	tx_core/tx_rs/xgmii_tx_hold[54]
	memif_pdfifo0.f0_wdata[8]
	n1797
	n1552
	w_ach.AWADDR[24]
	tx_core/tx_rs/xgmii_tx_hold[53]
	memif_pdfifo0.f0_wdata[7]
	n1802
	n1559
	w_ach.AWADDR[23]
	tx_core/tx_rs/xgmii_tx_hold[52]
	memif_pdfifo0.f0_wdata[6]
	n1807
	n1565
	w_ach.AWADDR[22]
	tx_core/tx_rs/xgmii_tx_hold[51]
	memif_pdfifo0.f0_wdata[5]
	n1811
	n1571
	w_ach.AWADDR[21]
	tx_core/tx_rs/xgmii_tx_hold[50]
	memif_pdfifo0.f0_wdata[4]
	n1815
	n1580
	w_ach.AWADDR[20]
	tx_core/tx_rs/xgmii_tx_hold[49]
	memif_pdfifo0.f0_wdata[3]
	n1820
	n1590
	w_ach.AWADDR[19]
	tx_core/tx_rs/xgmii_tx_hold[48]
	memif_pdfifo0.f0_wdata[2]
	n1823
	n1591
	w_ach.AWADDR[18]
	tx_core/tx_rs/xgmii_tx_hold[47]
	memif_pdfifo0.f0_wdata[1]
	n1833
	n1593
	w_ach.AWADDR[17]
	tx_core/tx_rs/xgmii_tx_hold[46]
	memif_pdfifo0.f0_wdata[0]
	n1885
	n1594
	w_ach.AWADDR[16]
	tx_core/tx_rs/xgmii_tx_hold[45]
	memif_pdfifo0.f0_write
	n1891
	n1600
	w_ach.AWADDR[15]
	tx_core/tx_rs/xgmii_tx_hold[44]
	memif_pdfifo0.f0_raddr[5]
	n1900
	w_ach.AWADDR[14]
	net128614
	tx_core/tx_rs/xgmii_tx_hold[43]
	memif_pdfifo0.f0_raddr[4]
	n1901
	w_ach.AWADDR[13]
	net128619
	tx_core/tx_rs/xgmii_tx_hold[42]
	memif_pdfifo0.f0_raddr[3]
	n1918
	w_ach.AWADDR[12]
	net128620
	tx_core/tx_rs/xgmii_tx_hold[41]
	memif_pdfifo0.f0_raddr[2]
	n1919
	w_ach.AWADDR[11]
	net128627
	tx_core/tx_rs/xgmii_tx_hold[40]
	memif_pdfifo0.f0_raddr[1]
	n1920
	w_ach.AWADDR[10]
	net128629
	tx_core/tx_rs/xgmii_tx_hold[39]
	memif_pdfifo0.f0_raddr[0]
	n1921
	w_ach.AWADDR[9]
	net128635
	tx_core/tx_rs/xgmii_tx_hold[38]
	memif_pdfifo1.f0_waddr[5]
	n1930
	w_ach.AWADDR[8]
	net128636
	tx_core/tx_rs/xgmii_tx_hold[37]
	memif_pdfifo1.f0_waddr[4]
	n1932
	net128851
	w_ach.AWADDR[7]
	tx_core/tx_rs/xgmii_tx_hold[36]
	memif_pdfifo1.f0_waddr[3]
	n1934
	net128856
	w_ach.AWADDR[6]
	tx_core/tx_rs/xgmii_tx_hold[35]
	memif_pdfifo1.f0_waddr[2]
	n1935
	net128857
	w_ach.AWADDR[5]
	tx_core/tx_rs/xgmii_tx_hold[34]
	memif_pdfifo1.f0_waddr[1]
	n1946
	net128862
	w_ach.AWADDR[4]
	tx_core/tx_rs/xgmii_tx_hold[33]
	memif_pdfifo1.f0_waddr[0]
	n1951
	w_ach.AWADDR[3]
	net129048
	tx_core/tx_rs/xgmii_tx_hold[32]
	memif_pdfifo1.f0_wdata[63]
	n1954
	w_ach.AWADDR[2]
	net129131
	tx_core/tx_rs/xgmii_tx_hold[31]
	memif_pdfifo1.f0_wdata[62]
	n1967
	w_ach.AWADDR[1]
	net144557
	tx_core/tx_rs/xgmii_tx_hold[30]
	memif_pdfifo1.f0_wdata[61]
	n1976
	w_ach.AWADDR[0]
	net144657
	tx_core/tx_rs/xgmii_tx_hold[29]
	memif_pdfifo1.f0_wdata[60]
	n1989
	w_dch.WDATA[31]
	net129171
	tx_core/tx_rs/xgmii_tx_hold[28]
	memif_pdfifo1.f0_wdata[59]
	n1990
	n1619
	w_dch.WDATA[30]
	tx_core/tx_rs/xgmii_tx_hold[27]
	memif_pdfifo1.f0_wdata[58]
	n1994
	w_dch.WDATA[29]
	n1658
	tx_core/tx_rs/xgmii_tx_hold[26]
	memif_pdfifo1.f0_wdata[57]
	n1998
	w_dch.WDATA[28]
	n1669
	tx_core/tx_rs/xgmii_tx_hold[25]
	memif_pdfifo1.f0_wdata[56]
	n2002
	w_dch.WDATA[27]
	n1709
	tx_core/tx_rs/xgmii_tx_hold[24]
	memif_pdfifo1.f0_wdata[55]
	n2030
	w_dch.WDATA[26]
	n1736
	tx_core/tx_rs/xgmii_tx_hold[23]
	memif_pdfifo1.f0_wdata[54]
	n2035
	w_dch.WDATA[25]
	n1840
	tx_core/tx_rs/xgmii_tx_hold[22]
	memif_pdfifo1.f0_wdata[53]
	n2059
	w_dch.WDATA[24]
	n1842
	tx_core/tx_rs/xgmii_tx_hold[21]
	memif_pdfifo1.f0_wdata[52]
	n2116
	w_dch.WDATA[23]
	n1913
	tx_core/tx_rs/xgmii_tx_hold[20]
	memif_pdfifo1.f0_wdata[51]
	n2118
	w_dch.WDATA[22]
	n1939
	tx_core/tx_rs/xgmii_tx_hold[19]
	memif_pdfifo1.f0_wdata[50]
	n2126
	w_dch.WDATA[21]
	n1957
	tx_core/tx_rs/xgmii_tx_hold[18]
	n2141
	memif_pdfifo1.f0_wdata[49]
	w_dch.WDATA[20]
	n1964
	tx_core/tx_rs/xgmii_tx_hold[17]
	memif_pdfifo1.f0_wdata[48]
	n2202
	w_dch.WDATA[19]
	n2017
	tx_core/tx_rs/xgmii_tx_hold[16]
	memif_pdfifo1.f0_wdata[47]
	n2234
	w_dch.WDATA[18]
	n2034
	tx_core/tx_rs/xgmii_tx_hold[15]
	memif_pdfifo1.f0_wdata[46]
	n2239
	w_dch.WDATA[17]
	n2042
	tx_core/tx_rs/xgmii_tx_hold[14]
	memif_pdfifo1.f0_wdata[45]
	n2248
	w_dch.WDATA[16]
	n2048
	tx_core/tx_rs/xgmii_tx_hold[13]
	memif_pdfifo1.f0_wdata[44]
	n2263
	n2056
	tx_core/tx_rs/xgmii_tx_hold[12]
	memif_pdfifo1.f0_wdata[43]
	n2277
	n2064
	tx_core/tx_rs/xgmii_tx_hold[11]
	memif_pdfifo1.f0_wdata[42]
	n2281
	n2069
	tx_core/tx_rs/xgmii_tx_hold[10]
	memif_pdfifo1.f0_wdata[41]
	n2286
	n2079
	tx_core/tx_rs/xgmii_tx_hold[9]
	memif_pdfifo1.f0_wdata[40]
	n2302
	n2086
	tx_core/tx_rs/xgmii_tx_hold[8]
	memif_pdfifo1.f0_wdata[39]
	n2306
	n2088
	tx_core/tx_rs/xgmii_tx_hold[7]
	memif_pdfifo1.f0_wdata[38]
	n2312
	n2089
	tx_core/tx_rs/xgmii_tx_hold[6]
	memif_pdfifo1.f0_wdata[37]
	n2317
	n2090
	tx_core/tx_rs/xgmii_tx_hold[5]
	memif_pdfifo1.f0_wdata[36]
	n2321
	w_dch.WDATA[7]
	n2091
	tx_core/tx_rs/xgmii_tx_hold[4]
	memif_pdfifo1.f0_wdata[35]
	n2326
	w_dch.WDATA[6]
	n2092
	tx_core/tx_rs/xgmii_tx_hold[3]
	memif_pdfifo1.f0_wdata[34]
	n2331
	w_dch.WDATA[5]
	n2093
	tx_core/tx_rs/xgmii_tx_hold[2]
	memif_pdfifo1.f0_wdata[33]
	n2336
	w_dch.WDATA[4]
	n2094
	tx_core/tx_rs/xgmii_tx_hold[1]
	memif_pdfifo1.f0_wdata[32]
	n2340
	w_dch.WDATA[3]
	n2095
	tx_core/tx_rs/xgmii_tx_hold[0]
	memif_pdfifo1.f0_wdata[31]
	n2368
	w_dch.WDATA[2]
	n2096
	tx_core/tx_rs/crc_tx_d[31]
	memif_pdfifo1.f0_wdata[30]
	n2371
	w_dch.WDATA[1]
	n2097
	tx_core/tx_rs/crc_tx_d[30]
	memif_pdfifo1.f0_wdata[29]
	n2411
	w_dch.WDATA[0]
	n2098
	tx_core/tx_rs/crc_tx_d[29]
	memif_pdfifo1.f0_wdata[28]
	n2413
	w_dch.WID[3]
	n2099
	tx_core/tx_rs/crc_tx_d[28]
	memif_pdfifo1.f0_wdata[27]
	n2424
	w_dch.WID[2]
	n2101
	tx_core/tx_rs/crc_tx_d[27]
	memif_pdfifo1.f0_wdata[26]
	n2456
	w_dch.WID[1]
	n2102
	tx_core/tx_rs/crc_tx_d[26]
	memif_pdfifo1.f0_wdata[25]
	n2482
	w_dch.WID[0]
	n2152
	tx_core/tx_rs/crc_tx_d[25]
	memif_pdfifo1.f0_wdata[24]
	n2483
	n2154
	tx_core/tx_rs/crc_tx_d[24]
	n2627
	memif_pdfifo1.f0_wdata[23]
	n2156
	tx_core/tx_rs/crc_tx_d[23]
	n2630
	memif_pdfifo1.f0_wdata[22]
	n2219
	tx_core/tx_rs/crc_tx_d[22]
	n2675
	memif_pdfifo1.f0_wdata[21]
	n2224
	tx_core/tx_rs/crc_tx_d[21]
	n2679
	memif_pdfifo1.f0_wdata[20]
	n2257
	tx_core/tx_rs/crc_tx_d[20]
	n2696
	memif_pdfifo1.f0_wdata[19]
	n2360
	tx_core/tx_rs/crc_tx_d[19]
	n2699
	memif_pdfifo1.f0_wdata[18]
	n2362
	tx_core/tx_rs/crc_tx_d[18]
	n2719
	memif_pdfifo1.f0_wdata[17]
	n2364
	tx_core/tx_rs/crc_tx_d[17]
	n2722
	memif_pdfifo1.f0_wdata[16]
	n2373
	tx_core/tx_rs/crc_tx_d[16]
	n2724
	memif_pdfifo1.f0_wdata[15]
	n2374
	tx_core/tx_rs/crc_tx_d[15]
	memif_pdfifo1.f0_wdata[14]
	n2735
	n2375
	tx_core/tx_rs/crc_tx_d[14]
	memif_pdfifo1.f0_wdata[13]
	n2750
	n2376
	tx_core/tx_rs/crc_tx_d[13]
	memif_pdfifo1.f0_wdata[12]
	n2927
	n2377
	tx_core/tx_rs/crc_tx_d[12]
	memif_pdfifo1.f0_wdata[11]
	n2931
	n2378
	tx_core/tx_rs/crc_tx_d[11]
	memif_pdfifo1.f0_wdata[10]
	n2939
	n2379
	tx_core/tx_rs/crc_tx_d[10]
	memif_pdfifo1.f0_wdata[9]
	n3054
	n2380
	tx_core/tx_rs/crc_tx_d[9]
	memif_pdfifo1.f0_wdata[8]
	n3061
	n2381
	tx_core/tx_rs/crc_tx_d[8]
	memif_pdfifo1.f0_wdata[7]
	n3065
	n2382
	tx_core/tx_rs/crc_tx_d[7]
	n3086
	memif_pdfifo1.f0_wdata[6]
	n2383
	tx_core/tx_rs/crc_tx_d[6]
	n3148
	memif_pdfifo1.f0_wdata[5]
	n2384
	tx_core/tx_rs/crc_tx_d[5]
	n3167
	memif_pdfifo1.f0_wdata[4]
	n2385
	tx_core/tx_rs/crc_tx_d[4]
	tx_core/axi_slave/burst_addr_nxt[12]
	memif_pdfifo1.f0_wdata[3]
	n2386
	tx_core/tx_rs/crc_tx_d[3]
	tx_core/axi_slave/burst_addr_nxt[10]
	memif_pdfifo1.f0_wdata[2]
	n2387
	tx_core/tx_rs/crc_tx_d[2]
	memif_pdfifo1.f0_wdata[1]
	tx_core/axi_slave/burst_addr_nxt[9]
	n2388
	tx_core/tx_rs/crc_tx_d[1]
	memif_pdfifo1.f0_wdata[0]
	tx_core/axi_slave/burst_addr_nxt[8]
	n2389
	tx_core/tx_rs/crc_tx_d[0]
	memif_pdfifo1.f0_write
	tx_core/axi_slave/burst_addr_nxt[7]
	n2390
	tx_core/tx_rs/pkt_ctrl_d[7]
	memif_pdfifo1.f0_raddr[5]
	tx_core/axi_slave/burst_addr_nxt[6]
	n2463
	tx_core/tx_rs/pkt_ctrl_d[6]
	memif_pdfifo1.f0_raddr[4]
	tx_core/axi_slave/burst_addr_nxt[5]
	n2470
	tx_core/tx_rs/pkt_ctrl_d[5]
	memif_pdfifo1.f0_raddr[3]
	n1521
	n2476
	tx_core/tx_rs/pkt_ctrl_d[4]
	memif_pdfifo1.f0_raddr[2]
	n1523
	n2480
	tx_core/tx_rs/pkt_ctrl_d[3]
	memif_pdfifo1.f0_raddr[1]
	n1524
	n2481
	tx_core/tx_rs/pkt_ctrl_d[2]
	n1602
	memif_pdfifo1.f0_raddr[0]
	n2495
	tx_core/tx_rs/pkt_ctrl_d[1]
	n1603
	memif_pdfifo2.f0_waddr[5]
	n2496
	tx_core/tx_rs/pkt_ctrl_d[0]
	net128342
	memif_pdfifo2.f0_waddr[4]
	n2500
	clks.rst
	tx_core/tx_rs/IDC_cnt_d[1]
	memif_pdfifo2.f0_waddr[3]
	net128509
	w_ach.AWID[3]
	n2501
	tx_core/tx_rs/IDC_cnt_d[0]
	net128827
	memif_pdfifo2.f0_waddr[2]
	w_ach.AWID[2]
	n2512
	tx_core/tx_rs/cur_state[3]
	net144390
	memif_pdfifo2.f0_waddr[1]
	w_ach.AWID[1]
	n2513
	tx_core/tx_rs/cur_state[2]
	memif_pdfifo2.f0_waddr[0]
	net144506
	w_ach.AWID[0]
	n2518
	tx_core/tx_rs/cur_state[1]
	memif_pdfifo2.f0_wdata[63]
	net144626
	n2519
	w_ach.AWSIZE[2]
	tx_core/tx_rs/cur_state[0]
	net144849
	memif_pdfifo2.f0_wdata[62]
	n2529
	w_ach.AWSIZE[1]
	tx_core/QOS_selector/qos/srv_cnt2_d[7]
	memif_pdfifo2.f0_wdata[61]
	tx_core/QOS_selector/qos/queue_gnt_q[2]
	n2530
	w_ach.AWSIZE[0]
	tx_core/QOS_selector/qos/srv_cnt2_d[6]
	n1620
	memif_pdfifo2.f0_wdata[60]
	w_ach.AWBURST[1]
	n2533
	tx_core/QOS_selector/qos/srv_cnt2_d[5]
	n1674
	memif_pdfifo2.f0_wdata[59]
	w_ach.AWBURST[0]
	n2534
	tx_core/QOS_selector/qos/srv_cnt2_d[4]
	n1693
	memif_pdfifo2.f0_wdata[58]
	n2547
	w_ach.AWLOCK[1]
	tx_core/QOS_selector/qos/srv_cnt2_d[3]
	n1699
	memif_pdfifo2.f0_wdata[57]
	n2548
	w_ach.AWLOCK[0]
	tx_core/QOS_selector/qos/srv_cnt2_d[2]
	memif_pdfifo2.f0_wdata[56]
	n1700
	w_ach.AWCACHE[1]
	n2552
	tx_core/QOS_selector/qos/srv_cnt2_d[1]
	memif_pdfifo2.f0_wdata[55]
	n1716
	w_ach.AWCACHE[0]
	n2553
	tx_core/QOS_selector/qos/srv_cnt2_d[0]
	memif_pdfifo2.f0_wdata[54]
	n2563
	w_ach.AWPROT[2]
	tx_core/QOS_selector/qos/srv_cnt1_d[7]
	memif_pdfifo2.f0_wdata[53]
	n2564
	w_ach.AWPROT[1]
	tx_core/QOS_selector/qos/srv_cnt1_d[6]
	memif_pdfifo2.f0_wdata[52]
	n2567
	w_ach.AWPROT[0]
	tx_core/QOS_selector/qos/srv_cnt1_d[5]
	memif_pdfifo2.f0_wdata[51]
	n1790
	n2568
	w_ach.AWVALID
	tx_core/QOS_selector/qos/srv_cnt1_d[4]
	memif_pdfifo2.f0_wdata[50]
	n1798
	n2579
	w_ach.AWREADY
	tx_core/QOS_selector/qos/srv_cnt1_d[3]
	memif_pdfifo2.f0_wdata[49]
	n1803
	w_dch.WLAST
	n2580
	tx_core/QOS_selector/qos/srv_cnt1_d[2]
	memif_pdfifo2.f0_wdata[48]
	n1808
	n2584
	w_dch.WVALID
	tx_core/QOS_selector/qos/srv_cnt1_d[1]
	memif_pdfifo2.f0_wdata[47]
	n1812
	n2585
	w_dch.WREADY
	tx_core/QOS_selector/qos/srv_cnt1_d[0]
	memif_pdfifo2.f0_wdata[46]
	n1816
	n2596
	w_rspch.BREADY
	tx_core/QOS_selector/qos/srv_cnt0_d[7]
	memif_pdfifo2.f0_wdata[45]
	n1821
	m_r_ach.ARREADY
	n2597
	tx_core/QOS_selector/qos/srv_cnt0_d[6]
	memif_pdfifo2.f0_wdata[44]
	n1827
	n2600
	m_r_dch.RID[3]
	tx_core/QOS_selector/qos/srv_cnt0_d[5]
	memif_pdfifo2.f0_wdata[43]
	n1828
	n2601
	m_r_dch.RID[2]
	tx_core/QOS_selector/qos/srv_cnt0_d[4]
	memif_pdfifo2.f0_wdata[42]
	n1835
	n2604
	m_r_dch.RID[1]
	tx_core/QOS_selector/qos/srv_cnt0_d[3]
	memif_pdfifo2.f0_wdata[41]
	n2615
	m_r_dch.RID[0]
	tx_core/QOS_selector/qos/srv_cnt0_d[2]
	memif_pdfifo2.f0_wdata[40]
	m_r_dch.RDATA[63]
	n2616
	tx_core/QOS_selector/qos/srv_cnt0_d[1]
	memif_pdfifo2.f0_wdata[39]
	n2635
	m_r_dch.RDATA[62]
	tx_core/QOS_selector/qos/srv_cnt0_d[0]
	memif_pdfifo2.f0_wdata[38]
	n2644
	m_r_dch.RDATA[61]
	w_rspch.BID[3]
	memif_pdfifo2.f0_wdata[37]
	n2653
	m_r_dch.RDATA[60]
	w_rspch.BID[2]
	memif_pdfifo2.f0_wdata[36]
	n2660
	m_r_dch.RDATA[59]
	w_rspch.BID[1]
	memif_pdfifo2.f0_wdata[35]
	n2670
	m_r_dch.RDATA[58]
	w_rspch.BID[0]
	memif_pdfifo2.f0_wdata[34]
	n2692
	m_r_dch.RDATA[57]
	memif_swchaddr.f0_write
	memif_pdfifo2.f0_wdata[33]
	n2693
	m_r_dch.RDATA[56]
	memif_pdfifo2.f0_wdata[32]
	n2694
	m_r_dch.RDATA[55]
	n1618
	memif_pdfifo2.f0_wdata[31]
	n2695
	m_r_dch.RDATA[54]
	net128528
	memif_pdfifo2.f0_wdata[30]
	m_r_dch.RDATA[53]
	n2726
	net128905
	memif_pdfifo2.f0_wdata[29]
	m_r_dch.RDATA[52]
	n2731
	net129064
	memif_pdfifo2.f0_wdata[28]
	m_r_dch.RDATA[51]
	n2732
	net129070
	memif_pdfifo2.f0_wdata[27]
	m_r_dch.RDATA[50]
	n2733
	net129090
	memif_pdfifo2.f0_wdata[26]
	m_r_dch.RDATA[49]
	n2734
	net129091
	memif_pdfifo2.f0_wdata[25]
	m_r_dch.RDATA[48]
	n2741
	net129103
	memif_pdfifo2.f0_wdata[24]
	m_r_dch.RDATA[47]
	n2746
	net129138
	memif_pdfifo2.f0_wdata[23]
	m_r_dch.RDATA[46]
	n2747
	net129158
	memif_pdfifo2.f0_wdata[22]
	m_r_dch.RDATA[45]
	n2748
	net129159
	memif_pdfifo2.f0_wdata[21]
	m_r_dch.RDATA[44]
	n2749
	net129162
	memif_pdfifo2.f0_wdata[20]
	m_r_dch.RDATA[43]
	n2754
	net129163
	memif_pdfifo2.f0_wdata[19]
	n1895
	m_r_dch.RDATA[42]
	n2759
	net129194
	memif_pdfifo2.f0_wdata[18]
	n1903
	m_r_dch.RDATA[41]
	n2760
	net129209
	memif_pdfifo2.f0_wdata[17]
	n1909
	m_r_dch.RDATA[40]
	n2761
	net129218
	memif_pdfifo2.f0_wdata[16]
	n1922
	m_r_dch.RDATA[39]
	n2762
	net129499
	memif_pdfifo2.f0_wdata[15]
	n1923
	m_r_dch.RDATA[38]
	n2769
	net129525
	memif_pdfifo2.f0_wdata[14]
	n1924
	m_r_dch.RDATA[37]
	n2772
	net129531
	memif_pdfifo2.f0_wdata[13]
	n1925
	m_r_dch.RDATA[36]
	n2775
	net129556
	memif_pdfifo2.f0_wdata[12]
	n1936
	m_r_dch.RDATA[35]
	n2776
	net129557
	memif_pdfifo2.f0_wdata[11]
	n1941
	m_r_dch.RDATA[34]
	n2777
	net129558
	memif_pdfifo2.f0_wdata[10]
	n1942
	m_r_dch.RDATA[33]
	n2778
	net143986
	memif_pdfifo2.f0_wdata[9]
	n1947
	m_r_dch.RDATA[32]
	n2783
	net144065
	memif_pdfifo2.f0_wdata[8]
	m_r_dch.RDATA[31]
	n2788
	net144510
	memif_pdfifo2.f0_wdata[7]
	m_r_dch.RDATA[30]
	n2789
	net144407
	memif_pdfifo2.f0_wdata[6]
	n1969
	m_r_dch.RDATA[29]
	n2790
	net128530
	memif_pdfifo2.f0_wdata[5]
	n1973
	m_r_dch.RDATA[28]
	n2791
	net129191
	memif_pdfifo2.f0_wdata[4]
	n1987
	m_r_dch.RDATA[27]
	n2797
	net143490
	memif_pdfifo2.f0_wdata[3]
	n1992
	m_r_dch.RDATA[26]
	n2800
	net129553
	memif_pdfifo2.f0_wdata[2]
	n1996
	m_r_dch.RDATA[25]
	n2803
	net129552
	memif_pdfifo2.f0_wdata[1]
	n1997
	m_r_dch.RDATA[24]
	n2804
	net129237
	memif_pdfifo2.f0_wdata[0]
	n1999
	m_r_dch.RDATA[23]
	n2805
	net129197
	n2005
	memif_pdfifo2.f0_write
	m_r_dch.RDATA[22]
	n2806
	n1649
	memif_pdfifo2.f0_raddr[5]
	n2029
	m_r_dch.RDATA[21]
	n2810
	n1661
	memif_pdfifo2.f0_raddr[4]
	n2036
	m_r_dch.RDATA[20]
	n2815
	n1662
	memif_pdfifo2.f0_raddr[3]
	n2071
	m_r_dch.RDATA[19]
	n2816
	n1663
	memif_pdfifo2.f0_raddr[2]
	n2083
	m_r_dch.RDATA[18]
	n2817
	n1664
	n2100
	memif_pdfifo2.f0_raddr[1]
	m_r_dch.RDATA[17]
	n2818
	n1668
	n2119
	memif_pdfifo2.f0_raddr[0]
	m_r_dch.RDATA[16]
	n2827
	n1692
	n2121
	memif_pcfifo0.f0_waddr[5]
	m_r_dch.RDATA[15]
	n2830
	n1694
	n2127
	memif_pcfifo0.f0_waddr[4]
	m_r_dch.RDATA[14]
	n2832
	n1695
	n2135
	memif_pcfifo0.f0_waddr[3]
	m_r_dch.RDATA[13]
	n2834
	n1696
	n2142
	memif_pcfifo0.f0_waddr[2]
	m_r_dch.RDATA[12]
	n2835
	n1702
	n2177
	memif_pcfifo0.f0_waddr[1]
	m_r_dch.RDATA[11]
	n2836
	n1704
	n2178
	memif_pcfifo0.f0_waddr[0]
	m_r_dch.RDATA[10]
	n2837
	n1710
	n2183
	memif_pcfifo0.f0_wdata[15]
	m_r_dch.RDATA[9]
	n2843
	n1711
	n2190
	memif_pcfifo0.f0_wdata[14]
	m_r_dch.RDATA[8]
	n2847
	n1712
	n2198
	memif_pcfifo0.f0_wdata[13]
	m_r_dch.RDATA[7]
	n2848
	n1718
	memif_pcfifo0.f0_wdata[12]
	n2203
	m_r_dch.RDATA[6]
	n2849
	n1719
	memif_pcfifo0.f0_wdata[11]
	n2230
	m_r_dch.RDATA[5]
	n2850
	n1720
	memif_pcfifo0.f0_wdata[10]
	n2235
	m_r_dch.RDATA[4]
	n2854
	n1726
	memif_pcfifo0.f0_wdata[9]
	n2240
	m_r_dch.RDATA[3]
	n2858
	n1727
	memif_pcfifo0.f0_wdata[8]
	n2244
	m_r_dch.RDATA[2]
	n2859
	n1728
	memif_pcfifo0.f0_wdata[2]
	n2249
	m_r_dch.RDATA[1]
	n2860
	n1732
	memif_pcfifo0.f0_wdata[1]
	n2264
	m_r_dch.RDATA[0]
	n2861
	n1748
	memif_pcfifo0.f0_write
	n2268
	m_r_dch.RRESP[1]
	n2864
	n1750
	memif_pcfifo0.f0_raddr[5]
	n2273
	m_r_dch.RRESP[0]
	n2868
	n1752
	memif_pcfifo0.f0_raddr[4]
	n2278
	m_r_dch.RLAST
	n2869
	n1753
	memif_pcfifo0.f0_raddr[3]
	n2282
	m_r_dch.RUSER
	n2870
	n1754
	memif_pcfifo0.f0_raddr[2]
	n2287
	m_r_dch.RVALID
	n2871
	n1756
	memif_pcfifo0.f0_raddr[1]
	n2297
	memif_crcf0.f0_waddr[3]
	n2874
	n1759
	memif_pcfifo0.f0_raddr[0]
	n2303
	memif_crcf0.f0_waddr[2]
	n2878
	n1762
	n2307
	memif_pcfifo1.f0_waddr[5]
	memif_crcf0.f0_waddr[1]
	n2879
	n1765
	n2313
	memif_pcfifo1.f0_waddr[4]
	memif_crcf0.f0_waddr[0]
	n2880
	n1766
	n2318
	memif_pcfifo1.f0_waddr[3]
	memif_crcf0.f0_raddr[3]
	n2881
	n1769
	n2322
	memif_pcfifo1.f0_waddr[2]
	memif_crcf0.f0_raddr[2]
	n2884
	n1772
	n2332
	memif_pcfifo1.f0_waddr[1]
	memif_crcf0.f0_raddr[1]
	n2888
	n1776
	n2426
	memif_pcfifo1.f0_waddr[0]
	memif_crcf0.f0_raddr[0]
	n2889
	n1781
	n2431
	memif_pcfifo1.f0_wdata[15]
	n2890
	memif_crcf0.f0_rdata[31]
	n1782
	n2461
	memif_pcfifo1.f0_wdata[14]
	n2891
	memif_crcf0.f0_rdata[30]
	n1783
	n2484
	memif_pcfifo1.f0_wdata[13]
	memif_crcf0.f0_rdata[29]
	n2894
	n1795
	n2485
	memif_pcfifo1.f0_wdata[12]
	memif_crcf0.f0_rdata[28]
	n2898
	n1796
	n2538
	memif_pcfifo1.f0_wdata[11]
	memif_crcf0.f0_rdata[27]
	n2899
	n1800
	n2609
	memif_pcfifo1.f0_wdata[10]
	memif_crcf0.f0_rdata[26]
	n2900
	n1801
	n2626
	memif_pcfifo1.f0_wdata[9]
	memif_crcf0.f0_rdata[25]
	n2901
	n1806
	n2631
	memif_pcfifo1.f0_wdata[8]
	memif_crcf0.f0_rdata[24]
	n2904
	n1809
	n2632
	memif_pcfifo1.f0_wdata[2]
	memif_crcf0.f0_rdata[23]
	n2908
	n1810
	n2639
	memif_pcfifo1.f0_wdata[1]
	memif_crcf0.f0_rdata[22]
	n2909
	n1813
	n2641
	memif_pcfifo1.f0_write
	memif_crcf0.f0_rdata[21]
	n2910
	n1814
	n2647
	memif_pcfifo1.f0_raddr[5]
	memif_crcf0.f0_rdata[20]
	n2911
	n1819
	n2649
	memif_pcfifo1.f0_raddr[4]
	memif_crcf0.f0_rdata[19]
	n2912
	n1822
	n2655
	memif_pcfifo1.f0_raddr[3]
	memif_crcf0.f0_rdata[18]
	n2916
	n1829
	n2657
	memif_pcfifo1.f0_raddr[2]
	memif_crcf0.f0_rdata[17]
	n2922
	n1830
	n2664
	memif_pcfifo1.f0_raddr[1]
	memif_crcf0.f0_rdata[16]
	n2923
	n1867
	n2666
	memif_pcfifo1.f0_raddr[0]
	memif_crcf0.f0_rdata[15]
	n2924
	n1869
	n2678
	memif_pcfifo2.f0_waddr[5]
	memif_crcf0.f0_rdata[14]
	n2925
	n1870
	n2700
	memif_pcfifo2.f0_waddr[4]
	memif_crcf0.f0_rdata[13]
	n2934
	n1871
	n2701
	memif_pcfifo2.f0_waddr[3]
	memif_crcf0.f0_rdata[12]
	n2942
	n1872
	n2705
	memif_pcfifo2.f0_waddr[2]
	memif_crcf0.f0_rdata[11]
	n2944
	n1883
	n2708
	memif_pcfifo2.f0_waddr[1]
	memif_crcf0.f0_rdata[10]
	n2945
	n1884
	n2709
	memif_pcfifo2.f0_waddr[0]
	memif_crcf0.f0_rdata[9]
	n2946
	n1888
	n2720
	memif_pcfifo2.f0_wdata[15]
	memif_crcf0.f0_rdata[8]
	n2947
	n1899
	memif_pcfifo2.f0_wdata[14]
	n2752
	memif_crcf0.f0_rdata[7]
	n2951
	n1902
	memif_pcfifo2.f0_wdata[13]
	n2781
	memif_crcf0.f0_rdata[6]
	n2956
	n1907
	memif_pcfifo2.f0_wdata[12]
	n2808
	memif_crcf0.f0_rdata[5]
	n2958
	n1914
	memif_pcfifo2.f0_wdata[11]
	n2821
	memif_crcf0.f0_rdata[4]
	n2959
	n1916
	memif_pcfifo2.f0_wdata[10]
	n2841
	memif_crcf0.f0_rdata[3]
	n2960
	n1929
	memif_pcfifo2.f0_wdata[9]
	n2929
	memif_crcf0.f0_rdata[2]
	n2961
	n1940
	memif_pcfifo2.f0_wdata[8]
	n3048
	memif_crcf0.f0_rdata[1]
	n2967
	n1943
	memif_pcfifo2.f0_wdata[2]
	n3055
	memif_crcf0.f0_rdata[0]
	n2971
	memif_pcfifo2.f0_wdata[1]
	n3067
	memif_crcf1.f0_waddr[3]
	n2975
	n1949
	memif_pcfifo2.f0_write
	n3068
	memif_crcf1.f0_waddr[2]
	n2976
	n1956
	memif_pcfifo2.f0_raddr[5]
	n3075
	memif_crcf1.f0_waddr[1]
	n2977
	n1970
	n3118
	memif_pcfifo2.f0_raddr[4]
	memif_crcf1.f0_waddr[0]
	n2978
	n1977
	n3129
	memif_pcfifo2.f0_raddr[3]
	memif_crcf1.f0_raddr[3]
	n2982
	n1978
	n3133
	memif_pcfifo2.f0_raddr[2]
	memif_crcf1.f0_raddr[2]
	n2987
	n1988
	n3144
	memif_pcfifo2.f0_raddr[1]
	memif_crcf1.f0_raddr[1]
	n2989
	n1993
	n3149
	memif_pcfifo2.f0_raddr[0]
	memif_crcf1.f0_raddr[0]
	n2990
	n2007
	n3159
	memif_crcf1.f0_rdata[31]
	n2991
	n2014
	n3166
	memif_crcf1.f0_rdata[30]
	n2992
	n2023
	n3171
	memif_crcf1.f0_rdata[29]
	n2996
	n2024
	n3181
	memif_crcf1.f0_rdata[28]
	n3000
	n2025
	n3208
	memif_crcf1.f0_rdata[27]
	n3002
	n2026
	memif_crcf1.f0_rdata[26]
	n3003
	n2060
	memif_crcf1.f0_rdata[25]
	n3004
	n2074
	memif_crcf1.f0_rdata[24]
	n3005
	n2103
	tx_core/axi_slave/burst_addr_nxt[25]
	memif_crcf1.f0_rdata[23]
	n3008
	n2104
	tx_core/axi_slave/burst_addr_nxt[20]
	memif_crcf1.f0_rdata[22]
	n3013
	n2107
	tx_core/axi_slave/burst_addr_nxt[14]
	memif_crcf1.f0_rdata[21]
	n3015
	n2108
	tx_core/axi_slave/burst_addr_nxt[13]
	memif_crcf1.f0_rdata[20]
	n3016
	n2113
	tx_core/axi_slave/burst_addr_nxt[11]
	memif_crcf1.f0_rdata[19]
	n3017
	n2114
	tx_core/tx_rs/nxt_state[0]
	memif_crcf1.f0_rdata[18]
	n3018
	n2124
	xgmii_tx.TXC[0]
	memif_crcf1.f0_rdata[17]
	n3022
	n2136
	n1494
	memif_crcf1.f0_rdata[16]
	n3027
	n2137
	n1503
	memif_crcf1.f0_rdata[15]
	n3030
	n2143
	n1513
	memif_crcf1.f0_rdata[14]
	n3031
	n2158
	n1519
	memif_crcf1.f0_rdata[13]
	n3032
	n2159
	n1520
	memif_crcf1.f0_rdata[12]
	n3033
	n2162
	n1522
	memif_crcf1.f0_rdata[11]
	n3038
	n2163
	n1586
	memif_crcf1.f0_rdata[10]
	n3046
	n2168
	n1598
	memif_crcf1.f0_rdata[9]
	n3063
	n2169
	n1611
	memif_crcf1.f0_rdata[8]
	n3069
	n2170
	net129062
	n3080
	memif_crcf1.f0_rdata[7]
	n2171
	net129105
	n3091
	memif_crcf1.f0_rdata[6]
	n2186
	net129208
	n3102
	memif_crcf1.f0_rdata[5]
	n2189
	net144235
	n3112
	memif_crcf1.f0_rdata[4]
	n2191
	net144625
	n3123
	memif_crcf1.f0_rdata[3]
	n2199
	n1628
	n3136
	memif_crcf1.f0_rdata[2]
	n2206
	n1675
	n3150
	memif_crcf1.f0_rdata[1]
	n2209
	n1688
	n3157
	memif_crcf1.f0_rdata[0]
	n2210
	n1717
	n3175
	memif_crcf2.f0_waddr[3]
	n2213
	n1723
	n3185
	memif_crcf2.f0_waddr[2]
	n2214
	n1724
	n3197
	memif_crcf2.f0_waddr[1]
	n2216
	n1739
	n3203
	memif_crcf2.f0_waddr[0]
	n2221
	n1825
	memif_crcf2.f0_raddr[3]
	tx_core/axi_slave/burst_addr_nxt[29]
	n2225
	n1831
	memif_crcf2.f0_raddr[2]
	n1380
	n2229
	n1834
	memif_crcf2.f0_raddr[1]
	n1381
	n2233
	n1837
	memif_crcf2.f0_raddr[0]
	n1382
	n2237
	memif_crcf2.f0_rdata[31]
	n1383
	n2241
	memif_crcf2.f0_rdata[30]
	n1384
	n2247
	memif_crcf2.f0_rdata[29]
	n1385
	n2251
	n1887
	memif_crcf2.f0_rdata[28]
	n1386
	n2254
	n1894
	memif_crcf2.f0_rdata[27]
	n1387
	n2258
	n1896
	memif_crcf2.f0_rdata[26]
	n1388
	n2262
	n1904
	memif_crcf2.f0_rdata[25]
	n1389
	n2267
	n1908
	memif_crcf2.f0_rdata[24]
	n1390
	n2271
	n1910
	memif_crcf2.f0_rdata[23]
	n1391
	n2272
	n1926
	memif_crcf2.f0_rdata[22]
	n1392
	n2276
	n1931
	memif_crcf2.f0_rdata[21]
	n1393
	n2280
	n1971
	memif_crcf2.f0_rdata[20]
	n1394
	n2284
	n2004
	memif_crcf2.f0_rdata[19]
	n1395
	n2288
	n2008
	memif_crcf2.f0_rdata[18]
	n1396
	n2289
	n2009
	memif_crcf2.f0_rdata[17]
	n1397
	n2296
	n2044
	memif_crcf2.f0_rdata[16]
	n1398
	n2300
	n2047
	memif_crcf2.f0_rdata[15]
	n1399
	n2305
	n2053
	memif_crcf2.f0_rdata[14]
	n1400
	n2309
	n2073
	memif_crcf2.f0_rdata[13]
	n1401
	n2310
	n2077
	memif_crcf2.f0_rdata[12]
	n1402
	n2315
	n2082
	memif_crcf2.f0_rdata[11]
	n1403
	n2319
	n2145
	memif_crcf2.f0_rdata[10]
	n1404
	n2323
	n2147
	memif_crcf2.f0_rdata[9]
	n1405
	n2327
	n2192
	memif_crcf2.f0_rdata[8]
	n1406
	n2329
	n2204
	memif_crcf2.f0_rdata[7]
	n1407
	n2333
	n2226
	memif_crcf2.f0_rdata[6]
	n1408
	n2337
	n2231
	memif_crcf2.f0_rdata[5]
	n1409
	n2341
	n2236
	memif_crcf2.f0_rdata[4]
	n1410
	n2345
	n2245
	memif_crcf2.f0_rdata[3]
	n1411
	n2346
	n2250
	memif_crcf2.f0_rdata[2]
	n1412
	n2350
	n2259
	memif_crcf2.f0_rdata[1]
	n1413
	n2354
	n2265
	memif_crcf2.f0_rdata[0]
	n1414
	n2358
	n2269
	memif_pdfifo0.f0_rdata[63]
	n1415
	n2393
	n2274
	memif_pdfifo0.f0_rdata[62]
	n1416
	n2394
	n2279
	memif_pdfifo0.f0_rdata[61]
	n1417
	n2395
	n2283
	memif_pdfifo0.f0_rdata[60]
	n1418
	n2396
	n2293
	memif_pdfifo0.f0_rdata[59]
	n1419
	n2399
	n2298
	memif_pdfifo0.f0_rdata[58]
	n1420
	n2400
	n2304
	memif_pdfifo0.f0_rdata[57]
	n1421
	n2402
	n2308
	memif_pdfifo0.f0_rdata[56]
	n1422
	n2417
	n2314
	memif_pdfifo0.f0_rdata[55]
	n1423
	n2418
	n2372
	memif_pdfifo0.f0_rdata[54]
	n1424
	n2419
	n2412
	memif_pdfifo0.f0_rdata[53]
	n1425
	n2436
	n2430
	memif_pdfifo0.f0_rdata[52]
	n1426
	n2437
	n2441
	memif_pdfifo0.f0_rdata[51]
	n1427
	n2443
	n2464
	memif_pdfifo0.f0_rdata[50]
	n1428
	n2446
	n2539
	memif_pdfifo0.f0_rdata[49]
	n1429
	n2458
	n2617
	memif_pdfifo0.f0_rdata[48]
	n1430
	n2462
	n2618
	memif_pdfifo0.f0_rdata[47]
	n1431
	n2471
	n2621
	memif_pdfifo0.f0_rdata[46]
	n1432
	n2474
	n2628
	memif_pdfifo0.f0_rdata[45]
	n1433
	n2477
	n2629
	memif_pdfifo0.f0_rdata[44]
	n1434
	n2489
	n2633
	memif_pdfifo0.f0_rdata[43]
	n1435
	n2494
	n2638
	memif_pdfifo0.f0_rdata[42]
	n1436
	n2510
	n2640
	memif_pdfifo0.f0_rdata[41]
	n1437
	n2511
	n2648
	memif_pdfifo0.f0_rdata[40]
	n1438
	n2516
	n2656
	memif_pdfifo0.f0_rdata[39]
	n1439
	n2517
	n2665
	memif_pdfifo0.f0_rdata[38]
	n1440
	n2528
	n2672
	memif_pdfifo0.f0_rdata[37]
	n1441
	n2545
	n2690
	memif_pdfifo0.f0_rdata[36]
	n1442
	n2546
	n2707
	memif_pdfifo0.f0_rdata[35]
	n1443
	n2551
	n2711
	memif_pdfifo0.f0_rdata[34]
	n1462
	n2562
	n2712
	memif_pdfifo0.f0_rdata[33]
	n1463
	n2577
	n2723
	memif_pdfifo0.f0_rdata[32]
	n1464
	n2578
	n2737
	memif_pdfifo0.f0_rdata[31]
	n1465
	n2583
	n2751
	memif_pdfifo0.f0_rdata[30]
	n1466
	n2595
	n2780
	memif_pdfifo0.f0_rdata[29]
	n1467
	n2605
	n2807
	memif_pdfifo0.f0_rdata[28]
	n1468
	n2613
	n2822
	memif_pdfifo0.f0_rdata[27]
	n1469
	n2614
	n2851
	memif_pdfifo0.f0_rdata[26]
	n1478
	n2624
	n2852
	memif_pdfifo0.f0_rdata[25]
	n1479
	n2872
	memif_pdfifo0.f0_rdata[24]
	n1480
	n2637
	n2882
	memif_pdfifo0.f0_rdata[23]
	n1481
	n2646
	n2892
	memif_pdfifo0.f0_rdata[22]
	n1482
	n2654
	n2902
	memif_pdfifo0.f0_rdata[21]
	n1483
	n2661
	n2913
	memif_pdfifo0.f0_rdata[20]
	n1484
	n2663
	n2914
	memif_pdfifo0.f0_rdata[19]
	n1485
	n2671
	n2926
	memif_pdfifo0.f0_rdata[18]
	n1486
	n2673
	n2930
	memif_pdfifo0.f0_rdata[17]
	n1487
	n2681
	n2937
	memif_pdfifo0.f0_rdata[16]
	n1488
	n2706
	n2963
	memif_pdfifo0.f0_rdata[15]
	n1489
	n2710
	n2979
	memif_pdfifo0.f0_rdata[14]
	n1490
	n2714
	n2993
	memif_pdfifo0.f0_rdata[13]
	n1491
	n2715
	n3019
	memif_pdfifo0.f0_rdata[12]
	n1492
	n2716
	n3024
	memif_pdfifo0.f0_rdata[11]
	n1499
	n2727
	n3029
	memif_pdfifo0.f0_rdata[10]
	n1506
	n2730
	n3052
	n1539
	memif_pdfifo0.f0_rdata[9]
	n2736
	n3059
	n1545
	memif_pdfifo0.f0_rdata[8]
	n2739
	n3062
	n1553
	memif_pdfifo0.f0_rdata[7]
	n2742
	n3070
	n1560
	memif_pdfifo0.f0_rdata[6]
	n2745
	n3071
	n1562
	memif_pdfifo0.f0_rdata[5]
	n2755
	n3077
	n1572
	memif_pdfifo0.f0_rdata[4]
	n2758
	n3088
	n1573
	memif_pdfifo0.f0_rdata[3]
	n2764
	n3099
	n1575
	memif_pdfifo0.f0_rdata[2]
	n2765
	n3109
	n1577
	memif_pdfifo0.f0_rdata[1]
	n2770
	n3120
	n1578
	memif_pdfifo0.f0_rdata[0]
	n2774
	n3131
	n1589
	memif_pdfifo1.f0_rdata[63]
	n2784
	n3147
	n1595
	memif_pdfifo1.f0_rdata[62]
	n2787
	n3151
	n1604
	memif_pdfifo1.f0_rdata[61]
	n2792
	n3158
	n1606
	memif_pdfifo1.f0_rdata[60]
	n2793
	n3163
	n1607
	memif_pdfifo1.f0_rdata[59]
	n2798
	n3169
	memif_pdfifo1.f0_rdata[58]
	n1612
	n2802
	n3170
	memif_pdfifo1.f0_rdata[57]
	net128617
	n2811
	n3180
	memif_pdfifo1.f0_rdata[56]
	net128622
	n2814
	n3191
	memif_pdfifo1.f0_rdata[55]
	net128625
	n2819
	n3204
	memif_pdfifo1.f0_rdata[54]
	net128626
	n2820
	memif_pdfifo1.f0_rdata[53]
	net128628
	n2828
	memif_pdfifo1.f0_rdata[52]
	net128850
	n2833
	memif_pdfifo1.f0_rdata[51]
	net128855
	n2928
	memif_pdfifo1.f0_rdata[50]
	net128861
	n2933
	net129015
	memif_pdfifo1.f0_rdata[49]
	n2936
	net129037
	memif_pdfifo1.f0_rdata[48]
	n2938
	memif_pdfifo1.f0_rdata[47]
	net129085
	n2941
	memif_pdfifo1.f0_rdata[46]
	net129118
	n2950
	memif_pdfifo1.f0_rdata[45]
	net129149
	n2953
	memif_pdfifo1.f0_rdata[44]
	net129170
	n2955
	memif_pdfifo1.f0_rdata[43]
	net144645
	n2966
	memif_pdfifo1.f0_rdata[42]
	net128854
	n2969
	memif_pdfifo1.f0_rdata[41]
	net144536
	n2972
	memif_pdfifo1.f0_rdata[40]
	net129184
	n2981
	memif_pdfifo1.f0_rdata[39]
	net129045
	n2984
	net128860
	memif_pdfifo1.f0_rdata[38]
	n2986
	memif_pdfifo1.f0_rdata[37]
	net144692
	n2994
	n1623
	memif_pdfifo1.f0_rdata[36]
	n2997
	n1655
	memif_pdfifo1.f0_rdata[35]
	n2999
	n1670
	memif_pdfifo1.f0_rdata[34]
	n3007
	n1676
	memif_pdfifo1.f0_rdata[33]
	n3010
	n1681
	memif_pdfifo1.f0_rdata[32]
	n3012
	n1686
	memif_pdfifo1.f0_rdata[31]
	n3020
	memif_pdfifo1.f0_rdata[30]
	n1735
	n3023
	memif_pdfifo1.f0_rdata[29]
	n1843
	n3026
	memif_pdfifo1.f0_rdata[28]
	n1959
	n3036
	memif_pdfifo1.f0_rdata[27]
	n1965
	n3040
	n2049
	memif_pdfifo1.f0_rdata[26]
	n3045
	tx_core/axi_slave/burst_addr_nxt[26]
	n2080
	memif_pdfifo1.f0_rdata[25]
	n3049
	tx_core/axi_slave/burst_addr_nxt[24]
	n2153
	memif_pdfifo1.f0_rdata[24]
	n3051
	tx_core/axi_slave/burst_addr_nxt[23]
	n2155
	memif_pdfifo1.f0_rdata[23]
	n3053
	tx_core/axi_slave/burst_addr_nxt[22]
	memif_pdfifo1.f0_rdata[22]
	n2220
	n3056
	tx_core/axi_slave/burst_addr_nxt[21]
	memif_pdfifo1.f0_rdata[21]
	n2361
	n3066
	tx_core/axi_slave/burst_addr_nxt[17]
	memif_pdfifo1.f0_rdata[20]
	n2365
	n3074
	tx_core/axi_slave/burst_addr_nxt[16]
	memif_pdfifo1.f0_rdata[19]
	n2467
	n3076
	tx_core/axi_slave/burst_addr_nxt[15]
	memif_pdfifo1.f0_rdata[18]
	n2475
	n3079
	tx_core/QOS_selector/qos/queue_gnt_q[1]
	memif_pdfifo1.f0_rdata[17]
	n2479
	n3081
	n1502
	n2636
	memif_pdfifo1.f0_rdata[16]
	n3085
	n1505
	n2645
	memif_pdfifo1.f0_rdata[15]
	n3087
	n1511
	memif_pdfifo1.f0_rdata[14]
	n2728
	n3090
	n1512
	memif_pdfifo1.f0_rdata[13]
	n2743
	n3092
	n1516
	memif_pdfifo1.f0_rdata[12]
	n2756
	n3096
	n1517
	memif_pdfifo1.f0_rdata[11]
	n2771
	n3098
	n1518
	memif_pdfifo1.f0_rdata[10]
	n2785
	n3101
	n1530
	memif_pdfifo1.f0_rdata[9]
	n2799
	n3103
	n1538
	memif_pdfifo1.f0_rdata[8]
	n2812
	n3107
	n1566
	memif_pdfifo1.f0_rdata[7]
	n2829
	n3108
	n1567
	memif_pdfifo1.f0_rdata[6]
	n2844
	n3111
	n1581
	memif_pdfifo1.f0_rdata[5]
	n2846
	n3113
	n1582
	memif_pdfifo1.f0_rdata[4]
	n2855
	n3117
	n1584
	memif_pdfifo1.f0_rdata[3]
	n2857
	n3119
	n1592
	memif_pdfifo1.f0_rdata[2]
	n2865
	n3122
	n1601
	memif_pdfifo1.f0_rdata[1]
	n2867
	n3124
	n1610
	memif_pdfifo1.f0_rdata[0]
	n2875
	n3128
	net128508
	memif_pdfifo2.f0_rdata[63]
	n2877
	n3130
	net129066
	memif_pdfifo2.f0_rdata[62]
	n2885
	n3134
	net129114
	memif_pdfifo2.f0_rdata[61]
	n2887
	n3138
	net129120
	memif_pdfifo2.f0_rdata[60]
	n2895
	n3142
	net143692
	memif_pdfifo2.f0_rdata[59]
	n2897
	n3145
	net144236
	memif_pdfifo2.f0_rdata[58]
	n2905
	n3156
	net144678
	memif_pdfifo2.f0_rdata[57]
	n2907
	n3160
	n1624
	memif_pdfifo2.f0_rdata[56]
	n2918
	n3164
	n1629
	memif_pdfifo2.f0_rdata[55]
	n2921
	n3168
	n1660
	memif_pdfifo2.f0_rdata[54]
	n2935
	n3172
	n1671
	memif_pdfifo2.f0_rdata[53]
	n2952
	n3176
	n1673
	memif_pdfifo2.f0_rdata[52]
	n2968
	n3182
	n1682
	memif_pdfifo2.f0_rdata[51]
	n2973
	n3186
	n1701
	memif_pdfifo2.f0_rdata[50]
	n2983
	n3192
	n1737
	memif_pdfifo2.f0_rdata[49]
	n3001
	n3196
	n1740
	memif_pdfifo2.f0_rdata[48]
	n3009
	n3202
	n1832
	memif_pdfifo2.f0_rdata[47]
	n3028
	xgmii_tx.TXCLK
	n1836
	memif_pdfifo2.f0_rdata[46]
	n3039
	tx_core/tx_rs/gclk_en
	n1839
	memif_pdfifo2.f0_rdata[45]
	n3072
	n1613
	n3153
	memif_pdfifo2.f0_rdata[44]
	n1614
	n3154
	memif_pdfifo2.f0_rdata[43]
	net127881
	n3177
	memif_pdfifo2.f0_rdata[42]
	net128547
	n1897
	n3187
	memif_pdfifo2.f0_rdata[41]
	net128575
	n1905
	n3199
	memif_pdfifo2.f0_rdata[40]
	net128900
	n1911
	memif_pdfifo2.f0_rdata[39]
	tx_core/axi_slave/burst_addr_nxt[30]
	net129061
	n1927
	memif_pdfifo2.f0_rdata[38]
	xgmii_tx.TXD[30]
	net129068
	n1937
	memif_pdfifo2.f0_rdata[37]
	xgmii_tx.TXD[28]
	net129089
	n1958
	memif_pdfifo2.f0_rdata[36]
	n1498
	net129100
	n2010
	memif_pdfifo2.f0_rdata[35]
	n1540
	net129115
	n2011
	memif_pdfifo2.f0_rdata[34]
	n1543
	net129133
	n2032
	memif_pdfifo2.f0_rdata[33]
	n1550
	net129157
	n2037
	memif_pdfifo2.f0_rdata[32]
	n1558
	net129177
	n2038
	memif_pdfifo2.f0_rdata[31]
	n1561
	net129214
	n2040
	memif_pdfifo2.f0_rdata[30]
	n1570
	net129334
	n2046
	memif_pdfifo2.f0_rdata[29]
	n1574
	net129340
	n2051
	n1605
	memif_pdfifo2.f0_rdata[28]
	net129507
	n2055
	n1609
	memif_pdfifo2.f0_rdata[27]
	net129538
	n2062
	memif_pdfifo2.f0_rdata[26]
	net128624
	net129539
	n2066
	memif_pdfifo2.f0_rdata[25]
	net128849
	net144285
	n2067
	memif_pdfifo2.f0_rdata[24]
	net128853
	net144321
	n2072
	memif_pdfifo2.f0_rdata[23]
	net129128
	net143749
	n2076
	memif_pdfifo2.f0_rdata[22]
	net129150
	net143714
	n2081
	memif_pdfifo2.f0_rdata[21]
	net129167
	net143703
	n2085
	memif_pdfifo2.f0_rdata[20]
	net129168
	net129178
	n2146
	memif_pdfifo2.f0_rdata[19]
	net144723
	n1630
	n2149
	memif_pdfifo2.f0_rdata[18]
	net129044
	n1647
	n2179
	net129028
	memif_pdfifo2.f0_rdata[17]
	n1657
	n2180
	net129027
	memif_pdfifo2.f0_rdata[16]
	n1665
	n2185
	net128859
	memif_pdfifo2.f0_rdata[15]
	n1666
	n2193
	memif_pdfifo2.f0_rdata[14]
	net143489
	n1667
	n2196
	n1648
	memif_pdfifo2.f0_rdata[13]
	n1677
	n2222
	n1650
	memif_pdfifo2.f0_rdata[12]
	n1697
	n2227
	n1652
	memif_pdfifo2.f0_rdata[11]
	n1698
	n2232
	n1654
	memif_pdfifo2.f0_rdata[10]
	n1703
	n2246
	n1679
	memif_pdfifo2.f0_rdata[9]
	n1729
	n2255
	n1683
	memif_pdfifo2.f0_rdata[8]
	n1730
	n2260
	n1684
	memif_pdfifo2.f0_rdata[7]
	n1731
	n2266
	memif_pdfifo2.f0_rdata[6]
	n1966
	n1741
	n2270
	memif_pdfifo2.f0_rdata[5]
	n2363
	n1749
	n2275
	memif_pdfifo2.f0_rdata[4]
	n2468
	n1755
	n2294
	memif_pdfifo2.f0_rdata[3]
	n2478
	n1758
	n2299
	memif_pdfifo2.f0_rdata[2]
	n2729
	n1768
	n2432
	memif_pdfifo2.f0_rdata[1]
	n2744
	n1779
	n2442
	memif_pdfifo2.f0_rdata[0]
	n2757
	n1784
	n2459
	memif_pcfifo0.f0_rdata[15]
	n2773
	n1789
	n2487
	memif_pcfifo0.f0_rdata[14]
	n2786
	n1804
	n2491
	memif_pcfifo0.f0_rdata[13]
	n2801
	n1824
	n2493
	memif_pcfifo0.f0_rdata[12]
	n2813
	n1868
	n2498
	memif_pcfifo0.f0_rdata[11]
	n2831
	n1873
	n2499
	memif_pcfifo0.f0_rdata[10]
	n2845
	n1874
	n2503
	memif_pcfifo0.f0_rdata[9]
	n2856
	n1877
	n2504
	memif_pcfifo0.f0_rdata[8]
	n2866
	n1886
	n2506
	memif_pcfifo0.f0_rdata[7]
	n2876
	n2509
	memif_pcfifo0.f0_rdata[6]
	n2886
	n1960
	n2515
	memif_pcfifo0.f0_rdata[5]
	n2896
	n1962
	n2521
	memif_pcfifo0.f0_rdata[4]
	n2906
	n1980
	n2522
	memif_pcfifo0.f0_rdata[3]
	n2920
	n1983
	n2524
	memif_pcfifo0.f0_rdata[2]
	n2943
	n1984
	n2527
	memif_pcfifo0.f0_rdata[1]
	n2957
	n1995
	n2532
	memif_pcfifo0.f0_rdata[0]
	n2974
	n2003
	n2536
	memif_pcfifo1.f0_rdata[15]
	n2988
	n2013
	n2537
	memif_pcfifo1.f0_rdata[14]
	n3014
	n2015
	n2541
	memif_pcfifo1.f0_rdata[13]
	n3047
	n2016
	n2544
	memif_pcfifo1.f0_rdata[12]
	n3073
	n2039
	n2550
	n3137
	memif_pcfifo1.f0_rdata[11]
	n2043
	n2555
	n3155
	memif_pcfifo1.f0_rdata[10]
	n2061
	n2556
	n3179
	memif_pcfifo1.f0_rdata[9]
	n2070
	n2558
	n3189
	memif_pcfifo1.f0_rdata[8]
	n2078
	n2561
	n3198
	memif_pcfifo1.f0_rdata[7]
	n2105
	n2566
	memif_pcfifo1.f0_rdata[6]
	tx_core/axi_slave/burst_addr_nxt[31]
	n2106
	n2570
	memif_pcfifo1.f0_rdata[5]
	xgmii_tx.TXD[31]
	n2109
	n2571
	memif_pcfifo1.f0_rdata[4]
	xgmii_tx.TXD[29]
	n2112
	n2573
	memif_pcfifo1.f0_rdata[3]
	xgmii_tx.TXD[27]
	n2123
	n2576
	memif_pcfifo1.f0_rdata[2]
	xgmii_tx.TXD[26]
	n2125
	n2582
	memif_pcfifo1.f0_rdata[1]
	xgmii_tx.TXD[25]
	n2138
	n2587
	memif_pcfifo1.f0_rdata[0]
	xgmii_tx.TXD[24]
	n2148
	n2588
	memif_pcfifo2.f0_rdata[15]
	xgmii_tx.TXD[23]
	n2160
	n2590
	memif_pcfifo2.f0_rdata[14]
	xgmii_tx.TXD[22]
	n2161
	n2591
	memif_pcfifo2.f0_rdata[13]
	xgmii_tx.TXD[21]
	n2164
	n2594
	memif_pcfifo2.f0_rdata[12]
	xgmii_tx.TXD[20]
	n2165
	n2599
	xgmii_tx.TXD[19]
	memif_pcfifo2.f0_rdata[11]
	n2172
	n2603
	xgmii_tx.TXD[18]
	memif_pcfifo2.f0_rdata[10]
	n2173
	n2606
	xgmii_tx.TXD[17]
	memif_pcfifo2.f0_rdata[9]
	n2181
	n2608
	xgmii_tx.TXD[16]
	memif_pcfifo2.f0_rdata[8]
	n2184
	n2611
	xgmii_tx.TXD[15]
	memif_pcfifo2.f0_rdata[7]
	n2187
	n2612
	xgmii_tx.TXD[14]
	memif_pcfifo2.f0_rdata[6]
	n2200
	n2620
	xgmii_tx.TXD[13]
	memif_pcfifo2.f0_rdata[5]
	n2201
	n2622
	xgmii_tx.TXD[12]
	memif_pcfifo2.f0_rdata[4]
	n2208
	n2623
	xgmii_tx.TXD[11]
	memif_pcfifo2.f0_rdata[3]
	n2211
	n2642
	xgmii_tx.TXD[10]
	memif_pcfifo2.f0_rdata[2]
	n2215
	n2650
	memif_pcfifo2.f0_rdata[1]
	xgmii_tx.TXD[9]
	n2252
	n2651
	memif_pcfifo2.f0_rdata[0]
	xgmii_tx.TXD[8]
	n2291
	n2658
	memif_swchaddr.f0_waddr[4]
	xgmii_tx.TXD[1]
	n2292
	n2662
	memif_swchaddr.f0_waddr[3]
	xgmii_tx.TXD[0]
	n2311
	n2667
	n1544
	memif_swchaddr.f0_waddr[2]
	n2328
	n2668
	n1547
	memif_swchaddr.f0_waddr[1]
	n2351
	n2685
	n1548
	memif_swchaddr.f0_waddr[0]
	n2355
	n2688
	n1549
	memif_swchaddr.f0_raddr[4]
	n2356
	n2725
	n1556
	memif_swchaddr.f0_raddr[3]
	n2359
	n2738
	n1568
	memif_swchaddr.f0_raddr[2]
	n2397
	n2753
	net129036
	memif_swchaddr.f0_raddr[1]
	n2398
	n2763
	memif_swchaddr.f0_raddr[0]
	net129129
	n2401
	n2766
	memif_swchaddr.f0_rdata[35]
	net129144
	n2403
	n2767
	memif_swchaddr.f0_rdata[34]
	net144718
	n2420
	n2782
	memif_swchaddr.f0_rdata[33]
	net129043
	n2423
	n2794
	net129031
	memif_swchaddr.f0_rdata[32]
	n2438
	n2795
	memif_swchaddr.f0_rdata[31]
	net144106
	n2439
	n2809
	n1638
	memif_swchaddr.f0_rdata[30]
	n2444
	n2823
	n1651
	memif_swchaddr.f0_rdata[29]
	n2445
	n2824
	n1653
	memif_swchaddr.f0_rdata[28]
	n2448
	n2826
	n2157
	memif_swchaddr.f0_rdata[27]
	n2450
	n2838
	memif_swchaddr.f0_rdata[26]
	n3082
	n2451
	n2839
	memif_swchaddr.f0_rdata[25]
	n3093
	n2466
	n2842
	n3104
	memif_swchaddr.f0_rdata[24]
	n2718
	n2862
	n3114
	memif_swchaddr.f0_rdata[23]
	net128574
	n2873
	n3125
	memif_swchaddr.f0_rdata[22]
	net128825
	n2883
	n3139
	memif_swchaddr.f0_rdata[21]
	net128876
	n2893
	n3178
	memif_swchaddr.f0_rdata[20]
	net128898
	n2903
	n3188
	memif_swchaddr.f0_rdata[19]
	net129098
	n2915
	n1557
	memif_swchaddr.f0_rdata[18]
	net129181
	n2917
	n1569
	memif_swchaddr.f0_rdata[17]
	net129198
	n2932
	net129033
	memif_swchaddr.f0_rdata[16]
	net129226
	n2949
	memif_swchaddr.f0_rdata[15]
	net129041
	net144846
	n2962
	net144807
	memif_swchaddr.f0_rdata[14]
	net143743
	n3034
	memif_swchaddr.f0_rdata[13]
	net129050
	net129555
	n3041
	memif_swchaddr.f0_rdata[12]
	net129049
	net143748
	n3042
	memif_swchaddr.f0_rdata[11]
	net144240
	net129227
	n3044
	net143737
	memif_swchaddr.f0_rdata[10]
	net143745
	n3050
	net129030
	memif_swchaddr.f0_rdata[9]
	net128569
	n3058
	n1634
	memif_swchaddr.f0_rdata[8]
	net129533
	n3064
	n1635
	memif_swchaddr.f0_rdata[7]
	net129225
	n3078
	n1636
	memif_swchaddr.f0_rdata[6]
	n1626
	n3089
	n1637
	memif_swchaddr.f0_rdata[5]
	n1631
	n3100
	n1640
	memif_swchaddr.f0_rdata[4]
	n1678
	n3110
	n3084
	memif_swchaddr.f0_rdata[3]
	n1707
	n3121
	n3095
	memif_swchaddr.f0_rdata[2]
	n1742
	n3132
	memif_swchaddr.f0_rdata[1]
	n3106
	n1751
	n3152
	memif_swchaddr.f0_rdata[0]
	n3116
	n1764
	n3161
	n3127
	memif_swchdata.f0_rdata[31]
	n1770
	n3162
	n3141
	memif_swchdata.f0_rdata[30]
	n1785
	n3173
	memif_swchdata.f0_rdata[29]
	xgmii_tx.TXD[7]
	n1786
	n3183
	memif_swchdata.f0_rdata[28]
	xgmii_tx.TXD[6]
	n1805
	n3190
	memif_swchdata.f0_rdata[27]
	xgmii_tx.TXD[5]
	n1818
	n3194
	memif_swchdata.f0_rdata[26]
	xgmii_tx.TXD[4]
	n1889
	n3201
	memif_swchdata.f0_rdata[25]
	xgmii_tx.TXD[3]
	n1915
	tx_core/axi_slave/burst_addr_nxt[27]
	memif_swchdata.f0_rdata[24]
	xgmii_tx.TXD[2]
	n1968
	tx_core/axi_slave/burst_addr_nxt[18]
	net144414
	memif_swchdata.f0_rdata[23]
	n1979
	xgmii_tx.TXC[3]
	memif_swchdata.f0_rdata[22]
	net144172
	n1982
	xgmii_tx.TXC[2]
	n1622
	memif_swchdata.f0_rdata[21]
	n2000
	xgmii_tx.TXC[1]
	n1633
	memif_swchdata.f0_rdata[20]
	n2018
	n1445
	n1639
	memif_swchdata.f0_rdata[19]
	n2021
	n1452
	n1641
	memif_swchdata.f0_rdata[18]
	n2027
	n1453
	net144413
	memif_swchdata.f0_rdata[17]
	n2031
	n1454
	n1632
	memif_swchdata.f0_rdata[16]
	n2111
	n1455
	n1642
	memif_swchdata.f0_rdata[15]
	n2120
	n1456
	n1643
	memif_swchdata.f0_rdata[14]
	n2130
	n1457
	net144419
	memif_swchdata.f0_rdata[13]
	n2132
	n1458
	net144415
	memif_swchdata.f0_rdata[12]
	n2140
	n1459
	net144416
	memif_swchdata.f0_rdata[11]
	n2166
	n1460
	net144420
	memif_swchdata.f0_rdata[10]
	n2167
	n1461
	memif_swchdata.f0_rdata[9]
	net143549
	n2174
	n1470
	memif_swchdata.f0_rdata[8]
	tx_core/QOS_selector/qos/N33
	n2182
	n1471
	memif_swchdata.f0_rdata[7]
	tx_core/QOS_selector/qos/N32
	n2188
	n1472
	memif_swchdata.f0_rdata[6]
	tx_core/QOS_selector/qos/N31
	n2194
	n1473
	memif_swchdata.f0_rdata[5]
	tx_core/QOS_selector/qos/N30
	n2205
	n1474
	memif_swchdata.f0_rdata[4]
	tx_core/QOS_selector/qos/N29
	n2207
	n1475
	memif_swchdata.f0_rdata[3]
	tx_core/QOS_selector/qos/N28
	n2212
	n1476
	memif_swchdata.f0_rdata[2]
	tx_core/QOS_selector/qos/N27
	n2243
	n1477
	memif_swchdata.f0_rdata[1]
	tx_core/QOS_selector/qos/N26
	n2253
	n1493
	memif_swchdata.f0_rdata[0]
	tx_core/QOS_selector/qos/N25
	n2290
	n1496
	tx_core/QOS_selector/qos/N24
	memif_swchrsp.f0_waddr[4]
	n2342
	n1497
	tx_core/QOS_selector/qos/N23
	memif_swchrsp.f0_waddr[3]
	n2347
	n1501
	tx_core/QOS_selector/qos/N22
	memif_swchrsp.f0_waddr[2]
	n2352
	n1504
	tx_core/QOS_selector/qos/N21
	memif_swchrsp.f0_waddr[1]
	n2357
	n1508
	tx_core/QOS_selector/qos/N20
	memif_swchrsp.f0_waddr[0]
	n2366
	n1509
	tx_core/QOS_selector/qos/N19
	memif_swchrsp.f0_raddr[4]
	n2367
	n1510
	tx_core/QOS_selector/qos/N18
	memif_swchrsp.f0_raddr[3]
	n2391
	n1515
	tx_core/QOS_selector/qos/N17
	memif_swchrsp.f0_raddr[2]
	n2404
	n1531
	tx_core/QOS_selector/qos/N16
	memif_swchrsp.f0_raddr[1]
	n2405
	n1532
	tx_core/QOS_selector/qos/N15
	memif_swchrsp.f0_raddr[0]
	n2407
	n1533
	memif_swchrsp.f0_rdata[5]
	tx_core/QOS_selector/qos/N14
	n2414
	n1534
	memif_swchrsp.f0_rdata[4]
	tx_core/QOS_selector/qos/N13
	n2415
	n1535
	memif_swchrsp.f0_rdata[3]
	tx_core/QOS_selector/qos/N12
	tx_core/axi_slave/burst_addr_nxt[3]
	n2422
	n1536
	memif_swchrsp.f0_rdata[2]
	tx_core/QOS_selector/qos/N11
	tx_core/axi_slave/burst_addr_nxt[2]
	n2427
	n1537
	memif_swchrsp.f0_rdata[1]
	tx_core/QOS_selector/qos/N10
	tx_core/axi_slave/burst_addr_nxt[1]
	n2433
	n1546
	memif_swchrsp.f0_rdata[0]
	tx_core/axi_slave/burst_addr_nxt[0]
	n2434
	n1554
	tx_core/axi_slave/w_rspch_cur_state[0]
	tx_core/tx_rs/nxt_state[1]
	n2440
	n1555
	tx_core/axi_slave/N70
	m_r_ach.ARID[1]
	n2447
	n1563
	tx_core/axi_slave/N69
	m_r_ach.ARID[0]
	n2454
	n1564
	tx_core/axi_slave/N68
	m_r_ach.ARADDR[31]
	n2457
	n1576
	tx_core/axi_slave/N67
	n2703
	m_r_ach.ARADDR[30]
	n1579
	tx_core/axi_slave/N66
	n2721
	m_r_ach.ARADDR[29]
	n1585
	tx_core/axi_slave/N65
	m_r_ach.ARADDR[28]
	w_rspch.BVALID
	n1596
	tx_core/axi_slave/N64
	n1528
	m_r_ach.ARADDR[27]
	n1597
	tx_core/axi_slave/N63
	n1529
	m_r_ach.ARADDR[26]
	n1599
	tx_core/axi_slave/N62
	net128891
	m_r_ach.ARADDR[25]
	n1608
	tx_core/axi_slave/N61
	m_r_ach.ARADDR[24]
	net129071
	net128616
	tx_core/axi_slave/N60
	m_r_ach.ARADDR[23]
	net129164
	net128623
	tx_core/axi_slave/N59
	m_r_ach.ARADDR[22]
	net129179
	net128852
	tx_core/axi_slave/N58
	m_r_ach.ARADDR[21]
	net129188
	net128858
	tx_core/axi_slave/N57
	m_r_ach.ARADDR[20]
	net129219
	net143709
	tx_core/axi_slave/N56
	net143715
	m_r_ach.ARADDR[19]
	net143945
	tx_core/axi_slave/N55
	net143716
	m_r_ach.ARADDR[18]
	net144287
	tx_core/axi_slave/N54
	net143750
	m_r_ach.ARADDR[17]
	net144556
	tx_core/axi_slave/N53
	m_r_ach.ARADDR[16]
	net143998
	net128637
	tx_core/axi_slave/N52
	net144847
	m_r_ach.ARADDR[15]
	n1625
	tx_core/axi_slave/N51
	m_r_ach.ARADDR[14]
	net129110
	n1645
	tx_core/axi_slave/N50
	m_r_ach.ARADDR[13]
	net129190
	n1659
	tx_core/axi_slave/N49
	m_r_ach.ARADDR[12]
	net129217
	n1672
	tx_core/axi_slave/N48
	m_r_ach.ARADDR[11]
	net129232
	n1685
	tx_core/axi_slave/N47
	m_r_ach.ARADDR[10]
	net129240
	n1687
	tx_core/axi_slave/N46
	m_r_ach.ARADDR[9]
	net129221
	n1706
	tx_core/axi_slave/N45
	m_r_ach.ARADDR[8]
	net129109
	n1725
	tx_core/axi_slave/N44
	n1627
	m_r_ach.ARADDR[7]
	n1733
	tx_core/axi_slave/N43
	m_r_ach.ARADDR[6]
	n1705
	n1734
	tx_core/axi_slave/w_ach_cur_state[0]
	m_r_ach.ARADDR[5]
	n1743
	n1838
	tx_core/tx_rs/cnt2_d
	m_r_ach.ARADDR[4]
	n1760
	n1841
	tx_core/tx_rs/clk125mhz
	m_r_ach.ARADDR[3]
	n1763
	n1898
	tx_core/tx_rs/gclk_en_d
	m_r_ach.ARADDR[2]
	n1771
	n1906
	tx_core/axi_slave/wchrsp_fifo/n1
	m_r_ach.ARADDR[1]
	n1775
	n1912
	tx_core/axi_slave/wchrsp_fifo/n2
	m_r_ach.ARADDR[0]
	n1788
	n1928
	tx_core/axi_slave/wchrsp_fifo/n3
	m_r_ach.ARBURST[0]
	n1791
	n1938
	tx_core/axi_slave/wchrsp_fifo/n4
	m_r_ach.ARVALID
	n1792
	n1963
	tx_core/axi_slave/wchrsp_fifo/n5
	m_r_dch.RREADY
	n1882
	n1975
	tx_core/axi_slave/wchrsp_fifo/n6
	n1890
	n1986
	tx_core/axi_slave/wchaddr_fifo/n1
	n1892
	n1991
	tx_core/axi_slave/wchaddr_fifo/n2
	n1917
	n2001
	tx_core/axi_slave/wchaddr_fifo/n3
	n1948
	n2012
	tx_core/axi_slave/wchaddr_fifo/n4
	n1972
	n2019
	tx_core/axi_slave/wchaddr_fifo/n5
	n1981
	n2033
	tx_core/axi_slave/wchaddr_fifo/n6
	n2006
	n2041
	tx_core/tx_crc/crcfifo0/n1
	n2022
	n2045
	tx_core/tx_crc/crcfifo0/n2
	n2050
	n2054
	tx_core/tx_crc/crcfifo0/n3
	n2110
	n2057
	tx_core/tx_crc/crcfifo0/n4
	n2115
	n2063
	tx_core/tx_crc/crcfifo0/n5
	n2117
	n2068
	tx_core/tx_crc/crcfifo2/n1
	n2128
	n2075
	tx_core/tx_crc/crcfifo2/n2
	n2129
	n2084
	tx_core/tx_crc/crcfifo2/n3
	n2131
	n2087
	tx_core/tx_crc/crcfifo2/n4
	n2150
	n2151
	tx_core/tx_crc/crcfifo2/n5
	n2175
	n2218
	tx_core/tx_crc/crcfifo1/n1
	n2176
	n2223
	tx_core/tx_crc/crcfifo1/n2
	n2195
	n2228
	tx_core/tx_crc/crcfifo1/n3
	n2217
	n2256
	tx_core/tx_crc/crcfifo1/n4
	n2242
	n2261
	tx_core/tx_crc/crcfifo1/n5
	n2324
	n2295
	n2334
	n2370
	n2338
	n2460
	n2343
	n2465
	tx_core/axi_slave/w_dch_cur_state[1]
	n2348
	n2473
	tx_core/axi_slave/w_dch_cur_state[0]
	n2353
	n2486
	tx_core/QOS_selector/buffer_sel[2]
	n2369
	n2488
	tx_core/QOS_selector/buffer_sel[1]
	n2406
	n2490
	tx_core/QOS_selector/buffer_sel[0]
	n2409
	n2492
	tx_core/tx_rs/xgmii_txc_d[3]
	n2416
	n2497
	tx_core/tx_rs/xgmii_txc_d[2]
	n2435
	n2502
	tx_core/tx_rs/xgmii_txc_d[1]
	memif_crcf0.f0_write
	n2449
	n2505
	tx_core/tx_rs/xgmii_txc_d[0]
	n2453
	n2507
	tx_core/tx_rs/xgmii_txd_d[31]
	n2469
	n2508
	tx_core/tx_rs/xgmii_txd_d[30]
	n2472
	n2514
	tx_core/tx_rs/xgmii_txd_d[29]
	n2676
	n2520
	tx_core/tx_rs/xgmii_txd_d[28]
	n2682
	n2523
	tx_core/tx_rs/xgmii_txd_d[27]
	n2683
	n2525
	tx_core/tx_rs/xgmii_txd_d[26]
	n2689
	n2526
	tx_core/tx_rs/xgmii_txd_d[25]
	n2697
	n2531
	tx_core/tx_rs/xgmii_txd_d[24]
	n2702
	n2535
	tx_core/tx_rs/xgmii_txd_d[23]
	n2840
	n2540
	tx_core/tx_rs/xgmii_txd_d[22]
	n3057
	n2542
	tx_core/tx_rs/xgmii_txd_d[21]
	n3097
	n2543
	tx_core/tx_rs/xgmii_txd_d[20]
	n3146
	n2549
	tx_core/tx_rs/xgmii_txd_d[19]
	tx_core/axi_slave/awready_nxt
	n2554
	tx_core/tx_rs/xgmii_txd_d[18]
	n1527
	n2557
	tx_core/tx_rs/xgmii_txd_d[17]
	n1587
	n2559
	tx_core/tx_rs/xgmii_txd_d[16]
	net127882
	n2560
	tx_core/tx_rs/xgmii_txd_d[15]
	net128481
	n2565
	tx_core/tx_rs/xgmii_txd_d[14]
	net129113
	n2569
	tx_core/tx_rs/xgmii_txd_d[13]
	net129141
	n2572
	tx_core/tx_rs/xgmii_txd_d[12]
	net129160
	n2574
	tx_core/tx_rs/xgmii_txd_d[11]
	net129174
	n2575
	tx_core/tx_rs/xgmii_txd_d[10]
	net129210
	n2581
	tx_core/tx_rs/xgmii_txd_d[9]
	net129220
	n2586
	tx_core/tx_rs/xgmii_txd_d[8]
	net129523
	n2589
	tx_core/tx_rs/xgmii_txd_d[7]
	net129530
	n2592
	tx_core/tx_rs/xgmii_txd_d[6]
	net143717
	n2593
	tx_core/tx_rs/xgmii_txd_d[5]
	net144052
	n2598
	tx_core/tx_rs/xgmii_txd_d[4]
	net144229
	n2602
	tx_core/tx_rs/xgmii_txd_d[3]
	net128611
	n2607
	SYNOPSYS_UNCONNECTED__0
	tx_core/tx_rs/xgmii_txd_d[2]
	net129238
	n2610
	SYNOPSYS_UNCONNECTED__1
	tx_core/tx_rs/xgmii_txd_d[1]
	n1644
	n2619
	SYNOPSYS_UNCONNECTED__2
	tx_core/tx_rs/xgmii_txd_d[0]
	n1646
	memif_crcf1.f0_write
	n2634
	tx_core/tx_rs/bvalid[7]
	n1656
	n2643
	tx_core/tx_rs/bvalid[6]
	n1708
	n2652
	tx_core/tx_rs/bvalid[5]
	n1713
	n2659
	tx_core/tx_rs/bvalid[4]
	n1714
	n2669
	tx_core/tx_rs/bvalid[3]
	n1722
	n2713
	tx_core/tx_rs/bvalid[2]
	n1746
	n2740
	tx_core/tx_rs/bvalid[1]
	n1757
	n2768
	tx_core/tx_rs/bvalid[0]
	n1761
	n2796
	tx_core/tx_rs/idlernd_cnt_d[1]
	n1767
	n2825
	tx_core/tx_rs/idlernd_cnt_d[0]
	n1773
	n2853
	tx_core/tx_rs/wakeuptimer_d[31]
	n1777
	n2863
	tx_core/tx_rs/wakeuptimer_d[30]
	n1794
	n2919
	tx_core/tx_rs/wakeuptimer_d[29]
	n1799
	n2940
	tx_core/tx_rs/wakeuptimer_d[28]
	n1817
	n2954
	tx_core/tx_rs/wakeuptimer_d[27]
	n1826
	n2964
	tx_core/tx_rs/wakeuptimer_d[26]
	n1864
	n2965
	tx_core/tx_rs/wakeuptimer_d[25]
	n1933
	n2970
	tx_core/tx_rs/wakeuptimer_d[24]
	n1944
	n2980
	tx_core/tx_rs/wakeuptimer_d[23]
	n1952
	n2985
	tx_core/tx_rs/wakeuptimer_d[22]
	n1955
	n2995
	tx_core/tx_rs/wakeuptimer_d[21]
	n1961
	n2998
	tx_core/tx_rs/wakeuptimer_d[20]
	n1974
	n3006
	tx_core/tx_rs/wakeuptimer_d[19]
	n1985
	n3011
	tx_core/tx_rs/wakeuptimer_d[18]
	n2020
	n3021
	tx_core/tx_rs/wakeuptimer_d[17]
	n2028
	n3025
	tx_core/tx_rs/wakeuptimer_d[16]
	n2052
	n3035
	tx_core/tx_rs/wakeuptimer_d[15]
	n2058
	n3037
	tx_core/tx_rs/wakeuptimer_d[14]
	n2065
	n3043
	tx_core/tx_rs/wakeuptimer_d[13]
	n2122
	n3060
	tx_core/tx_rs/wakeuptimer_d[12]
	n2133
	n3083
	tx_core/tx_rs/wakeuptimer_d[11]
	n2134
	n3094
	tx_core/tx_rs/wakeuptimer_d[10]
	n2139
	n3105
	tx_core/tx_rs/wakeuptimer_d[9]
	n2144
	memif_crcf2.f0_write
	n3115
	tx_core/tx_rs/wakeuptimer_d[8]
	n2197
	memif_pdfifo0.f0_waddr[5]
	n3126
	tx_core/tx_rs/wakeuptimer_d[7]
	memif_pdfifo0.f0_waddr[4]
	n2238
	n3135
	tx_core/tx_rs/wakeuptimer_d[6]
	memif_pdfifo0.f0_waddr[3]
	n2285
	n3140
	tx_core/tx_rs/wakeuptimer_d[5]
	memif_pdfifo0.f0_waddr[2]
	n2301
	n3165
	tx_core/tx_rs/wakeuptimer_d[4]
	memif_pdfifo0.f0_waddr[1]
	n2316
	n3174
	tx_core/tx_rs/wakeuptimer_d[3]
	memif_pdfifo0.f0_waddr[0]
	n2320
	n3184
	tx_core/tx_rs/wakeuptimer_d[2]
	memif_pdfifo0.f0_wdata[63]
	n2325
	n3193
	tx_core/tx_rs/wakeuptimer_d[1]
	memif_pdfifo0.f0_wdata[62]
	n2330
	n3195
	tx_core/tx_rs/wakeuptimer_d[0]
	memif_pdfifo0.f0_wdata[61]
	n2335
	n3200
	SYNOPSYS_UNCONNECTED__45
	tx_core/tx_rs/cur_state_clk[1]
	memif_pdfifo0.f0_wdata[60]
	n2339
	SYNOPSYS_UNCONNECTED__46
	tx_core/tx_rs/cur_state_clk[0]
	memif_pdfifo0.f0_wdata[59]
	n2344
	SYNOPSYS_UNCONNECTED__47
	tx_core/tx_rs/cnt128_d[6]
	memif_pdfifo0.f0_wdata[58]
	n2349
	SYNOPSYS_UNCONNECTED__48
	tx_core/tx_rs/cnt128_d[5]
	memif_pdfifo0.f0_wdata[57]
	n2392
	SYNOPSYS_UNCONNECTED__49
	tx_core/axi_slave/burst_addr_nxt[28]
	tx_core/tx_rs/cnt128_d[4]
	memif_pdfifo0.f0_wdata[56]
	n2408
	tx_core/axi_slave/burst_addr_nxt[19]
	SYNOPSYS_UNCONNECTED__50
	tx_core/tx_rs/cnt128_d[3]
	memif_pdfifo0.f0_wdata[55]
	n2410
	SYNOPSYS_UNCONNECTED__51
	tx_core/tx_rs/nxt_state[3]
	tx_core/tx_rs/cnt128_d[2]
	memif_pdfifo0.f0_wdata[54]
	n2421
	SYNOPSYS_UNCONNECTED__52
	tx_core/tx_rs/nxt_state[2]
	tx_core/tx_rs/cnt128_d[1]
	memif_pdfifo0.f0_wdata[53]
	n2425
	SYNOPSYS_UNCONNECTED__53
	n1348
	tx_core/tx_rs/cnt128_d[0]
	memif_pdfifo0.f0_wdata[52]
	n2428
	SYNOPSYS_UNCONNECTED__54
	n1349
	tx_core/tx_rs/crc_bvalid_d[1]
	memif_pdfifo0.f0_wdata[51]
	n2429
	SYNOPSYS_UNCONNECTED__55
	n1350
	tx_core/tx_rs/crc_bvalid_d[0]
	memif_pdfifo0.f0_wdata[50]
	n2452
	SYNOPSYS_UNCONNECTED__56
	n1351
	tx_core/tx_rs/crc_left_d[31]
	memif_pdfifo0.f0_wdata[49]
	n2455
	SYNOPSYS_UNCONNECTED__57
	n1352
	tx_core/tx_rs/crc_left_d[30]
	n2674
	memif_pdfifo0.f0_wdata[48]
	SYNOPSYS_UNCONNECTED__58
	n1353
	tx_core/tx_rs/crc_left_d[29]
	n2677
	memif_pdfifo0.f0_wdata[47]
	SYNOPSYS_UNCONNECTED__59
	n1354
	tx_core/tx_rs/crc_left_d[28]
	n2680
	memif_pdfifo0.f0_wdata[46]
	SYNOPSYS_UNCONNECTED__60
	n1355

3436 nets with no annotation
1
#####################################################################
#       check/update/report power
#####################################################################
check_power
Information: Checking 'out_of_table_range'.
Warning: There are 1801 out_of_range ramps.
Warning: There are 418 out_of_range loads.
Information: Checking 'missing_table'.
Information: Checking 'missing_function'.
Warning: There are 5 library cells without function.
0
update_power
Warning: The hierarchical cell 'tx_core/dma_reg_tx' is an empty cell (PWR-278)
Warning: The hierarchical cell 'tx_core/tx_crc/crcpkt0' is an empty cell (PWR-278)
Warning: The hierarchical cell 'tx_core/tx_crc/crcpkt2' is an empty cell (PWR-278)
Warning: The hierarchical cell 'tx_core/tx_crc/crcpkt1' is an empty cell (PWR-278)
Warning: The hierarchical cell 'tx_core/axi_master' is an empty cell (PWR-278)
Information: Running switching activity propagation with 4 threads!
Information: Running averaged power analysis... (PWR-601)
Information: Running power calculation with 4 threads. (PWR-602)
1
report_power -hierarchy > saif.rpt
quit
Suppressed Messages Summary:
Id          Severity      Occurrences   Suppressed
-------------------------------------------------------------------------------
PARA-123    Warning             23645        23545
Total 1 type of message is suppressed

Timing updates: 1 (1 implicit, 0 explicit) (0 incremental, 1 full, 0 logical)
Noise updates: 0 (0 implicit, 0 explicit) (0 incremental, 0 full)
Maximum memory usage for this session: 643.75 MB
CPU usage for this session: 3 seconds 
Elapsed time for this session: 2 seconds
Diagnostics summary: 56 warnings, 14 informationals

Thank you for using pt_shell!
