###############################################################
#  Generated by:      Cadence Encounter 09.14-s273_1
#  OS:                Linux x86_64(Host ID coe-ee-cad45.sjsuad.sjsu.edu)
#  Generated on:      Sun Nov 20 20:05:43 2016
#  Command:           verifyGeometry
###############################################################

SPACING: Regular Via of Net tx_core/tx_crc/crcpkt1/crc32/n264 & Blockage of Cell tx_core/tx_crc/crcpkt1/data32_d_reg[14]  ( M1 )
Bounds : ( 1372.800, 1514.300 ) ( 1373.000, 1514.700 )
Actual:     0.2     Min:     0.3

SHORT: Regular Via of Net memif_pcfifo1.f0_write & Special Wire of Net vdd  ( M2 )
Bounds : ( 924.200, 1579.300 ) ( 924.600, 1579.300 )


SHORT: Regular Via of Net memif_pcfifo1.f0_wdata[2] & Special Wire of Net vdd  ( M2 )
Bounds : ( 921.000, 1579.300 ) ( 921.400, 1579.300 )


SHORT: Regular Via of Net memif_crcf1.f0_wdata[1] & Special Wire of Net vdd  ( M2 )
Bounds : ( 1259.400, 1579.300 ) ( 1259.800, 1579.300 )


SHORT: Regular Via of Net memif_crcf1.f0_wdata[14] & Special Wire of Net vdd  ( M2 )
Bounds : ( 1257.800, 1579.300 ) ( 1258.200, 1579.300 )


SHORT: Regular Via of Net memif_pcfifo0.f0_raddr[3] & Special Wire of Net vdd  ( M2 )
Bounds : ( 697.000, 1579.300 ) ( 697.400, 1579.300 )


SHORT: Regular Via of Net memif_pdfifo2.f0_raddr[3] & Special Wire of Net vdd  ( M2 )
Bounds : ( 809.800, 1579.300 ) ( 810.200, 1579.300 )


SHORT: Regular Via of Net memif_pdfifo2.f0_raddr[4] & Special Wire of Net vdd  ( M2 )
Bounds : ( 811.400, 1579.300 ) ( 811.800, 1579.300 )


SHORT: Regular Via of Net memif_crcf0.f0_raddr[1] & Special Wire of Net vdd  ( M2 )
Bounds : ( 587.400, 1579.300 ) ( 587.800, 1579.300 )


SHORT: Regular Via of Net m_r_dch.RDATA[29] & Special Wire of Net vdd  ( M2 )
Bounds : ( 808.200, 1579.300 ) ( 808.600, 1579.300 )


SPACING: Regular Via of Net tx_core/tx_crc/crcpkt2/n228 & Blockage of Cell tx_core/tx_crc/crcpkt2/crc_reg[14]  ( M1 )
Bounds : ( 1372.800, 516.300 ) ( 1373.000, 516.700 )
Actual:     0.2     Min:     0.3

SPACING: Special Wire of Net gnd & Blockage of Cell tx_core/tx_crc/crcpkt2/crcin8_d_reg[7]  ( M2 )
Bounds : ( 1361.400, 472.600 ) ( 1361.600, 475.400 )
Actual:     0.2     Min:     0.3

SPACING: Special Wire of Net gnd & Blockage of Cell tx_core/tx_crc/crcpkt2/crcin8_d_reg[5]  ( M2 )
Bounds : ( 1361.400, 404.600 ) ( 1361.600, 407.400 )
Actual:     0.2     Min:     0.3

SPACING: Special Wire of Net gnd & Blockage of Cell tx_core/tx_crc/crcpkt2/crcin8_d_reg[26]  ( M2 )
Bounds : ( 1361.400, 384.600 ) ( 1361.600, 387.400 )
Actual:     0.2     Min:     0.3


Begin Summary ...
  Cells       : 0
  SameNet     : 5
  Wiring      : 0
  Antenna     : 0
  Short       : 9
  Overlap     : 0
End Summary

  Total Violations : 14 Viols.
