###############################################################
#  Generated by:      Cadence Encounter 09.14-s273_1
#  OS:                Linux x86_64(Host ID coe-ee-cad45.sjsuad.sjsu.edu)
#  Generated on:      Sun Nov 20 20:23:40 2016
#  Command:           addMetalFill -layer { metal1 metal2 metal3 metal4 meta...
###############################################################

Iteration name: default
Fill shape type: FILLWIRE
Layer M1 - Fill width    : 0.800um - 2.000um
Layer M1 - Fill length   : 1.000um - 10.000um
Layer M1 - Active spacing: 0.800um
Layer M1 - Gap spacing   : 0.800um
Layer M1 - Window size   : 100um X 100um
Layer M1 - Window step   : 50um X 50um
Layer M1 - Min Density   : 20%
Layer M1 - Pref Density  : 35%
Layer M1 - Max Density   : 80%
Layer M1 - Ext Density   : 35%
Layer M1 - Number of windows (total - met pref density = processed): 992 - 377 = 615
Layer M2 - Fill width    : 0.800um - 2.000um
Layer M2 - Fill length   : 1.000um - 10.000um
Layer M2 - Active spacing: 0.800um
Layer M2 - Gap spacing   : 0.800um
Layer M2 - Window size   : 100um X 100um
Layer M2 - Window step   : 50um X 50um
Layer M2 - Min Density   : 20%
Layer M2 - Pref Density  : 35%
Layer M2 - Max Density   : 80%
Layer M2 - Ext Density   : 35%
Layer M2 - Number of windows (total - met pref density = processed): 992 - 23 = 969
Layer M3 - Fill width    : 0.800um - 2.000um
Layer M3 - Fill length   : 1.000um - 10.000um
Layer M3 - Active spacing: 0.800um
Layer M3 - Gap spacing   : 0.800um
Layer M3 - Window size   : 100um X 100um
Layer M3 - Window step   : 50um X 50um
Layer M3 - Min Density   : 20%
Layer M3 - Pref Density  : 35%
Layer M3 - Max Density   : 80%
Layer M3 - Ext Density   : 35%
Layer M3 - Number of windows (total - met pref density = processed): 992 - 0 = 992
Layer M4 - Fill width    : 0.800um - 2.000um
Layer M4 - Fill length   : 1.000um - 10.000um
Layer M4 - Active spacing: 0.800um
Layer M4 - Gap spacing   : 0.800um
Layer M4 - Window size   : 100um X 100um
Layer M4 - Window step   : 50um X 50um
Layer M4 - Min Density   : 20%
Layer M4 - Pref Density  : 35%
Layer M4 - Max Density   : 80%
Layer M4 - Ext Density   : 35%
Layer M4 - Number of windows (total - met pref density = processed): 992 - 0 = 992
Layer M5 - Fill width    : 0.800um - 2.000um
Layer M5 - Fill length   : 1.000um - 10.000um
Layer M5 - Active spacing: 0.800um
Layer M5 - Gap spacing   : 0.800um
Layer M5 - Window size   : 100um X 100um
Layer M5 - Window step   : 50um X 50um
Layer M5 - Min Density   : 20%
Layer M5 - Pref Density  : 35%
Layer M5 - Max Density   : 80%
Layer M5 - Ext Density   : 35%
Layer M5 - Number of windows (total - met pref density = processed): 992 - 0 = 992
Layer M6 - Fill width    : 0.800um - 2.000um
Layer M6 - Fill length   : 1.000um - 10.000um
Layer M6 - Active spacing: 0.800um
Layer M6 - Gap spacing   : 0.800um
Layer M6 - Window size   : 100um X 100um
Layer M6 - Window step   : 50um X 50um
Layer M6 - Min Density   : 20%
Layer M6 - Pref Density  : 35%
Layer M6 - Max Density   : 80%
Layer M6 - Ext Density   : 35%
Layer M6 - Number of windows (total - met pref density = processed): 992 - 0 = 992

***************Before filling***************

Layer M1 - Number of windows under minimum density (20%): 1 out of total 992.
Layer M1 - Number of windows over maximum density  (80%): 0 out of total 992.

Layer M2 - Number of windows under minimum density (20%): 213 out of total 992.
Layer M2 - Number of windows over maximum density  (80%): 0 out of total 992.

Layer M3 - Number of windows under minimum density (20%): 992 out of total 992.
Layer M3 - Number of windows over maximum density  (80%): 0 out of total 992.

Layer M4 - Number of windows under minimum density (20%): 979 out of total 992.
Layer M4 - Number of windows over maximum density  (80%): 0 out of total 992.

Layer M5 - Number of windows under minimum density (20%): 986 out of total 992.
Layer M5 - Number of windows over maximum density  (80%): 0 out of total 992.

Layer M6 - Number of windows under minimum density (20%): 965 out of total 992.
Layer M6 - Number of windows over maximum density  (80%): 0 out of total 992.

***************After filling***************

Layer M1 - Number of windows under minimum density (20%): 0 out of total 992.
Layer M1 - Number of windows over maximum density  (80%): 0 out of total 992.

Layer M2 - Number of windows under minimum density (20%): 0 out of total 992.
Layer M2 - Number of windows over maximum density  (80%): 0 out of total 992.

Layer M3 - Number of windows under minimum density (20%): 0 out of total 992.
Layer M3 - Number of windows over maximum density  (80%): 0 out of total 992.

Layer M4 - Number of windows under minimum density (20%): 0 out of total 992.
Layer M4 - Number of windows over maximum density  (80%): 0 out of total 992.

Layer M5 - Number of windows under minimum density (20%): 0 out of total 992.
Layer M5 - Number of windows over maximum density  (80%): 0 out of total 992.

Layer M6 - Number of windows under minimum density (20%): 0 out of total 992.
Layer M6 - Number of windows over maximum density  (80%): 0 out of total 992.

