###############################################################
#  Generated by:      Cadence Encounter 09.14-s273_1
#  OS:                Linux x86_64(Host ID coe-ee-cad45.sjsuad.sjsu.edu)
#  Generated on:      Tue Nov  8 22:03:44 2016
#  Command:           verifyGeometry
###############################################################

SPACING: Regular Via of Net FECTS_clks_clk___L2_N0 & Pin of Cell U1042  ( M1 )
Bounds : ( 27.772, 38.408 ) ( 27.820, 38.537 )
Actual:     0.0475     Min:     0.065

SPACING: Regular Via of Net FECTS_clks_clk___L2_N1 & Pin of Cell qos/srv_cnt0_d_reg[4]  ( M1 )
Bounds : ( 31.073, 31.435 ) ( 31.128, 31.480 )
Actual:     0.055     Min:     0.065

SPACING: Regular Via of Net FECTS_clks_clk___L2_N0 & Blockage of Cell U1042  ( M1 )
Bounds : ( 27.680, 38.393 ) ( 27.708, 38.408 )
Actual:     0.031     Min:     0.065

SPACING: Regular Via of Net FECTS_clks_clk___L2_N1 & Blockage of Cell qos/srv_cnt0_d_reg[4]  ( M2 )
Bounds : ( 31.058, 31.375 ) ( 31.125, 31.515 )
Actual:     0.0675     Min:     0.075

SPACING: Regular Via of Net FECTS_clks_clk___L2_N2 & Blockage of Cell U1020  ( M1 )
Bounds : ( 26.188, 56.075 ) ( 26.253, 56.077 )
Actual:     0.0025     Min:     0.065

SPACING: Regular Via of Net FECTS_clks_clk___L2_N3 & Blockage of Cell U1010  ( M1 )
Bounds : ( 39.107, 43.577 ) ( 39.173, 43.585 )
Actual:     0.0075     Min:     0.065

SHORT: Regular Via of Net FECTS_clks_clk___L2_N0 & Blockage of Cell U950  ( M1 )
Bounds : ( 26.188, 53.228 ) ( 26.195, 53.362 )


SHORT: Regular Via of Net FECTS_clks_clk___L2_N0 & Blockage of Cell U950  ( M1 )
Bounds : ( 26.188, 53.347 ) ( 26.253, 53.362 )


SHORT: Regular Via of Net FECTS_clks_clk___L2_N0 & Pin of Cell U1042  ( M1 )
Bounds : ( 27.708, 38.537 ) ( 27.772, 38.542 )


SHORT: Regular Via of Net FECTS_clks_clk___L2_N1 & Pin of Cell U1031  ( M1 )
Bounds : ( 25.048, 36.318 ) ( 25.112, 36.322 )


SHORT: Regular Via of Net FECTS_clks_clk___L2_N1 & Blockage of Cell U1031  ( M1 )
Bounds : ( 25.048, 36.432 ) ( 25.110, 36.452 )


SHORT: Regular Via of Net FECTS_clks_clk___L2_N1 & Pin of Cell qos/srv_cnt0_d_reg[4]  ( M1 )
Bounds : ( 31.128, 31.480 ) ( 31.192, 31.513 )


SHORT: Regular Via of Net FECTS_clks_clk___L2_N1 & Blockage of Cell U489  ( M1 )
Bounds : ( 38.728, 28.630 ) ( 38.792, 28.663 )


SHORT: Regular Via of Net FECTS_clks_clk___L2_N2 & Pin of Cell U1020  ( M1 )
Bounds : ( 26.188, 56.140 ) ( 26.253, 56.213 )


SHORT: Regular Via of Net FECTS_clks_clk___L2_N2 & Blockage of Cell U505  ( M1 )
Bounds : ( 26.188, 58.270 ) ( 26.253, 58.303 )


SHORT: Regular Via of Net FECTS_clks_clk___L2_N2 & Blockage of Cell U779  ( M1 )
Bounds : ( 31.507, 56.077 ) ( 31.573, 56.110 )


SHORT: Regular Via of Net FECTS_clks_clk___L2_N2 & Blockage of Cell U825  ( M1 )
Bounds : ( 31.507, 58.167 ) ( 31.515, 58.303 )


SHORT: Regular Via of Net FECTS_clks_clk___L2_N2 & Blockage of Cell U825  ( M1 )
Bounds : ( 31.507, 58.287 ) ( 31.573, 58.303 )


SHORT: Regular Via of Net FECTS_clks_clk___L2_N3 & Pin of Cell U813  ( M1 )
Bounds : ( 37.268, 35.972 ) ( 37.272, 36.037 )


SHORT: Regular Via of Net FECTS_clks_clk___L2_N3 & Blockage of Cell U543  ( M1 )
Bounds : ( 44.048, 41.257 ) ( 44.055, 41.393 )


SHORT: Regular Via of Net FECTS_clks_clk___L2_N3 & Blockage of Cell U543  ( M1 )
Bounds : ( 44.048, 41.257 ) ( 44.112, 41.272 )



Begin Summary ...
  Cells       : 0
  SameNet     : 4
  Wiring      : 2
  Antenna     : 0
  Short       : 15
  Overlap     : 0
End Summary

  Total Violations : 21 Viols.
