###############################################################
#  Generated by:      Cadence Encounter 09.14-s273_1
#  OS:                Linux x86_64(Host ID coe-ee-cad45.sjsuad.sjsu.edu)
#  Generated on:      Tue Nov  8 22:03:44 2016
#  Command:           verifyConnectivity -type all
###############################################################
Verify Connectivity Report created on Tue Nov  8 22:03:44 2016



Net FECTS_clks_clk___L2_N3: dangling Wire at (48.260, 41.325) (48.260, 41.325) on layer: M1
Net FECTS_clks_clk___L2_N3: dangling Wire at (47.880, 26.505) (47.880, 26.505) on layer: M1
Net FECTS_clks_clk___L2_N3: dangling Wire at (46.740, 31.445) (46.740, 31.445) on layer: M1
Net FECTS_clks_clk___L2_N3: dangling Wire at (44.080, 41.325) (44.080, 41.325) on layer: M1
Net FECTS_clks_clk___L2_N3: dangling Wire at (40.280, 31.445) (40.280, 31.445) on layer: M1
Net FECTS_clks_clk___L2_N3: dangling Wire at (39.140, 43.510) (39.140, 43.510) on layer: M1
Net FECTS_clks_clk___L2_N3: dangling Wire at (39.140, 38.475) (39.140, 38.475) on layer: M1
Net FECTS_clks_clk___L2_N3: dangling Wire at (37.335, 36.005) (37.335, 36.005) on layer: M1
Net FECTS_clks_clk___L2_N2: dangling Wire at (31.920, 61.085) (31.920, 61.085) on layer: M1
Net FECTS_clks_clk___L2_N2: dangling Wire at (31.540, 58.235) (31.540, 58.235) on layer: M1
Net FECTS_clks_clk___L2_N2: dangling Wire at (31.540, 56.145) (31.540, 56.145) on layer: M1
Net FECTS_clks_clk___L2_N2: dangling Wire at (28.215, 50.825) (28.215, 50.825) on layer: M1
Net FECTS_clks_clk___L2_N2: dangling Wire at (27.740, 61.085) (27.740, 61.085) on layer: M1
Net FECTS_clks_clk___L2_N2: dangling Wire at (26.220, 58.235) (26.220, 58.235) on layer: M1
Net FECTS_clks_clk___L2_N2: dangling Wire at (26.220, 56.145) (26.220, 56.145) on layer: M1
Net FECTS_clks_clk___L2_N2: dangling Wire at (21.280, 61.085) (21.280, 61.085) on layer: M1
Net FECTS_clks_clk___L2_N1: dangling Wire at (38.760, 28.595) (38.760, 28.595) on layer: M1
Net FECTS_clks_clk___L2_N1: dangling Wire at (36.575, 35.245) (36.575, 35.245) on layer: M1
Net FECTS_clks_clk___L2_N1: dangling Wire at (36.480, 26.505) (36.480, 26.505) on layer: M1
Net FECTS_clks_clk___L2_N1: dangling Wire at (31.160, 31.445) (31.160, 31.445) on layer: M1
Net FECTS_clks_clk___L2_N1: dangling Wire at (27.360, 28.595) (27.360, 28.595) on layer: M1
Net FECTS_clks_clk___L2_N1: dangling Wire at (25.080, 36.385) (25.080, 36.385) on layer: M1
Net FECTS_clks_clk___L2_N1: dangling Wire at (23.940, 31.445) (23.940, 31.445) on layer: M1
Net FECTS_clks_clk___L2_N0: dangling Wire at (31.160, 53.295) (31.160, 53.295) on layer: M1
Net FECTS_clks_clk___L2_N0: dangling Wire at (30.020, 41.325) (30.020, 41.325) on layer: M1
Net FECTS_clks_clk___L2_N0: dangling Wire at (27.740, 38.475) (27.740, 38.475) on layer: M1
Net FECTS_clks_clk___L2_N0: dangling Wire at (26.695, 50.825) (26.695, 50.825) on layer: M1
Net FECTS_clks_clk___L2_N0: dangling Wire at (26.220, 53.295) (26.220, 53.295) on layer: M1
Net FECTS_clks_clk___L2_N0: dangling Wire at (22.040, 43.415) (22.040, 43.415) on layer: M1
Net FECTS_clks_clk___L2_N0: dangling Wire at (20.520, 56.050) (20.520, 56.050) on layer: M1
Net FECTS_clks_clk___L2_N0: dangling Wire at (20.520, 53.390) (20.520, 53.390) on layer: M1
Net FECTS_clks_clk___L1_N0: dangling Wire at (37.430, 36.480) (37.430, 36.480) on layer: M1
Net FECTS_clks_clk___L1_N0: dangling Wire at (36.745, 36.480) (36.745, 36.480) on layer: M1
Net FECTS_clks_clk___L1_N0: dangling Wire at (28.310, 51.205) (28.310, 51.205) on layer: M1
Net FECTS_clks_clk___L1_N0: dangling Wire at (26.865, 51.205) (26.865, 51.205) on layer: M1
Net FECTS_clks_clk___L1_N0: dangling Wire at (20.995, 43.700) (20.995, 43.700) on layer: M1
Net clks.clk: dangling Wire at (20.615, 43.510) (20.615, 43.510) on layer: M1
Net clks.clk: dangling Wire at (0.035, 43.985) (0.035, 43.985) on layer: M3

Begin Summary
    38 Problem(s) (ENCVFC-94): The net has dangling wire(s).
    38 total info(s) created.
End Summary
