###############################################################
#  Generated by:      Cadence Encounter 09.14-s273_1
#  OS:                Linux x86_64(Host ID coe-ee-cad45.sjsuad.sjsu.edu)
#  Generated on:      Fri Dec  2 16:56:48 2016
#  Command:           analyzeFloorplan -cong -effort medium
###############################################################
************************* Analyze Floorplan **************************
    Die Area(um^2)            : 309198.058000
    Core Area(um^2)           : 266168.780800
    Chip Density (Counting Std Cells and MACROs and IOs): 80.573%
    Core Density (Counting Std Cells and MACROs)        : 93.599%
    Average utilization       : 108.702%
    Number of instance(s)     : 192546
    Number of Macro(s)        : 0
    Number of IO Pin(s)       : 1264
    Number of Power Domain(s) : 0
************************* Estimation Results *************************
    Total wire length.        : 7.2354e+05
    Congestion (H).           : 0.015%
    Congestion (V).           : 0.753%
**********************************************************************
