###############################################################
#  Generated by:      Cadence Encounter 09.14-s273_1
#  OS:                Linux x86_64(Host ID coe-ee-cad45.sjsuad.sjsu.edu)
#  Generated on:      Tue Nov  8 20:10:24 2016
#  Command:           verifyGeometry
###############################################################

SPACING: Regular Via of Net n3355 & Pin of Cell U6464  ( M1 )
Bounds : ( 68.103, 60.833 ) ( 68.107, 60.862 )
Actual:     0.03     Min:     0.065

SPACING: Regular Via of Net FECTS_clks_clk___L4_N6 & Pin of Cell FE_OCPUNCOC10870_FE_RN_71_0  ( M1 )
Bounds : ( 67.988, 26.323 ) ( 68.050, 26.343 )
Actual:     0.02     Min:     0.065

SPACING: Regular Via of Net FECTS_clks_clk___L4_N15 & Pin of Cell U5357  ( M1 )
Bounds : ( 31.105, 61.018 ) ( 31.128, 61.107 )
Actual:     0.0225     Min:     0.065

SPACING: Regular Via of Net n3355 & Pin of Cell U6464  ( M1 )
Bounds : ( 67.988, 60.928 ) ( 68.067, 60.958 )
Actual:     0.03     Min:     0.065  SameNetGap

SPACING: Regular Via of Net FECTS_clks_clk___L4_N15 & Blockage of Cell cur_chstate_0_reg[0]  ( M1 )
Bounds : ( 63.423, 56.213 ) ( 63.428, 56.255 )
Actual:     0.0425     Min:     0.065

SPACING: Regular Via of Net FECTS_clks_clk___L4_N15 & Blockage of Cell cur_chstate_0_reg[0]  ( M1 )
Bounds : ( 63.382, 56.077 ) ( 63.428, 56.213 )
Actual:     0.045     Min:     0.065

SPACING: Regular Via of Net FECTS_clks_clk___L4_N15 & Blockage of Cell cur_chstate_0_reg[0]  ( M2 )
Bounds : ( 63.487, 56.215 ) ( 63.495, 56.220 )
Actual:     0.005     Min:     0.075

SHORT: Regular Via of Net FECTS_clks_clk___L4_N6 & Pin of Cell FE_OCPUNCOC10558_cur_chstate_2_1_  ( M1 )
Bounds : ( 84.327, 23.587 ) ( 84.390, 23.653 )


SHORT: Regular Via of Net FECTS_clks_clk___L4_N6 & Pin of Cell FE_OCPUNCOC10558_cur_chstate_2_1_  ( M1 )
Bounds : ( 84.327, 23.718 ) ( 84.393, 23.722 )


SHORT: Regular Via of Net FECTS_clks_clk___L4_N6 & Blockage of Cell FE_OCPUNCOC10870_FE_RN_71_0  ( M1 )
Bounds : ( 67.988, 26.388 ) ( 67.995, 26.478 )


SHORT: Regular Via of Net FECTS_clks_clk___L4_N6 & Blockage of Cell FE_OCPUNCOC10870_FE_RN_71_0  ( M1 )
Bounds : ( 67.988, 26.388 ) ( 68.052, 26.452 )


SHORT: Regular Via of Net FECTS_clks_clk___L4_N6 & Pin of Cell U6464  ( M1 )
Bounds : ( 67.988, 61.018 ) ( 68.052, 61.092 )


SHORT: Regular Via of Net FECTS_clks_clk___L4_N14 & Pin of Cell FE_OFC6610_pcfifo_pop_2  ( M1 )
Bounds : ( 20.868, 63.107 ) ( 20.930, 63.243 )


SHORT: Regular Via of Net FECTS_clks_clk___L4_N15 & Pin of Cell U3716  ( M1 )
Bounds : ( 56.208, 41.257 ) ( 56.270, 41.393 )


SHORT: Regular Via of Net FECTS_clks_clk___L4_N15 & Pin of Cell U5918  ( M1 )
Bounds : ( 31.573, 33.467 ) ( 31.573, 33.588 )


SHORT: Regular Via of Net FECTS_clks_clk___L4_N15 & Pin of Cell U5357  ( M1 )
Bounds : ( 31.128, 61.107 ) ( 31.192, 61.153 )


SHORT: Regular Via of Net FECTS_clks_clk___L4_N15 & Pin of Cell FE_OFC6744_n3357  ( M1 )
Bounds : ( 36.068, 48.353 ) ( 36.132, 48.423 )


SHORT: Regular Via of Net FECTS_clks_clk___L4_N15 & Pin of Cell U6581  ( M1 )
Bounds : ( 63.112, 41.272 ) ( 63.112, 41.393 )


SHORT: Regular Via of Net FECTS_clks_clk___L4_N15 & Blockage of Cell cur_chstate_0_reg[0]  ( M1 )
Bounds : ( 63.487, 56.077 ) ( 63.493, 56.213 )


SHORT: Regular Via of Net FECTS_clks_clk___L4_N15 & Blockage of Cell cur_chstate_0_reg[0]  ( M1 )
Bounds : ( 63.447, 56.077 ) ( 63.493, 56.140 )


SPACING: Regular Via of Net FECTS_clks_clk___L4_N14 & Pin of Cell U5346  ( M1 )
Bounds : ( 31.105, 65.957 ) ( 31.128, 66.048 )
Actual:     0.0225     Min:     0.065

SPACING: Regular Via of Net FECTS_clks_clk___L4_N14 & Blockage of Cell link_addr_2_fifo/r_ptr_reg[0]  ( M1 )
Bounds : ( 42.147, 97.645 ) ( 42.213, 97.688 )
Actual:     0.0425     Min:     0.065

SPACING: Regular Via of Net FECTS_clks_clk___L4_N14 & Blockage of Cell link_addr_1_fifo/r_ptr_reg[0]  ( M1 )
Bounds : ( 22.073, 90.658 ) ( 22.122, 90.793 )
Actual:     0.05     Min:     0.065

SPACING: Regular Via of Net FECTS_clks_clk___L4_N14 & Blockage of Cell link_addr_1_fifo/r_ptr_reg[0]  ( M2 )
Bounds : ( 21.720, 90.795 ) ( 21.757, 90.800 )
Actual:     0.005     Min:     0.075

SPACING: Regular Via of Net FECTS_clks_clk___L4_N14 & Blockage of Cell U4412  ( M1 )
Bounds : ( 28.913, 102.628 ) ( 28.933, 102.762 )
Actual:     0.02     Min:     0.065

SPACING: Regular Via of Net FECTS_clks_clk___L4_N14 & Blockage of Cell link_addr_0_fifo/w_ptr_reg[0]  ( M1 )
Bounds : ( 40.312, 92.747 ) ( 40.338, 92.882 )
Actual:     0.025     Min:     0.065

SPACING: Regular Via of Net FECTS_clks_clk___L4_N14 & Blockage of Cell link_addr_0_fifo/w_ptr_reg[0]  ( M1 )
Bounds : ( 40.248, 92.705 ) ( 40.312, 92.747 )
Actual:     0.0425     Min:     0.065

SHORT: Regular Via of Net FECTS_clks_clk___L4_N3 & Blockage of Cell U5330  ( M1 )
Bounds : ( 38.518, 103.802 ) ( 38.542, 103.868 )


SHORT: Regular Via of Net FECTS_clks_clk___L4_N14 & Pin of Cell U5334  ( M1 )
Bounds : ( 31.888, 68.048 ) ( 31.952, 68.183 )


SHORT: Regular Via of Net FECTS_clks_clk___L4_N14 & Pin of Cell U5346  ( M1 )
Bounds : ( 31.128, 66.048 ) ( 31.192, 66.092 )


SHORT: Regular Via of Net FECTS_clks_clk___L4_N14 & Blockage of Cell cur_chstate_0_reg[1]  ( M1 )
Bounds : ( 47.847, 65.957 ) ( 47.868, 66.092 )


SHORT: Regular Via of Net FECTS_clks_clk___L4_N14 & Pin of Cell cur_chstate_1_reg[0]  ( M1 )
Bounds : ( 37.208, 85.717 ) ( 37.272, 85.815 )


SPACING: Regular Via of Net FECTS_clks_clk___L4_N18 & Pin of Cell FE_RC_25569_0  ( M1 )
Bounds : ( 77.302, 105.512 ) ( 77.355, 105.577 )
Actual:     0.0525     Min:     0.065

SPACING: Regular Via of Net FECTS_clks_clk___L4_N18 & Pin of Cell FE_RC_25569_0  ( M1 )
Bounds : ( 77.188, 105.488 ) ( 77.253, 105.512 )
Actual:     0.025     Min:     0.065

SPACING: Regular Via of Net FECTS_clks_clk___L4_N18 & Pin of Cell FE_OCPC8874_FE_OCP_RBN1881_FE_RN_110_0  ( M1 )
Bounds : ( 78.632, 104.372 ) ( 78.675, 104.438 )
Actual:     0.0425     Min:     0.065

SPACING: Regular Via of Net FECTS_clks_clk___L4_N18 & Pin of Cell FE_RC_20948_0  ( M1 )
Bounds : ( 80.908, 105.613 ) ( 80.973, 105.615 )
Actual:     0.0025     Min:     0.065

SPACING: Regular Via of Net FECTS_clks_clk___L4_N18 & Pin of Cell pkt2_fifo/depth_left_reg[0]  ( M1 )
Bounds : ( 81.728, 98.832 ) ( 81.802, 98.863 )
Actual:     0.03     Min:     0.065

SPACING: Regular Via of Net FECTS_clks_clk___L4_N18 & Pin of Cell U5285  ( M1 )
Bounds : ( 63.112, 100.668 ) ( 63.123, 100.673 )
Actual:     0.01     Min:     0.065

SPACING: Regular Via of Net FECTS_clks_clk___L4_N18 & Pin of Cell FE_OFC3991_pfifo_frag_cnt_0_nxt_2_  ( M1 )
Bounds : ( 71.787, 100.673 ) ( 71.853, 100.675 )
Actual:     0.0025     Min:     0.065

SPACING: Regular Via of Net FECTS_clks_clk___L4_N21 & Pin of Cell U3522  ( M1 )
Bounds : ( 70.082, 85.753 ) ( 70.135, 85.817 )
Actual:     0.0525     Min:     0.065

SPACING: Regular Via of Net FECTS_clks_clk___L4_N21 & Pin of Cell U3522  ( M1 )
Bounds : ( 69.967, 85.728 ) ( 70.033, 85.753 )
Actual:     0.025     Min:     0.065

SPACING: Regular Via of Net FECTS_clks_clk___L4_N21 & Pin of Cell link_addr_0_fifo/r_ptr_reg[0]  ( M1 )
Bounds : ( 79.067, 84.677 ) ( 79.143, 84.707 )
Actual:     0.03     Min:     0.065

SPACING: Regular Via of Net FECTS_clks_clk___L4_N21 & Pin of Cell pkt2_fifo/depth_left_reg[5]  ( M1 )
Bounds : ( 64.043, 79.673 ) ( 64.058, 79.738 )
Actual:     0.015     Min:     0.065

SPACING: Regular Via of Net FECTS_clks_clk___L4_N21 & Pin of Cell FE_OFC6647_pkt2_fifo_n4  ( M1 )
Bounds : ( 69.115, 92.698 ) ( 69.128, 92.747 )
Actual:     0.0515     Min:     0.065

SPACING: Regular Via of Net FECTS_clks_clk___L4_N14 & Blockage of Cell FE_OCPC5927_FE_OCP_RBN822_n3682  ( M1 )
Bounds : ( 63.025, 68.168 ) ( 63.048, 68.183 )
Actual:     0.0225     Min:     0.065

SPACING: Regular Via of Net FECTS_clks_clk___L4_N18 & Blockage of Cell pfifo_frag_cnt_1_d_reg[5]  ( M1 )
Bounds : ( 81.103, 107.603 ) ( 81.158, 107.668 )
Actual:     0.055     Min:     0.065

SHORT: Regular Via of Net FECTS_clks_clk___L4_N18 & Pin of Cell FE_RC_25569_0  ( M1 )
Bounds : ( 77.198, 105.552 ) ( 77.262, 105.577 )


SHORT: Regular Via of Net FECTS_clks_clk___L4_N18 & Pin of Cell U5285  ( M1 )
Bounds : ( 63.048, 100.537 ) ( 63.053, 100.673 )


SHORT: Regular Via of Net FECTS_clks_clk___L4_N18 & Pin of Cell U5434  ( M1 )
Bounds : ( 63.298, 103.802 ) ( 63.303, 103.868 )


SHORT: Regular Via of Net FECTS_clks_clk___L4_N21 & Pin of Cell U5437  ( M1 )
Bounds : ( 73.685, 94.493 ) ( 73.692, 94.558 )


SHORT: Regular Via of Net FECTS_clks_clk___L4_N21 & Pin of Cell U3522  ( M1 )
Bounds : ( 69.978, 85.793 ) ( 70.043, 85.817 )


SHORT: Regular Via of Net FECTS_clks_clk___L4_N21 & Pin of Cell FE_OFC6635_pkt2_fifo_n1  ( M1 )
Bounds : ( 75.890, 79.673 ) ( 75.955, 79.738 )


SHORT: Regular Wire of Net FE_OFN6649_pkt2_fifo_n7 & Pin of Cell FE_OFC6650_pkt2_fifo_n7  ( M1 )
Bounds : ( 83.935, 97.658 ) ( 84.000, 97.723 )


SHORT: Regular Wire of Net FE_OFN6649_pkt2_fifo_n7 & Pin of Cell FE_OFC6650_pkt2_fifo_n7  ( M1 )
Bounds : ( 83.935, 97.658 ) ( 84.012, 97.692 )


SPACING: Regular Via of Net FECTS_clks_clk___L4_N4 & Pin of Cell U4275  ( M1 )
Bounds : ( 118.973, 53.228 ) ( 118.997, 53.287 )
Actual:     0.025     Min:     0.065

SPACING: Regular Via of Net FECTS_clks_clk___L4_N4 & Pin of Cell U4275  ( M1 )
Bounds : ( 118.973, 53.353 ) ( 118.988, 53.362 )
Actual:     0.015     Min:     0.065

SPACING: Regular Via of Net FECTS_clks_clk___L4_N4 & Pin of Cell U2731  ( M1 )
Bounds : ( 105.293, 36.357 ) ( 105.298, 36.377 )
Actual:     0.0205     Min:     0.065

SPACING: Regular Via of Net FECTS_clks_clk___L4_N4 & Pin of Cell U2731  ( M1 )
Bounds : ( 105.293, 36.165 ) ( 105.323, 36.222 )
Actual:     0.0645     Min:     0.065

SPACING: Regular Via of Net FECTS_clks_clk___L4_N4 & Pin of Cell U2719  ( M1 )
Bounds : ( 109.853, 61.077 ) ( 109.857, 61.153 )
Actual:     0.005     Min:     0.065

SHORT: Regular Via of Net FECTS_clks_clk___L4_N4 & Pin of Cell FE_OFC6710_n2771  ( M1 )
Bounds : ( 99.147, 63.107 ) ( 99.200, 63.243 )


SHORT: Regular Via of Net FECTS_clks_clk___L4_N4 & Pin of Cell FE_OFC6710_n2771  ( M1 )
Bounds : ( 99.147, 63.107 ) ( 99.213, 63.112 )


SHORT: Regular Via of Net FECTS_clks_clk___L4_N4 & Blockage of Cell U2731  ( M1 )
Bounds : ( 105.228, 36.222 ) ( 105.232, 36.357 )


SHORT: Regular Via of Net FECTS_clks_clk___L4_N4 & Blockage of Cell U2719  ( M1 )
Bounds : ( 109.787, 61.018 ) ( 109.793, 61.153 )


SHORT: Regular Via of Net FECTS_clks_clk___L4_N4 & Pin of Cell U3503  ( M1 )
Bounds : ( 99.908, 61.018 ) ( 99.973, 61.153 )


SHORT: Regular Via of Net FECTS_clks_clk___L4_N4 & Pin of Cell U2743  ( M1 )
Bounds : ( 115.868, 61.018 ) ( 115.933, 61.153 )


SHORT: Regular Via of Net FECTS_clks_clk___L4_N6 & Pin of Cell U3392  ( M1 )
Bounds : ( 94.272, 38.408 ) ( 94.272, 38.542 )


SPACING: Regular Via of Net FECTS_clks_clk___L4_N5 & Pin of Cell FE_OCPC4204_n3561  ( M1 )
Bounds : ( 164.572, 28.528 ) ( 164.598, 28.587 )
Actual:     0.025     Min:     0.065

SPACING: Regular Via of Net FECTS_clks_clk___L4_N5 & Pin of Cell FE_OCPC4204_n3561  ( M1 )
Bounds : ( 164.572, 28.653 ) ( 164.587, 28.663 )
Actual:     0.015     Min:     0.065

SPACING: Regular Via of Net FECTS_clks_clk___L4_N5 & Blockage of Cell haddr1_d_reg[4]  ( M1 )
Bounds : ( 163.322, 41.257 ) ( 163.367, 41.393 )
Actual:     0.045     Min:     0.065

SPACING: Regular Via of Net FECTS_clks_clk___L4_N5 & Blockage of Cell haddr1_d_reg[4]  ( M1 )
Bounds : ( 163.363, 41.393 ) ( 163.367, 41.435 )
Actual:     0.0425     Min:     0.065

SPACING: Regular Via of Net FECTS_clks_clk___L4_N5 & Blockage of Cell haddr1_d_reg[7]  ( M1 )
Bounds : ( 185.473, 23.587 ) ( 185.497, 23.722 )
Actual:     0.025     Min:     0.065

SPACING: Regular Via of Net FECTS_clks_clk___L4_N5 & Blockage of Cell haddr1_d_reg[7]  ( M1 )
Bounds : ( 185.408, 23.545 ) ( 185.473, 23.587 )
Actual:     0.0425     Min:     0.065

SPACING: Regular Via of Net FECTS_clks_clk___L4_N7 & Blockage of Cell haddr1_d_reg[9]  ( M1 )
Bounds : ( 158.428, 21.470 ) ( 158.488, 21.497 )
Actual:     0.0275     Min:     0.065

SHORT: Regular Via of Net FECTS_clks_clk___L4_N5 & Blockage of Cell haddr1_d_reg[4]  ( M1 )
Bounds : ( 163.428, 41.257 ) ( 163.432, 41.393 )


SHORT: Regular Via of Net FECTS_clks_clk___L4_N5 & Blockage of Cell haddr1_d_reg[4]  ( M1 )
Bounds : ( 163.387, 41.257 ) ( 163.432, 41.320 )


SHORT: Regular Wire of Net FECTS_clks_clk___L4_N5 & Blockage of Cell haddr1_d_reg[4]  ( M2 )
Bounds : ( 163.428, 41.400 ) ( 163.435, 41.585 )


SHORT: Regular Wire of Net FECTS_clks_clk___L4_N5 & Blockage of Cell haddr1_d_reg[4]  ( M2 )
Bounds : ( 163.650, 41.860 ) ( 163.773, 41.865 )


SHORT: Regular Wire of Net FECTS_clks_clk___L4_N5 & Blockage of Cell haddr1_d_reg[4]  ( M2 )
Bounds : ( 163.650, 41.730 ) ( 163.720, 41.865 )


SHORT: Regular Via of Net FECTS_clks_clk___L4_N5 & Pin of Cell FE_OCPC4824_n4276  ( M1 )
Bounds : ( 179.393, 28.528 ) ( 179.393, 28.663 )


SHORT: Regular Via of Net FECTS_clks_clk___L4_N5 & Pin of Cell FE_OCPC4163_FE_OCP_RBN2404_rdata_ch_RDATA_21_  ( M1 )
Bounds : ( 164.572, 26.438 ) ( 164.572, 26.573 )


SHORT: Regular Via of Net FECTS_clks_clk___L4_N7 & Blockage of Cell haddr1_d_reg[9]  ( M1 )
Bounds : ( 158.488, 21.497 ) ( 158.492, 21.632 )


SPACING: Regular Via of Net FECTS_clks_clk___L4_N7 & Pin of Cell U5318  ( M1 )
Bounds : ( 137.485, 36.452 ) ( 137.527, 36.458 )
Actual:     0.0425     Min:     0.065

SPACING: Regular Via of Net FECTS_clks_clk___L4_N4 & Blockage of Cell pktctrl0_fifo/depth_left_reg[3]  ( M2 )
Bounds : ( 122.395, 23.587 ) ( 122.427, 23.722 )
Actual:     0.0325     Min:     0.075

SPACING: Regular Via of Net FECTS_clks_clk___L4_N4 & Blockage of Cell pktctrl0_fifo/depth_left_reg[3]  ( M1 )
Bounds : ( 122.393, 23.587 ) ( 122.397, 23.722 )
Actual:     0.005     Min:     0.065

SPACING: Regular Via of Net FECTS_clks_clk___L4_N4 & Blockage of Cell pktctrl0_fifo/depth_left_reg[3]  ( via1 )
Bounds : ( 122.393, 23.562 ) ( 122.433, 23.622 )
Actual:     0.072     Min:     0.075

SPACING: Regular Via of Net FECTS_clks_clk___L4_N4 & Blockage of Cell pktctrl0_fifo/depth_left_reg[3]  ( via1 )
Bounds : ( 122.393, 23.638 ) ( 122.433, 23.688 )
Actual:     0.04     Min:     0.075

SPACING: Regular Via of Net FECTS_clks_clk___L4_N7 & Blockage of Cell U5306  ( M1 )
Bounds : ( 136.387, 33.697 ) ( 136.450, 33.752 )
Actual:     0.055     Min:     0.065

SHORT: Regular Via of Net FECTS_clks_clk___L4_N4 & Blockage of Cell U3704  ( M1 )
Bounds : ( 122.327, 33.467 ) ( 122.335, 33.603 )


SHORT: Regular Via of Net FECTS_clks_clk___L4_N4 & Blockage of Cell U3704  ( M1 )
Bounds : ( 122.327, 33.588 ) ( 122.393, 33.603 )


SHORT: Regular Via of Net FECTS_clks_clk___L4_N4 & Blockage of Cell pktctrl0_fifo/depth_left_reg[3]  ( M1 )
Bounds : ( 122.327, 23.587 ) ( 122.332, 23.722 )


SHORT: Regular Wire of Net FECTS_clks_clk___L4_N4 & Blockage of Cell pktctrl0_fifo/depth_left_reg[3]  ( M2 )
Bounds : ( 122.427, 23.620 ) ( 122.497, 23.690 )


SHORT: Regular Via of Net FECTS_clks_clk___L4_N7 & Pin of Cell U3815  ( M1 )
Bounds : ( 147.092, 36.318 ) ( 147.092, 36.452 )


SHORT: Regular Via of Net FECTS_clks_clk___L4_N7 & Pin of Cell U6210  ( M1 )
Bounds : ( 131.512, 38.408 ) ( 131.512, 38.528 )


SHORT: Regular Via of Net FECTS_clks_clk___L4_N7 & Pin of Cell U5314  ( M1 )
Bounds : ( 126.887, 23.587 ) ( 126.952, 23.722 )


SHORT: Regular Via of Net FECTS_clks_clk___L4_N7 & Pin of Cell U5306  ( M1 )
Bounds : ( 136.387, 33.597 ) ( 136.452, 33.662 )


SPACING: Regular Via of Net FECTS_clks_clk___L4_N7 & Regular Wire of Net n4610  ( M1 )
Bounds : ( 156.878, 48.272 ) ( 156.908, 48.287 )
Actual:     0.0335     Min:     0.065

SPACING: Regular Via of Net FECTS_clks_clk___L4_N5 & Regular Via of Net FE_RN_10200_0  ( via1 )
Bounds : ( 185.788, 43.333 ) ( 185.852, 43.382 )
Actual:     0.05     Min:     0.075

SPACING: Regular Via of Net FECTS_clks_clk___L4_N5 & Pin of Cell FE_OCPUNCOC10556_haddr0_d_21_  ( M1 )
Bounds : ( 174.452, 46.237 ) ( 174.477, 46.272 )
Actual:     0.043     Min:     0.065

SPACING: Regular Via of Net FECTS_clks_clk___L4_N5 & Pin of Cell FE_OCPUNCOC10556_haddr0_d_21_  ( M1 )
Bounds : ( 174.452, 46.103 ) ( 174.467, 46.208 )
Actual:     0.015     Min:     0.065

SPACING: Regular Via of Net FECTS_clks_clk___L4_N5 & Blockage of Cell U2986  ( M1 )
Bounds : ( 185.385, 58.287 ) ( 185.408, 58.303 )
Actual:     0.0225     Min:     0.065

SPACING: Regular Via of Net FECTS_clks_clk___L4_N7 & Blockage of Cell U3365  ( M1 )
Bounds : ( 156.885, 48.408 ) ( 156.908, 48.423 )
Actual:     0.0225     Min:     0.065

SPACING: Regular Via of Net FECTS_clks_clk___L4_N25 & Blockage of Cell haddr2_d_reg[10]  ( M2 )
Bounds : ( 158.495, 63.107 ) ( 158.527, 63.243 )
Actual:     0.0325     Min:     0.075

SPACING: Regular Via of Net FECTS_clks_clk___L4_N25 & Blockage of Cell haddr2_d_reg[10]  ( M1 )
Bounds : ( 158.492, 63.107 ) ( 158.497, 63.243 )
Actual:     0.005     Min:     0.065

SPACING: Regular Via of Net FECTS_clks_clk___L4_N25 & Blockage of Cell haddr2_d_reg[10]  ( via1 )
Bounds : ( 158.492, 63.083 ) ( 158.533, 63.143 )
Actual:     0.072     Min:     0.075

SPACING: Regular Via of Net FECTS_clks_clk___L4_N25 & Blockage of Cell haddr2_d_reg[10]  ( via1 )
Bounds : ( 158.492, 63.158 ) ( 158.533, 63.208 )
Actual:     0.04     Min:     0.075

SHORT: Regular Wire of Net n4610 & Blockage of Cell U3365  ( M1 )
Bounds : ( 156.812, 48.132 ) ( 156.885, 48.143 )


SHORT: Regular Via of Net FECTS_clks_clk___L4_N5 & Pin of Cell FE_OFC6676_haddr1_d_10_  ( M1 )
Bounds : ( 179.327, 56.077 ) ( 179.393, 56.147 )


SHORT: Regular Via of Net FECTS_clks_clk___L4_N5 & Pin of Cell FE_RC_22741_0  ( M1 )
Bounds : ( 185.473, 58.167 ) ( 185.473, 58.287 )


SHORT: Regular Via of Net FECTS_clks_clk___L4_N5 & Regular Via of Net FE_RN_10200_0  ( M2 )
Bounds : ( 185.785, 43.347 ) ( 185.855, 43.368 )


SHORT: Regular Via of Net FECTS_clks_clk___L4_N5 & Pin of Cell FE_RC_18995_0  ( M1 )
Bounds : ( 185.788, 43.347 ) ( 185.852, 43.382 )


SHORT: Regular Via of Net FECTS_clks_clk___L4_N5 & Blockage of Cell FE_RC_18995_0  ( M1 )
Bounds : ( 185.788, 43.467 ) ( 185.852, 43.482 )


SHORT: Regular Via of Net FECTS_clks_clk___L4_N25 & Blockage of Cell haddr2_d_reg[10]  ( M1 )
Bounds : ( 158.428, 63.107 ) ( 158.432, 63.243 )


SHORT: Regular Wire of Net FECTS_clks_clk___L4_N25 & Blockage of Cell haddr2_d_reg[10]  ( M2 )
Bounds : ( 158.527, 63.140 ) ( 158.598, 63.210 )


SPACING: Regular Via of Net FECTS_clks_clk___L4_N7 & Blockage of Cell U3714  ( M1 )
Bounds : ( 144.725, 61.018 ) ( 144.747, 61.033 )
Actual:     0.0225     Min:     0.065

SPACING: Regular Via of Net FECTS_clks_clk___L4_N7 & Blockage of Cell pktctrl0_fifo/depth_left_reg[0]  ( M1 )
Bounds : ( 147.473, 46.105 ) ( 147.523, 46.237 )
Actual:     0.05     Min:     0.065

SPACING: Regular Via of Net FECTS_clks_clk___L4_N7 & Blockage of Cell pktctrl0_fifo/depth_left_reg[0]  ( M1 )
Bounds : ( 147.408, 46.040 ) ( 147.473, 46.103 )
Actual:     0.0625     Min:     0.065

SPACING: Regular Via of Net FECTS_clks_clk___L4_N7 & Blockage of Cell U3352  ( M1 )
Bounds : ( 130.665, 53.347 ) ( 130.688, 53.362 )
Actual:     0.0225     Min:     0.065

SHORT: Regular Via of Net FECTS_clks_clk___L4_N4 & Pin of Cell U3105  ( M1 )
Bounds : ( 122.393, 43.347 ) ( 122.393, 43.482 )


SHORT: Regular Via of Net FECTS_clks_clk___L4_N7 & Pin of Cell U3690  ( M1 )
Bounds : ( 130.753, 53.228 ) ( 130.753, 53.362 )


SHORT: Regular Via of Net FECTS_clks_clk___L4_N7 & Pin of Cell U5322  ( M1 )
Bounds : ( 146.648, 48.287 ) ( 146.712, 48.423 )


SPACING: Regular Via of Net FECTS_clks_clk___L4_N24 & Regular Wire of Net FE_OCPUNCON677_link_datain_2_2_  ( M1 )
Bounds : ( 108.618, 105.613 ) ( 108.647, 105.628 )
Actual:     0.0335     Min:     0.065

SPACING: Regular Via of Net FECTS_clks_clk___L1_N0 & Pin of Cell FE_RC_23037_0  ( M1 )
Bounds : ( 102.637, 102.702 ) ( 102.762, 102.757 )
Actual:     0.055     Min:     0.065

SPACING: Regular Via of Net FECTS_clks_clk___L4_N24 & Pin of Cell FE_RC_22931_0  ( M1 )
Bounds : ( 99.973, 107.567 ) ( 99.978, 107.643 )
Actual:     0.005     Min:     0.065

SPACING: Regular Via of Net FECTS_clks_clk___L4_N27 & Pin of Cell FE_OCPC9776_FE_OCP_RBN8129_FE_OCPN5696_FE_OCP_RBN822_n3682  ( M1 )
Bounds : ( 94.272, 80.853 ) ( 94.298, 80.912 )
Actual:     0.025     Min:     0.065

SPACING: Regular Via of Net FECTS_clks_clk___L4_N27 & Pin of Cell FE_OCPC9776_FE_OCP_RBN8129_FE_OCPN5696_FE_OCP_RBN822_n3682  ( M1 )
Bounds : ( 94.272, 80.777 ) ( 94.287, 80.787 )
Actual:     0.015     Min:     0.065

SPACING: Regular Via of Net FECTS_clks_clk___L4_N27 & Pin of Cell FE_OCP_RBC8998_FE_OFN3535_FE_RN_110_0  ( M1 )
Bounds : ( 97.823, 87.842 ) ( 97.878, 87.908 )
Actual:     0.055     Min:     0.065

SPACING: Regular Via of Net FECTS_clks_clk___L1_N0 & Blockage of Cell FE_RC_23037_0  ( M1 )
Bounds : ( 102.573, 102.757 ) ( 102.628, 102.823 )
Actual:     0.055     Min:     0.065

SPACING: Regular Via of Net FECTS_clks_clk___L4_N4 & Blockage of Cell pfifo_frag_cnt_1_d_reg[0]  ( M1 )
Bounds : ( 106.812, 72.988 ) ( 106.838, 73.122 )
Actual:     0.025     Min:     0.065

SPACING: Regular Via of Net FECTS_clks_clk___L4_N4 & Blockage of Cell pfifo_frag_cnt_1_d_reg[0]  ( M1 )
Bounds : ( 106.747, 72.945 ) ( 106.812, 72.988 )
Actual:     0.0425     Min:     0.065

SPACING: Regular Via of Net FECTS_clks_clk___L4_N4 & Blockage of Cell U4277  ( M1 )
Bounds : ( 122.305, 68.168 ) ( 122.327, 68.183 )
Actual:     0.0225     Min:     0.065

SPACING: Regular Via of Net FECTS_clks_clk___L4_N24 & Blockage of Cell FE_OCPC4861_FE_OCPUNCON677_link_datain_2_2_  ( M1 )
Bounds : ( 108.625, 105.478 ) ( 108.647, 105.493 )
Actual:     0.0225     Min:     0.065

SPACING: Regular Via of Net FECTS_clks_clk___L4_N27 & Blockage of Cell FE_OCPC7410_FE_OFN123_n4863  ( M1 )
Bounds : ( 94.185, 80.777 ) ( 94.207, 80.793 )
Actual:     0.0225     Min:     0.065

SHORT: Regular Wire of Net FE_OCPUNCON677_link_datain_2_2_ & Blockage of Cell FE_OCPC4861_FE_OCPUNCON677_link_datain_2_2_  ( M1 )
Bounds : ( 108.552, 105.757 ) ( 108.625, 105.768 )


SHORT: Regular Via of Net FECTS_clks_clk___L2_N0 & Pin of Cell FE_RC_23037_0  ( M1 )
Bounds : ( 103.007, 102.948 ) ( 103.022, 103.012 )


SHORT: Regular Via of Net FECTS_clks_clk___L4_N4 & Blockage of Cell U3476  ( M1 )
Bounds : ( 112.448, 75.838 ) ( 112.455, 75.973 )


SHORT: Regular Via of Net FECTS_clks_clk___L4_N4 & Blockage of Cell U3476  ( M1 )
Bounds : ( 112.448, 75.838 ) ( 112.512, 75.853 )


SHORT: Regular Via of Net FECTS_clks_clk___L4_N24 & Blockage of Cell FE_RC_22931_0  ( M1 )
Bounds : ( 99.908, 107.567 ) ( 99.912, 107.702 )


SHORT: Regular Via of Net FECTS_clks_clk___L4_N26 & Pin of Cell FE_RC_23011_0  ( M1 )
Bounds : ( 119.287, 80.777 ) ( 119.353, 80.912 )


SHORT: Regular Via of Net FECTS_clks_clk___L4_N27 & Pin of Cell FE_OCPC7485_FE_OCP_RBN2549_FE_OFN151_n3958  ( M1 )
Bounds : ( 99.908, 87.808 ) ( 99.970, 87.872 )


SHORT: Regular Via of Net FECTS_clks_clk___L4_N27 & Pin of Cell FE_OCPC7485_FE_OCP_RBN2549_FE_OFN151_n3958  ( M1 )
Bounds : ( 99.908, 87.938 ) ( 99.973, 87.942 )


SHORT: Regular Via of Net FECTS_clks_clk___L4_N27 & Blockage of Cell pkt1_fifo/depth_left_reg[5]  ( M1 )
Bounds : ( 106.747, 90.562 ) ( 106.768, 90.698 )


SPACING: Regular Via of Net FECTS_clks_clk___L4_N25 & Pin of Cell FE_OFC6672_haddr1_d_29_  ( M1 )
Bounds : ( 176.288, 82.865 ) ( 176.352, 82.868 )
Actual:     0.0025     Min:     0.065

SPACING: Regular Via of Net FECTS_clks_clk___L4_N25 & Blockage of Cell haddr0_d_reg[27]  ( M1 )
Bounds : ( 163.432, 85.717 ) ( 163.482, 85.853 )
Actual:     0.05     Min:     0.065

SPACING: Regular Via of Net FECTS_clks_clk___L4_N25 & Blockage of Cell haddr0_d_reg[27]  ( M2 )
Bounds : ( 163.080, 85.855 ) ( 163.117, 85.860 )
Actual:     0.005     Min:     0.075

SPACING: Regular Via of Net FE_OFN3490_n2800 & Regular Wire of Net FE_OFN3490_n2800  ( M2 )
Bounds : ( 184.430, 82.698 ) ( 184.455, 82.780 )
Actual:     0.025     Min:     0.07  SameNetGap

SHORT: Regular Via of Net FECTS_clks_clk___L4_N25 & Blockage of Cell U2961  ( M1 )
Bounds : ( 163.367, 68.048 ) ( 163.375, 68.183 )


SHORT: Regular Via of Net FECTS_clks_clk___L4_N25 & Blockage of Cell U2961  ( M1 )
Bounds : ( 163.367, 68.168 ) ( 163.432, 68.183 )


SHORT: Regular Via of Net FECTS_clks_clk___L4_N25 & Pin of Cell U6659  ( M1 )
Bounds : ( 185.027, 85.622 ) ( 185.090, 85.652 )


SHORT: Regular Via of Net FECTS_clks_clk___L4_N25 & Blockage of Cell U6659  ( M1 )
Bounds : ( 185.027, 85.717 ) ( 185.092, 85.757 )


SHORT: Regular Via of Net FECTS_clks_clk___L4_N25 & Pin of Cell U2792  ( M1 )
Bounds : ( 157.667, 82.868 ) ( 157.732, 83.003 )


SHORT: Regular Via of Net FECTS_clks_clk___L4_N25 & Pin of Cell haddr1_d_reg[24]  ( M1 )
Bounds : ( 169.447, 77.965 ) ( 169.512, 78.062 )


SPACING: Regular Via of Net n2343 & Regular Via of Net FECTS_clks_clk___L4_N26  ( M2 )
Bounds : ( 147.475, 80.893 ) ( 147.518, 80.912 )
Actual:     0.0425     Min:     0.075

SPACING: Regular Via of Net n2343 & Regular Via of Net FECTS_clks_clk___L4_N26  ( via1 )
Bounds : ( 147.473, 80.878 ) ( 147.520, 80.927 )
Actual:     0.069     Min:     0.075

SPACING: Regular Via of Net n2343 & Blockage of Cell U2767  ( M1 )
Bounds : ( 147.620, 80.927 ) ( 147.650, 80.993 )
Actual:     0.03     Min:     0.065

SHORT: Regular Via of Net FECTS_clks_clk___L4_N25 & Blockage of Cell U2684  ( M1 )
Bounds : ( 152.727, 68.150 ) ( 152.792, 68.183 )


SHORT: Regular Via of Net FECTS_clks_clk___L4_N26 & Pin of Cell U2804  ( M1 )
Bounds : ( 147.408, 70.897 ) ( 147.460, 71.033 )


SHORT: Regular Via of Net FECTS_clks_clk___L4_N26 & Pin of Cell U2804  ( M1 )
Bounds : ( 147.408, 71.027 ) ( 147.473, 71.033 )


SHORT: Regular Via of Net FECTS_clks_clk___L4_N26 & Pin of Cell U4397  ( M1 )
Bounds : ( 131.068, 65.957 ) ( 131.133, 65.963 )


SHORT: Regular Via of Net FECTS_clks_clk___L4_N26 & Blockage of Cell U4397  ( M1 )
Bounds : ( 131.068, 66.073 ) ( 131.130, 66.092 )


SHORT: Regular Via of Net FECTS_clks_clk___L4_N26 & Pin of Cell U2767  ( M1 )
Bounds : ( 147.408, 80.878 ) ( 147.473, 80.912 )


SHORT: Regular Via of Net FECTS_clks_clk___L4_N26 & Blockage of Cell U2767  ( M1 )
Bounds : ( 147.408, 80.777 ) ( 147.473, 80.793 )


SPACING: Regular Via of Net n4910 & Regular Wire of Net n4910  ( M2 )
Bounds : ( 203.620, 106.080 ) ( 203.645, 106.152 )
Actual:     0.025     Min:     0.07  SameNetGap

SPACING: Regular Via of Net FECTS_clks_clk___L4_N22 & Blockage of Cell haddr2_d_reg[27]  ( M1 )
Bounds : ( 158.768, 107.567 ) ( 158.807, 107.665 )
Actual:     0.04     Min:     0.065

SPACING: Regular Via of Net FECTS_clks_clk___L4_N22 & Blockage of Cell haddr2_d_reg[27]  ( M1 )
Bounds : ( 158.807, 107.702 ) ( 158.872, 107.730 )
Actual:     0.0275     Min:     0.065

SPACING: Regular Wire of Net FECTS_clks_clk___L4_N22 & Blockage of Cell haddr2_d_reg[27]  ( M2 )
Bounds : ( 158.452, 107.095 ) ( 158.520, 107.230 )
Actual:     0.0675     Min:     0.075

SHORT: Regular Via of Net FECTS_clks_clk___L4_N22 & Pin of Cell FE_OCP_DRV_C10013_n3562  ( M1 )
Bounds : ( 171.413, 105.478 ) ( 171.413, 105.613 )


SHORT: Regular Via of Net FECTS_clks_clk___L4_N22 & Pin of Cell FE_RC_23343_0  ( M1 )
Bounds : ( 179.773, 102.628 ) ( 179.773, 102.747 )


SHORT: Regular Via of Net FECTS_clks_clk___L4_N22 & Pin of Cell FE_OCPC4200_FE_OFN87_n4299  ( M1 )
Bounds : ( 158.492, 105.478 ) ( 158.492, 105.613 )


SHORT: Regular Via of Net FECTS_clks_clk___L4_N25 & Pin of Cell U6549  ( M1 )
Bounds : ( 185.027, 95.728 ) ( 185.092, 95.732 )


SHORT: Regular Via of Net FECTS_clks_clk___L4_N25 & Blockage of Cell U6549  ( M1 )
Bounds : ( 185.027, 95.598 ) ( 185.092, 95.662 )


SHORT: Regular Via of Net FECTS_clks_clk___L4_N25 & Blockage of Cell haddr1_d_reg[8]  ( M1 )
Bounds : ( 185.027, 90.658 ) ( 185.048, 90.793 )


SHORT: Regular Via of Net FECTS_clks_clk___L4_N23 & Pin of Cell U4745  ( M1 )
Bounds : ( 128.027, 102.628 ) ( 128.092, 102.762 )


SHORT: Regular Via of Net FECTS_clks_clk___L4_N26 & Pin of Cell U4633  ( M1 )
Bounds : ( 129.038, 89.552 ) ( 129.048, 89.618 )


SPACING: Regular Via of Net FECTS_clks_clk___L4_N1 & Pin of Cell U2689  ( M1 )
Bounds : ( 30.052, 127.327 ) ( 30.058, 127.402 )
Actual:     0.005     Min:     0.065

SPACING: Regular Via of Net FECTS_clks_clk___L4_N31 & Pin of Cell FE_RC_549_0  ( M1 )
Bounds : ( 60.072, 120.397 ) ( 60.202, 120.427 )
Actual:     0.03     Min:     0.065

SPACING: Regular Via of Net FE_RN_12537_0 & Pin of Cell FE_RC_19864_0  ( M1 )
Bounds : ( 43.022, 110.232 ) ( 43.028, 110.262 )
Actual:     0.03     Min:     0.065

SPACING: Regular Via of Net FECTS_clks_clk___L4_N1 & Blockage of Cell U5384  ( M1 )
Bounds : ( 26.247, 120.295 ) ( 26.382, 120.332 )
Actual:     0.0375     Min:     0.065

SPACING: Regular Via of Net FECTS_clks_clk___L4_N3 & Blockage of Cell pkt2_fifo/depth_left_reg[2]  ( M1 )
Bounds : ( 54.882, 110.452 ) ( 54.908, 110.518 )
Actual:     0.025     Min:     0.065

SPACING: Regular Via of Net FECTS_clks_clk___L4_N3 & Blockage of Cell pkt2_fifo/depth_left_reg[2]  ( M2 )
Bounds : ( 54.780, 110.555 ) ( 54.818, 110.560 )
Actual:     0.005     Min:     0.075

SPACING: Regular Via of Net FECTS_clks_clk___L4_N31 & Blockage of Cell FE_RC_549_0  ( M1 )
Bounds : ( 60.200, 120.312 ) ( 60.202, 120.332 )
Actual:     0.02     Min:     0.065

SPACING: Regular Via of Net FECTS_clks_clk___L4_N31 & Blockage of Cell pktctrl2_fifo/depth_left_reg[1]  ( M1 )
Bounds : ( 56.967, 122.345 ) ( 57.033, 122.387 )
Actual:     0.0425     Min:     0.065

SPACING: Regular Via of Net FE_RN_12537_0 & Pin of Cell FE_RC_19864_0  ( M1 )
Bounds : ( 42.908, 110.327 ) ( 42.987, 110.357 )
Actual:     0.03     Min:     0.065  SameNetGap

SHORT: Regular Via of Net FECTS_clks_clk___L4_N1 & Pin of Cell U5384  ( M1 )
Bounds : ( 26.247, 120.360 ) ( 26.382, 120.397 )


SHORT: Regular Via of Net FECTS_clks_clk___L4_N1 & Blockage of Cell U2689  ( M1 )
Bounds : ( 29.987, 127.327 ) ( 29.993, 127.463 )


SHORT: Regular Via of Net FECTS_clks_clk___L4_N3 & Blockage of Cell link_addr_2_fifo/w_ptr_reg[0]  ( M1 )
Bounds : ( 41.522, 108.743 ) ( 41.583, 108.808 )


SHORT: Regular Via of Net FECTS_clks_clk___L4_N3 & Blockage of Cell link_addr_2_fifo/w_ptr_reg[0]  ( M1 )
Bounds : ( 41.452, 108.743 ) ( 41.583, 108.783 )


SHORT: Regular Via of Net FECTS_clks_clk___L4_N3 & Blockage of Cell link_addr_2_fifo/w_ptr_reg[0]  ( via1 )
Bounds : ( 41.487, 108.743 ) ( 41.548, 108.783 )


SHORT: Regular Via of Net FECTS_clks_clk___L4_N3 & Blockage of Cell link_addr_2_fifo/w_ptr_reg[0]  ( M2 )
Bounds : ( 41.487, 108.705 ) ( 41.550, 108.817 )


SHORT: Regular Via of Net FECTS_clks_clk___L4_N3 & Blockage of Cell pkt2_fifo/depth_left_reg[2]  ( M1 )
Bounds : ( 54.748, 110.452 ) ( 54.812, 110.518 )


SHORT: Regular Via of Net FECTS_clks_clk___L4_N3 & Blockage of Cell pkt2_fifo/depth_left_reg[2]  ( M1 )
Bounds : ( 54.748, 110.452 ) ( 54.842, 110.480 )


SHORT: Regular Via of Net FECTS_clks_clk___L4_N3 & Pin of Cell FE_RC_19864_0  ( M1 )
Bounds : ( 43.097, 110.452 ) ( 43.103, 110.518 )


SHORT: Regular Via of Net FECTS_clks_clk___L4_N3 & Regular Wire of Net FE_RN_12537_0  ( M1 )
Bounds : ( 42.967, 110.452 ) ( 42.987, 110.493 )


SPACING: Regular Via of Net FECTS_clks_clk___L4_N18 & Pin of Cell FE_RC_1518_0  ( M1 )
Bounds : ( 83.567, 115.397 ) ( 83.632, 115.457 )
Actual:     0.06     Min:     0.065

SPACING: Regular Via of Net FECTS_clks_clk___L4_N20 & Pin of Cell FE_OCP_RBC8533_FE_OFN6854_n3390  ( M1 )
Bounds : ( 90.567, 120.397 ) ( 90.603, 120.435 )
Actual:     0.0375     Min:     0.065

SPACING: Regular Via of Net FECTS_clks_clk___L4_N20 & Pin of Cell FE_OFC6837_n4708  ( M1 )
Bounds : ( 95.162, 120.332 ) ( 95.217, 120.397 )
Actual:     0.055     Min:     0.065

SPACING: Regular Via of Net FECTS_clks_clk___L4_N20 & Blockage of Cell pfifo_frag_cnt_1_d_reg[4]  ( M1 )
Bounds : ( 98.348, 112.603 ) ( 98.387, 112.605 )
Actual:     0.04     Min:     0.065

SPACING: Regular Via of Net FECTS_clks_clk___L4_N29 & Blockage of Cell FE_RC_24101_0  ( M1 )
Bounds : ( 80.912, 120.332 ) ( 80.967, 120.397 )
Actual:     0.055     Min:     0.065

SHORT: Regular Via of Net FECTS_clks_clk___L4_N18 & Blockage of Cell FE_RC_1518_0  ( M1 )
Bounds : ( 83.567, 115.308 ) ( 83.632, 115.372 )


SHORT: Regular Via of Net FECTS_clks_clk___L4_N20 & Pin of Cell FE_OCP_RBC8533_FE_OFN6854_n3390  ( M1 )
Bounds : ( 90.467, 120.332 ) ( 90.603, 120.368 )


SHORT: Regular Via of Net FECTS_clks_clk___L4_N20 & Blockage of Cell pfifo_frag_cnt_1_d_reg[4]  ( M1 )
Bounds : ( 98.387, 112.670 ) ( 98.452, 112.735 )


SHORT: Regular Via of Net FECTS_clks_clk___L4_N20 & Pin of Cell FE_OCP_RBC11206_FE_RN_4160_0  ( M1 )
Bounds : ( 99.527, 120.368 ) ( 99.590, 120.433 )


SHORT: Regular Via of Net FECTS_clks_clk___L4_N20 & Pin of Cell FE_OCP_RBC11206_FE_RN_4160_0  ( M1 )
Bounds : ( 99.527, 120.298 ) ( 99.592, 120.302 )


SHORT: Regular Via of Net FECTS_clks_clk___L4_N29 & Pin of Cell FE_RC_24101_0  ( M1 )
Bounds : ( 80.978, 120.357 ) ( 81.103, 120.397 )


SHORT: Regular Via of Net FECTS_clks_clk___L4_N29 & Regular Wire of Net FE_OCP_RBN10796_FE_RN_14784_0  ( M1 )
Bounds : ( 81.098, 120.332 ) ( 81.103, 120.397 )


SHORT: Regular Via of Net FE_OCP_RBN10796_FE_RN_14784_0 & Pin of Cell FE_RC_24101_0  ( M1 )
Bounds : ( 81.062, 120.143 ) ( 81.067, 120.145 )


SPACING: Regular Via of Net FECTS_clks_clk___L4_N20 & Regular Via of Net FE_OCP_RBN11473_FE_RN_15709_0  ( M1 )
Bounds : ( 88.952, 122.493 ) ( 89.010, 122.522 )
Actual:     0.0575     Min:     0.065

SPACING: Regular Via of Net FECTS_clks_clk___L4_N29 & Pin of Cell FE_OCP_DRV_C10964_FE_OCP_RBN2215_n3979  ( M1 )
Bounds : ( 81.728, 127.427 ) ( 81.732, 127.457 )
Actual:     0.03     Min:     0.065

SPACING: Regular Via of Net FECTS_clks_clk___L4_N20 & Blockage of Cell FE_OCP_RBC11472_FE_RN_15709_0  ( M1 )
Bounds : ( 88.952, 122.387 ) ( 89.005, 122.427 )
Actual:     0.0525     Min:     0.065

SPACING: Regular Via of Net FECTS_clks_clk___L4_N20 & Blockage of Cell U6575  ( M1 )
Bounds : ( 84.707, 125.235 ) ( 84.772, 125.238 )
Actual:     0.0025     Min:     0.065

SPACING: Regular Via of Net FECTS_clks_clk___L4_N29 & Blockage of Cell U6473  ( M1 )
Bounds : ( 78.628, 125.235 ) ( 78.692, 125.238 )
Actual:     0.0025     Min:     0.065

SHORT: Regular Via of Net FECTS_clks_clk___L4_N17 & Pin of Cell FE_RC_14720_0  ( M1 )
Bounds : ( 92.685, 129.072 ) ( 92.692, 129.137 )


SHORT: Regular Via of Net FECTS_clks_clk___L4_N17 & Blockage of Cell FE_RC_14720_0  ( M1 )
Bounds : ( 92.558, 129.092 ) ( 92.560, 129.137 )


SHORT: Regular Via of Net FECTS_clks_clk___L4_N20 & Blockage of Cell FE_OCPC11010_FE_OCP_RBN8209_FE_OCPUNCON5224_FE_OCP_RBN4943_n3994  ( M1 )
Bounds : ( 88.887, 125.238 ) ( 88.895, 125.372 )


SHORT: Regular Via of Net FECTS_clks_clk___L4_N20 & Blockage of Cell FE_OCPC11010_FE_OCP_RBN8209_FE_OCPUNCON5224_FE_OCP_RBN4943_n3994  ( M1 )
Bounds : ( 88.887, 125.238 ) ( 88.952, 125.253 )


SHORT: Regular Via of Net FECTS_clks_clk___L4_N20 & Blockage of Cell FE_OCP_RBC11472_FE_RN_15709_0  ( M1 )
Bounds : ( 88.887, 122.387 ) ( 88.940, 122.522 )


SHORT: Regular Via of Net FECTS_clks_clk___L4_N20 & Pin of Cell U6575  ( M1 )
Bounds : ( 84.707, 125.300 ) ( 84.762, 125.372 )


SHORT: Regular Via of Net FECTS_clks_clk___L4_N20 & Pin of Cell FE_RC_13134_0  ( M1 )
Bounds : ( 96.927, 127.363 ) ( 97.035, 127.427 )


SHORT: Regular Via of Net FECTS_clks_clk___L4_N29 & Pin of Cell FE_RC_20947_0  ( M1 )
Bounds : ( 66.085, 123.562 ) ( 66.092, 123.628 )


SHORT: Regular Via of Net FECTS_clks_clk___L4_N29 & Pin of Cell FE_RC_20947_0  ( M1 )
Bounds : ( 65.957, 123.562 ) ( 65.965, 123.628 )


SHORT: Regular Via of Net FECTS_clks_clk___L4_N29 & Pin of Cell U6473  ( M1 )
Bounds : ( 78.628, 125.300 ) ( 78.683, 125.372 )


SHORT: Regular Via of Net FECTS_clks_clk___L4_N29 & Pin of Cell FE_OCP_DRV_C10964_FE_OCP_RBN2215_n3979  ( M1 )
Bounds : ( 81.728, 127.363 ) ( 81.730, 127.393 )


SHORT: Regular Via of Net FECTS_clks_clk___L4_N29 & Blockage of Cell FE_OCP_DRV_C10964_FE_OCP_RBN2215_n3979  ( M1 )
Bounds : ( 81.798, 127.418 ) ( 81.863, 127.427 )


SPACING: Regular Via of Net FECTS_clks_clk___L4_N2 & Regular Via of Net FE_OCP_RBN6588_n1944  ( M2 )
Bounds : ( 30.530, 157.105 ) ( 30.555, 157.158 )
Actual:     0.058     Min:     0.075

SPACING: Regular Via of Net FE_OCP_RBN6588_n1944 & Pin of Cell link_addr_1_fifo/data_mem_reg[0][26]  ( M1 )
Bounds : ( 30.622, 157.258 ) ( 30.647, 157.292 )
Actual:     0.025     Min:     0.065

SPACING: Regular Via of Net FECTS_clks_clk___L4_N30 & Blockage of Cell U4214  ( M1 )
Bounds : ( 42.535, 157.003 ) ( 42.588, 157.068 )
Actual:     0.0525     Min:     0.065

SPACING: Regular Via of Net FECTS_clks_clk___L4_N30 & Blockage of Cell U4214  ( M1 )
Bounds : ( 42.588, 157.068 ) ( 42.722, 157.087 )
Actual:     0.02     Min:     0.065

SHORT: Regular Via of Net FECTS_clks_clk___L4_N30 & Pin of Cell U4214  ( M1 )
Bounds : ( 42.710, 157.003 ) ( 42.722, 157.023 )


SPACING: Regular Via of Net FECTS_clks_clk___L4_N2 & Regular Wire of Net n4125  ( M1 )
Bounds : ( 30.718, 147.087 ) ( 30.747, 147.092 )
Actual:     0.03     Min:     0.065

SPACING: Regular Via of Net FECTS_clks_clk___L4_N2 & Pin of Cell U5375  ( M1 )
Bounds : ( 26.247, 142.247 ) ( 26.350, 142.277 )
Actual:     0.03     Min:     0.065

SPACING: Regular Via of Net FECTS_clks_clk___L4_N2 & Pin of Cell U2690  ( M1 )
Bounds : ( 33.472, 140.158 ) ( 33.603, 140.188 )
Actual:     0.03     Min:     0.065

SPACING: Regular Via of Net FECTS_clks_clk___L4_N31 & Pin of Cell U3533  ( M1 )
Bounds : ( 47.147, 142.145 ) ( 47.283, 142.182 )
Actual:     0.0375     Min:     0.065

SPACING: Regular Via of Net n4125 & Regular Wire of Net n4125  ( M1 )
Bounds : ( 30.618, 146.997 ) ( 30.718, 147.008 )
Actual:     0.01     Min:     0.065  SameNetGap

SPACING: Regular Via of Net FECTS_clks_clk___L4_N2 & Blockage of Cell U3792  ( M1 )
Bounds : ( 30.725, 147.208 ) ( 30.747, 147.223 )
Actual:     0.0225     Min:     0.065

SPACING: Regular Via of Net FECTS_clks_clk___L4_N2 & Blockage of Cell U2690  ( M1 )
Bounds : ( 33.600, 140.072 ) ( 33.603, 140.092 )
Actual:     0.02     Min:     0.065

SPACING: Regular Via of Net FECTS_clks_clk___L4_N2 & Blockage of Cell link_addr_1_fifo/data_mem_reg[1][26]  ( M1 )
Bounds : ( 21.228, 152.107 ) ( 21.247, 152.163 )
Actual:     0.02     Min:     0.065

SPACING: Regular Via of Net FECTS_clks_clk___L4_N2 & Blockage of Cell link_addr_1_fifo/data_mem_reg[1][26]  ( via1 )
Bounds : ( 21.228, 152.128 ) ( 21.247, 152.143 )
Actual:     0.025     Min:     0.075

SPACING: Regular Via of Net FECTS_clks_clk___L4_N2 & Blockage of Cell link_addr_1_fifo/data_mem_reg[1][26]  ( M2 )
Bounds : ( 21.233, 152.025 ) ( 21.245, 152.165 )
Actual:     0.0125     Min:     0.075

SPACING: Regular Via of Net FECTS_clks_clk___L4_N2 & Blockage of Cell U5369  ( M1 )
Bounds : ( 32.708, 142.133 ) ( 32.842, 142.182 )
Actual:     0.05     Min:     0.065

SHORT: Regular Via of Net n4125 & Blockage of Cell U3792  ( M1 )
Bounds : ( 30.618, 146.932 ) ( 30.725, 146.943 )


SHORT: Regular Via of Net FECTS_clks_clk___L4_N1 & Pin of Cell FE_RC_8306_0  ( M1 )
Bounds : ( 43.728, 135.152 ) ( 43.732, 135.217 )


SHORT: Regular Via of Net FECTS_clks_clk___L4_N2 & Pin of Cell U5375  ( M1 )
Bounds : ( 26.350, 142.182 ) ( 26.382, 142.247 )


SHORT: Regular Via of Net FECTS_clks_clk___L4_N2 & Pin of Cell link_addr_1_fifo/data_mem_reg[1][26]  ( M1 )
Bounds : ( 21.308, 152.027 ) ( 21.312, 152.163 )


SHORT: Regular Via of Net FECTS_clks_clk___L4_N2 & Pin of Cell link_addr_1_fifo/data_mem_reg[1][26]  ( M1 )
Bounds : ( 21.247, 152.027 ) ( 21.312, 152.042 )


SHORT: Regular Via of Net FECTS_clks_clk___L4_N2 & Pin of Cell U5369  ( M1 )
Bounds : ( 32.708, 142.197 ) ( 32.842, 142.247 )


SHORT: Regular Via of Net FECTS_clks_clk___L4_N31 & Pin of Cell FE_RC_561_0  ( M1 )
Bounds : ( 48.673, 149.973 ) ( 48.803, 150.038 )


SHORT: Regular Via of Net FECTS_clks_clk___L4_N31 & Pin of Cell pktctrl2_fifo/depth_left_reg[2]  ( M1 )
Bounds : ( 53.737, 137.242 ) ( 53.743, 137.285 )


SHORT: Regular Via of Net FECTS_clks_clk___L4_N31 & Blockage of Cell pktctrl2_fifo/depth_left_reg[2]  ( M1 )
Bounds : ( 53.607, 137.242 ) ( 53.673, 137.307 )


SPACING: Regular Via of Net FECTS_clks_clk___L4_N30 & Pin of Cell link_addr_2_fifo/data_mem_reg[1][26]  ( M1 )
Bounds : ( 45.193, 168.023 ) ( 45.217, 168.087 )
Actual:     0.025     Min:     0.065

SPACING: Regular Via of Net FECTS_clks_clk___L4_N30 & Pin of Cell link_addr_2_fifo/data_mem_reg[1][31]  ( M1 )
Bounds : ( 57.347, 169.693 ) ( 57.412, 169.697 )
Actual:     0.005     Min:     0.065

SPACING: Regular Via of Net FECTS_clks_clk___L3_N6 & Blockage of Cell link_addr_0_fifo/data_mem_reg[1][26]  ( M1 )
Bounds : ( 51.688, 169.702 ) ( 51.708, 169.732 )
Actual:     0.036     Min:     0.065

SPACING: Regular Via of Net FECTS_clks_clk___L4_N28 & Blockage of Cell link_addr_0_fifo/data_mem_reg[1][26]  ( M1 )
Bounds : ( 52.083, 169.860 ) ( 52.088, 169.893 )
Actual:     0.005     Min:     0.065

SPACING: Regular Via of Net FECTS_clks_clk___L4_N30 & Blockage of Cell link_addr_2_fifo/data_mem_reg[1][31]  ( M1 )
Bounds : ( 57.347, 169.833 ) ( 57.412, 169.835 )
Actual:     0.0025     Min:     0.065

SHORT: Regular Via of Net FECTS_clks_clk___L3_N0 & Pin of Cell U2835  ( M1 )
Bounds : ( 30.048, 159.758 ) ( 30.155, 159.822 )


SHORT: Regular Via of Net FECTS_clks_clk___L3_N6 & Pin of Cell link_addr_0_fifo/data_mem_reg[1][26]  ( M1 )
Bounds : ( 51.752, 169.637 ) ( 51.842, 169.702 )


SHORT: Regular Via of Net FECTS_clks_clk___L3_N6 & Pin of Cell link_addr_0_fifo/data_mem_reg[1][26]  ( M1 )
Bounds : ( 51.708, 169.637 ) ( 51.842, 169.667 )


SHORT: Regular Via of Net FECTS_clks_clk___L4_N0 & Pin of Cell U2835  ( M1 )
Bounds : ( 29.987, 160.708 ) ( 29.993, 160.773 )


SHORT: Regular Via of Net FECTS_clks_clk___L4_N0 & Pin of Cell U2835  ( M1 )
Bounds : ( 29.858, 160.708 ) ( 29.860, 160.773 )


SHORT: Regular Via of Net FECTS_clks_clk___L4_N0 & Pin of Cell U4789  ( M1 )
Bounds : ( 32.768, 168.023 ) ( 32.833, 168.087 )


SHORT: Regular Via of Net FECTS_clks_clk___L4_N0 & Blockage of Cell U2841  ( M1 )
Bounds : ( 27.198, 163.083 ) ( 27.205, 163.148 )


SHORT: Regular Via of Net FECTS_clks_clk___L4_N28 & Blockage of Cell link_addr_0_fifo/data_mem_reg[1][26]  ( M1 )
Bounds : ( 52.088, 169.827 ) ( 52.222, 169.860 )


SHORT: Regular Via of Net FECTS_clks_clk___L4_N28 & Pin of Cell U4863  ( M1 )
Bounds : ( 41.638, 183.413 ) ( 41.643, 183.477 )


SHORT: Regular Via of Net FECTS_clks_clk___L4_N30 & Pin of Cell link_addr_0_fifo/data_mem_reg[0][26]  ( M1 )
Bounds : ( 50.947, 166.988 ) ( 50.952, 167.077 )


SHORT: Regular Via of Net FECTS_clks_clk___L4_N30 & Pin of Cell link_addr_0_fifo/data_mem_reg[0][26]  ( M1 )
Bounds : ( 50.888, 166.988 ) ( 50.952, 167.053 )


SPACING: Regular Via of Net FECTS_clks_clk___L4_N9 & Blockage of Cell link_addr_2_fifo/data_mem_reg[1][11]  ( M1 )
Bounds : ( 96.348, 158.128 ) ( 96.357, 158.143 )
Actual:     0.018     Min:     0.065

SPACING: Regular Via of Net FECTS_clks_clk___L4_N9 & Blockage of Cell link_addr_2_fifo/data_mem_reg[1][11]  ( via1 )
Bounds : ( 96.368, 158.193 ) ( 96.393, 158.208 )
Actual:     0.025     Min:     0.075

SHORT: Regular Via of Net FECTS_clks_clk___L4_N9 & Blockage of Cell link_addr_2_fifo/data_mem_reg[1][11]  ( M1 )
Bounds : ( 96.357, 158.193 ) ( 96.493, 158.208 )


SHORT: Regular Via of Net FECTS_clks_clk___L4_N9 & Blockage of Cell link_addr_2_fifo/data_mem_reg[1][11]  ( via1 )
Bounds : ( 96.442, 158.193 ) ( 96.457, 158.208 )


SHORT: Regular Via of Net FECTS_clks_clk___L4_N9 & Blockage of Cell link_addr_2_fifo/data_mem_reg[1][11]  ( M2 )
Bounds : ( 96.390, 158.188 ) ( 96.460, 158.245 )


SPACING: Regular Via of Net FECTS_clks_clk___L4_N13 & Regular Via of Net FE_RN_5215_0  ( M1 )
Bounds : ( 85.473, 135.197 ) ( 85.527, 135.217 )
Actual:     0.055     Min:     0.065

SPACING: Regular Via of Net FECTS_clks_clk___L4_N10 & Blockage of Cell link_datain_2_d_reg[2]  ( M1 )
Bounds : ( 89.448, 152.128 ) ( 89.463, 152.190 )
Actual:     0.0625     Min:     0.065

SPACING: Regular Via of Net FECTS_clks_clk___L4_N13 & Blockage of Cell FE_RC_20495_0  ( M1 )
Bounds : ( 85.662, 135.152 ) ( 85.710, 135.217 )
Actual:     0.0475     Min:     0.065

SPACING: Regular Via of Net FECTS_clks_clk___L4_N13 & Blockage of Cell FE_RC_20495_0  ( M1 )
Bounds : ( 85.527, 135.133 ) ( 85.662, 135.152 )
Actual:     0.02     Min:     0.065

SHORT: Regular Via of Net FECTS_clks_clk___L3_N2 & Pin of Cell FE_RC_20473_0  ( M1 )
Bounds : ( 80.588, 149.878 ) ( 80.592, 149.943 )


SHORT: Regular Via of Net FECTS_clks_clk___L4_N10 & Pin of Cell FE_RC_20473_0  ( M1 )
Bounds : ( 80.525, 150.827 ) ( 80.533, 150.863 )


SHORT: Regular Via of Net FECTS_clks_clk___L4_N10 & Pin of Cell FE_RC_20473_0  ( M1 )
Bounds : ( 80.397, 150.827 ) ( 80.400, 150.893 )


SHORT: Regular Via of Net FECTS_clks_clk___L4_N10 & Pin of Cell link_addr_2_fifo/data_mem_reg[1][23]  ( M1 )
Bounds : ( 70.353, 153.773 ) ( 70.418, 153.837 )


SHORT: Regular Via of Net FECTS_clks_clk___L4_N10 & Blockage of Cell link_datain_2_d_reg[2]  ( M1 )
Bounds : ( 89.382, 152.062 ) ( 89.448, 152.128 )


SHORT: Regular Via of Net FECTS_clks_clk___L4_N13 & Pin of Cell FE_RC_20495_0  ( M1 )
Bounds : ( 85.527, 135.217 ) ( 85.620, 135.217 )


SHORT: Regular Via of Net FECTS_clks_clk___L4_N13 & Pin of Cell FE_RC_22918_0  ( M1 )
Bounds : ( 76.725, 143.893 ) ( 76.732, 143.958 )


SHORT: Regular Via of Net FECTS_clks_clk___L4_N13 & Blockage of Cell FE_RC_22918_0  ( M1 )
Bounds : ( 76.598, 143.913 ) ( 76.600, 143.958 )


SHORT: Regular Via of Net FECTS_clks_clk___L4_N13 & Pin of Cell FE_OFC6995_n1828  ( M1 )
Bounds : ( 76.027, 138.952 ) ( 76.033, 139.018 )


SHORT: Regular Via of Net FECTS_clks_clk___L4_N13 & Pin of Cell FE_RC_19048_0  ( M1 )
Bounds : ( 78.247, 144.997 ) ( 78.312, 145.068 )


SHORT: Regular Via of Net FECTS_clks_clk___L4_N13 & Pin of Cell FE_RC_12536_0  ( M1 )
Bounds : ( 75.967, 135.117 ) ( 76.033, 135.188 )


SHORT: Regular Via of Net FECTS_clks_clk___L4_N13 & Pin of Cell FE_OCPC11004_FE_RN_5967_0  ( M1 )
Bounds : ( 79.832, 137.242 ) ( 79.963, 137.307 )


SHORT: Regular Via of Net FECTS_clks_clk___L4_N17 & Pin of Cell FE_RC_25546_0  ( M1 )
Bounds : ( 95.027, 142.182 ) ( 95.033, 142.247 )


SHORT: Regular Via of Net FECTS_clks_clk___L4_N29 & Pin of Cell FE_OCP_RBC9816_raddr_ch_ARREADY  ( M1 )
Bounds : ( 67.673, 135.152 ) ( 67.802, 135.217 )


SPACING: Regular Via of Net FECTS_clks_clk___L4_N12 & Regular Wire of Net FE_OCPUNCON10925_FE_OCP_RBN8128_FE_OCPN5696_FE_OCP_RBN822_n3682  ( M1 )
Bounds : ( 70.010, 171.887 ) ( 70.082, 171.893 )
Actual:     0.005     Min:     0.065

SPACING: Regular Via of Net FECTS_clks_clk___L4_N12 & Pin of Cell link_datain_0_d_reg[23]  ( M1 )
Bounds : ( 66.702, 173.533 ) ( 66.717, 173.598 )
Actual:     0.015     Min:     0.065

SPACING: Regular Via of Net FECTS_clks_clk___L3_N2 & Blockage of Cell link_addr_0_fifo/data_mem_reg[1][23]  ( M1 )
Bounds : ( 84.762, 169.637 ) ( 84.768, 169.702 )
Actual:     0.005     Min:     0.065

SPACING: Regular Via of Net FECTS_clks_clk___L4_N10 & Blockage of Cell link_datain_2_d_reg[23]  ( M1 )
Bounds : ( 64.952, 168.023 ) ( 65.012, 168.062 )
Actual:     0.06     Min:     0.065

SPACING: Regular Via of Net FECTS_clks_clk___L4_N12 & Blockage of Cell FE_OCPC6471_FE_OFN124_n4863  ( M1 )
Bounds : ( 69.940, 171.822 ) ( 69.948, 171.887 )
Actual:     0.0075     Min:     0.065

SPACING: Regular Via of Net FE_OCPUNCON10925_FE_OCP_RBN8128_FE_OCPN5696_FE_OCP_RBN822_n3682 & Pin of Cell FE_OCPC6471_FE_OFN124_n4863  ( M1 )
Bounds : ( 70.150, 171.893 ) ( 70.173, 171.992 )
Actual:     0.0225     Min:     0.065  SameNetGap

SHORT: Regular Via of Net FECTS_clks_clk___L4_N9 & Blockage of Cell link_addr_0_fifo/data_mem_reg[1][23]  ( M1 )
Bounds : ( 85.198, 169.827 ) ( 85.262, 169.893 )


SHORT: Regular Via of Net FECTS_clks_clk___L4_N9 & Blockage of Cell link_addr_0_fifo/data_mem_reg[1][23]  ( M1 )
Bounds : ( 85.198, 169.835 ) ( 85.283, 169.893 )


SHORT: Regular Via of Net FECTS_clks_clk___L4_N9 & Pin of Cell U5073  ( M1 )
Bounds : ( 93.065, 163.083 ) ( 93.073, 163.148 )


SHORT: Regular Via of Net FECTS_clks_clk___L4_N9 & Pin of Cell U5073  ( M1 )
Bounds : ( 92.938, 163.083 ) ( 92.945, 163.148 )


SHORT: Regular Via of Net FECTS_clks_clk___L4_N12 & Blockage of Cell FE_OCPC6471_FE_OFN124_n4863  ( M1 )
Bounds : ( 70.005, 171.822 ) ( 70.070, 171.827 )


SHORT: Regular Via of Net FECTS_clks_clk___L4_N28 & Blockage of Cell FE_RC_20665_0  ( M1 )
Bounds : ( 61.208, 183.432 ) ( 61.342, 183.477 )


SPACING: Regular Via of Net FECTS_clks_clk___L4_N20 & Pin of Cell FE_OCP_RBC10378_FE_OFN151_n3958  ( M1 )
Bounds : ( 114.412, 122.493 ) ( 114.470, 122.522 )
Actual:     0.0575     Min:     0.065

SPACING: Regular Via of Net FECTS_clks_clk___L4_N20 & Pin of Cell link_addr_2_fifo/data_mem_reg[0][7]  ( M1 )
Bounds : ( 110.613, 125.238 ) ( 110.632, 125.372 )
Actual:     0.02     Min:     0.065

SPACING: Regular Via of Net FECTS_clks_clk___L4_N23 & Pin of Cell link_addr_1_fifo/data_mem_reg[1][7]  ( M1 )
Bounds : ( 131.068, 112.643 ) ( 131.133, 112.647 )
Actual:     0.005     Min:     0.065

SPACING: Regular Via of Net FECTS_clks_clk___L4_N23 & Pin of Cell FE_OCP_RBC2652_FE_OFN158_n2043  ( M1 )
Bounds : ( 137.515, 122.338 ) ( 137.527, 122.387 )
Actual:     0.0515     Min:     0.065

SPACING: Regular Via of Net FECTS_clks_clk___L4_N20 & Blockage of Cell FE_OCP_RBC10378_FE_OFN151_n3958  ( M1 )
Bounds : ( 114.412, 122.387 ) ( 114.465, 122.427 )
Actual:     0.0525     Min:     0.065

SPACING: Regular Via of Net FECTS_clks_clk___L4_N20 & Blockage of Cell link_addr_2_fifo/data_mem_reg[1][7]  ( M1 )
Bounds : ( 111.103, 115.457 ) ( 111.122, 115.495 )
Actual:     0.0375     Min:     0.065

SPACING: Regular Via of Net FECTS_clks_clk___L4_N23 & Blockage of Cell U4754  ( M1 )
Bounds : ( 131.068, 120.295 ) ( 131.133, 120.298 )
Actual:     0.0025     Min:     0.065

SPACING: Regular Via of Net FECTS_clks_clk___L4_N23 & Blockage of Cell link_addr_1_fifo/data_mem_reg[1][7]  ( M1 )
Bounds : ( 131.068, 112.505 ) ( 131.133, 112.507 )
Actual:     0.0025     Min:     0.065

SPACING: Regular Via of Net FECTS_clks_clk___L4_N23 & Blockage of Cell link_addr_0_fifo/data_mem_reg[1][7]  ( M1 )
Bounds : ( 124.938, 122.387 ) ( 124.988, 122.425 )
Actual:     0.05     Min:     0.065

SPACING: Regular Via of Net FECTS_clks_clk___L4_N23 & Blockage of Cell link_addr_0_fifo/data_mem_reg[1][7]  ( M1 )
Bounds : ( 125.052, 122.387 ) ( 125.098, 122.522 )
Actual:     0.045     Min:     0.065

SPACING: Regular Via of Net FECTS_clks_clk___L4_N23 & Blockage of Cell link_datain_1_d_reg[14]  ( M1 )
Bounds : ( 139.048, 115.330 ) ( 139.107, 115.357 )
Actual:     0.0275     Min:     0.065

SHORT: Regular Via of Net FECTS_clks_clk___L4_N20 & Blockage of Cell FE_OCP_RBC10378_FE_OFN151_n3958  ( M1 )
Bounds : ( 114.348, 122.387 ) ( 114.400, 122.522 )


SHORT: Regular Via of Net FECTS_clks_clk___L4_N20 & Pin of Cell U3192  ( M1 )
Bounds : ( 101.113, 127.327 ) ( 101.113, 127.463 )


SHORT: Regular Via of Net FECTS_clks_clk___L4_N20 & Blockage of Cell link_addr_2_fifo/data_mem_reg[1][7]  ( M1 )
Bounds : ( 111.037, 115.393 ) ( 111.103, 115.457 )


SHORT: Regular Via of Net FECTS_clks_clk___L4_N23 & Pin of Cell U4754  ( M1 )
Bounds : ( 131.068, 120.360 ) ( 131.133, 120.433 )


SHORT: Regular Via of Net FECTS_clks_clk___L4_N23 & Blockage of Cell link_datain_1_d_reg[14]  ( M1 )
Bounds : ( 139.107, 115.357 ) ( 139.113, 115.493 )


SHORT: Regular Via of Net FECTS_clks_clk___L4_N23 & Pin of Cell FE_RC_24432_0  ( M1 )
Bounds : ( 136.387, 112.507 ) ( 136.452, 112.643 )


SPACING: Regular Via of Net FECTS_clks_clk___L4_N22 & Pin of Cell FE_OCP_RBC9810_rdata_ch_RDATA_27_  ( M1 )
Bounds : ( 177.807, 117.445 ) ( 177.872, 117.448 )
Actual:     0.0025     Min:     0.065

SPACING: Regular Via of Net FECTS_clks_clk___L4_N22 & Pin of Cell link_addr_2_fifo/data_mem_reg[1][14]  ( M1 )
Bounds : ( 157.732, 115.357 ) ( 157.753, 115.493 )
Actual:     0.02     Min:     0.065

SPACING: Regular Via of Net FECTS_clks_clk___L4_N22 & Regular Wire of Net FE_OCP_RBN11436_FE_RN_1618_0  ( M1 )
Bounds : ( 165.238, 127.312 ) ( 165.268, 127.327 )
Actual:     0.0335     Min:     0.065

SPACING: Regular Via of Net FECTS_clks_clk___L4_N22 & Blockage of Cell U3354  ( M1 )
Bounds : ( 158.025, 117.567 ) ( 158.048, 117.582 )
Actual:     0.0225     Min:     0.065

SPACING: Regular Via of Net FECTS_clks_clk___L4_N22 & Blockage of Cell link_datain_2_d_reg[15]  ( M2 )
Bounds : ( 178.280, 115.495 ) ( 178.318, 115.500 )
Actual:     0.005     Min:     0.075

SPACING: Regular Via of Net FECTS_clks_clk___L4_N22 & Blockage of Cell link_datain_2_d_reg[15]  ( M1 )
Bounds : ( 178.633, 115.357 ) ( 178.682, 115.493 )
Actual:     0.05     Min:     0.065

SPACING: Regular Via of Net FECTS_clks_clk___L4_N22 & Blockage of Cell U4561  ( M1 )
Bounds : ( 168.688, 122.522 ) ( 168.753, 122.525 )
Actual:     0.0025     Min:     0.065

SPACING: Regular Via of Net FECTS_clks_clk___L4_N22 & Blockage of Cell FE_OCP_RBC10323_FE_RN_1618_0  ( M1 )
Bounds : ( 165.245, 127.448 ) ( 165.268, 127.463 )
Actual:     0.0225     Min:     0.065

SHORT: Regular Via of Net FECTS_clks_clk___L4_N16 & Blockage of Cell FE_OCPC7423_FE_OFN3508_n4862  ( M1 )
Bounds : ( 165.268, 130.178 ) ( 165.275, 130.312 )


SHORT: Regular Via of Net FECTS_clks_clk___L4_N16 & Blockage of Cell FE_OCPC7423_FE_OFN3508_n4862  ( M1 )
Bounds : ( 165.268, 130.178 ) ( 165.333, 130.193 )


SHORT: Regular Via of Net FECTS_clks_clk___L4_N22 & Pin of Cell U4561  ( M1 )
Bounds : ( 168.688, 122.387 ) ( 168.753, 122.460 )


SHORT: Regular Via of Net FECTS_clks_clk___L4_N22 & Pin of Cell U6545  ( M1 )
Bounds : ( 180.467, 125.368 ) ( 180.533, 125.372 )


SHORT: Regular Via of Net FECTS_clks_clk___L4_N22 & Blockage of Cell U6545  ( M1 )
Bounds : ( 180.467, 125.238 ) ( 180.533, 125.302 )


SHORT: Regular Wire of Net FE_OCP_RBN11436_FE_RN_1618_0 & Blockage of Cell FE_OCP_RBC10323_FE_RN_1618_0  ( M1 )
Bounds : ( 165.173, 127.173 ) ( 165.245, 127.183 )


SPACING: Regular Via of Net FECTS_clks_clk___L4_N19 & Pin of Cell link_addr_1_fifo/data_mem_reg[1][14]  ( M1 )
Bounds : ( 142.152, 130.083 ) ( 142.173, 130.217 )
Actual:     0.02     Min:     0.065

SPACING: Regular Via of Net FECTS_clks_clk___L4_N19 & Pin of Cell U4878  ( M1 )
Bounds : ( 152.348, 122.460 ) ( 152.402, 122.482 )
Actual:     0.0225     Min:     0.065

SPACING: Regular Via of Net FECTS_clks_clk___L4_N19 & Blockage of Cell link_datain_1_d_reg[15]  ( M1 )
Bounds : ( 147.747, 130.215 ) ( 147.788, 130.217 )
Actual:     0.04     Min:     0.065

SPACING: Regular Via of Net FECTS_clks_clk___L4_N19 & Blockage of Cell link_addr_1_fifo/data_mem_reg[1][14]  ( M2 )
Bounds : ( 142.440, 129.795 ) ( 142.477, 129.807 )
Actual:     0.0375     Min:     0.075

SPACING: Regular Via of Net FECTS_clks_clk___L4_N23 & Blockage of Cell haddr2_d_reg[13]  ( M1 )
Bounds : ( 147.747, 110.455 ) ( 147.788, 110.552 )
Actual:     0.04     Min:     0.065

SPACING: Regular Via of Net FECTS_clks_clk___L4_N23 & Blockage of Cell haddr2_d_reg[13]  ( M1 )
Bounds : ( 147.788, 110.390 ) ( 147.852, 110.418 )
Actual:     0.0275     Min:     0.065

SHORT: Regular Via of Net FECTS_clks_clk___L4_N19 & Blockage of Cell link_datain_1_d_reg[15]  ( M1 )
Bounds : ( 147.788, 130.085 ) ( 147.852, 130.150 )


SHORT: Regular Via of Net FECTS_clks_clk___L4_N19 & Blockage of Cell U4878  ( M1 )
Bounds : ( 152.402, 122.525 ) ( 152.413, 122.618 )


SHORT: Regular Via of Net FECTS_clks_clk___L4_N19 & Blockage of Cell U4878  ( M1 )
Bounds : ( 152.348, 122.525 ) ( 152.413, 122.590 )


SPACING: Regular Via of Net FECTS_clks_clk___L4_N11 & Blockage of Cell U5176  ( M1 )
Bounds : ( 120.808, 157.102 ) ( 120.872, 157.105 )
Actual:     0.0025     Min:     0.065

SPACING: Regular Via of Net FECTS_clks_clk___L4_N11 & Blockage of Cell link_datain_1_d_reg[11]  ( M1 )
Bounds : ( 105.188, 159.855 ) ( 105.228, 159.952 )
Actual:     0.04     Min:     0.065

SPACING: Regular Via of Net FECTS_clks_clk___L4_N11 & Blockage of Cell link_datain_1_d_reg[11]  ( M1 )
Bounds : ( 105.228, 159.790 ) ( 105.293, 159.818 )
Actual:     0.0275     Min:     0.065

SHORT: Regular Via of Net FECTS_clks_clk___L4_N11 & Pin of Cell U5176  ( M1 )
Bounds : ( 120.808, 156.967 ) ( 120.872, 157.040 )


SPACING: Regular Via of Net FECTS_clks_clk___L4_N11 & Pin of Cell link_addr_2_fifo/data_mem_reg[1][2]  ( M1 )
Bounds : ( 114.793, 152.027 ) ( 114.812, 152.163 )
Actual:     0.02     Min:     0.065

SPACING: Regular Via of Net FECTS_clks_clk___L4_N17 & Pin of Cell U4647  ( M1 )
Bounds : ( 118.213, 142.148 ) ( 118.223, 142.152 )
Actual:     0.01     Min:     0.065

SPACING: Regular Via of Net FECTS_clks_clk___L4_N11 & Blockage of Cell FE_RC_17198_0  ( M1 )
Bounds : ( 119.287, 152.163 ) ( 119.353, 152.165 )
Actual:     0.0025     Min:     0.065

SPACING: Regular Via of Net FECTS_clks_clk___L4_N17 & Blockage of Cell link_addr_0_fifo/data_mem_reg[0][2]  ( M1 )
Bounds : ( 105.558, 137.208 ) ( 105.607, 137.245 )
Actual:     0.05     Min:     0.065

SPACING: Regular Via of Net FECTS_clks_clk___L4_N17 & Blockage of Cell link_addr_0_fifo/data_mem_reg[0][2]  ( M1 )
Bounds : ( 105.673, 137.208 ) ( 105.717, 137.342 )
Actual:     0.045     Min:     0.065

SHORT: Regular Via of Net FECTS_clks_clk___L4_N11 & Pin of Cell FE_RC_17198_0  ( M1 )
Bounds : ( 119.287, 152.027 ) ( 119.342, 152.100 )


SHORT: Regular Via of Net FECTS_clks_clk___L4_N11 & Blockage of Cell U3755  ( M1 )
Bounds : ( 123.467, 152.027 ) ( 123.475, 152.163 )


SHORT: Regular Via of Net FECTS_clks_clk___L4_N11 & Blockage of Cell U3755  ( M1 )
Bounds : ( 123.467, 152.148 ) ( 123.533, 152.163 )


SHORT: Regular Via of Net FECTS_clks_clk___L4_N17 & Pin of Cell link_addr_2_fifo/data_mem_reg[0][2]  ( M1 )
Bounds : ( 103.988, 143.322 ) ( 104.052, 143.387 )


SHORT: Regular Via of Net FECTS_clks_clk___L4_N17 & Pin of Cell U4647  ( M1 )
Bounds : ( 118.147, 142.148 ) ( 118.152, 142.283 )


SHORT: Regular Wire of Net FE_OCPN10254_link_datain_1_11_ & Pin of Cell U4819  ( M1 )
Bounds : ( 104.835, 147.057 ) ( 104.900, 147.122 )


SHORT: Regular Wire of Net FE_OCPN10254_link_datain_1_11_ & Pin of Cell U4819  ( M1 )
Bounds : ( 104.835, 147.057 ) ( 104.912, 147.092 )


SPACING: Regular Via of Net FECTS_clks_clk___L4_N11 & Regular Wire of Net n3113  ( M1 )
Bounds : ( 110.897, 171.773 ) ( 110.927, 171.788 )
Actual:     0.0335     Min:     0.065

SPACING: Regular Via of Net FECTS_clks_clk___L4_N11 & Pin of Cell link_addr_1_fifo/data_mem_reg[0][12]  ( M1 )
Bounds : ( 105.293, 174.637 ) ( 105.312, 174.773 )
Actual:     0.02     Min:     0.065

SPACING: Regular Via of Net FECTS_clks_clk___L4_N11 & Pin of Cell link_addr_1_fifo/data_mem_reg[1][12]  ( M1 )
Bounds : ( 115.552, 181.762 ) ( 115.573, 181.898 )
Actual:     0.02     Min:     0.065

SPACING: Regular Via of Net FECTS_clks_clk___L4_N11 & Pin of Cell U5172  ( M1 )
Bounds : ( 126.952, 181.667 ) ( 126.963, 181.673 )
Actual:     0.01     Min:     0.065

SPACING: Regular Via of Net FECTS_clks_clk___L4_N11 & Pin of Cell U4039  ( M1 )
Bounds : ( 106.052, 171.893 ) ( 106.110, 171.923 )
Actual:     0.0575     Min:     0.065

SPACING: Regular Via of Net FECTS_clks_clk___L4_N11 & Pin of Cell FE_OCPC7843_FE_OFN3739_FE_OCP_RBN2170_FE_OFN145_n3985  ( M1 )
Bounds : ( 104.835, 164.893 ) ( 104.848, 164.943 )
Actual:     0.0515     Min:     0.065

SPACING: Regular Via of Net FECTS_clks_clk___L4_N11 & Blockage of Cell U5165  ( M1 )
Bounds : ( 120.048, 169.695 ) ( 120.113, 169.697 )
Actual:     0.0025     Min:     0.065

SPACING: Regular Via of Net FECTS_clks_clk___L4_N11 & Blockage of Cell FE_OCPC7819_n3113  ( M1 )
Bounds : ( 110.905, 171.908 ) ( 110.927, 171.923 )
Actual:     0.0225     Min:     0.065

SPACING: Regular Via of Net FECTS_clks_clk___L4_N11 & Blockage of Cell link_addr_1_fifo/data_mem_reg[1][12]  ( M2 )
Bounds : ( 115.840, 182.682 ) ( 115.887, 182.755 )
Actual:     0.0475     Min:     0.075

SPACING: Regular Via of Net FECTS_clks_clk___L4_N11 & Blockage of Cell link_addr_1_fifo/data_mem_reg[1][12]  ( M2 )
Bounds : ( 115.840, 182.602 ) ( 115.878, 182.615 )
Actual:     0.0395     Min:     0.075

SPACING: Regular Via of Net FECTS_clks_clk___L4_N11 & Blockage of Cell FE_OCPC11361_FE_OCP_RBN11176_FE_OFN151_n3958  ( M1 )
Bounds : ( 115.465, 181.788 ) ( 115.488, 181.898 )
Actual:     0.0225     Min:     0.065

SPACING: Regular Via of Net FECTS_clks_clk___L4_N11 & Blockage of Cell U4039  ( M1 )
Bounds : ( 106.052, 171.788 ) ( 106.105, 171.827 )
Actual:     0.0525     Min:     0.065

SHORT: Regular Wire of Net n3113 & Blockage of Cell FE_OCPC7819_n3113  ( M1 )
Bounds : ( 110.832, 171.633 ) ( 110.905, 171.643 )


SHORT: Regular Via of Net clks.clk & Pin of Cell FE_OFC3562_FE_OCP_RBN2648_FE_OFN158_n2043  ( M1 )
Bounds : ( 106.808, 184.458 ) ( 106.810, 184.523 )


SHORT: Regular Via of Net FECTS_clks_clk___L1_N0 & Pin of Cell FE_OFC3562_FE_OCP_RBN2648_FE_OFN158_n2043  ( M1 )
Bounds : ( 106.710, 185.360 ) ( 106.753, 185.425 )


SHORT: Regular Via of Net FECTS_clks_clk___L1_N0 & Pin of Cell FE_OFC3562_FE_OCP_RBN2648_FE_OFN158_n2043  ( M1 )
Bounds : ( 106.618, 185.360 ) ( 106.625, 185.425 )


SHORT: Regular Via of Net FECTS_clks_clk___L4_N11 & Pin of Cell U5165  ( M1 )
Bounds : ( 120.048, 169.760 ) ( 120.103, 169.833 )


SHORT: Regular Via of Net FECTS_clks_clk___L4_N11 & Pin of Cell U3261  ( M1 )
Bounds : ( 115.933, 179.577 ) ( 115.933, 179.712 )


SHORT: Regular Via of Net FECTS_clks_clk___L4_N11 & Pin of Cell U5172  ( M1 )
Bounds : ( 126.887, 181.667 ) ( 126.893, 181.803 )


SHORT: Regular Via of Net FECTS_clks_clk___L4_N11 & Blockage of Cell U4039  ( M1 )
Bounds : ( 105.988, 171.788 ) ( 106.040, 171.923 )


SPACING: Regular Via of Net FECTS_clks_clk___L4_N19 & Pin of Cell link_addr_0_fifo/data_mem_reg[0][15]  ( M1 )
Bounds : ( 137.212, 142.185 ) ( 137.253, 142.283 )
Actual:     0.04     Min:     0.065

SHORT: Regular Via of Net FECTS_clks_clk___L4_N19 & Blockage of Cell link_addr_0_fifo/data_mem_reg[0][15]  ( M1 )
Bounds : ( 137.148, 142.148 ) ( 137.188, 142.247 )


SPACING: Regular Via of Net FECTS_clks_clk___L4_N16 & Regular Wire of Net FE_OCP_RBN9970_n3550  ( M1 )
Bounds : ( 174.357, 140.193 ) ( 174.387, 140.208 )
Actual:     0.0335     Min:     0.065

SPACING: Regular Via of Net FECTS_clks_clk___L4_N16 & Pin of Cell FE_RC_23560_0  ( M1 )
Bounds : ( 164.952, 140.098 ) ( 164.958, 140.117 )
Actual:     0.0205     Min:     0.065

SPACING: Regular Via of Net FECTS_clks_clk___L4_N16 & Pin of Cell FE_RC_23560_0  ( M1 )
Bounds : ( 164.952, 139.905 ) ( 164.982, 139.962 )
Actual:     0.0645     Min:     0.065

SPACING: Regular Via of Net vdd & Blockage of Cell haddr1_d_reg[2]  ( M1 )
Bounds : ( 182.673, 132.492 ) ( 182.702, 132.557 )
Actual:     0.03     Min:     0.065

SPACING: Regular Via of Net vdd & Blockage of Cell haddr1_d_reg[2]  ( M1 )
Bounds : ( 182.568, 132.557 ) ( 182.673, 132.607 )
Actual:     0.05     Min:     0.065

SPACING: Regular Via of Net FECTS_clks_clk___L4_N16 & Blockage of Cell FE_OCP_RBC9971_n3550  ( M1 )
Bounds : ( 174.365, 140.057 ) ( 174.387, 140.072 )
Actual:     0.0225     Min:     0.065

SHORT: Regular Via of Net FECTS_clks_clk___L4_N16 & Blockage of Cell FE_RC_23560_0  ( M1 )
Bounds : ( 164.887, 139.962 ) ( 164.893, 140.098 )


SHORT: Regular Via of Net FECTS_clks_clk___L4_N16 & Blockage of Cell haddr1_d_reg[2]  ( M1 )
Bounds : ( 182.747, 132.268 ) ( 182.768, 132.402 )


SHORT: Regular Via of Net FECTS_clks_clk___L4_N16 & Pin of Cell FE_RC_7694_0  ( M1 )
Bounds : ( 163.747, 132.268 ) ( 163.812, 132.402 )


SHORT: Regular Via of Net FECTS_clks_clk___L4_N16 & Blockage of Cell link_addr_2_fifo/data_mem_reg[0][3]  ( M1 )
Bounds : ( 174.387, 132.268 ) ( 174.443, 132.402 )


SHORT: Regular Via of Net FECTS_clks_clk___L4_N16 & Blockage of Cell link_addr_2_fifo/data_mem_reg[0][3]  ( M1 )
Bounds : ( 174.387, 132.268 ) ( 174.452, 132.305 )


SHORT: Regular Wire of Net FE_OCP_RBN9970_n3550 & Blockage of Cell FE_OCP_RBC9971_n3550  ( M1 )
Bounds : ( 174.292, 140.337 ) ( 174.365, 140.348 )


SPACING: Regular Via of Net FECTS_clks_clk___L4_N19 & Pin of Cell FE_OCPC5701_FE_OFN124_n4863  ( M1 )
Bounds : ( 142.152, 139.962 ) ( 142.210, 140.087 )
Actual:     0.0575     Min:     0.065

SPACING: Regular Via of Net FECTS_clks_clk___L4_N19 & Blockage of Cell U4658  ( M1 )
Bounds : ( 149.307, 132.402 ) ( 149.372, 132.405 )
Actual:     0.0025     Min:     0.065

SPACING: Regular Via of Net FECTS_clks_clk___L4_N19 & Blockage of Cell link_addr_0_fifo/data_mem_reg[0][15]  ( M1 )
Bounds : ( 137.188, 142.120 ) ( 137.212, 142.148 )
Actual:     0.0275     Min:     0.065

SHORT: Regular Via of Net FECTS_clks_clk___L4_N19 & Pin of Cell U4658  ( M1 )
Bounds : ( 149.307, 132.268 ) ( 149.363, 132.340 )


SHORT: Regular Via of Net FECTS_clks_clk___L4_N19 & Pin of Cell FE_RC_4858_0  ( M1 )
Bounds : ( 147.408, 137.208 ) ( 147.473, 137.212 )


SHORT: Regular Via of Net FECTS_clks_clk___L4_N19 & Blockage of Cell FE_RC_4858_0  ( M1 )
Bounds : ( 147.408, 137.277 ) ( 147.473, 137.342 )


SHORT: Regular Via of Net FECTS_clks_clk___L4_N19 & Blockage of Cell FE_OCPC5701_FE_OFN124_n4863  ( M1 )
Bounds : ( 142.087, 139.962 ) ( 142.140, 140.098 )


SPACING: Regular Via of Net FECTS_clks_clk___L4_N8 & Pin of Cell link_datain_2_d_reg[0]  ( M1 )
Bounds : ( 139.372, 159.875 ) ( 139.428, 159.920 )
Actual:     0.055     Min:     0.065

SPACING: Regular Via of Net vdd & Blockage of Cell link_datain_1_d_reg[28]  ( M1 )
Bounds : ( 148.852, 159.663 ) ( 148.883, 159.727 )
Actual:     0.03     Min:     0.065

SPACING: Regular Via of Net vdd & Blockage of Cell link_datain_1_d_reg[28]  ( M1 )
Bounds : ( 148.747, 159.613 ) ( 148.852, 159.663 )
Actual:     0.05     Min:     0.065

SPACING: Regular Via of Net FECTS_clks_clk___L4_N8 & Blockage of Cell link_datain_2_d_reg[0]  ( M2 )
Bounds : ( 139.357, 159.818 ) ( 139.425, 159.952 )
Actual:     0.0675     Min:     0.075

SPACING: Regular Via of Net FECTS_clks_clk___L4_N8 & Blockage of Cell U4616  ( M1 )
Bounds : ( 137.527, 157.102 ) ( 137.592, 157.105 )
Actual:     0.0025     Min:     0.065

SHORT: Regular Via of Net FECTS_clks_clk___L4_N8 & Pin of Cell link_datain_2_d_reg[0]  ( M1 )
Bounds : ( 139.428, 159.920 ) ( 139.492, 159.952 )


SHORT: Regular Wire of Net FECTS_clks_clk___L4_N8 & Blockage of Cell link_datain_2_d_reg[0]  ( M2 )
Bounds : ( 139.288, 159.850 ) ( 139.357, 159.920 )


SHORT: Regular Via of Net FECTS_clks_clk___L4_N8 & Pin of Cell U4616  ( M1 )
Bounds : ( 137.527, 156.967 ) ( 137.583, 157.040 )


SHORT: Regular Via of Net FECTS_clks_clk___L4_N19 & Blockage of Cell link_datain_1_d_reg[28]  ( M1 )
Bounds : ( 148.928, 159.818 ) ( 148.947, 159.952 )


SPACING: Regular Via of Net FECTS_clks_clk___L4_N19 & Pin of Cell FE_OCPUNCOC9132_n1967  ( M1 )
Bounds : ( 148.232, 152.133 ) ( 148.290, 152.163 )
Actual:     0.0575     Min:     0.065

SPACING: Regular Via of Net FECTS_clks_clk___L4_N19 & Pin of Cell link_addr_0_fifo/data_mem_reg[0][15]  ( M1 )
Bounds : ( 137.148, 142.283 ) ( 137.212, 142.312 )
Actual:     0.03     Min:     0.065

SPACING: Regular Via of Net FECTS_clks_clk___L4_N19 & Blockage of Cell FE_OCPUNCOC9132_n1967  ( M1 )
Bounds : ( 148.232, 152.027 ) ( 148.285, 152.068 )
Actual:     0.0525     Min:     0.065

SPACING: Regular Via of Net FECTS_clks_clk___L4_N19 & Blockage of Cell link_datain_0_d_reg[15]  ( M1 )
Bounds : ( 148.613, 144.997 ) ( 148.663, 145.133 )
Actual:     0.05     Min:     0.065

SPACING: Regular Via of Net FECTS_clks_clk___L4_N19 & Blockage of Cell link_datain_0_d_reg[15]  ( M2 )
Bounds : ( 148.260, 145.135 ) ( 148.298, 145.140 )
Actual:     0.005     Min:     0.075

SPACING: Regular Via of Net FECTS_clks_clk___L4_N19 & Blockage of Cell U4912  ( M1 )
Bounds : ( 143.988, 144.995 ) ( 144.053, 144.997 )
Actual:     0.0025     Min:     0.065

SHORT: Regular Via of Net FECTS_clks_clk___L4_N19 & Blockage of Cell FE_OCPUNCOC9132_n1967  ( M1 )
Bounds : ( 148.167, 152.027 ) ( 148.220, 152.163 )


SHORT: Regular Via of Net FECTS_clks_clk___L4_N19 & Pin of Cell U4912  ( M1 )
Bounds : ( 143.988, 145.060 ) ( 144.042, 145.133 )


SPACING: Regular Via of Net n4691 & Pin of Cell U6313  ( M1 )
Bounds : ( 136.122, 179.393 ) ( 136.128, 179.423 )
Actual:     0.03     Min:     0.065

SPACING: Regular Via of Net FECTS_clks_clk___L4_N8 & Pin of Cell U4666  ( M1 )
Bounds : ( 151.208, 179.617 ) ( 151.262, 179.640 )
Actual:     0.0225     Min:     0.065

SPACING: Regular Via of Net FECTS_clks_clk___L4_N8 & Regular Wire of Net FE_OCPN7372_FE_OFN3244_n4380  ( M1 )
Bounds : ( 136.738, 176.712 ) ( 136.768, 176.727 )
Actual:     0.0335     Min:     0.065

SPACING: Regular Via of Net FECTS_clks_clk___L4_N8 & Pin of Cell link_addr_0_fifo/data_mem_reg[1][28]  ( M1 )
Bounds : ( 139.053, 169.447 ) ( 139.107, 169.512 )
Actual:     0.055     Min:     0.065

SPACING: Regular Via of Net FECTS_clks_clk___L4_N11 & Pin of Cell link_addr_0_fifo/data_mem_reg[1][28]  ( M1 )
Bounds : ( 137.533, 170.587 ) ( 137.572, 170.652 )
Actual:     0.04     Min:     0.065

SPACING: Regular Via of Net n4691 & Pin of Cell U6313  ( M1 )
Bounds : ( 136.008, 179.488 ) ( 136.087, 179.518 )
Actual:     0.03     Min:     0.065  SameNetGap

SPACING: Regular Via of Net FECTS_clks_clk___L4_N8 & Blockage of Cell FE_OCPC312_FE_OFN69_n4380  ( M1 )
Bounds : ( 136.745, 176.848 ) ( 136.768, 176.863 )
Actual:     0.0225     Min:     0.065

SPACING: Regular Via of Net FECTS_clks_clk___L4_N8 & Blockage of Cell link_addr_0_fifo/data_mem_reg[1][28]  ( M1 )
Bounds : ( 138.952, 169.428 ) ( 139.042, 169.447 )
Actual:     0.02     Min:     0.065

SPACING: Regular Via of Net FECTS_clks_clk___L4_N8 & Blockage of Cell link_addr_1_fifo/data_mem_reg[0][28]  ( M2 )
Bounds : ( 131.432, 181.667 ) ( 131.445, 181.803 )
Actual:     0.0125     Min:     0.075

SPACING: Regular Via of Net FECTS_clks_clk___L4_N8 & Blockage of Cell link_addr_1_fifo/data_mem_reg[0][28]  ( M1 )
Bounds : ( 131.428, 181.747 ) ( 131.447, 181.803 )
Actual:     0.02     Min:     0.065

SPACING: Regular Via of Net FECTS_clks_clk___L4_N8 & Blockage of Cell link_addr_1_fifo/data_mem_reg[0][28]  ( via1 )
Bounds : ( 131.428, 181.768 ) ( 131.447, 181.783 )
Actual:     0.025     Min:     0.075

SPACING: Regular Via of Net FECTS_clks_clk___L4_N11 & Blockage of Cell link_addr_0_fifo/data_mem_reg[1][28]  ( M1 )
Bounds : ( 137.398, 170.583 ) ( 137.452, 170.587 )
Actual:     0.005     Min:     0.065

SHORT: Regular Via of Net FECTS_clks_clk___L3_N2 & Pin of Cell link_addr_0_fifo/data_mem_reg[1][28]  ( M1 )
Bounds : ( 137.587, 169.637 ) ( 137.723, 169.702 )


SHORT: Regular Via of Net FECTS_clks_clk___L3_N2 & Pin of Cell link_addr_0_fifo/data_mem_reg[1][28]  ( M1 )
Bounds : ( 139.238, 169.637 ) ( 139.242, 169.702 )


SHORT: Regular Via of Net FECTS_clks_clk___L3_N2 & Pin of Cell link_addr_0_fifo/data_mem_reg[1][28]  ( M1 )
Bounds : ( 139.107, 169.637 ) ( 139.173, 169.693 )


SHORT: Regular Via of Net FECTS_clks_clk___L4_N8 & Blockage of Cell U4666  ( M1 )
Bounds : ( 151.262, 179.482 ) ( 151.273, 179.575 )


SHORT: Regular Via of Net FECTS_clks_clk___L4_N8 & Blockage of Cell U4666  ( M1 )
Bounds : ( 151.208, 179.510 ) ( 151.273, 179.575 )


SHORT: Regular Via of Net FECTS_clks_clk___L4_N8 & Pin of Cell FE_OCPUNCOC4072_FE_OFN3548_n2043  ( M1 )
Bounds : ( 145.887, 184.587 ) ( 145.950, 184.652 )


SHORT: Regular Via of Net FECTS_clks_clk___L4_N8 & Pin of Cell FE_OCPUNCOC4072_FE_OFN3548_n2043  ( M1 )
Bounds : ( 145.887, 184.518 ) ( 145.952, 184.523 )


SHORT: Regular Via of Net FECTS_clks_clk___L4_N8 & Pin of Cell link_addr_1_fifo/data_mem_reg[0][28]  ( M1 )
Bounds : ( 131.508, 181.667 ) ( 131.512, 181.803 )


SHORT: Regular Via of Net FECTS_clks_clk___L4_N8 & Pin of Cell link_addr_1_fifo/data_mem_reg[0][28]  ( M1 )
Bounds : ( 131.447, 181.667 ) ( 131.512, 181.682 )


SHORT: Regular Wire of Net FECTS_clks_clk___L4_N8 & Blockage of Cell link_addr_1_fifo/data_mem_reg[0][28]  ( M2 )
Bounds : ( 131.363, 181.700 ) ( 131.432, 181.770 )


SHORT: Regular Via of Net FECTS_clks_clk___L4_N8 & Pin of Cell U6313  ( M1 )
Bounds : ( 136.387, 179.688 ) ( 136.413, 179.712 )


SHORT: Regular Via of Net FECTS_clks_clk___L4_N8 & Pin of Cell U6313  ( M1 )
Bounds : ( 136.387, 179.577 ) ( 136.452, 179.622 )


SHORT: Regular Wire of Net FE_OCPN7372_FE_OFN3244_n4380 & Blockage of Cell FE_OCPC312_FE_OFN69_n4380  ( M1 )
Bounds : ( 136.673, 176.572 ) ( 136.745, 176.583 )


SPACING: Regular Via of Net FECTS_clks_clk___L4_N8 & Pin of Cell link_addr_2_fifo/data_mem_reg[0][24]  ( M1 )
Bounds : ( 162.988, 176.863 ) ( 163.053, 176.867 )
Actual:     0.005     Min:     0.065

SPACING: Regular Via of Net FECTS_clks_clk___L4_N8 & Blockage of Cell link_addr_2_fifo/data_mem_reg[0][24]  ( M1 )
Bounds : ( 162.988, 176.725 ) ( 163.053, 176.727 )
Actual:     0.0025     Min:     0.065

SPACING: Regular Via of Net FECTS_clks_clk___L4_N16 & Blockage of Cell haddr0_d_reg[31]  ( M1 )
Bounds : ( 161.807, 156.967 ) ( 161.848, 157.065 )
Actual:     0.04     Min:     0.065

SPACING: Regular Via of Net FECTS_clks_clk___L4_N16 & Blockage of Cell haddr0_d_reg[31]  ( M1 )
Bounds : ( 161.848, 157.102 ) ( 161.913, 157.130 )
Actual:     0.0275     Min:     0.065

SHORT: Regular Via of Net FECTS_clks_clk___L4_N8 & Pin of Cell FE_RC_13038_0  ( M1 )
Bounds : ( 161.087, 164.758 ) ( 161.152, 164.893 )


SHORT: Regular Via of Net FECTS_clks_clk___L4_N8 & Blockage of Cell haddr2_d_reg[31]  ( M1 )
Bounds : ( 157.667, 166.848 ) ( 157.688, 166.982 )


SHORT: Regular Via of Net FECTS_clks_clk___L4_N8 & Pin of Cell FE_OFC3206_haddr0_d_17_  ( M1 )
Bounds : ( 169.447, 169.697 ) ( 169.500, 169.833 )


SHORT: Regular Via of Net FECTS_clks_clk___L4_N8 & Pin of Cell FE_OFC3206_haddr0_d_17_  ( M1 )
Bounds : ( 169.447, 169.827 ) ( 169.512, 169.833 )


SPACING: Regular Via of Net FECTS_clks_clk___L4_N16 & Pin of Cell FE_OFC3370_FE_RN_2433_0  ( M1 )
Bounds : ( 175.212, 147.193 ) ( 175.270, 147.223 )
Actual:     0.0575     Min:     0.065

SPACING: Regular Via of Net FECTS_clks_clk___L4_N16 & Blockage of Cell FE_OFC3370_FE_RN_2433_0  ( M1 )
Bounds : ( 175.212, 147.087 ) ( 175.265, 147.128 )
Actual:     0.0525     Min:     0.065

SPACING: Regular Via of Net FECTS_clks_clk___L4_N16 & Blockage of Cell haddr2_d_reg[2]  ( M1 )
Bounds : ( 165.333, 152.027 ) ( 165.383, 152.163 )
Actual:     0.05     Min:     0.065

SHORT: Regular Via of Net FECTS_clks_clk___L4_N16 & Blockage of Cell FE_OFC3370_FE_RN_2433_0  ( M1 )
Bounds : ( 175.148, 147.087 ) ( 175.200, 147.223 )


SHORT: Regular Via of Net FECTS_clks_clk___L4_N16 & Pin of Cell FE_OCP_RBC9968_FE_OCPN7405_FE_OCP_RBN5289_FE_RN_1620_0  ( M1 )
Bounds : ( 161.848, 144.997 ) ( 161.913, 145.133 )


SPACING: Regular Via of Net FECTS_clks_clk___L4_N16 & Pin of Cell FE_RC_17200_0  ( M1 )
Bounds : ( 153.488, 147.085 ) ( 153.553, 147.087 )
Actual:     0.0025     Min:     0.065


Begin Summary ...
  Cells       : 0
  SameNet     : 131
  Wiring      : 89
  Antenna     : 0
  Short       : 231
  Overlap     : 0
End Summary

  Total Violations : 451 Viols.
