###############################################################
#  Generated by:      Cadence Encounter 09.14-s273_1
#  OS:                Linux x86_64(Host ID coe-ee-cad45.sjsuad.sjsu.edu)
#  Generated on:      Tue Nov  8 19:33:27 2016
#  Command:           verifyGeometry
###############################################################

SPACING: Regular Via of Net FECTS_clks_clk___L2_N0 & Blockage of Cell burst_addr_d_reg[6]  ( M1 )
Bounds : ( 58.107, 23.545 ) ( 58.173, 23.587 )
Actual:     0.0425     Min:     0.065

SPACING: Regular Via of Net FECTS_clks_clk___L2_N0 & Blockage of Cell burst_addr_d_reg[4]  ( M1 )
Bounds : ( 64.948, 31.350 ) ( 65.007, 31.378 )
Actual:     0.0275     Min:     0.065

SPACING: Regular Via of Net FECTS_clks_clk___L2_N3 & Blockage of Cell wchrsp_fifo/depth_left_reg[3]  ( M1 )
Bounds : ( 23.593, 31.378 ) ( 23.618, 31.513 )
Actual:     0.025     Min:     0.065

SPACING: Regular Via of Net FECTS_clks_clk___L2_N3 & Blockage of Cell wchrsp_fifo/depth_left_reg[3]  ( M1 )
Bounds : ( 23.528, 31.513 ) ( 23.593, 31.555 )
Actual:     0.0425     Min:     0.065

SHORT: Regular Via of Net FECTS_clks_clk___L2_N0 & Pin of Cell U553  ( M1 )
Bounds : ( 71.787, 21.497 ) ( 71.853, 21.632 )


SHORT: Regular Via of Net FECTS_clks_clk___L2_N0 & Blockage of Cell burst_addr_d_reg[4]  ( M1 )
Bounds : ( 65.007, 31.378 ) ( 65.012, 31.513 )


SHORT: Regular Wire of Net FECTS_clks_clk___L2_N0 & Blockage of Cell burst_addr_d_reg[4]  ( M2 )
Bounds : ( 65.188, 31.410 ) ( 65.257, 31.480 )


SHORT: Regular Via of Net FECTS_clks_clk___L2_N0 & Blockage of Cell burst_addr_d_reg[4]  ( M2 )
Bounds : ( 65.230, 31.375 ) ( 65.257, 31.515 )


SHORT: Regular Via of Net FECTS_clks_clk___L2_N2 & Blockage of Cell wchrsp_fifo/depth_left_reg[5]  ( M1 )
Bounds : ( 49.368, 23.587 ) ( 49.388, 23.722 )


SHORT: Regular Via of Net FECTS_clks_clk___L2_N4 & Pin of Cell U558  ( M1 )
Bounds : ( 58.487, 38.515 ) ( 58.528, 38.542 )


SHORT: Regular Via of Net FECTS_clks_clk___L2_N4 & Pin of Cell U558  ( M1 )
Bounds : ( 58.487, 38.408 ) ( 58.553, 38.412 )


SPACING: Regular Via of Net FECTS_clks_clk___L1_N0 & Pin of Cell U525  ( M1 )
Bounds : ( 40.917, 43.382 ) ( 40.947, 43.447 )
Actual:     0.03     Min:     0.065

SPACING: Regular Via of Net FECTS_clks_clk___L1_N0 & Pin of Cell U525  ( M1 )
Bounds : ( 40.232, 43.382 ) ( 40.248, 43.420 )
Actual:     0.015     Min:     0.065

SPACING: Regular Via of Net FECTS_clks_clk___L2_N1 & Pin of Cell intadd_1/U3  ( M1 )
Bounds : ( 37.565, 53.272 ) ( 37.588, 53.362 )
Actual:     0.0225     Min:     0.065

SPACING: Regular Via of Net FECTS_clks_clk___L2_N4 & Pin of Cell U260  ( M1 )
Bounds : ( 63.873, 43.347 ) ( 63.877, 43.423 )
Actual:     0.005     Min:     0.065

SPACING: Regular Via of Net FECTS_clks_clk___L2_N6 & Pin of Cell intadd_1/U2  ( M2 )
Bounds : ( 41.000, 56.077 ) ( 41.005, 56.213 )
Actual:     0.005     Min:     0.075

SPACING: Regular Via of Net FECTS_clks_clk___L1_N0 & Blockage of Cell U525  ( M1 )
Bounds : ( 40.748, 43.447 ) ( 40.783, 43.485 )
Actual:     0.051     Min:     0.065

SPACING: Regular Via of Net FECTS_clks_clk___L1_N0 & Blockage of Cell U525  ( M1 )
Bounds : ( 40.153, 43.447 ) ( 40.232, 43.485 )
Actual:     0.0375     Min:     0.065

SPACING: Regular Via of Net FECTS_clks_clk___L2_N3 & Blockage of Cell U525  ( M1 )
Bounds : ( 40.062, 43.763 ) ( 40.088, 43.827 )
Actual:     0.025     Min:     0.065

SPACING: Regular Via of Net FECTS_clks_clk___L2_N5 & Blockage of Cell burst_addr_d_reg[26]  ( M1 )
Bounds : ( 58.173, 61.018 ) ( 58.222, 61.153 )
Actual:     0.05     Min:     0.065

SPACING: Regular Via of Net FECTS_clks_clk___L2_N6 & Blockage of Cell intadd_1/U2  ( via1 )
Bounds : ( 41.000, 56.103 ) ( 41.007, 56.112 )
Actual:     0.0125     Min:     0.075

SHORT: Regular Via of Net FECTS_clks_clk___L1_N0 & Pin of Cell U525  ( M1 )
Bounds : ( 40.818, 43.382 ) ( 40.882, 43.447 )


SHORT: Regular Via of Net FECTS_clks_clk___L1_N0 & Blockage of Cell U525  ( M1 )
Bounds : ( 40.097, 43.382 ) ( 40.153, 43.447 )


SHORT: Regular Via of Net FECTS_clks_clk___L2_N1 & Pin of Cell intadd_1/U3  ( M1 )
Bounds : ( 37.588, 53.228 ) ( 37.653, 53.272 )


SHORT: Regular Via of Net FECTS_clks_clk___L2_N4 & Blockage of Cell burst_addr_d_reg[9]  ( M1 )
Bounds : ( 55.068, 53.228 ) ( 55.088, 53.362 )


SHORT: Regular Via of Net FECTS_clks_clk___L2_N4 & Blockage of Cell U260  ( M1 )
Bounds : ( 63.807, 43.347 ) ( 63.812, 43.482 )


SHORT: Regular Wire of Net FECTS_clks_clk___L2_N5 & Blockage of Cell burst_addr_d_reg[26]  ( M2 )
Bounds : ( 58.105, 61.490 ) ( 58.132, 61.625 )


SHORT: Regular Via of Net FECTS_clks_clk___L2_N6 & Pin of Cell U264  ( M1 )
Bounds : ( 48.228, 51.138 ) ( 48.292, 51.272 )


SHORT: Regular Via of Net FECTS_clks_clk___L2_N6 & Pin of Cell intadd_1/U2  ( M1 )
Bounds : ( 41.007, 56.077 ) ( 41.072, 56.103 )


SHORT: Regular Via of Net FECTS_clks_clk___L2_N6 & Pin of Cell intadd_1/U2  ( M1 )
Bounds : ( 41.007, 56.167 ) ( 41.072, 56.213 )


SHORT: Regular Via of Net FECTS_clks_clk___L2_N7 & Pin of Cell U525  ( M1 )
Bounds : ( 40.792, 44.522 ) ( 40.822, 44.588 )


SHORT: Regular Via of Net FECTS_clks_clk___L2_N7 & Pin of Cell intadd_1/U5  ( M1 )
Bounds : ( 31.128, 48.417 ) ( 31.192, 48.423 )


SHORT: Regular Via of Net FECTS_clks_clk___L2_N7 & Blockage of Cell intadd_1/U5  ( M1 )
Bounds : ( 31.128, 48.287 ) ( 31.190, 48.307 )



Begin Summary ...
  Cells       : 0
  SameNet     : 9
  Wiring      : 5
  Antenna     : 0
  Short       : 19
  Overlap     : 0
End Summary

  Total Violations : 33 Viols.
