###############################################################
#  Generated by:      Cadence Encounter 09.14-s273_1
#  OS:                Linux x86_64(Host ID coe-ee-cad45.sjsuad.sjsu.edu)
#  Generated on:      Tue Nov  8 19:33:27 2016
#  Command:           verifyConnectivity -type all
###############################################################
Verify Connectivity Report created on Tue Nov  8 19:33:27 2016



Net FECTS_clks_clk___L2_N7, Pin FECTS_clks_clk___L2_I7.Y: unconnected terminal at (52.015, 57.488) (52.080, 58.470)
Net FECTS_clks_clk___L2_N7, Pin wchaddr_fifo/depth_left_reg[3].CLK: unconnected terminal at (36.068, 41.197) (36.133, 41.355)
Net FECTS_clks_clk___L2_N7, Pin burst_addr_d_reg[16].CLK: unconnected terminal at (36.828, 65.898) (36.892, 66.055)
Net FECTS_clks_clk___L2_N7, Pin burst_addr_d_reg[18].CLK: unconnected terminal at (36.447, 73.025) (36.513, 73.183)
Net FECTS_clks_clk___L2_N7, Pin burst_addr_d_reg[19].CLK: unconnected terminal at (30.367, 73.025) (30.433, 73.183)
Net FECTS_clks_clk___L2_N7, Pin burst_addr_d_reg[20].CLK: unconnected terminal at (22.387, 65.898) (22.453, 66.055)
Net FECTS_clks_clk___L2_N7, Pin burst_addr_d_reg[22].CLK: unconnected terminal at (20.867, 60.958) (20.933, 61.115)
Net FECTS_clks_clk___L2_N7, Pin burst_addr_d_reg[23].CLK: unconnected terminal at (22.387, 68.085) (22.453, 68.243)
Net FECTS_clks_clk___L2_N7, Pin burst_addr_d_reg[24].CLK: unconnected terminal at (30.748, 65.898) (30.812, 66.055)
Net FECTS_clks_clk___L2_N7: open at (20.900, 33.535) (40.755, 53.295)
Net FECTS_clks_clk___L2_N7: dangling Wire at (20.900, 46.265) (20.900, 46.265) on layer: M1
Net FECTS_clks_clk___L2_N7: dangling Wire at (30.400, 33.535) (30.400, 33.535) on layer: M1
Net FECTS_clks_clk___L2_N7: dangling Wire at (26.980, 48.355) (26.980, 48.355) on layer: M1
Net FECTS_clks_clk___L2_N7: dangling Wire at (31.160, 48.355) (31.160, 48.355) on layer: M1
Net FECTS_clks_clk___L2_N7: dangling Wire at (40.755, 44.555) (40.755, 44.555) on layer: M1
Net FECTS_clks_clk___L2_N7: dangling Wire at (21.660, 48.355) (21.660, 48.355) on layer: M1
Net FECTS_clks_clk___L2_N7: dangling Wire at (30.780, 53.295) (30.780, 53.295) on layer: M1
Net FECTS_clks_clk___L2_N7: dangling Wire at (21.660, 51.205) (21.660, 51.205) on layer: M1
Net FECTS_clks_clk___L2_N7: dangling Wire at (26.600, 53.295) (26.600, 53.295) on layer: M1
Net FECTS_clks_clk___L2_N6, Pin FECTS_clks_clk___L2_I6.Y: unconnected terminal at (72.915, 47.608) (72.980, 48.590)
Net FECTS_clks_clk___L2_N6, Pin burst_addr_d_reg[8].CLK: unconnected terminal at (68.748, 53.265) (68.812, 53.422)
Net FECTS_clks_clk___L2_N6, Pin burst_addr_d_reg[9].CLK: unconnected terminal at (52.407, 53.265) (52.473, 53.422)
Net FECTS_clks_clk___L2_N6, Pin burst_addr_d_reg[10].CLK: unconnected terminal at (52.407, 77.965) (52.473, 78.123)
Net FECTS_clks_clk___L2_N6, Pin burst_addr_d_reg[14].CLK: unconnected terminal at (45.188, 65.898) (45.252, 66.055)
Net FECTS_clks_clk___L2_N6, Pin burst_addr_d_reg[25].CLK: unconnected terminal at (55.447, 58.205) (55.513, 58.363)
Net FECTS_clks_clk___L2_N6, Pin burst_addr_d_reg[26].CLK: unconnected terminal at (56.968, 60.958) (57.032, 61.115)
Net FECTS_clks_clk___L2_N6, Pin burst_addr_d_reg[30].CLK: unconnected terminal at (69.508, 65.898) (69.573, 66.055)
Net FECTS_clks_clk___L2_N6, Pin burst_addr_d_reg[31].CLK: unconnected terminal at (63.808, 68.085) (63.873, 68.243)
Net FECTS_clks_clk___L2_N6, Pin wchaddr_fifo/r_ptr_reg[3].CLK: unconnected terminal at (73.308, 77.965) (73.373, 78.123)
Net FECTS_clks_clk___L2_N6: open at (36.480, 39.615) (54.373, 56.145)
Net FECTS_clks_clk___L2_N6: dangling Wire at (51.680, 48.355) (51.680, 48.355) on layer: M1
Net FECTS_clks_clk___L2_N6: dangling Wire at (54.373, 56.145) (54.373, 56.145) on layer: M1
Net FECTS_clks_clk___L2_N6: dangling Wire at (41.040, 41.325) (41.040, 41.325) on layer: M1
Net FECTS_clks_clk___L2_N6: dangling Wire at (36.480, 48.355) (36.480, 48.355) on layer: M1
Net FECTS_clks_clk___L2_N6: dangling Wire at (41.040, 56.145) (41.040, 56.145) on layer: M1
Net FECTS_clks_clk___L2_N6: dangling Wire at (43.700, 46.265) (43.700, 46.265) on layer: M1
Net FECTS_clks_clk___L2_N6: dangling Wire at (42.940, 43.415) (42.940, 43.415) on layer: M1
Net FECTS_clks_clk___L2_N6: dangling Wire at (54.055, 39.615) (54.055, 39.615) on layer: M1
Net FECTS_clks_clk___L2_N6: dangling Wire at (51.300, 41.325) (51.300, 41.325) on layer: M1
Net FECTS_clks_clk___L2_N6: dangling Wire at (48.260, 51.205) (48.260, 51.205) on layer: M1
Net FECTS_clks_clk___L2_N5, Pin FECTS_clks_clk___L2_I5.Y: unconnected terminal at (54.675, 57.488) (54.740, 58.470)
Net FECTS_clks_clk___L2_N5, Pin burst_addr_d_reg[27].CLK: unconnected terminal at (57.727, 85.657) (57.793, 85.815)
Net FECTS_clks_clk___L2_N5, Pin wchrsp_fifo/r_ptr_reg[2].CLK: unconnected terminal at (65.707, 85.657) (65.773, 85.815)
Net FECTS_clks_clk___L2_N5, Pin wchrsp_fifo/r_ptr_reg[3].CLK: unconnected terminal at (63.047, 90.597) (63.113, 90.755)
Net FECTS_clks_clk___L2_N5, Pin wchrsp_fifo/r_ptr_reg[4].CLK: unconnected terminal at (77.108, 90.597) (77.172, 90.755)
Net FECTS_clks_clk___L2_N5, Pin wchaddr_fifo/w_ptr_reg[2].CLK: unconnected terminal at (74.828, 80.718) (74.892, 80.875)
Net FECTS_clks_clk___L2_N5, Pin wchaddr_fifo/w_ptr_reg[3].CLK: unconnected terminal at (69.888, 90.597) (69.953, 90.755)
Net FECTS_clks_clk___L2_N5, Pin wchaddr_fifo/w_ptr_reg[4].CLK: unconnected terminal at (79.388, 85.657) (79.453, 85.815)
Net FECTS_clks_clk___L2_N5, Pin wchaddr_fifo/r_ptr_reg[4].CLK: unconnected terminal at (83.567, 90.597) (83.633, 90.755)
Net FECTS_clks_clk___L2_N5: open at (42.275, 44.555) (60.800, 63.175)
Net FECTS_clks_clk___L2_N5: dangling Wire at (52.060, 63.175) (52.060, 63.175) on layer: M1
Net FECTS_clks_clk___L2_N5: dangling Wire at (56.620, 63.175) (56.620, 63.175) on layer: M1
Net FECTS_clks_clk___L2_N5: dangling Wire at (47.880, 63.175) (47.880, 63.175) on layer: M1
Net FECTS_clks_clk___L2_N5: dangling Wire at (44.460, 61.085) (44.460, 61.085) on layer: M1
Net FECTS_clks_clk___L2_N5: dangling Wire at (55.100, 58.235) (55.100, 58.235) on layer: M1
Net FECTS_clks_clk___L2_N5: dangling Wire at (60.800, 63.175) (60.800, 63.175) on layer: M1
Net FECTS_clks_clk___L2_N5: dangling Wire at (42.275, 44.555) (42.275, 44.555) on layer: M1
Net FECTS_clks_clk___L2_N5: dangling Wire at (58.140, 61.085) (58.140, 61.085) on layer: M1
Net FECTS_clks_clk___L2_N5: dangling Wire at (49.400, 61.085) (49.400, 61.085) on layer: M1
Net FECTS_clks_clk___L2_N4, Pin FECTS_clks_clk___L2_I4.Y: unconnected terminal at (75.195, 47.608) (75.260, 48.590)
Net FECTS_clks_clk___L2_N4, Pin wready_d_reg.CLK: unconnected terminal at (86.608, 53.265) (86.672, 53.422)
Net FECTS_clks_clk___L2_N4, Pin wchrsp_fifo/w_ptr_reg[1].CLK: unconnected terminal at (80.148, 48.325) (80.213, 48.483)
Net FECTS_clks_clk___L2_N4, Pin wchrsp_fifo/w_ptr_reg[3].CLK: unconnected terminal at (96.108, 58.205) (96.172, 58.363)
Net FECTS_clks_clk___L2_N4, Pin wchrsp_fifo/w_ptr_reg[4].CLK: unconnected terminal at (94.968, 53.265) (95.032, 53.422)
Net FECTS_clks_clk___L2_N4, Pin wchrsp_fifo/r_ptr_reg[0].CLK: unconnected terminal at (88.508, 58.205) (88.573, 58.363)
Net FECTS_clks_clk___L2_N4, Pin wchrsp_fifo/r_ptr_reg[1].CLK: unconnected terminal at (74.067, 60.958) (74.133, 61.115)
Net FECTS_clks_clk___L2_N4, Pin wchaddr_fifo/r_ptr_reg[0].CLK: unconnected terminal at (78.248, 58.205) (78.312, 58.363)
Net FECTS_clks_clk___L2_N4, Pin wchaddr_fifo/r_ptr_reg[1].CLK: unconnected terminal at (86.228, 60.958) (86.293, 61.115)
Net FECTS_clks_clk___L2_N4, Pin wchaddr_fifo/r_ptr_reg[2].CLK: unconnected terminal at (74.828, 73.025) (74.892, 73.183)
Net FECTS_clks_clk___L2_N4: open at (54.720, 38.475) (68.780, 53.295)
Net FECTS_clks_clk___L2_N4: dangling Wire at (54.720, 46.265) (54.720, 46.265) on layer: M1
Net FECTS_clks_clk___L2_N4: dangling Wire at (62.700, 41.325) (62.700, 41.325) on layer: M1
Net FECTS_clks_clk___L2_N4: dangling Wire at (68.780, 43.415) (68.780, 43.415) on layer: M1
Net FECTS_clks_clk___L2_N4: dangling Wire at (68.020, 41.325) (68.020, 41.325) on layer: M1
Net FECTS_clks_clk___L2_N4: dangling Wire at (57.380, 43.415) (57.380, 43.415) on layer: M1
Net FECTS_clks_clk___L2_N4: dangling Wire at (55.575, 39.615) (55.575, 39.615) on layer: M1
Net FECTS_clks_clk___L2_N4: dangling Wire at (63.840, 43.415) (63.840, 43.415) on layer: M1
Net FECTS_clks_clk___L2_N4: dangling Wire at (62.320, 46.265) (62.320, 46.265) on layer: M1
Net FECTS_clks_clk___L2_N4: dangling Wire at (58.520, 38.475) (58.520, 38.475) on layer: M1
Net FECTS_clks_clk___L2_N4: dangling Wire at (55.100, 53.295) (55.100, 53.295) on layer: M1
Net FECTS_clks_clk___L2_N3, Pin FECTS_clks_clk___L2_I3.Y: unconnected terminal at (50.495, 57.488) (50.560, 58.470)
Net FECTS_clks_clk___L2_N3, Pin wchaddr_fifo/depth_left_reg[0].CLK: unconnected terminal at (30.748, 33.505) (30.812, 33.663)
Net FECTS_clks_clk___L2_N3, Pin wchaddr_fifo/depth_left_reg[1].CLK: unconnected terminal at (29.227, 41.197) (29.293, 41.355)
Net FECTS_clks_clk___L2_N3, Pin wchaddr_fifo/depth_left_reg[2].CLK: unconnected terminal at (35.307, 31.317) (35.373, 31.475)
Net FECTS_clks_clk___L2_N3, Pin wchrsp_fifo/depth_left_reg[0].CLK: unconnected terminal at (20.488, 33.505) (20.553, 33.663)
Net FECTS_clks_clk___L2_N3, Pin wchrsp_fifo/depth_left_reg[1].CLK: unconnected terminal at (25.428, 36.258) (25.492, 36.415)
Net FECTS_clks_clk___L2_N3, Pin wchrsp_fifo/depth_left_reg[2].CLK: unconnected terminal at (28.468, 31.317) (28.532, 31.475)
Net FECTS_clks_clk___L2_N3, Pin wchrsp_fifo/depth_left_reg[3].CLK: unconnected terminal at (20.488, 31.317) (20.553, 31.475)
Net FECTS_clks_clk___L2_N3, Pin wchrsp_fifo/depth_left_reg[4].CLK: unconnected terminal at (31.128, 21.438) (31.192, 21.595)
Net FECTS_clks_clk___L2_N3: open at (20.520, 21.565) (39.995, 43.795)
Net FECTS_clks_clk___L2_N3: dangling Wire at (23.560, 31.445) (23.560, 31.445) on layer: M1
Net FECTS_clks_clk___L2_N3: dangling Wire at (27.360, 21.565) (27.360, 21.565) on layer: M1
Net FECTS_clks_clk___L2_N3: dangling Wire at (20.520, 26.505) (20.520, 26.505) on layer: M1
Net FECTS_clks_clk___L2_N3: dangling Wire at (26.980, 28.595) (26.980, 28.595) on layer: M1
Net FECTS_clks_clk___L2_N3: dangling Wire at (20.520, 28.595) (20.520, 28.595) on layer: M1
Net FECTS_clks_clk___L2_N3: dangling Wire at (30.020, 26.505) (30.020, 26.505) on layer: M1
Net FECTS_clks_clk___L2_N3: dangling Wire at (39.995, 43.795) (39.995, 43.795) on layer: M1
Net FECTS_clks_clk___L2_N3: dangling Wire at (25.840, 26.505) (25.840, 26.505) on layer: M1
Net FECTS_clks_clk___L2_N3: dangling Wire at (26.220, 33.535) (26.220, 33.535) on layer: M1
Net FECTS_clks_clk___L2_N2, Pin FECTS_clks_clk___L2_I2.Y: unconnected terminal at (71.395, 47.608) (71.460, 48.590)
Net FECTS_clks_clk___L2_N2, Pin w_rspch_cur_state_reg[0].CLK: unconnected terminal at (57.727, 46.138) (57.793, 46.295)
Net FECTS_clks_clk___L2_N2, Pin wchaddr_fifo/depth_left_reg[4].CLK: unconnected terminal at (42.528, 31.317) (42.593, 31.475)
Net FECTS_clks_clk___L2_N2, Pin burst_addr_d_reg[4].CLK: unconnected terminal at (63.047, 31.317) (63.113, 31.475)
Net FECTS_clks_clk___L2_N2, Pin burst_addr_d_reg[6].CLK: unconnected terminal at (54.688, 23.625) (54.752, 23.782)
Net FECTS_clks_clk___L2_N2, Pin burst_addr_d_reg[7].CLK: unconnected terminal at (63.047, 41.197) (63.113, 41.355)
Net FECTS_clks_clk___L2_N2, Pin wchrsp_fifo/w_ptr_reg[0].CLK: unconnected terminal at (65.707, 23.625) (65.773, 23.782)
Net FECTS_clks_clk___L2_N2, Pin wchaddr_fifo/depth_left_reg[5].CLK: unconnected terminal at (42.528, 41.197) (42.593, 41.355)
Net FECTS_clks_clk___L2_N2, Pin wchrsp_fifo/depth_left_reg[5].CLK: unconnected terminal at (46.708, 23.625) (46.773, 23.782)
Net FECTS_clks_clk___L2_N2: open at (34.580, 23.655) (53.295, 38.855)
Net FECTS_clks_clk___L2_N2: dangling Wire at (44.460, 36.385) (44.460, 36.385) on layer: M1
Net FECTS_clks_clk___L2_N2: dangling Wire at (49.400, 23.655) (49.400, 23.655) on layer: M1
Net FECTS_clks_clk___L2_N2: dangling Wire at (34.580, 33.535) (34.580, 33.535) on layer: M1
Net FECTS_clks_clk___L2_N2: dangling Wire at (47.880, 26.505) (47.880, 26.505) on layer: M1
Net FECTS_clks_clk___L2_N2: dangling Wire at (47.880, 33.535) (47.880, 33.535) on layer: M1
Net FECTS_clks_clk___L2_N2: dangling Wire at (42.180, 23.655) (42.180, 23.655) on layer: M1
Net FECTS_clks_clk___L2_N2: dangling Wire at (53.295, 38.855) (53.295, 38.855) on layer: M1
Net FECTS_clks_clk___L2_N2: dangling Wire at (34.580, 26.505) (34.580, 26.505) on layer: M1
Net FECTS_clks_clk___L2_N2: dangling Wire at (37.240, 23.655) (37.240, 23.655) on layer: M1
Net FECTS_clks_clk___L2_N1, Pin FECTS_clks_clk___L2_I1.Y: unconnected terminal at (52.775, 57.488) (52.840, 58.470)
Net FECTS_clks_clk___L2_N1, Pin burst_addr_d_reg[11].CLK: unconnected terminal at (56.968, 90.597) (57.032, 90.755)
Net FECTS_clks_clk___L2_N1, Pin burst_addr_d_reg[12].CLK: unconnected terminal at (41.767, 85.657) (41.833, 85.815)
Net FECTS_clks_clk___L2_N1, Pin burst_addr_d_reg[13].CLK: unconnected terminal at (47.087, 73.025) (47.153, 73.183)
Net FECTS_clks_clk___L2_N1, Pin burst_addr_d_reg[15].CLK: unconnected terminal at (20.488, 77.965) (20.553, 78.123)
Net FECTS_clks_clk___L2_N1, Pin burst_addr_d_reg[17].CLK: unconnected terminal at (35.307, 85.657) (35.373, 85.815)
Net FECTS_clks_clk___L2_N1, Pin burst_addr_d_reg[21].CLK: unconnected terminal at (22.768, 80.718) (22.832, 80.875)
Net FECTS_clks_clk___L2_N1, Pin burst_addr_d_reg[28].CLK: unconnected terminal at (42.907, 90.597) (42.973, 90.755)
Net FECTS_clks_clk___L2_N1, Pin burst_addr_d_reg[29].CLK: unconnected terminal at (50.127, 90.597) (50.193, 90.755)
Net FECTS_clks_clk___L2_N1: open at (20.520, 44.555) (43.700, 63.175)
Net FECTS_clks_clk___L2_N1: dangling Wire at (20.520, 56.145) (20.520, 56.145) on layer: M1
Net FECTS_clks_clk___L2_N1: dangling Wire at (39.520, 63.175) (39.520, 63.175) on layer: M1
Net FECTS_clks_clk___L2_N1: dangling Wire at (34.960, 63.175) (34.960, 63.175) on layer: M1
Net FECTS_clks_clk___L2_N1: dangling Wire at (34.200, 61.085) (34.200, 61.085) on layer: M1
Net FECTS_clks_clk___L2_N1: dangling Wire at (43.700, 63.175) (43.700, 63.175) on layer: M1
Net FECTS_clks_clk___L2_N1: dangling Wire at (37.620, 53.295) (37.620, 53.295) on layer: M1
Net FECTS_clks_clk___L2_N1: dangling Wire at (41.515, 44.555) (41.515, 44.555) on layer: M1
Net FECTS_clks_clk___L2_N1: dangling Wire at (22.040, 58.235) (22.040, 58.235) on layer: M1
Net FECTS_clks_clk___L2_N1: dangling Wire at (30.020, 61.085) (30.020, 61.085) on layer: M1
Net FECTS_clks_clk___L2_N0, Pin FECTS_clks_clk___L2_I0.Y: unconnected terminal at (74.055, 47.608) (74.120, 48.590)
Net FECTS_clks_clk___L2_N0, Pin w_ach_cur_state_reg[0].CLK: unconnected terminal at (100.668, 21.438) (100.733, 21.595)
Net FECTS_clks_clk___L2_N0, Pin awready_d_reg.CLK: unconnected terminal at (79.388, 23.625) (79.453, 23.782)
Net FECTS_clks_clk___L2_N0, Pin w_dch_cur_state_reg[0].CLK: unconnected terminal at (97.627, 23.625) (97.692, 23.782)
Net FECTS_clks_clk___L2_N0, Pin w_dch_cur_state_reg[1].CLK: unconnected terminal at (100.288, 33.505) (100.353, 33.663)
Net FECTS_clks_clk___L2_N0, Pin burst_addr_d_reg[5].CLK: unconnected terminal at (74.828, 36.258) (74.892, 36.415)
Net FECTS_clks_clk___L2_N0, Pin wchrsp_fifo/w_ptr_reg[2].CLK: unconnected terminal at (91.168, 46.138) (91.233, 46.295)
Net FECTS_clks_clk___L2_N0, Pin wchaddr_fifo/w_ptr_reg[0].CLK: unconnected terminal at (91.168, 33.505) (91.233, 33.663)
Net FECTS_clks_clk___L2_N0, Pin wchaddr_fifo/w_ptr_reg[1].CLK: unconnected terminal at (90.028, 36.258) (90.093, 36.415)
Net FECTS_clks_clk___L2_N0: open at (54.695, 21.565) (71.820, 38.855)
Net FECTS_clks_clk___L2_N0: dangling Wire at (71.440, 28.595) (71.440, 28.595) on layer: M1
Net FECTS_clks_clk___L2_N0: dangling Wire at (65.360, 36.385) (65.360, 36.385) on layer: M1
Net FECTS_clks_clk___L2_N0: dangling Wire at (64.980, 31.445) (64.980, 31.445) on layer: M1
Net FECTS_clks_clk___L2_N0: dangling Wire at (58.140, 23.655) (58.140, 23.655) on layer: M1
Net FECTS_clks_clk___L2_N0: dangling Wire at (54.815, 38.855) (54.815, 38.855) on layer: M1
Net FECTS_clks_clk___L2_N0: dangling Wire at (69.920, 23.655) (69.920, 23.655) on layer: M1
Net FECTS_clks_clk___L2_N0: dangling Wire at (55.100, 31.445) (55.100, 31.445) on layer: M1
Net FECTS_clks_clk___L2_N0: dangling Wire at (65.360, 28.595) (65.360, 28.595) on layer: M1
Net FECTS_clks_clk___L2_N0: dangling Wire at (71.820, 21.565) (71.820, 21.565) on layer: M1
Net FECTS_clks_clk___L1_N0, Pin FECTS_clks_clk___L2_I7.A: unconnected terminal at (52.190, 58.108) (52.325, 58.242)
Net FECTS_clks_clk___L1_N0, Pin FECTS_clks_clk___L2_I6.A: unconnected terminal at (73.090, 48.227) (73.225, 48.363)
Net FECTS_clks_clk___L1_N0, Pin FECTS_clks_clk___L2_I5.A: unconnected terminal at (54.850, 58.108) (54.985, 58.242)
Net FECTS_clks_clk___L1_N0, Pin FECTS_clks_clk___L2_I4.A: unconnected terminal at (75.370, 48.227) (75.505, 48.363)
Net FECTS_clks_clk___L1_N0, Pin FECTS_clks_clk___L2_I3.A: unconnected terminal at (50.670, 58.108) (50.805, 58.242)
Net FECTS_clks_clk___L1_N0, Pin FECTS_clks_clk___L2_I2.A: unconnected terminal at (71.570, 48.227) (71.705, 48.363)
Net FECTS_clks_clk___L1_N0, Pin FECTS_clks_clk___L2_I1.A: unconnected terminal at (52.950, 58.108) (53.085, 58.242)
Net FECTS_clks_clk___L1_N0, Pin FECTS_clks_clk___L2_I0.A: unconnected terminal at (74.230, 48.227) (74.365, 48.363)
Net FECTS_clks_clk___L1_N0, Pin FECTS_clks_clk___L1_I0.Y: unconnected terminal at (57.218, 21.247) (57.282, 22.430)
Net FECTS_clks_clk___L1_N0: open at (40.165, 22.420) (55.670, 43.415)
Net FECTS_clks_clk___L1_N0: dangling Wire at (40.165, 43.415) (40.165, 43.415) on layer: M1
Net FECTS_clks_clk___L1_N0: dangling Wire at (40.850, 43.415) (40.850, 43.415) on layer: M1
Net FECTS_clks_clk___L1_N0: dangling Wire at (54.150, 38.475) (54.150, 38.475) on layer: M1
Net FECTS_clks_clk___L1_N0: dangling Wire at (54.910, 38.475) (54.910, 38.475) on layer: M1
Net FECTS_clks_clk___L1_N0: dangling Wire at (53.390, 38.475) (53.390, 38.475) on layer: M1
Net FECTS_clks_clk___L1_N0: dangling Wire at (41.610, 43.415) (41.610, 43.415) on layer: M1
Net FECTS_clks_clk___L1_N0: dangling Wire at (43.985, 22.420) (43.985, 22.420) on layer: M1
Net FECTS_clks_clk___L1_N0: dangling Wire at (55.670, 38.475) (55.670, 38.475) on layer: M1
Net FECTS_clks_clk___L1_N0: dangling Wire at (42.370, 43.415) (42.370, 43.415) on layer: M1
Net clks.clk, Pin FECTS_clks_clk___L1_I0.A: unconnected terminal at (57.348, 21.438) (57.663, 21.567)
Net clks.clk, Pin clks.clk: unconnected terminal at (57.440, 0.000) (57.510, 0.070)
Net clks.clk: open at (44.055, 0.035) (44.175, 21.470)
Net clks.clk: dangling Wire at (44.175, 0.035) (44.175, 0.035) on layer: M2
Net clks.clk: dangling Wire at (44.175, 21.470) (44.175, 21.470) on layer: M1

Begin Summary
    85 Problem(s) (ENCVFC-96): Terminal(s) are not connected.
    10 Problem(s) (ENCVFC-92): Pieces of the net are not connected together.
    85 Problem(s) (ENCVFC-94): The net has dangling wire(s).
    180 total info(s) created.
End Summary
