###############################################################
#  Generated by:      Cadence Encounter 09.14-s273_1
#  OS:                Linux x86_64(Host ID coe-ee-cad45.sjsuad.sjsu.edu)
#  Generated on:      Fri Nov  4 03:14:54 2016
#  Command:           verifyGeometry
###############################################################

SHORT: Regular Via of Net memif_pcfifo1.f0_raddr[4] & Special Wire of Net vdd  ( M2 )
Bounds : ( 954.600, 1319.300 ) ( 955.000, 1319.300 )


SHORT: Regular Via of Net memif_pcfifo0.f0_raddr[4] & Special Wire of Net vdd  ( M2 )
Bounds : ( 1049.000, 1319.300 ) ( 1049.400, 1319.300 )


SHORT: Regular Via of Net m_r_dch.RDATA[2] & Special Wire of Net vdd  ( M2 )
Bounds : ( 1233.800, 1319.300 ) ( 1234.200, 1319.300 )


SHORT: Regular Via of Net m_r_dch.RDATA[26] & Special Wire of Net vdd  ( M2 )
Bounds : ( 1141.000, 1319.300 ) ( 1141.400, 1319.300 )


SHORT: Regular Via of Net w_ach.AWADDR[27] & Special Wire of Net vdd  ( M2 )
Bounds : ( 679.400, 1319.300 ) ( 679.750, 1319.300 )


SHORT: Regular Via of Net w_ach.AWADDR[28] & Special Wire of Net vdd  ( M2 )
Bounds : ( 677.800, 1319.300 ) ( 678.200, 1319.300 )


SPACING: Regular Via of Net tx_core/tx_crc/crcpkt0/crcin16_d[29] & Pin of Cell tx_core/tx_crc/crcpkt0/U3504  ( M1 )
Bounds : ( 204.600, 722.300 ) ( 204.800, 722.700 )
Actual:     0.2     Min:     0.3

SPACING: Regular Via of Net tx_core/tx_rs/cnt128_d[5] & Pin of Cell U2083  ( M1 )
Bounds : ( 204.600, 843.300 ) ( 204.800, 843.700 )
Actual:     0.2     Min:     0.3

SHORT: Regular Via of Net memif_pdfifo1.f0_waddr[3] & Special Wire of Net vdd  ( M2 )
Bounds : ( 214.600, 1319.300 ) ( 215.000, 1319.300 )


SHORT: Regular Via of Net memif_pdfifo0.f0_waddr[5] & Special Wire of Net vdd  ( M2 )
Bounds : ( 397.800, 1319.300 ) ( 398.200, 1319.300 )


SHORT: Regular Via of Net memif_pdfifo2.f0_wdata[51] & Special Wire of Net vdd  ( M2 )
Bounds : ( 1049.800, 0.700 ) ( 1050.200, 0.700 )


SHORT: Regular Via of Net memif_pdfifo2.f0_wdata[57] & Special Wire of Net vdd  ( M2 )
Bounds : ( 861.800, 0.700 ) ( 862.200, 0.700 )


SHORT: Regular Via of Net memif_pdfifo2.f0_wdata[60] & Special Wire of Net vdd  ( M2 )
Bounds : ( 1140.200, 0.700 ) ( 1140.600, 0.700 )


SHORT: Regular Via of Net memif_pdfifo1.f0_wdata[59] & Special Wire of Net vdd  ( M2 )
Bounds : ( 860.250, 0.700 ) ( 860.600, 0.700 )


SPACING: Regular Via of Net tx_core/tx_crc/crcpkt0/n286 & Blockage of Cell tx_core/tx_crc/crcpkt0/U1589  ( M1 )
Bounds : ( 204.600, 558.300 ) ( 204.800, 558.700 )
Actual:     0.2     Min:     0.3

SPACING: Regular Via of Net tx_core/tx_crc/crcpkt1/crcin24_d[19] & Blockage of Cell tx_core/tx_crc/crcpkt1/U4031  ( M1 )
Bounds : ( 204.600, 51.300 ) ( 204.800, 51.700 )
Actual:     0.2     Min:     0.3

SPACING: Special Wire of Net vdd & Blockage of Cell tx_core/tx_crc/crcpkt0/data24_d_reg[10]  ( M2 )
Bounds : ( 308.750, 424.600 ) ( 309.000, 427.400 )
Actual:     0.25     Min:     0.3

SPACING: Special Wire of Net vdd & Blockage of Cell tx_core/tx_crc/crcpkt1/crcin8_d_reg[13]  ( M2 )
Bounds : ( 216.000, 244.600 ) ( 216.200, 247.400 )
Actual:     0.2     Min:     0.3

SHORT: Regular Via of Net memif_pdfifo1.f0_wdata[55] & Special Wire of Net vdd  ( M2 )
Bounds : ( 489.800, 0.700 ) ( 490.200, 0.700 )


SHORT: Regular Via of Net memif_crcf1.f0_wdata[17] & Special Wire of Net vdd  ( M2 )
Bounds : ( 304.200, 0.700 ) ( 304.600, 0.700 )



Begin Summary ...
  Cells       : 0
  SameNet     : 4
  Wiring      : 2
  Antenna     : 0
  Short       : 14
  Overlap     : 0
End Summary

  Total Violations : 20 Viols.
