                                        
                                 PrimeTime (R)
                                        
               Version K-2015.12-SP1 for linux64 - Jan 14, 2016 
                                        
                    Copyright (c) 1988 - 2016 Synopsys, Inc.
   This software and the associated documentation are proprietary to Synopsys,
 Inc. This software may only be used in accordance with the terms and conditions
 of a written license agreement with Synopsys, Inc. All other use, reproduction,
            or distribution of this software is strictly prohibited.

set power_enable_analysis TRUE
TRUE
set power_analysis_mode averaged
averaged
#####################################################################
#       link design
#####################################################################
set search_path         "../../pt_syn/tc240  ."
../../pt_syn/tc240  .
set link_library	"/apps/toshiba/sjsu/synopsys/tc240c/tc240c.db_NOMIN25 /apps/synopsys/I-2013.12-SP5/libraries/syn/dw_foundation.sldb"
/apps/toshiba/sjsu/synopsys/tc240c/tc240c.db_NOMIN25 /apps/synopsys/I-2013.12-SP5/libraries/syn/dw_foundation.sldb
read_verilog		eth_core_netlist.v
1
current_design		eth_core
Loading verilog file '/home/010123386@SJSUAD.SJSU.EDU/Documents/MS_PROJECT_MEM_SEP/rtl/pt_power/pt_syn/tc240/eth_core_netlist.v'
Loading db file '/apps/toshiba/sjsu/synopsys/tc240c/tc240c.db_NOMIN25'
Loading db file '/apps/synopsys/I-2013.12-SP5/libraries/syn/dw_foundation.sldb'
{"eth_core"}
link
Linking design eth_core...
Warning: Unable to resolve reference to 'dma_controller_tx_I_clks_AXI_clks_to_rtl_' in 'eth_core'. (LNK-005)
Warning: Unable to resolve reference to 'CRC_block_I_clks_AXI_clks_to_rtl__2' in 'eth_core'. (LNK-005)
Warning: Unable to resolve reference to 'CRC_block_I_clks_AXI_clks_to_rtl__1' in 'eth_core'. (LNK-005)
Warning: Unable to resolve reference to 'CRC_block_I_clks_AXI_clks_to_rtl__0' in 'eth_core'. (LNK-005)
Warning: Unable to resolve reference to 'AXI_master_I_clks_AXI_clks_to_rtl_I_raddr_ch_AXI_rd_addr_ch_master_if_I_rdata_ch_AXI_rd_data_ch_master_if_I_memif_pdfifo0_MEMIF_PKTD_from_fifo_I_memif_pdfifo1_MEMIF_PKTD_from_fifo_I_memif_pdfifo2_MEMIF_PKTD_from_fifo_I_memif_pcfifo0_MEMIF_PKTC_from_fifo_I_memif_pcfifo1_MEMIF_PKTC_from_fifo_I_memif_pcfifo2_MEMIF_PKTC_from_fifo_' in 'eth_core'. (LNK-005)
Information: Creating black box for tx_core/axi_master/AXI_master_I_clks_AXI_clks_to_rtl_I_raddr_ch_AXI_rd_addr_ch_master_if_I_rdata_ch_AXI_rd_data_ch_master_if_I_memif_pdfifo0_MEMIF_PKTD_from_fifo_I_memif_pdfifo1_MEMIF_PKTD_from_fifo_I_memif_pdfifo2_MEMIF_PKTD_from_fifo_I_memif_pcfifo0_MEMIF_PKTC_from_fifo_I_memif_pcfifo1_MEMIF_PKTC_from_fifo_I_memif_pcfifo2_MEMIF_PKTC_from_fifo_... (LNK-043)
Information: Creating black box for tx_core/dma_reg_tx/dma_controller_tx_I_clks_AXI_clks_to_rtl_... (LNK-043)
Information: Creating black box for tx_core/tx_crc/crcpkt0/CRC_block_I_clks_AXI_clks_to_rtl__2... (LNK-043)
Information: Creating black box for tx_core/tx_crc/crcpkt1/CRC_block_I_clks_AXI_clks_to_rtl__1... (LNK-043)
Information: Creating black box for tx_core/tx_crc/crcpkt2/CRC_block_I_clks_AXI_clks_to_rtl__0... (LNK-043)
Information: Removing 5 unneeded designs..... (LNK-034)
Warning: Module 'AXI_master_I_clks_AXI_clks_to_rtl_I_raddr_ch_AXI_rd_addr_ch_master_if_I_rdata_ch_AXI_rd_data_ch_master_if_I_memif_pdfifo0_MEMIF_PKTD_from_fifo_I_memif_pdfifo1_MEMIF_PKTD_from_fifo_I_memif_pdfifo2_MEMIF_PKTD_from_fifo_I_memif_pcfifo0_MEMIF_PKTC_from_fifo_I_memif_pcfifo1_MEMIF_PKTC_from_fifo_I_memif_pcfifo2_MEMIF_PKTC_from_fifo_' in file '/home/010123386@SJSUAD.SJSU.EDU/Documents/MS_PROJECT_MEM_SEP/rtl/pt_power/pt_syn/tc240/eth_core_netlist.v' is not used in the current design .  (LNK-039)
Warning: Module 'dma_controller_tx_I_clks_AXI_clks_to_rtl_' in file '/home/010123386@SJSUAD.SJSU.EDU/Documents/MS_PROJECT_MEM_SEP/rtl/pt_power/pt_syn/tc240/eth_core_netlist.v' is not used in the current design .  (LNK-039)
Warning: Module 'CRC_block_I_clks_AXI_clks_to_rtl__0' in file '/home/010123386@SJSUAD.SJSU.EDU/Documents/MS_PROJECT_MEM_SEP/rtl/pt_power/pt_syn/tc240/eth_core_netlist.v' is not used in the current design .  (LNK-039)
Warning: Module 'CRC_block_I_clks_AXI_clks_to_rtl__2' in file '/home/010123386@SJSUAD.SJSU.EDU/Documents/MS_PROJECT_MEM_SEP/rtl/pt_power/pt_syn/tc240/eth_core_netlist.v' is not used in the current design .  (LNK-039)
Warning: Module 'CRC_block_I_clks_AXI_clks_to_rtl__1' in file '/home/010123386@SJSUAD.SJSU.EDU/Documents/MS_PROJECT_MEM_SEP/rtl/pt_power/pt_syn/tc240/eth_core_netlist.v' is not used in the current design .  (LNK-039)
Information: 656 (86.20%) library cells are unused in library tc240c..... (LNK-045)
Information: total 656 library cells are unused (LNK-046)
Design 'eth_core' was successfully linked.
Information: There are 3573 leaf cells, ports, hiers and 4180 nets in the design (LNK-047)
1
#####################################################################
#       read SDC
#####################################################################
read_sdc ../../pt_syn/tc240/eth_core_netlist.sdc

Reading SDC version 2.0...
1
1
#set_disable_timing [get_lib_pins ssc_core_typ/*/G]
#####################################################################
#       set transition time / annotate parasitics
#####################################################################
read_parasitics		../../pt_syn/tc240/eth_core.spf
Information: Log for 'read_parasitics command' will be generated in 'parasitics_command.log'. (PARA-107)
1
#####################################################################
#       check/update/report timing
#####################################################################
check_timing
Warning: Some timing arcs have been disabled for breaking timing loops or because of constant propagation. Use the 'report_disable_timing' command to get the list of these disabled timing arcs. (PTE-003)
Information: Checking 'no_input_delay'.
Information: Checking 'no_driving_cell'.
Information: Checking 'unconstrained_endpoints'.
Warning: There are 366 endpoints which are not constrained for maximum delay.

Information: Checking 'unexpandable_clocks'.
Information: Checking 'latch_fanout'.
Information: Checking 'no_clock'.
Information: Checking 'partial_input_delay'.
Information: Checking 'generic'.
Information: Checking 'loops'.
Information: Checking 'generated_clocks'.
Information: Checking 'pulse_clock_non_pulse_clock_merge'.
Information: Checking 'pll_configuration'.
0
update_timing
1
report_timing
****************************************
Report : timing
	-path_type full
	-delay_type max
	-max_paths 1
	-sort_by slack
Design : eth_core
Version: K-2015.12-SP1
Date   : Thu Nov 10 22:49:05 2016
****************************************


  Startpoint: tx_core/QOS_selector/qos/srv_cnt2_d_reg[5]
               (rising edge-triggered flip-flop clocked by clk)
  Endpoint: tx_core/QOS_selector/qos/srv_cnt0_d_reg[7]
               (rising edge-triggered flip-flop clocked by clk)
  Path Group: clk
  Path Type: max

  Point                                                   Incr       Path
  ------------------------------------------------------------------------------
  clock clk (rise edge)                                   0.00       0.00
  clock network delay (ideal)                             0.00       0.00
  tx_core/QOS_selector/qos/srv_cnt2_d_reg[5]/CP (CFD2QX2)
                                                          0.00       0.00 r
  tx_core/QOS_selector/qos/srv_cnt2_d_reg[5]/Q (CFD2QX2)
                                                          0.35       0.35 f
  U1614/Z (CNR2X4)                                        0.10       0.45 r
  U1662/Z (CND4X4)                                        0.15       0.60 f
  U1632/Z (CNR2IX4)                                       0.22       0.82 f
  U1630/Z (CNR2X4)                                        0.08       0.90 r
  U1597/Z (CND3X4)                                        0.11       1.01 f
  U1635/Z (CND2X4)                                        0.06       1.07 r
  U1633/Z (CANR1X4)                                       0.13       1.19 f
  U1678/Z (COR2X1)                                        0.20       1.40 f
  U1646/Z (CND2X4)                                        0.09       1.49 r
  U1549/Z (CENX4)                                         0.14       1.63 r
  U1548/Z (CENX2)                                         0.20       1.83 r
  U1238/Z (CENX2)                                         0.21       2.04 r
  U1237/Z (CND2X2)                                        0.10       2.14 f
  U1628/Z (COND1X2)                                       0.09       2.24 r
  U1623/Z (CNR2X4)                                        0.07       2.31 f
  U1695/Z (CND3X4)                                        0.10       2.40 r
  U1694/Z (CIVX12)                                        0.10       2.50 f
  U3106/Z (CNR2X1)                                        0.10       2.61 r
  tx_core/QOS_selector/qos/srv_cnt0_d_reg[7]/D (CFD2QX2)
                                                          0.00       2.61 r
  data arrival time                                                  2.61

  clock clk (rise edge)                                   3.20       3.20
  clock network delay (ideal)                             0.00       3.20
  clock reconvergence pessimism                           0.00       3.20
  clock uncertainty                                      -0.25       2.95
  tx_core/QOS_selector/qos/srv_cnt0_d_reg[7]/CP (CFD2QX2)            2.95 r
  library setup time                                     -0.21       2.74
  data required time                                                 2.74
  ------------------------------------------------------------------------------
  data required time                                                 2.74
  data arrival time                                                 -2.61
  ------------------------------------------------------------------------------
  slack (MET)                                                        0.13


1
#####################################################################
#       read switching activity file
#####################################################################
read_saif "/home/010123386@SJSUAD.SJSU.EDU/Documents/MS_PROJECT_MEM_SEP/tb/eth_core.saif" -strip_path "ethernet_tb/tx" 
Information: Checked out license 'PrimeTime-PX' (PT-019)
Information: The power model is different from the delay model in the library.  (PLIB-161)
Warning: Switching  activity for net *Logic0* is overwritten with different values (PSW-211)
Warning: Switching  activity for net *Logic0* is overwritten with different values (PSW-211)
Warning: Switching  activity for net *Logic0* is overwritten with different values (PSW-211)
Warning: Switching  activity for net *Logic0* is overwritten with different values (PSW-211)
Warning: Switching  activity for net *Logic0* is overwritten with different values (PSW-211)
Warning: Switching  activity for net *Logic0* is overwritten with different values (PSW-211)
Warning: Switching  activity for net *Logic0* is overwritten with different values (PSW-211)
Warning: Switching  activity for net *Logic0* is overwritten with different values (PSW-211)
Warning: Switching  activity for net *Logic0* is overwritten with different values (PSW-211)
Warning: Switching  activity for net *Logic0* is overwritten with different values (PSW-211)
Warning: Switching  activity for net *Logic0* is overwritten with different values (PSW-211)
Warning: Switching  activity for net *Logic0* is overwritten with different values (PSW-211)
Warning: Switching  activity for net *Logic0* is overwritten with different values (PSW-211)
Warning: Switching  activity for net *Logic0* is overwritten with different values (PSW-211)
Warning: Switching  activity for net *Logic0* is overwritten with different values (PSW-211)
Warning: Switching  activity for net *Logic0* is overwritten with different values (PSW-211)
Warning: Switching  activity for net *Logic0* is overwritten with different values (PSW-211)
Warning: Switching  activity for net *Logic0* is overwritten with different values (PSW-211)
Warning: Switching  activity for net *Logic0* is overwritten with different values (PSW-211)
Warning: Switching  activity for net *Logic0* is overwritten with different values (PSW-211)
Warning: Switching  activity for net *Logic0* is overwritten with different values (PSW-211)
Warning: Switching  activity for net *Logic0* is overwritten with different values (PSW-211)
Warning: Switching  activity for net *Logic0* is overwritten with different values (PSW-211)
Warning: Switching  activity for net *Logic0* is overwritten with different values (PSW-211)
Warning: Switching  activity for net *Logic0* is overwritten with different values (PSW-211)
Warning: Switching  activity for net *Logic0* is overwritten with different values (PSW-211)
Warning: Switching  activity for net *Logic0* is overwritten with different values (PSW-211)
Warning: Switching  activity for net *Logic0* is overwritten with different values (PSW-211)
Warning: Switching  activity for net *Logic0* is overwritten with different values (PSW-211)
Warning: Switching  activity for net *Logic0* is overwritten with different values (PSW-211)
Warning: Switching  activity for net *Logic0* is overwritten with different values (PSW-211)
Warning: Switching  activity for net *Logic0* is overwritten with different values (PSW-211)
Warning: Switching  activity for net *Logic0* is overwritten with different values (PSW-211)
Warning: Switching  activity for net *Logic0* is overwritten with different values (PSW-211)
Warning: Switching  activity for net *Logic0* is overwritten with different values (PSW-211)
Warning: Switching  activity for net *Logic0* is overwritten with different values (PSW-211)
Warning: Switching  activity for net *Logic0* is overwritten with different values (PSW-211)
Warning: Switching  activity for net *Logic0* is overwritten with different values (PSW-211)
Warning: Switching  activity for net *Logic0* is overwritten with different values (PSW-211)
Warning: Switching  activity for net *Logic0* is overwritten with different values (PSW-211)

======================================================================
Summary:
Total number of nets = 4078
Number of annotated nets = 840 (20.60%)
Total number of leaf cells = 2303
Number of fully annotated leaf cells = 0 (0.00%)
======================================================================

1
report_switching_activity -list_not_annotated
****************************************
Report : Switching Activity
	-list_not_annotated
Design : eth_core
Version: K-2015.12-SP1
Date   : Thu Nov 10 22:49:05 2016
****************************************

 Switching Activity Overview Statistics for "eth_core"
----------------------------------------------------------------------------------------------------------------------------------------------------
                  From Activity     From         From         From                                                         Not
Object Type       File (%)          SSA (%)      SCA (%)      Clock (%)    Default (%)     Propagated(%)   Implied(%)      Annotated(%)    Total
----------------------------------------------------------------------------------------------------------------------------------------------------
 Nets             840(20.60%)       0(0.00%)     0(0.00%)     1(0.02%)     937(22.98%)     0(0.00%)        13(0.32%)       2287(56.08%)    4078
----------------------------------------------------------------------------------------------------------------------------------------------------
Nets Driven by
----------------------------------------------------------------------------------------------------------------------------------------------------
Primary Input     40(6.56%)         0(0.00%)     0(0.00%)     1(0.16%)     569(93.28%)     0(0.00%)        0(0.00%)        0(0.00%)        610
Tri-State         0(0%)             0(0%)        0(0%)        0(0%)        0(0%)           0(0%)           0(0%)           0(0%)           0
Black Box         0(0%)             0(0%)        0(0%)        0(0%)        0(0%)           0(0%)           0(0%)           0(0%)           0
Sequential        0(0.00%)          0(0.00%)     0(0.00%)     0(0.00%)     0(0.00%)        0(0.00%)        0(0.00%)        391(100.00%)    391
Combinational     800(26.00%)       0(0.00%)     0(0.00%)     0(0.00%)     368(11.96%)     0(0.00%)        13(0.42%)       1896(61.62%)    3077
Memory            0(0%)             0(0%)        0(0%)        0(0%)        0(0%)           0(0%)           0(0%)           0(0%)           0
Clock Gate        0(0%)             0(0%)        0(0%)        0(0%)        0(0%)           0(0%)           0(0%)           0(0%)           0
----------------------------------------------------------------------------------------------------------------------------------------------------
 Static Probability Overview Statistics for "eth_core"
----------------------------------------------------------------------------------------------------------------------------------------------------
                  From Activity     From         From         From                                                         Not
Object Type       File (%)          SSA (%)      SCA (%)      Clock (%)    Default (%)     Propagated(%)   Implied(%)      Annotated(%)    Total
----------------------------------------------------------------------------------------------------------------------------------------------------
 Nets             840(20.60%)       0(0.00%)     0(0.00%)     1(0.02%)     937(22.98%)     0(0.00%)        13(0.32%)       2287(56.08%)    4078
----------------------------------------------------------------------------------------------------------------------------------------------------
Nets Driven by
----------------------------------------------------------------------------------------------------------------------------------------------------
Primary Input     40(6.56%)         0(0.00%)     0(0.00%)     1(0.16%)     569(93.28%)     0(0.00%)        0(0.00%)        0(0.00%)        610
Tri-State         0(0%)             0(0%)        0(0%)        0(0%)        0(0%)           0(0%)           0(0%)           0(0%)           0
Black Box         0(0%)             0(0%)        0(0%)        0(0%)        0(0%)           0(0%)           0(0%)           0(0%)           0
Sequential        0(0.00%)          0(0.00%)     0(0.00%)     0(0.00%)     0(0.00%)        0(0.00%)        0(0.00%)        391(100.00%)    391
Combinational     800(26.00%)       0(0.00%)     0(0.00%)     0(0.00%)     368(11.96%)     0(0.00%)        13(0.42%)       1896(61.62%)    3077
Memory            0(0%)             0(0%)        0(0%)        0(0%)        0(0%)           0(0%)           0(0%)           0(0%)           0
Clock Gate        0(0%)             0(0%)        0(0%)        0(0%)        0(0%)           0(0%)           0(0%)           0(0%)           0
----------------------------------------------------------------------------------------------------------------------------------------------------


List of nonannotated nets :
	n1014
	w_ach.AWLOCK[0]
	tx_core/tx_rs/crc_tx_d[7]
	memif_pdfifo2.f0_wdata[56]
	n2307
	w_ach.AWCACHE[1]
	n1015
	tx_core/tx_rs/crc_tx_d[6]
	memif_pdfifo2.f0_wdata[55]
	n2315
	w_ach.AWCACHE[0]
	n1017
	tx_core/tx_rs/crc_tx_d[5]
	memif_pdfifo2.f0_wdata[54]
	n2324
	n1022
	w_ach.AWPROT[2]
	tx_core/tx_rs/crc_tx_d[4]
	memif_pdfifo2.f0_wdata[53]
	n2332
	n1027
	w_ach.AWPROT[1]
	tx_core/tx_rs/crc_tx_d[3]
	memif_pdfifo2.f0_wdata[52]
	n2334
	n1028
	w_ach.AWPROT[0]
	tx_core/tx_rs/crc_tx_d[2]
	memif_pdfifo2.f0_wdata[51]
	n2339
	n1034
	w_ach.AWVALID
	tx_core/tx_rs/crc_tx_d[1]
	memif_pdfifo2.f0_wdata[50]
	n2340
	n1039
	w_ach.AWREADY
	tx_core/tx_rs/crc_tx_d[0]
	memif_pdfifo2.f0_wdata[49]
	n2342
	w_dch.WLAST
	n1040
	tx_core/tx_rs/pkt_ctrl_d[7]
	memif_pdfifo2.f0_wdata[48]
	n2348
	n1046
	w_dch.WVALID
	tx_core/tx_rs/pkt_ctrl_d[6]
	memif_pdfifo2.f0_wdata[47]
	n2349
	n1049
	w_dch.WREADY
	tx_core/tx_rs/pkt_ctrl_d[5]
	memif_pdfifo2.f0_wdata[46]
	n2351
	n1060
	w_rspch.BREADY
	tx_core/tx_rs/pkt_ctrl_d[4]
	memif_pdfifo2.f0_wdata[45]
	n2352
	m_r_ach.ARREADY
	n1063
	tx_core/tx_rs/pkt_ctrl_d[3]
	memif_pdfifo2.f0_wdata[44]
	n2368
	n1075
	m_r_dch.RID[3]
	tx_core/tx_rs/pkt_ctrl_d[2]
	memif_pdfifo2.f0_wdata[43]
	n2370
	n1079
	m_r_dch.RID[2]
	tx_core/tx_rs/pkt_ctrl_d[1]
	memif_pdfifo2.f0_wdata[42]
	n2372
	n1092
	m_r_dch.RID[1]
	tx_core/tx_rs/pkt_ctrl_d[0]
	memif_pdfifo2.f0_wdata[41]
	n2381
	n1130
	m_r_dch.RID[0]
	tx_core/tx_rs/IDC_cnt_d[1]
	memif_pdfifo2.f0_wdata[40]
	n2382
	n1168
	m_r_dch.RDATA[63]
	tx_core/tx_rs/IDC_cnt_d[0]
	memif_pdfifo2.f0_wdata[39]
	n2420
	n1169
	m_r_dch.RDATA[62]
	tx_core/tx_rs/cur_state[3]
	memif_pdfifo2.f0_wdata[38]
	n2428
	m_r_dch.RDATA[61]
	n1194
	tx_core/tx_rs/cur_state[2]
	memif_pdfifo2.f0_wdata[37]
	n2436
	m_r_dch.RDATA[60]
	n1204
	tx_core/tx_rs/cur_state[1]
	memif_pdfifo2.f0_wdata[36]
	n2437
	m_r_dch.RDATA[59]
	n1246
	tx_core/tx_rs/cur_state[0]
	memif_pdfifo2.f0_wdata[35]
	n2450
	m_r_dch.RDATA[58]
	n1402
	tx_core/QOS_selector/qos/srv_cnt2_d[7]
	memif_pdfifo2.f0_wdata[34]
	n2463
	m_r_dch.RDATA[57]
	n1405
	tx_core/QOS_selector/qos/srv_cnt2_d[6]
	memif_pdfifo2.f0_wdata[33]
	n2482
	m_r_dch.RDATA[56]
	n1407
	tx_core/QOS_selector/qos/srv_cnt2_d[5]
	memif_pdfifo2.f0_wdata[32]
	n2497
	m_r_dch.RDATA[55]
	n1410
	tx_core/QOS_selector/qos/srv_cnt2_d[4]
	memif_pdfifo2.f0_wdata[31]
	n2563
	m_r_dch.RDATA[54]
	n1414
	tx_core/QOS_selector/qos/srv_cnt2_d[3]
	memif_pdfifo2.f0_wdata[30]
	n2564
	m_r_dch.RDATA[53]
	n1417
	tx_core/QOS_selector/qos/srv_cnt2_d[2]
	n2574
	memif_pdfifo2.f0_wdata[29]
	m_r_dch.RDATA[52]
	n1419
	tx_core/QOS_selector/qos/srv_cnt2_d[1]
	n2596
	memif_pdfifo2.f0_wdata[28]
	m_r_dch.RDATA[51]
	n1422
	tx_core/QOS_selector/qos/srv_cnt2_d[0]
	n2600
	memif_pdfifo2.f0_wdata[27]
	m_r_dch.RDATA[50]
	n1448
	tx_core/QOS_selector/qos/srv_cnt1_d[7]
	n2603
	memif_pdfifo2.f0_wdata[26]
	n1586
	m_r_dch.RDATA[49]
	tx_core/QOS_selector/qos/srv_cnt1_d[6]
	n2611
	memif_pdfifo2.f0_wdata[25]
	n1671
	m_r_dch.RDATA[48]
	tx_core/QOS_selector/qos/srv_cnt1_d[5]
	n2617
	memif_pdfifo2.f0_wdata[24]
	n1691
	m_r_dch.RDATA[47]
	tx_core/QOS_selector/qos/srv_cnt1_d[4]
	memif_pdfifo2.f0_wdata[23]
	m_r_dch.RDATA[46]
	n1705
	tx_core/QOS_selector/qos/srv_cnt1_d[3]
	memif_pdfifo2.f0_wdata[22]
	n1754
	m_r_dch.RDATA[45]
	tx_core/QOS_selector/qos/srv_cnt1_d[2]
	memif_pdfifo2.f0_wdata[21]
	n1790
	m_r_dch.RDATA[44]
	tx_core/QOS_selector/qos/srv_cnt1_d[1]
	memif_pdfifo2.f0_wdata[20]
	n1863
	m_r_dch.RDATA[43]
	tx_core/QOS_selector/qos/srv_cnt1_d[0]
	memif_pdfifo2.f0_wdata[19]
	n1865
	m_r_dch.RDATA[42]
	tx_core/QOS_selector/qos/srv_cnt0_d[7]
	memif_pdfifo2.f0_wdata[18]
	n1881
	m_r_dch.RDATA[41]
	tx_core/QOS_selector/qos/srv_cnt0_d[6]
	memif_pdfifo2.f0_wdata[17]
	n1886
	m_r_dch.RDATA[40]
	tx_core/QOS_selector/qos/srv_cnt0_d[5]
	memif_pdfifo2.f0_wdata[16]
	n1892
	m_r_dch.RDATA[39]
	tx_core/QOS_selector/qos/srv_cnt0_d[4]
	memif_pdfifo2.f0_wdata[15]
	n1957
	m_r_dch.RDATA[38]
	tx_core/QOS_selector/qos/srv_cnt0_d[3]
	memif_pdfifo2.f0_wdata[14]
	n1967
	m_r_dch.RDATA[37]
	tx_core/QOS_selector/qos/srv_cnt0_d[2]
	memif_pdfifo2.f0_wdata[13]
	n1973
	m_r_dch.RDATA[36]
	tx_core/QOS_selector/qos/srv_cnt0_d[1]
	memif_pdfifo2.f0_wdata[12]
	n1982
	m_r_dch.RDATA[35]
	tx_core/QOS_selector/qos/srv_cnt0_d[0]
	memif_pdfifo2.f0_wdata[11]
	n1987
	m_r_dch.RDATA[34]
	n1083
	memif_pdfifo2.f0_wdata[10]
	n1990
	m_r_dch.RDATA[33]
	n1088
	memif_pdfifo2.f0_wdata[9]
	n1998
	m_r_dch.RDATA[32]
	n1090
	memif_pdfifo2.f0_wdata[8]
	n2018
	m_r_dch.RDATA[31]
	n1104
	memif_pdfifo2.f0_wdata[7]
	n2065
	m_r_dch.RDATA[30]
	n1105
	memif_pdfifo2.f0_wdata[6]
	n2112
	m_r_dch.RDATA[29]
	n1133
	memif_pdfifo2.f0_wdata[5]
	n2115
	m_r_dch.RDATA[28]
	n1134
	memif_pdfifo2.f0_wdata[4]
	tx_core/axi_slave/burst_addr_nxt[12]
	n2210
	m_r_dch.RDATA[27]
	n1137
	memif_pdfifo2.f0_wdata[3]
	tx_core/axi_slave/burst_addr_nxt[10]
	n2222
	m_r_dch.RDATA[26]
	n1144
	memif_pdfifo2.f0_wdata[2]
	tx_core/axi_slave/burst_addr_nxt[9]
	n2226
	m_r_dch.RDATA[25]
	n1146
	memif_pdfifo2.f0_wdata[1]
	xgmii_tx.TXC[0]
	n2233
	m_r_dch.RDATA[24]
	n1150
	memif_pdfifo2.f0_wdata[0]
	n2245
	m_r_dch.RDATA[23]
	n1151
	n971
	memif_pdfifo2.f0_write
	m_r_dch.RDATA[22]
	n2246
	n1152
	n983
	memif_pdfifo2.f0_raddr[5]
	m_r_dch.RDATA[21]
	n2284
	n1154
	n989
	memif_pdfifo2.f0_raddr[4]
	m_r_dch.RDATA[20]
	n2308
	n1155
	n990
	memif_pdfifo2.f0_raddr[3]
	m_r_dch.RDATA[19]
	n2343
	n1157
	n992
	memif_pdfifo2.f0_raddr[2]
	m_r_dch.RDATA[18]
	n2344
	n1158
	n1005
	memif_pdfifo2.f0_raddr[1]
	m_r_dch.RDATA[17]
	n2388
	n1160
	n1053
	memif_pdfifo2.f0_raddr[0]
	m_r_dch.RDATA[16]
	n2394
	n1161
	n1067
	memif_pcfifo0.f0_waddr[5]
	m_r_dch.RDATA[15]
	n2402
	n1163
	n1077
	memif_pcfifo0.f0_waddr[4]
	m_r_dch.RDATA[14]
	n2499
	n1171
	n1078
	memif_pcfifo0.f0_waddr[3]
	m_r_dch.RDATA[13]
	n2512
	n1183
	n1080
	memif_pcfifo0.f0_waddr[2]
	m_r_dch.RDATA[12]
	n2517
	n1184
	n1181
	memif_pcfifo0.f0_waddr[1]
	m_r_dch.RDATA[11]
	n2520
	n1185
	memif_pcfifo0.f0_waddr[0]
	n1223
	m_r_dch.RDATA[10]
	n2521
	n1186
	memif_pcfifo0.f0_wdata[15]
	m_r_dch.RDATA[9]
	n2527
	n1188
	memif_pcfifo0.f0_wdata[14]
	n1296
	m_r_dch.RDATA[8]
	n2528
	n1189
	memif_pcfifo0.f0_wdata[13]
	n1309
	m_r_dch.RDATA[7]
	n2540
	n1190
	memif_pcfifo0.f0_wdata[12]
	n1316
	m_r_dch.RDATA[6]
	n2545
	n1191
	memif_pcfifo0.f0_wdata[11]
	n1320
	m_r_dch.RDATA[5]
	n2546
	n1192
	memif_pcfifo0.f0_wdata[10]
	n1329
	m_r_dch.RDATA[4]
	n2547
	n1196
	memif_pcfifo0.f0_wdata[9]
	n1336
	m_r_dch.RDATA[3]
	n2548
	n1198
	memif_pcfifo0.f0_wdata[8]
	n1358
	m_r_dch.RDATA[2]
	n2549
	memif_pcfifo0.f0_wdata[2]
	n1380
	m_r_dch.RDATA[1]
	n2554
	n1227
	memif_pcfifo0.f0_wdata[1]
	n1398
	m_r_dch.RDATA[0]
	n2578
	n1228
	memif_pcfifo0.f0_write
	n1442
	m_r_dch.RRESP[1]
	n2580
	n1229
	memif_pcfifo0.f0_raddr[5]
	n1447
	m_r_dch.RRESP[0]
	n2585
	n1230
	memif_pcfifo0.f0_raddr[4]
	n1461
	m_r_dch.RLAST
	tx_core/axi_slave/burst_addr_nxt[31]
	n1231
	memif_pcfifo0.f0_raddr[3]
	n1467
	m_r_dch.RUSER
	xgmii_tx.TXD[31]
	n1232
	memif_pcfifo0.f0_raddr[2]
	n1471
	m_r_dch.RVALID
	xgmii_tx.TXD[30]
	n1253
	memif_pcfifo0.f0_raddr[1]
	n1481
	memif_crcf0.f0_waddr[3]
	xgmii_tx.TXD[29]
	n1254
	memif_pcfifo0.f0_raddr[0]
	n1491
	memif_crcf0.f0_waddr[2]
	xgmii_tx.TXD[28]
	n1259
	memif_pcfifo1.f0_waddr[5]
	n1496
	memif_crcf0.f0_waddr[1]
	xgmii_tx.TXD[27]
	n1260
	memif_pcfifo1.f0_waddr[4]
	n1500
	memif_crcf0.f0_waddr[0]
	xgmii_tx.TXD[26]
	n1266
	n1529
	memif_pcfifo1.f0_waddr[3]
	memif_crcf0.f0_raddr[3]
	xgmii_tx.TXD[25]
	n1268
	n1534
	memif_pcfifo1.f0_waddr[2]
	memif_crcf0.f0_raddr[2]
	xgmii_tx.TXD[24]
	n1271
	memif_pcfifo1.f0_waddr[1]
	n916
	memif_crcf0.f0_raddr[1]
	n1272
	n1554
	memif_pcfifo1.f0_waddr[0]
	n917
	memif_crcf0.f0_raddr[0]
	n1274
	n1574
	memif_pcfifo1.f0_wdata[15]
	n918
	memif_crcf0.f0_rdata[31]
	n1278
	n1577
	memif_pcfifo1.f0_wdata[14]
	n919
	memif_crcf0.f0_rdata[30]
	n1280
	n1581
	memif_pcfifo1.f0_wdata[13]
	memif_crcf0.f0_rdata[29]
	n920
	n1282
	n1589
	memif_pcfifo1.f0_wdata[12]
	memif_crcf0.f0_rdata[28]
	n921
	n1284
	n1590
	memif_pcfifo1.f0_wdata[11]
	memif_crcf0.f0_rdata[27]
	n923
	n1287
	n1599
	memif_pcfifo1.f0_wdata[10]
	memif_crcf0.f0_rdata[26]
	n924
	n1291
	n1602
	memif_pcfifo1.f0_wdata[9]
	memif_crcf0.f0_rdata[25]
	n925
	n1293
	n1603
	memif_pcfifo1.f0_wdata[8]
	memif_crcf0.f0_rdata[24]
	n926
	n1294
	n1632
	memif_pcfifo1.f0_wdata[2]
	memif_crcf0.f0_rdata[23]
	n927
	n1297
	n1644
	memif_pcfifo1.f0_wdata[1]
	memif_crcf0.f0_rdata[22]
	n928
	n1299
	n1646
	memif_pcfifo1.f0_raddr[5]
	n930
	memif_crcf0.f0_rdata[21]
	n1305
	n1648
	memif_pcfifo1.f0_raddr[4]
	n931
	memif_crcf0.f0_rdata[20]
	n1307
	n1650
	memif_pcfifo1.f0_raddr[3]
	n932
	memif_crcf0.f0_rdata[19]
	n1312
	n1655
	memif_pcfifo1.f0_raddr[2]
	n933
	memif_crcf0.f0_rdata[18]
	n1314
	n1664
	memif_pcfifo1.f0_raddr[1]
	n934
	memif_crcf0.f0_rdata[17]
	n1317
	n1667
	memif_pcfifo1.f0_raddr[0]
	n935
	memif_crcf0.f0_rdata[16]
	n1318
	n1682
	memif_pcfifo2.f0_waddr[5]
	n936
	memif_crcf0.f0_rdata[15]
	n1321
	memif_pcfifo2.f0_waddr[4]
	n1716
	n937
	memif_crcf0.f0_rdata[14]
	n1325
	memif_pcfifo2.f0_waddr[3]
	n1718
	n938
	memif_crcf0.f0_rdata[13]
	n1326
	memif_pcfifo2.f0_waddr[2]
	n1726
	n939
	memif_crcf0.f0_rdata[12]
	n1327
	memif_pcfifo2.f0_waddr[1]
	n1729
	n1013
	memif_crcf0.f0_rdata[11]
	n1328
	memif_pcfifo2.f0_waddr[0]
	n1732
	n1018
	memif_crcf0.f0_rdata[10]
	n1330
	memif_pcfifo2.f0_wdata[15]
	n1735
	n1019
	memif_crcf0.f0_rdata[9]
	n1335
	memif_pcfifo2.f0_wdata[14]
	n1736
	n1026
	memif_crcf0.f0_rdata[8]
	n1337
	memif_pcfifo2.f0_wdata[13]
	n1740
	n1032
	memif_crcf0.f0_rdata[7]
	n1340
	memif_pcfifo2.f0_wdata[12]
	n1741
	n1033
	memif_crcf0.f0_rdata[6]
	n1341
	memif_pcfifo2.f0_wdata[11]
	n1745
	n1038
	memif_crcf0.f0_rdata[5]
	n1342
	memif_pcfifo2.f0_wdata[10]
	n1748
	n1042
	memif_crcf0.f0_rdata[4]
	n1345
	memif_pcfifo2.f0_wdata[9]
	n1779
	n1044
	memif_crcf0.f0_rdata[3]
	n1346
	memif_pcfifo2.f0_wdata[8]
	n1794
	n1045
	memif_crcf0.f0_rdata[2]
	n1347
	memif_pcfifo2.f0_wdata[2]
	n1797
	n1059
	memif_crcf0.f0_rdata[1]
	n1350
	memif_pcfifo2.f0_wdata[1]
	n1800
	n1082
	memif_crcf0.f0_rdata[0]
	n1351
	memif_pcfifo2.f0_raddr[5]
	n1801
	n1093
	memif_crcf1.f0_waddr[3]
	n1355
	memif_pcfifo2.f0_raddr[4]
	n1852
	n1094
	memif_crcf1.f0_waddr[2]
	n1373
	memif_pcfifo2.f0_raddr[3]
	n1856
	n1096
	memif_crcf1.f0_waddr[1]
	n1375
	memif_pcfifo2.f0_raddr[2]
	n1875
	n1174
	memif_crcf1.f0_waddr[0]
	n1376
	memif_pcfifo2.f0_raddr[1]
	n1895
	memif_crcf1.f0_raddr[3]
	n1203
	n1377
	memif_pcfifo2.f0_raddr[0]
	n1897
	memif_crcf1.f0_raddr[2]
	n1226
	n1382
	n2672
	n1899
	memif_crcf1.f0_raddr[1]
	n1255
	n1383
	n1901
	memif_crcf1.f0_raddr[0]
	n1403
	n1388
	n1903
	memif_crcf1.f0_rdata[31]
	n1404
	n1389
	n1905
	memif_crcf1.f0_rdata[30]
	n1408
	n1390
	n1907
	memif_crcf1.f0_rdata[29]
	n1409
	n1400
	n1909
	memif_crcf1.f0_rdata[28]
	n1415
	n1423
	n1112
	n1911
	memif_crcf1.f0_rdata[27]
	n1416
	n1424
	n1913
	memif_crcf1.f0_rdata[26]
	n1420
	n1425
	n1915
	memif_crcf1.f0_rdata[25]
	n1421
	n1428
	n1917
	memif_crcf1.f0_rdata[24]
	n1449
	n1437
	n1919
	n1516
	memif_crcf1.f0_rdata[23]
	n1438
	n1921
	memif_crcf1.f0_rdata[22]
	n1988
	n1439
	n1923
	memif_crcf1.f0_rdata[21]
	n1997
	n1451
	n1925
	n2113
	memif_crcf1.f0_rdata[20]
	n1452
	n1927
	n2114
	memif_crcf1.f0_rdata[19]
	n1468
	n1929
	memif_crcf1.f0_rdata[18]
	n2211
	n1472
	n1931
	memif_crcf1.f0_rdata[17]
	n2235
	n1474
	n1933
	memif_crcf1.f0_rdata[16]
	n2250
	n1480
	n1935
	memif_crcf1.f0_rdata[15]
	n2256
	n1482
	n1937
	memif_crcf1.f0_rdata[14]
	n2262
	n1487
	n1939
	memif_crcf1.f0_rdata[13]
	n2269
	n1490
	n1941
	memif_crcf1.f0_rdata[12]
	n2275
	n1492
	n1943
	memif_crcf1.f0_rdata[11]
	n2292
	n1495
	n1945
	memif_crcf1.f0_rdata[10]
	n2298
	n1497
	n1947
	memif_crcf1.f0_rdata[9]
	n2300
	n1525
	n1949
	memif_crcf1.f0_rdata[8]
	n2309
	n1526
	n1952
	memif_crcf1.f0_rdata[7]
	n2312
	n1527
	n1961
	memif_crcf1.f0_rdata[6]
	n2320
	n1528
	n1977
	memif_crcf1.f0_rdata[5]
	n2329
	n1533
	n2002
	memif_crcf1.f0_rdata[4]
	n2337
	n1535
	n2013
	memif_crcf1.f0_rdata[3]
	n2345
	n1560
	n2098
	memif_crcf1.f0_rdata[2]
	n2364
	n1587
	n2103
	memif_crcf1.f0_rdata[1]
	n2365
	n1593
	n2104
	memif_crcf1.f0_rdata[0]
	n2376
	n1604
	n2105
	memif_crcf2.f0_waddr[3]
	n2404
	n1614
	n2106
	memif_crcf2.f0_waddr[2]
	n2498
	n1615
	n2110
	memif_crcf2.f0_waddr[1]
	n2500
	n1618
	n2116
	memif_crcf2.f0_waddr[0]
	n2514
	n1621
	n2202
	memif_crcf2.f0_raddr[3]
	n2518
	n1622
	n2212
	memif_crcf2.f0_raddr[2]
	n2526
	n1633
	n2214
	memif_crcf2.f0_raddr[1]
	n2535
	n1634
	n2215
	memif_crcf2.f0_raddr[0]
	n2551
	n2217
	memif_crcf2.f0_rdata[31]
	n2553
	n1652
	n2218
	memif_crcf2.f0_rdata[30]
	n2584
	n1673
	n2227
	memif_crcf2.f0_rdata[29]
	xgmii_tx.TXD[22]
	n1675
	n2239
	memif_crcf2.f0_rdata[28]
	xgmii_tx.TXD[21]
	n1676
	n2241
	memif_crcf2.f0_rdata[27]
	xgmii_tx.TXD[20]
	n1677
	n2243
	xgmii_tx.TXD[19]
	memif_crcf2.f0_rdata[26]
	n1679
	n2248
	xgmii_tx.TXD[18]
	memif_crcf2.f0_rdata[25]
	n1692
	n2260
	xgmii_tx.TXD[17]
	memif_crcf2.f0_rdata[24]
	n1694
	n2272
	xgmii_tx.TXD[16]
	memif_crcf2.f0_rdata[23]
	n1695
	n2280
	n922
	memif_crcf2.f0_rdata[22]
	n1697
	n2287
	n929
	memif_crcf2.f0_rdata[21]
	n1698
	n2295
	n940
	memif_crcf2.f0_rdata[20]
	n1706
	n2305
	n941
	memif_crcf2.f0_rdata[19]
	n1709
	n2313
	n942
	memif_crcf2.f0_rdata[18]
	n1714
	n2321
	n943
	memif_crcf2.f0_rdata[17]
	n1715
	n2325
	n944
	memif_crcf2.f0_rdata[16]
	n1719
	n2335
	n945
	memif_crcf2.f0_rdata[15]
	n1725
	n2341
	n946
	memif_crcf2.f0_rdata[14]
	n1733
	n2353
	n947
	memif_crcf2.f0_rdata[13]
	n1734
	n2360
	n1043
	memif_crcf2.f0_rdata[12]
	n1738
	n2362
	n1048
	memif_crcf2.f0_rdata[11]
	n1739
	n2383
	n1109
	memif_crcf2.f0_rdata[10]
	n1743
	n2401
	n1132
	memif_crcf2.f0_rdata[9]
	n1747
	n2430
	n1175
	memif_crcf2.f0_rdata[8]
	n1750
	n2434
	n1179
	memif_crcf2.f0_rdata[7]
	n1757
	n2565
	memif_crcf2.f0_rdata[6]
	n1195
	n1759
	n2579
	memif_crcf2.f0_rdata[5]
	n1224
	n1761
	n2598
	memif_crcf2.f0_rdata[4]
	n1240
	n1765
	n2604
	memif_crcf2.f0_rdata[3]
	n1450
	n1767
	n2610
	n1517
	memif_crcf2.f0_rdata[2]
	n1769
	n2614
	memif_crcf2.f0_rdata[1]
	n2213
	n1774
	n2616
	memif_crcf2.f0_rdata[0]
	n2236
	n1777
	n2663
	memif_pdfifo0.f0_rdata[63]
	n2251
	n1780
	memif_pdfifo0.f0_rdata[62]
	n2257
	n1784
	memif_pdfifo0.f0_rdata[61]
	n2263
	n1802
	memif_pdfifo0.f0_rdata[60]
	n2270
	n1805
	tx_core/axi_slave/burst_addr_nxt[27]
	memif_pdfifo0.f0_rdata[59]
	n2276
	n1806
	tx_core/axi_slave/burst_addr_nxt[20]
	memif_pdfifo0.f0_rdata[58]
	n2285
	n1807
	tx_core/axi_slave/burst_addr_nxt[14]
	memif_pdfifo0.f0_rdata[57]
	n2293
	n1808
	tx_core/axi_slave/burst_addr_nxt[13]
	memif_pdfifo0.f0_rdata[56]
	n2299
	n1811
	tx_core/axi_slave/burst_addr_nxt[11]
	memif_pdfifo0.f0_rdata[55]
	n2310
	n1814
	xgmii_tx.TXC[3]
	memif_pdfifo0.f0_rdata[54]
	n2319
	n1815
	xgmii_tx.TXC[2]
	memif_pdfifo0.f0_rdata[53]
	n2330
	n1816
	xgmii_tx.TXC[1]
	memif_pdfifo0.f0_rdata[52]
	n2338
	n1817
	memif_pdfifo0.f0_rdata[51]
	n2347
	n1818
	n915
	memif_pdfifo0.f0_rdata[50]
	n2389
	n1819
	n963
	memif_pdfifo0.f0_rdata[49]
	n2442
	n1820
	n970
	memif_pdfifo0.f0_rdata[48]
	n2443
	n1821
	n981
	memif_pdfifo0.f0_rdata[47]
	n2473
	n1824
	n982
	memif_pdfifo0.f0_rdata[46]
	n2513
	n1825
	n986
	memif_pdfifo0.f0_rdata[45]
	n2519
	n1828
	n987
	memif_pdfifo0.f0_rdata[44]
	n2530
	n1829
	n988
	memif_pdfifo0.f0_rdata[43]
	n2552
	n1830
	n1000
	memif_pdfifo0.f0_rdata[42]
	n2586
	n1838
	n1001
	memif_pdfifo0.f0_rdata[41]
	xgmii_tx.TXD[23]
	n1844
	n1002
	xgmii_tx.TXD[15]
	memif_pdfifo0.f0_rdata[40]
	n1847
	n1003
	xgmii_tx.TXD[14]
	memif_pdfifo0.f0_rdata[39]
	n1853
	n1004
	xgmii_tx.TXD[13]
	memif_pdfifo0.f0_rdata[38]
	n1857
	n1006
	xgmii_tx.TXD[12]
	memif_pdfifo0.f0_rdata[37]
	n1873
	n1007
	xgmii_tx.TXD[11]
	memif_pdfifo0.f0_rdata[36]
	n1874
	n1008
	xgmii_tx.TXD[10]
	memif_pdfifo0.f0_rdata[35]
	n1960
	n1012
	memif_pdfifo0.f0_rdata[34]
	xgmii_tx.TXD[9]
	n1962
	n1025
	memif_pdfifo0.f0_rdata[33]
	xgmii_tx.TXD[8]
	n1993
	n1037
	memif_pdfifo0.f0_rdata[32]
	xgmii_tx.TXD[7]
	n1999
	n1052
	memif_pdfifo0.f0_rdata[31]
	xgmii_tx.TXD[6]
	n2001
	n1055
	memif_pdfifo0.f0_rdata[30]
	xgmii_tx.TXD[5]
	n2099
	n1056
	memif_pdfifo0.f0_rdata[29]
	xgmii_tx.TXD[4]
	n2207
	n1061
	memif_pdfifo0.f0_rdata[28]
	xgmii_tx.TXD[3]
	n2225
	n1062
	memif_pdfifo0.f0_rdata[27]
	xgmii_tx.TXD[2]
	n2244
	n1070
	memif_pdfifo0.f0_rdata[26]
	xgmii_tx.TXD[1]
	n2252
	n1071
	memif_pdfifo0.f0_rdata[25]
	xgmii_tx.TXD[0]
	n2281
	n1111
	n1030
	memif_pdfifo0.f0_rdata[24]
	n2286
	n1119
	n1031
	memif_pdfifo0.f0_rdata[23]
	n2301
	n1219
	n1095
	memif_pdfifo0.f0_rdata[22]
	n2311
	n1324
	n1166
	memif_pdfifo0.f0_rdata[21]
	n2316
	n1338
	n1173
	memif_pdfifo0.f0_rdata[20]
	n2322
	n1363
	n1178
	memif_pdfifo0.f0_rdata[19]
	n2326
	n1369
	memif_pdfifo0.f0_rdata[18]
	n1193
	n2333
	n1379
	memif_pdfifo0.f0_rdata[17]
	n1237
	n2358
	n1399
	memif_pdfifo0.f0_rdata[16]
	n2516
	n2373
	n1427
	memif_pdfifo0.f0_rdata[15]
	n2522
	n2387
	n1465
	memif_pdfifo0.f0_rdata[14]
	n2529
	n2398
	n1469
	n1103
	memif_pdfifo0.f0_rdata[13]
	n2433
	n1473
	memif_pdfifo0.f0_rdata[12]
	n1208
	n2440
	n1477
	memif_pdfifo0.f0_rdata[11]
	n1218
	n2458
	n1479
	memif_pdfifo0.f0_rdata[10]
	n1225
	n2471
	n1483
	memif_pdfifo0.f0_rdata[9]
	n1239
	n2483
	n1488
	memif_pdfifo0.f0_rdata[8]
	n1247
	n2484
	n1493
	memif_pdfifo0.f0_rdata[7]
	n2523
	n2494
	n1498
	n1172
	memif_pdfifo0.f0_rdata[6]
	n2504
	n1501
	n1177
	memif_pdfifo0.f0_rdata[5]
	n2556
	n1514
	memif_pdfifo0.f0_rdata[4]
	n1207
	n2561
	n1532
	memif_pdfifo0.f0_rdata[3]
	n1211
	n2583
	n1578
	memif_pdfifo0.f0_rdata[2]
	n1238
	n2589
	n1584
	n1176
	memif_pdfifo0.f0_rdata[1]
	n2612
	n1608
	memif_pdfifo0.f0_rdata[0]
	n1201
	n2615
	n1609
	memif_pdfifo1.f0_rdata[63]
	n1210
	n2618
	n1611
	memif_pdfifo1.f0_rdata[62]
	n1243
	n2621
	n1612
	memif_pdfifo1.f0_rdata[61]
	n1244
	n2624
	n1645
	memif_pdfifo1.f0_rdata[60]
	n1245
	n2627
	n1647
	memif_pdfifo1.f0_rdata[59]
	n1242
	n2630
	n1649
	memif_pdfifo1.f0_rdata[58]
	n2555
	n2633
	n1651
	memif_pdfifo1.f0_rdata[57]
	tx_core/QOS_selector/qos/N33
	n2636
	n1656
	memif_pdfifo1.f0_rdata[56]
	tx_core/QOS_selector/qos/N32
	n2639
	n1658
	memif_pdfifo1.f0_rdata[55]
	tx_core/QOS_selector/qos/N31
	n2640
	n1665
	memif_pdfifo1.f0_rdata[54]
	tx_core/QOS_selector/qos/N30
	n2642
	n1666
	memif_pdfifo1.f0_rdata[53]
	tx_core/QOS_selector/qos/N29
	w_rspch.BID[3]
	n1672
	memif_pdfifo1.f0_rdata[52]
	tx_core/QOS_selector/qos/N28
	w_rspch.BID[2]
	n1680
	memif_pdfifo1.f0_rdata[51]
	tx_core/QOS_selector/qos/N27
	w_rspch.BID[1]
	n1684
	memif_pdfifo1.f0_rdata[50]
	tx_core/QOS_selector/qos/N26
	w_rspch.BID[0]
	n1689
	memif_pdfifo1.f0_rdata[49]
	tx_core/QOS_selector/qos/N25
	xgmii_tx.TXCLK
	n1703
	memif_pdfifo1.f0_rdata[48]
	tx_core/QOS_selector/qos/N24
	memif_swchaddr.f0_write
	n1722
	memif_pdfifo1.f0_rdata[47]
	tx_core/QOS_selector/qos/N23
	n1783
	memif_pdfifo1.f0_rdata[46]
	tx_core/QOS_selector/qos/N22
	n1084
	n1850
	memif_pdfifo1.f0_rdata[45]
	tx_core/QOS_selector/qos/N21
	n1106
	n1854
	memif_pdfifo1.f0_rdata[44]
	tx_core/QOS_selector/qos/N20
	n1107
	n1858
	memif_pdfifo1.f0_rdata[43]
	tx_core/QOS_selector/qos/N19
	n1108
	n1896
	memif_pdfifo1.f0_rdata[42]
	tx_core/QOS_selector/qos/N18
	n1124
	n1900
	memif_pdfifo1.f0_rdata[41]
	tx_core/QOS_selector/qos/N17
	n1125
	n1902
	memif_pdfifo1.f0_rdata[40]
	tx_core/QOS_selector/qos/N16
	n1126
	n1904
	memif_pdfifo1.f0_rdata[39]
	tx_core/QOS_selector/qos/N15
	n1127
	n1906
	memif_pdfifo1.f0_rdata[38]
	tx_core/QOS_selector/qos/N14
	n1135
	n1908
	memif_pdfifo1.f0_rdata[37]
	tx_core/QOS_selector/qos/N13
	n1910
	memif_pdfifo1.f0_rdata[36]
	tx_core/QOS_selector/qos/N12
	n1140
	n1912
	memif_pdfifo1.f0_rdata[35]
	tx_core/QOS_selector/qos/N11
	n1141
	n1914
	memif_pdfifo1.f0_rdata[34]
	tx_core/QOS_selector/qos/N10
	n1143
	n1916
	memif_pdfifo1.f0_rdata[33]
	n1148
	n1918
	memif_pdfifo1.f0_rdata[32]
	n1153
	n1920
	memif_pdfifo1.f0_rdata[31]
	n1156
	n1922
	memif_pdfifo1.f0_rdata[30]
	n1187
	n1924
	memif_pdfifo1.f0_rdata[29]
	n1202
	n1926
	memif_pdfifo1.f0_rdata[28]
	n1250
	n1928
	memif_pdfifo1.f0_rdata[27]
	n1261
	n1930
	memif_pdfifo1.f0_rdata[26]
	n1262
	n1932
	memif_pdfifo1.f0_rdata[25]
	n1263
	n1934
	memif_pdfifo1.f0_rdata[24]
	n1270
	n1936
	memif_pdfifo1.f0_rdata[23]
	n1285
	n1938
	memif_pdfifo1.f0_rdata[22]
	n1288
	n1940
	memif_pdfifo1.f0_rdata[21]
	n1300
	n1942
	memif_pdfifo1.f0_rdata[20]
	n1301
	n1944
	memif_pdfifo1.f0_rdata[19]
	n1322
	n1946
	memif_pdfifo1.f0_rdata[18]
	n1333
	n1948
	memif_pdfifo1.f0_rdata[17]
	n1343
	n1950
	memif_pdfifo1.f0_rdata[16]
	n1344
	n1953
	memif_pdfifo1.f0_rdata[15]
	n1348
	n1963
	memif_pdfifo1.f0_rdata[14]
	n1349
	n1978
	memif_pdfifo1.f0_rdata[13]
	n1352
	n2003
	memif_pdfifo1.f0_rdata[12]
	n1356
	n2005
	memif_pdfifo1.f0_rdata[11]
	n1357
	n2006
	memif_pdfifo1.f0_rdata[10]
	n1359
	n2007
	memif_pdfifo1.f0_rdata[9]
	n1370
	n2008
	memif_pdfifo1.f0_rdata[8]
	n1378
	n2014
	memif_pdfifo1.f0_rdata[7]
	n1384
	n2100
	memif_pdfifo1.f0_rdata[6]
	n1386
	n2107
	memif_pdfifo1.f0_rdata[5]
	n1387
	n2193
	memif_pdfifo1.f0_rdata[4]
	n1391
	n2219
	memif_pdfifo1.f0_rdata[3]
	n1426
	n2231
	memif_pdfifo1.f0_rdata[2]
	n1444
	n2254
	memif_pdfifo1.f0_rdata[1]
	n1462
	n2261
	memif_pdfifo1.f0_rdata[0]
	n1475
	n2266
	memif_pdfifo2.f0_rdata[63]
	n1485
	n2273
	memif_pdfifo2.f0_rdata[62]
	n1513
	n2283
	memif_pdfifo2.f0_rdata[61]
	n1521
	n2289
	memif_pdfifo2.f0_rdata[60]
	n1530
	n2296
	memif_pdfifo2.f0_rdata[59]
	n1536
	n2306
	memif_pdfifo2.f0_rdata[58]
	n1538
	n2314
	memif_pdfifo2.f0_rdata[57]
	n1540
	n2317
	memif_pdfifo2.f0_rdata[56]
	n1542
	n2327
	memif_pdfifo2.f0_rdata[55]
	n1544
	n2331
	memif_pdfifo2.f0_rdata[54]
	n1545
	n2350
	memif_pdfifo2.f0_rdata[53]
	n1551
	n2354
	memif_pdfifo2.f0_rdata[52]
	n1556
	n2369
	memif_pdfifo2.f0_rdata[51]
	n1558
	n2391
	memif_pdfifo2.f0_rdata[50]
	n1561
	n2392
	memif_pdfifo2.f0_rdata[49]
	n1562
	n2396
	memif_pdfifo2.f0_rdata[48]
	n1563
	n2431
	memif_pdfifo2.f0_rdata[47]
	n1594
	n2515
	memif_pdfifo2.f0_rdata[46]
	n1616
	n2566
	memif_pdfifo2.f0_rdata[45]
	n1617
	n2572
	memif_pdfifo2.f0_rdata[44]
	n1620
	n2581
	memif_pdfifo2.f0_rdata[43]
	n1624
	n2588
	memif_pdfifo2.f0_rdata[42]
	n1625
	n2607
	memif_pdfifo2.f0_rdata[41]
	n1635
	n2613
	memif_pdfifo2.f0_rdata[40]
	n1653
	n2620
	memif_pdfifo2.f0_rdata[39]
	n1654
	n2626
	memif_pdfifo2.f0_rdata[38]
	n1660
	n2632
	memif_pdfifo2.f0_rdata[37]
	n1678
	n2638
	memif_pdfifo2.f0_rdata[36]
	n1693
	memif_pdfifo2.f0_rdata[35]
	n1696
	memif_pdfifo2.f0_rdata[34]
	n1699
	n2662
	memif_pdfifo2.f0_rdata[33]
	n1710
	tx_core/axi_slave/burst_addr_nxt[28]
	memif_pdfifo2.f0_rdata[32]
	n1717
	tx_core/axi_slave/burst_addr_nxt[26]
	memif_pdfifo2.f0_rdata[31]
	n1720
	tx_core/axi_slave/burst_addr_nxt[24]
	memif_pdfifo2.f0_rdata[30]
	n1723
	tx_core/axi_slave/burst_addr_nxt[22]
	memif_pdfifo2.f0_rdata[29]
	n1755
	tx_core/axi_slave/burst_addr_nxt[21]
	memif_pdfifo2.f0_rdata[28]
	n1772
	tx_core/axi_slave/burst_addr_nxt[17]
	memif_pdfifo2.f0_rdata[27]
	n1792
	tx_core/axi_slave/burst_addr_nxt[16]
	memif_pdfifo2.f0_rdata[26]
	n1803
	tx_core/axi_slave/burst_addr_nxt[15]
	memif_pdfifo2.f0_rdata[25]
	n1810
	tx_core/tx_rs/nxt_state[3]
	memif_pdfifo2.f0_rdata[24]
	n1812
	n817
	memif_pdfifo2.f0_rdata[23]
	n1822
	n818
	memif_pdfifo2.f0_rdata[22]
	n1823
	n819
	memif_pdfifo2.f0_rdata[21]
	n1826
	n820
	memif_pdfifo2.f0_rdata[20]
	n1827
	n821
	memif_pdfifo2.f0_rdata[19]
	n1831
	n822
	memif_pdfifo2.f0_rdata[18]
	n1832
	n823
	memif_pdfifo2.f0_rdata[17]
	n1839
	n824
	memif_pdfifo2.f0_rdata[16]
	n1867
	n825
	memif_pdfifo2.f0_rdata[15]
	n1868
	n826
	memif_pdfifo2.f0_rdata[14]
	n1976
	n827
	memif_pdfifo2.f0_rdata[13]
	n1983
	n828
	memif_pdfifo2.f0_rdata[12]
	n2278
	n829
	memif_pdfifo2.f0_rdata[11]
	n2397
	n830
	memif_pdfifo2.f0_rdata[10]
	n2435
	n831
	memif_pdfifo2.f0_rdata[9]
	n2439
	n832
	memif_pdfifo2.f0_rdata[8]
	n2441
	n833
	memif_pdfifo2.f0_rdata[7]
	n2445
	n834
	memif_pdfifo2.f0_rdata[6]
	n2448
	n835
	memif_pdfifo2.f0_rdata[5]
	n2451
	n836
	memif_pdfifo2.f0_rdata[4]
	n2455
	n837
	memif_pdfifo2.f0_rdata[3]
	n2460
	n838
	memif_pdfifo2.f0_rdata[2]
	n2464
	n839
	memif_pdfifo2.f0_rdata[1]
	n2467
	n840
	memif_pdfifo2.f0_rdata[0]
	n2468
	n841
	memif_pcfifo0.f0_rdata[15]
	n2475
	n842
	memif_pcfifo0.f0_rdata[14]
	n2478
	n843
	memif_pcfifo0.f0_rdata[13]
	n2481
	n844
	memif_pcfifo0.f0_rdata[12]
	n2487
	n845
	memif_pcfifo0.f0_rdata[11]
	n2488
	n846
	memif_pcfifo0.f0_rdata[10]
	n2490
	n847
	memif_pcfifo0.f0_rdata[9]
	n2492
	n848
	memif_pcfifo0.f0_rdata[8]
	n2501
	n966
	memif_pcfifo0.f0_rdata[7]
	n2509
	n969
	memif_pcfifo0.f0_rdata[6]
	n2575
	n974
	memif_pcfifo0.f0_rdata[5]
	n2582
	n975
	memif_pcfifo0.f0_rdata[4]
	n2591
	n977
	memif_pcfifo0.f0_rdata[3]
	n2609
	n979
	memif_pcfifo0.f0_rdata[2]
	w_rspch.BVALID
	n980
	memif_pcfifo0.f0_rdata[1]
	n1101
	n985
	memif_pcfifo0.f0_rdata[0]
	n1102
	n1016
	n1142
	n1029
	memif_pcfifo1.f0_rdata[15]
	n1147
	n1041
	memif_pcfifo1.f0_rdata[14]
	n1159
	n1054
	memif_pcfifo1.f0_rdata[13]
	n1165
	n1065
	memif_pcfifo1.f0_rdata[12]
	n1182
	n1066
	memif_pcfifo1.f0_rdata[11]
	n1199
	n1069
	memif_pcfifo1.f0_rdata[10]
	n1235
	n1197
	memif_pcfifo1.f0_rdata[9]
	n1248
	n1212
	memif_pcfifo1.f0_rdata[8]
	n1249
	n1214
	memif_pcfifo1.f0_rdata[7]
	n1277
	n1215
	memif_pcfifo1.f0_rdata[6]
	n1281
	n1216
	memif_pcfifo1.f0_rdata[5]
	n1286
	n1217
	memif_pcfifo1.f0_rdata[4]
	n1298
	n1339
	memif_pcfifo1.f0_rdata[3]
	n1302
	n1484
	memif_pcfifo1.f0_rdata[2]
	n1303
	n1489
	memif_pcfifo1.f0_rdata[1]
	n1334
	n1494
	memif_pcfifo1.f0_rdata[0]
	n1354
	n1499
	n1360
	n1502
	memif_pcfifo2.f0_rdata[15]
	n1366
	n1572
	memif_pcfifo2.f0_rdata[14]
	n1368
	n1579
	memif_pcfifo2.f0_rdata[13]
	n1371
	n1610
	memif_pcfifo2.f0_rdata[12]
	n1385
	n1668
	memif_pcfifo2.f0_rdata[11]
	n1392
	n1670
	memif_pcfifo2.f0_rdata[10]
	n1394
	n1686
	memif_pcfifo2.f0_rdata[9]
	n1395
	n1687
	memif_pcfifo2.f0_rdata[8]
	n1396
	n1964
	memif_pcfifo2.f0_rdata[7]
	n1411
	n1980
	memif_pcfifo2.f0_rdata[6]
	n1455
	n1995
	memif_pcfifo2.f0_rdata[5]
	n1456
	n2004
	memif_pcfifo2.f0_rdata[4]
	n1463
	n2009
	memif_pcfifo2.f0_rdata[3]
	n1486
	n2011
	memif_pcfifo2.f0_rdata[2]
	n1518
	n2012
	memif_pcfifo2.f0_rdata[1]
	n1524
	n2015
	memif_pcfifo2.f0_rdata[0]
	n1537
	n2021
	memif_swchaddr.f0_waddr[4]
	n1550
	n2022
	memif_swchaddr.f0_waddr[3]
	n1557
	n2023
	memif_swchaddr.f0_waddr[2]
	n1565
	n2024
	memif_swchaddr.f0_waddr[1]
	n1568
	n2025
	memif_swchaddr.f0_waddr[0]
	n1588
	n2026
	memif_swchaddr.f0_raddr[4]
	n1605
	n2027
	memif_swchaddr.f0_raddr[3]
	n1619
	n2028
	memif_swchaddr.f0_raddr[2]
	n1623
	n2029
	memif_swchaddr.f0_raddr[1]
	n1630
	n2030
	memif_swchaddr.f0_raddr[0]
	n1631
	n2031
	memif_swchaddr.f0_rdata[35]
	n1636
	n2032
	memif_swchaddr.f0_rdata[34]
	n1661
	n2033
	memif_swchaddr.f0_rdata[33]
	n1674
	n2034
	memif_swchaddr.f0_rdata[32]
	n1683
	n2035
	memif_swchaddr.f0_rdata[31]
	n1700
	n2036
	memif_swchaddr.f0_rdata[30]
	n1707
	n2037
	memif_swchaddr.f0_rdata[29]
	n1708
	n2038
	memif_swchaddr.f0_rdata[28]
	n1724
	n2039
	memif_swchaddr.f0_rdata[27]
	n1742
	n2040
	memif_swchaddr.f0_rdata[26]
	n1768
	n2041
	memif_swchaddr.f0_rdata[25]
	n1773
	n2042
	memif_swchaddr.f0_rdata[24]
	n1785
	n2043
	memif_swchaddr.f0_rdata[23]
	n1795
	n2044
	memif_swchaddr.f0_rdata[22]
	n1809
	n2045
	memif_swchaddr.f0_rdata[21]
	n1833
	n2046
	memif_swchaddr.f0_rdata[20]
	n1834
	n2047
	memif_swchaddr.f0_rdata[19]
	n1835
	n2048
	memif_swchaddr.f0_rdata[18]
	n1842
	n2049
	memif_swchaddr.f0_rdata[17]
	n1845
	n2050
	memif_swchaddr.f0_rdata[16]
	n1870
	n2051
	memif_swchaddr.f0_rdata[15]
	n1876
	n2052
	memif_swchaddr.f0_rdata[14]
	n1959
	n2053
	memif_swchaddr.f0_rdata[13]
	n1966
	n2054
	memif_swchaddr.f0_rdata[12]
	n1984
	n2055
	memif_swchaddr.f0_rdata[11]
	n2264
	n2056
	memif_swchaddr.f0_rdata[10]
	n2400
	n2057
	memif_swchaddr.f0_rdata[9]
	n2405
	n2058
	memif_swchaddr.f0_rdata[8]
	n2444
	n2059
	memif_swchaddr.f0_rdata[7]
	n2446
	n2060
	memif_swchaddr.f0_rdata[6]
	n2452
	n2061
	memif_swchaddr.f0_rdata[5]
	n2456
	n2062
	memif_swchaddr.f0_rdata[4]
	n2461
	n2063
	memif_swchaddr.f0_rdata[3]
	n2465
	n2064
	memif_swchaddr.f0_rdata[2]
	n2469
	n2066
	memif_swchaddr.f0_rdata[1]
	n2486
	n2067
	memif_swchaddr.f0_rdata[0]
	n2489
	n2068
	memif_swchdata.f0_rdata[31]
	n2491
	n2069
	memif_swchdata.f0_rdata[30]
	n2506
	n2070
	memif_swchdata.f0_rdata[29]
	n2508
	n2071
	memif_swchdata.f0_rdata[28]
	n2072
	memif_swchdata.f0_rdata[27]
	n2571
	n2073
	memif_swchdata.f0_rdata[26]
	n2587
	n2074
	memif_swchdata.f0_rdata[25]
	n2595
	n2075
	memif_swchdata.f0_rdata[24]
	n2605
	n2076
	memif_swchdata.f0_rdata[23]
	tx_core/axi_slave/awready_nxt
	n2077
	memif_swchdata.f0_rdata[22]
	n997
	n2078
	memif_swchdata.f0_rdata[21]
	n998
	n2079
	memif_swchdata.f0_rdata[20]
	n1100
	n2080
	memif_swchdata.f0_rdata[19]
	n1123
	n2081
	memif_swchdata.f0_rdata[18]
	n1138
	n2082
	memif_swchdata.f0_rdata[17]
	n1145
	n2083
	memif_swchdata.f0_rdata[16]
	n1170
	n2084
	memif_swchdata.f0_rdata[15]
	n1180
	n2085
	memif_swchdata.f0_rdata[14]
	n1205
	n2086
	memif_swchdata.f0_rdata[13]
	n1220
	n2087
	memif_swchdata.f0_rdata[12]
	n1222
	n2088
	memif_swchdata.f0_rdata[11]
	n2089
	memif_swchdata.f0_rdata[10]
	n1241
	n2090
	memif_swchdata.f0_rdata[9]
	n1275
	n2091
	memif_swchdata.f0_rdata[8]
	n1279
	n2092
	memif_swchdata.f0_rdata[7]
	n1283
	n2093
	memif_swchdata.f0_rdata[6]
	n1289
	n2094
	memif_swchdata.f0_rdata[5]
	n1295
	n2095
	memif_swchdata.f0_rdata[4]
	n1310
	n2096
	memif_swchdata.f0_rdata[3]
	n1332
	n2097
	memif_swchdata.f0_rdata[2]
	n1353
	n2101
	memif_swchdata.f0_rdata[1]
	n1361
	n2102
	memif_swchdata.f0_rdata[0]
	n1362
	n2108
	memif_swchrsp.f0_waddr[4]
	n1365
	n2117
	memif_swchrsp.f0_waddr[3]
	n1367
	n2118
	memif_swchrsp.f0_waddr[2]
	n1381
	n2119
	memif_swchrsp.f0_waddr[1]
	n1393
	n2120
	memif_swchrsp.f0_waddr[0]
	n1412
	n2121
	memif_swchrsp.f0_raddr[4]
	n1429
	n2122
	memif_swchrsp.f0_raddr[3]
	n1433
	n2123
	memif_swchrsp.f0_raddr[2]
	n1435
	n2124
	memif_swchrsp.f0_raddr[1]
	n1441
	n2125
	memif_swchrsp.f0_raddr[0]
	tx_core/axi_slave/burst_addr_nxt[3]
	n1457
	n2126
	memif_swchrsp.f0_rdata[5]
	tx_core/axi_slave/burst_addr_nxt[2]
	n1458
	n2127
	memif_swchrsp.f0_rdata[4]
	tx_core/axi_slave/burst_addr_nxt[1]
	n1503
	n2128
	memif_swchrsp.f0_rdata[3]
	tx_core/axi_slave/burst_addr_nxt[0]
	n1505
	n2129
	memif_swchrsp.f0_rdata[2]
	n1507
	tx_core/tx_rs/nxt_state[2]
	n2130
	memif_swchrsp.f0_rdata[1]
	n1519
	tx_core/QOS_selector/qos/queue_gnt_q[0]
	n2131
	memif_swchrsp.f0_rdata[0]
	n1522
	m_r_ach.ARID[1]
	n2132
	tx_core/axi_slave/N70
	n1523
	m_r_ach.ARID[0]
	n2133
	tx_core/axi_slave/N69
	n1541
	m_r_ach.ARADDR[31]
	n2134
	tx_core/axi_slave/N68
	n1546
	m_r_ach.ARADDR[30]
	n2135
	tx_core/axi_slave/N67
	n1566
	m_r_ach.ARADDR[29]
	n2136
	tx_core/axi_slave/N66
	n1567
	m_r_ach.ARADDR[28]
	n2137
	tx_core/axi_slave/N65
	n1569
	m_r_ach.ARADDR[27]
	n2138
	tx_core/axi_slave/N64
	n1595
	m_r_ach.ARADDR[26]
	n2139
	tx_core/axi_slave/N63
	n1626
	m_r_ach.ARADDR[25]
	n2140
	tx_core/axi_slave/N62
	n1629
	m_r_ach.ARADDR[24]
	n2141
	tx_core/axi_slave/N61
	n1637
	m_r_ach.ARADDR[23]
	n2142
	tx_core/axi_slave/N60
	n1659
	m_r_ach.ARADDR[22]
	n2143
	tx_core/axi_slave/N59
	n1685
	m_r_ach.ARADDR[21]
	n2144
	tx_core/axi_slave/N58
	m_r_ach.ARADDR[20]
	n1701
	n2145
	tx_core/axi_slave/N57
	m_r_ach.ARADDR[19]
	n1712
	n2146
	tx_core/axi_slave/N56
	m_r_ach.ARADDR[18]
	n1751
	n2147
	tx_core/axi_slave/N55
	m_r_ach.ARADDR[17]
	n1756
	n2148
	tx_core/axi_slave/N54
	m_r_ach.ARADDR[16]
	n1763
	n2149
	tx_core/axi_slave/N53
	m_r_ach.ARADDR[15]
	n1770
	n2150
	tx_core/axi_slave/N52
	m_r_ach.ARADDR[14]
	n1775
	n2151
	tx_core/axi_slave/N51
	m_r_ach.ARADDR[13]
	n1781
	n2152
	tx_core/axi_slave/N50
	m_r_ach.ARADDR[12]
	n1798
	n2153
	tx_core/axi_slave/N49
	m_r_ach.ARADDR[11]
	n1804
	n2154
	tx_core/axi_slave/N48
	m_r_ach.ARADDR[10]
	n1813
	n2155
	tx_core/axi_slave/N47
	m_r_ach.ARADDR[9]
	n1837
	n2156
	tx_core/axi_slave/N46
	m_r_ach.ARADDR[8]
	n1840
	n2157
	tx_core/axi_slave/N45
	m_r_ach.ARADDR[7]
	n1841
	n2158
	tx_core/axi_slave/N44
	m_r_ach.ARADDR[6]
	n1859
	n2159
	tx_core/axi_slave/N43
	m_r_ach.ARADDR[5]
	n1869
	n2160
	tx_core/axi_slave/w_ach_cur_state[0]
	m_r_ach.ARADDR[4]
	n1991
	n2161
	tx_core/tx_rs/cnt2_d
	m_r_ach.ARADDR[3]
	n2203
	n2162
	tx_core/tx_rs/clk125mhz
	m_r_ach.ARADDR[2]
	n2204
	n2163
	tx_core/tx_rs/gclk_en_d
	m_r_ach.ARADDR[1]
	n2229
	n2164
	tx_core/axi_slave/wchrsp_fifo/n1
	m_r_ach.ARADDR[0]
	n2303
	n2165
	tx_core/axi_slave/wchrsp_fifo/n2
	m_r_ach.ARBURST[0]
	n2361
	n2166
	tx_core/axi_slave/wchrsp_fifo/n3
	m_r_ach.ARVALID
	n2379
	n2167
	tx_core/axi_slave/wchrsp_fifo/n4
	m_r_dch.RREADY
	n2407
	n2168
	tx_core/axi_slave/wchrsp_fifo/n5
	n2409
	n2169
	tx_core/axi_slave/wchrsp_fifo/n6
	n2411
	n2170
	tx_core/axi_slave/wchaddr_fifo/n1
	n2417
	n2171
	tx_core/axi_slave/wchaddr_fifo/n2
	n2419
	n2172
	tx_core/axi_slave/wchaddr_fifo/n3
	n2421
	n2173
	tx_core/axi_slave/wchaddr_fifo/n4
	n2425
	n2174
	tx_core/axi_slave/wchaddr_fifo/n5
	n2453
	n2175
	tx_core/axi_slave/wchaddr_fifo/n6
	n2457
	n2176
	tx_core/tx_crc/crcfifo0/n1
	n2466
	n2177
	tx_core/tx_crc/crcfifo0/n2
	n2470
	n2178
	tx_core/tx_crc/crcfifo0/n3
	n2474
	n2179
	tx_core/tx_crc/crcfifo0/n4
	n2477
	n2180
	tx_core/tx_crc/crcfifo0/n5
	n2493
	n2181
	tx_core/tx_crc/crcfifo2/n1
	n2495
	n2182
	tx_core/tx_crc/crcfifo2/n2
	n2502
	n2183
	tx_core/tx_crc/crcfifo2/n3
	n2507
	n2184
	tx_core/tx_crc/crcfifo2/n4
	n2510
	n2185
	tx_core/tx_crc/crcfifo2/n5
	n2557
	n2186
	tx_core/tx_crc/crcfifo1/n1
	n2562
	n2187
	tx_core/tx_crc/crcfifo1/n2
	n2569
	n2188
	tx_core/tx_crc/crcfifo1/n3
	n2570
	n2189
	tx_core/tx_crc/crcfifo1/n4
	n2590
	n2190
	tx_core/tx_crc/crcfifo1/n5
	n2594
	n2191
	DP_OP_226J3_122_8101/n187
	n2602
	n2192
	DP_OP_226J3_122_8101/n183
	n2606
	n2194
	DP_OP_226J3_122_8101/n134
	n2195
	DP_OP_226J3_122_8101/n126
	tx_core/axi_slave/burst_addr_nxt[5]
	n2196
	DP_OP_226J3_122_8101/n118
	n965
	n2197
	DP_OP_226J3_122_8101/n110
	n995
	n2198
	DP_OP_226J3_122_8101/n93
	n996
	n2199
	DP_OP_226J3_122_8101/n84
	n999
	n2200
	DP_OP_226J3_122_8101/n35
	n1058
	n2201
	n1073
	memif_crcf0.f0_write
	n2216
	n1099
	n2220
	n1128
	n2223
	n2645
	n1206
	n2232
	n2646
	n1221
	n2240
	n2647
	n1233
	n2249
	n2648
	n1234
	n2255
	n2649
	n1252
	n2267
	n2650
	n1265
	n2290
	n2651
	n1269
	n2323
	n2652
	n1273
	n2328
	n2653
	n1276
	n2336
	n2654
	n1290
	n2355
	n2655
	n1306
	n2357
	n2656
	n1313
	n2363
	n2657
	n1374
	n2371
	n2658
	n1430
	n2384
	n2659
	n1431
	n2390
	n2660
	n1432
	n2393
	n2661
	n1434
	n2395
	tx_core/axi_slave/w_dch_cur_state[1]
	n1436
	n2403
	tx_core/axi_slave/w_dch_cur_state[0]
	n1440
	n2406
	tx_core/QOS_selector/buffer_sel[2]
	n1445
	n2485
	tx_core/QOS_selector/buffer_sel[1]
	n1453
	n2503
	tx_core/QOS_selector/buffer_sel[0]
	n1460
	n2532
	tx_core/tx_rs/xgmii_txc_d[3]
	n1464
	n2534
	tx_core/tx_rs/xgmii_txc_d[2]
	n1504
	n2536
	tx_core/tx_rs/xgmii_txc_d[1]
	n1506
	n2537
	tx_core/tx_rs/xgmii_txc_d[0]
	n1508
	n2538
	tx_core/tx_rs/xgmii_txd_d[31]
	n1510
	n2541
	tx_core/tx_rs/xgmii_txd_d[30]
	n1520
	SYNOPSYS_UNCONNECTED__0
	n2543
	tx_core/tx_rs/xgmii_txd_d[29]
	n1543
	SYNOPSYS_UNCONNECTED__1
	n2567
	tx_core/tx_rs/xgmii_txd_d[28]
	n1547
	SYNOPSYS_UNCONNECTED__2
	n2573
	tx_core/tx_rs/xgmii_txd_d[27]
	n1549
	memif_crcf1.f0_write
	n2577
	tx_core/tx_rs/xgmii_txd_d[26]
	n1552
	n2619
	tx_core/tx_rs/xgmii_txd_d[25]
	n1564
	n2623
	tx_core/tx_rs/xgmii_txd_d[24]
	n1571
	n2625
	tx_core/tx_rs/xgmii_txd_d[23]
	n1573
	n2629
	tx_core/tx_rs/xgmii_txd_d[22]
	n1575
	n2631
	tx_core/tx_rs/xgmii_txd_d[21]
	n1583
	n2635
	tx_core/tx_rs/xgmii_txd_d[20]
	n1596
	n2637
	tx_core/tx_rs/xgmii_txd_d[19]
	n1597
	tx_core/axi_slave/burst_addr_nxt[29]
	tx_core/tx_rs/xgmii_txd_d[18]
	n1627
	tx_core/axi_slave/burst_addr_nxt[25]
	tx_core/tx_rs/xgmii_txd_d[17]
	n1638
	tx_core/axi_slave/burst_addr_nxt[23]
	tx_core/tx_rs/xgmii_txd_d[16]
	n1641
	tx_core/axi_slave/burst_addr_nxt[18]
	tx_core/tx_rs/xgmii_txd_d[15]
	n1643
	tx_core/tx_rs/nxt_state[0]
	tx_core/tx_rs/xgmii_txd_d[14]
	n1662
	tx_core/QOS_selector/qos/queue_gnt_q[1]
	tx_core/tx_rs/xgmii_txd_d[13]
	n1727
	n849
	tx_core/tx_rs/xgmii_txd_d[12]
	n1730
	n851
	tx_core/tx_rs/xgmii_txd_d[11]
	n1737
	n852
	tx_core/tx_rs/xgmii_txd_d[10]
	n1746
	n853
	tx_core/tx_rs/xgmii_txd_d[9]
	n1758
	n854
	tx_core/tx_rs/xgmii_txd_d[8]
	n1760
	n855
	tx_core/tx_rs/xgmii_txd_d[7]
	n1764
	n856
	tx_core/tx_rs/xgmii_txd_d[6]
	n1771
	n857
	tx_core/tx_rs/xgmii_txd_d[5]
	n1776
	n858
	tx_core/tx_rs/xgmii_txd_d[4]
	n1782
	n859
	tx_core/tx_rs/xgmii_txd_d[3]
	n1786
	n860
	tx_core/tx_rs/xgmii_txd_d[2]
	n1836
	n861
	tx_core/tx_rs/xgmii_txd_d[1]
	n1843
	n862
	tx_core/tx_rs/xgmii_txd_d[0]
	n1871
	n863
	tx_core/tx_rs/bvalid[7]
	n1877
	n864
	tx_core/tx_rs/bvalid[6]
	n1878
	n865
	tx_core/tx_rs/bvalid[5]
	n1883
	n866
	tx_core/tx_rs/bvalid[4]
	n1889
	n867
	tx_core/tx_rs/bvalid[3]
	n1894
	n868
	tx_core/tx_rs/bvalid[2]
	memif_crcf2.f0_write
	n1969
	n869
	tx_core/tx_rs/bvalid[1]
	memif_pdfifo0.f0_waddr[5]
	n1985
	n870
	tx_core/tx_rs/bvalid[0]
	memif_pdfifo0.f0_waddr[4]
	n1992
	n871
	tx_core/tx_rs/idlernd_cnt_d[1]
	memif_pdfifo0.f0_waddr[3]
	n2205
	n872
	tx_core/tx_rs/idlernd_cnt_d[0]
	memif_pdfifo0.f0_waddr[2]
	n2206
	n873
	tx_core/tx_rs/wakeuptimer_d[31]
	memif_pdfifo0.f0_waddr[1]
	n2209
	n874
	tx_core/tx_rs/wakeuptimer_d[30]
	memif_pdfifo0.f0_waddr[0]
	n2228
	n875
	tx_core/tx_rs/wakeuptimer_d[29]
	memif_pdfifo0.f0_wdata[63]
	n2247
	n876
	tx_core/tx_rs/wakeuptimer_d[28]
	memif_pdfifo0.f0_wdata[62]
	n2265
	n877
	tx_core/tx_rs/wakeuptimer_d[27]
	memif_pdfifo0.f0_wdata[61]
	n2271
	n878
	SYNOPSYS_UNCONNECTED__45
	tx_core/tx_rs/wakeuptimer_d[26]
	memif_pdfifo0.f0_wdata[60]
	n2279
	n879
	SYNOPSYS_UNCONNECTED__46
	tx_core/tx_rs/wakeuptimer_d[25]
	memif_pdfifo0.f0_wdata[59]
	n2288
	n880
	SYNOPSYS_UNCONNECTED__47
	tx_core/tx_rs/wakeuptimer_d[24]
	memif_pdfifo0.f0_wdata[58]
	n2294
	n881
	SYNOPSYS_UNCONNECTED__48
	tx_core/tx_rs/wakeuptimer_d[23]
	memif_pdfifo0.f0_wdata[57]
	n2304
	n882
	SYNOPSYS_UNCONNECTED__49
	tx_core/tx_rs/wakeuptimer_d[22]
	memif_pdfifo0.f0_wdata[56]
	n2367
	n883
	SYNOPSYS_UNCONNECTED__50
	tx_core/tx_rs/wakeuptimer_d[21]
	memif_pdfifo0.f0_wdata[55]
	n2377
	n884
	SYNOPSYS_UNCONNECTED__51
	tx_core/tx_rs/wakeuptimer_d[20]
	memif_pdfifo0.f0_wdata[54]
	n2378
	n885
	SYNOPSYS_UNCONNECTED__52
	tx_core/tx_rs/wakeuptimer_d[19]
	memif_pdfifo0.f0_wdata[53]
	n2380
	n886
	SYNOPSYS_UNCONNECTED__53
	tx_core/tx_rs/wakeuptimer_d[18]
	memif_pdfifo0.f0_wdata[52]
	n2408
	n887
	SYNOPSYS_UNCONNECTED__54
	tx_core/tx_rs/wakeuptimer_d[17]
	memif_pdfifo0.f0_wdata[51]
	n2410
	n888
	SYNOPSYS_UNCONNECTED__55
	tx_core/tx_rs/wakeuptimer_d[16]
	memif_pdfifo0.f0_wdata[50]
	n2412
	n889
	SYNOPSYS_UNCONNECTED__56
	tx_core/tx_rs/wakeuptimer_d[15]
	memif_pdfifo0.f0_wdata[49]
	n2413
	n890
	SYNOPSYS_UNCONNECTED__57
	tx_core/tx_rs/wakeuptimer_d[14]
	memif_pdfifo0.f0_wdata[48]
	n2414
	n891
	SYNOPSYS_UNCONNECTED__58
	tx_core/tx_rs/wakeuptimer_d[13]
	memif_pdfifo0.f0_wdata[47]
	n2415
	n892
	SYNOPSYS_UNCONNECTED__59
	tx_core/tx_rs/wakeuptimer_d[12]
	memif_pdfifo0.f0_wdata[46]
	n2416
	n893
	SYNOPSYS_UNCONNECTED__60
	tx_core/tx_rs/wakeuptimer_d[11]
	memif_pdfifo0.f0_wdata[45]
	n2418
	n894
	SYNOPSYS_UNCONNECTED__61
	tx_core/tx_rs/wakeuptimer_d[10]
	memif_pdfifo0.f0_wdata[44]
	n2422
	n895
	SYNOPSYS_UNCONNECTED__62
	tx_core/tx_rs/wakeuptimer_d[9]
	memif_pdfifo0.f0_wdata[43]
	n2423
	n896
	tx_core/tx_rs/wakeuptimer_d[8]
	memif_pdfifo0.f0_wdata[42]
	n2424
	n897
	tx_core/tx_rs/wakeuptimer_d[7]
	memif_pdfifo0.f0_wdata[41]
	n2426
	n898
	tx_core/tx_rs/wakeuptimer_d[6]
	memif_pdfifo0.f0_wdata[40]
	n2427
	n899
	tx_core/tx_rs/wakeuptimer_d[5]
	memif_pdfifo0.f0_wdata[39]
	n2429
	n900
	tx_core/tx_rs/wakeuptimer_d[4]
	memif_pdfifo0.f0_wdata[38]
	n2432
	n901
	tx_core/tx_rs/wakeuptimer_d[3]
	memif_pdfifo0.f0_wdata[37]
	n2438
	n902
	tx_core/tx_rs/wakeuptimer_d[2]
	memif_pdfifo0.f0_wdata[36]
	n2447
	n903
	tx_core/tx_rs/wakeuptimer_d[1]
	memif_pdfifo0.f0_wdata[35]
	n2454
	n904
	tx_core/tx_rs/wakeuptimer_d[0]
	memif_pdfifo0.f0_wdata[34]
	n2459
	n905
	tx_core/tx_rs/cur_state_clk[1]
	memif_pdfifo0.f0_wdata[33]
	n2462
	n906
	tx_core/tx_rs/cur_state_clk[0]
	memif_pdfifo0.f0_wdata[32]
	n2472
	n907
	tx_core/tx_rs/cnt128_d[6]
	memif_pdfifo0.f0_wdata[31]
	n2476
	n908
	tx_core/tx_rs/cnt128_d[5]
	memif_pdfifo0.f0_wdata[30]
	n2479
	n909
	tx_core/tx_rs/cnt128_d[4]
	memif_pdfifo0.f0_wdata[29]
	n2480
	n910
	tx_core/tx_rs/cnt128_d[3]
	memif_pdfifo0.f0_wdata[28]
	n2496
	n911
	tx_core/tx_rs/cnt128_d[2]
	memif_pdfifo0.f0_wdata[27]
	n2505
	n912
	tx_core/tx_rs/cnt128_d[1]
	memif_pdfifo0.f0_wdata[26]
	n2558
	n913
	tx_core/tx_rs/cnt128_d[0]
	memif_pdfifo0.f0_wdata[25]
	n2559
	n914
	tx_core/tx_rs/crc_bvalid_d[1]
	memif_pdfifo0.f0_wdata[24]
	n2592
	n948
	tx_core/tx_rs/crc_bvalid_d[0]
	memif_pdfifo0.f0_wdata[23]
	n2593
	n949
	tx_core/tx_rs/crc_left_d[31]
	memif_pdfifo0.f0_wdata[22]
	n2597
	n950
	tx_core/tx_rs/crc_left_d[30]
	memif_pdfifo0.f0_wdata[21]
	n2599
	n951
	tx_core/tx_rs/crc_left_d[29]
	memif_pdfifo0.f0_wdata[20]
	n2601
	n952
	tx_core/tx_rs/crc_left_d[28]
	memif_pdfifo0.f0_wdata[19]
	n2608
	n953
	w_ach.AWLEN[3]
	tx_core/tx_rs/crc_left_d[27]
	memif_pdfifo0.f0_wdata[18]
	n954
	w_ach.AWLEN[2]
	tx_core/tx_rs/crc_left_d[26]
	memif_pdfifo0.f0_wdata[17]
	n955
	w_ach.AWLEN[1]
	tx_core/tx_rs/crc_left_d[25]
	memif_pdfifo0.f0_wdata[16]
	n956
	w_ach.AWLEN[0]
	tx_core/tx_rs/crc_left_d[24]
	memif_pdfifo0.f0_wdata[15]
	n957
	w_ach.AWADDR[31]
	tx_core/tx_rs/crc_left_d[23]
	memif_pdfifo0.f0_wdata[14]
	n958
	w_ach.AWADDR[30]
	tx_core/tx_rs/crc_left_d[22]
	memif_pdfifo0.f0_wdata[13]
	n959
	w_ach.AWADDR[29]
	tx_core/tx_rs/crc_left_d[21]
	memif_pdfifo0.f0_wdata[12]
	n960
	w_ach.AWADDR[28]
	tx_core/tx_rs/crc_left_d[20]
	memif_pdfifo0.f0_wdata[11]
	n961
	w_ach.AWADDR[27]
	tx_core/tx_rs/crc_left_d[19]
	memif_pdfifo0.f0_wdata[10]
	n962
	w_ach.AWADDR[26]
	tx_core/tx_rs/crc_left_d[18]
	memif_pdfifo0.f0_wdata[9]
	tx_core/axi_slave/burst_addr_nxt[8]
	n968
	w_ach.AWADDR[25]
	tx_core/tx_rs/crc_left_d[17]
	memif_pdfifo0.f0_wdata[8]
	tx_core/axi_slave/burst_addr_nxt[7]
	n972
	w_ach.AWADDR[24]
	tx_core/tx_rs/crc_left_d[16]
	memif_pdfifo0.f0_wdata[7]
	tx_core/axi_slave/burst_addr_nxt[6]
	n973
	w_ach.AWADDR[23]
	tx_core/tx_rs/crc_left_d[15]
	memif_pdfifo0.f0_wdata[6]
	tx_core/axi_slave/burst_addr_nxt[4]
	n976
	w_ach.AWADDR[22]
	tx_core/tx_rs/crc_left_d[14]
	memif_pdfifo0.f0_wdata[5]
	tx_core/tx_rs/nxt_state[1]
	n978
	w_ach.AWADDR[21]
	tx_core/tx_rs/crc_left_d[13]
	n964
	memif_pdfifo0.f0_wdata[4]
	n984
	w_ach.AWADDR[20]
	tx_core/tx_rs/crc_left_d[12]
	n991
	memif_pdfifo0.f0_wdata[3]
	n1010
	w_ach.AWADDR[19]
	tx_core/tx_rs/crc_left_d[11]
	n993
	memif_pdfifo0.f0_wdata[2]
	n1011
	w_ach.AWADDR[18]
	tx_core/tx_rs/crc_left_d[10]
	n994
	memif_pdfifo0.f0_wdata[1]
	n1020
	w_ach.AWADDR[17]
	tx_core/tx_rs/crc_left_d[9]
	n1057
	memif_pdfifo0.f0_wdata[0]
	n1021
	w_ach.AWADDR[16]
	tx_core/tx_rs/crc_left_d[8]
	n1068
	memif_pdfifo0.f0_write
	n1023
	w_ach.AWADDR[15]
	tx_core/tx_rs/crc_left_d[7]
	memif_pdfifo0.f0_raddr[5]
	n1072
	n1024
	w_ach.AWADDR[14]
	tx_core/tx_rs/crc_left_d[6]
	memif_pdfifo0.f0_raddr[4]
	n1081
	n1035
	w_ach.AWADDR[13]
	tx_core/tx_rs/crc_left_d[5]
	memif_pdfifo0.f0_raddr[3]
	n1086
	n1036
	w_ach.AWADDR[12]
	tx_core/tx_rs/crc_left_d[4]
	memif_pdfifo0.f0_raddr[2]
	n1089
	n1047
	w_ach.AWADDR[11]
	tx_core/tx_rs/crc_left_d[3]
	n1122
	memif_pdfifo0.f0_raddr[1]
	n1050
	w_ach.AWADDR[10]
	tx_core/tx_rs/crc_left_d[2]
	n1164
	memif_pdfifo0.f0_raddr[0]
	n1051
	w_ach.AWADDR[9]
	tx_core/tx_rs/crc_left_d[1]
	memif_pdfifo1.f0_waddr[5]
	n1264
	n1064
	w_ach.AWADDR[8]
	tx_core/tx_rs/crc_left_d[0]
	memif_pdfifo1.f0_waddr[4]
	n1267
	n1074
	w_ach.AWADDR[7]
	tx_core/tx_rs/xgmii_tx_hold[63]
	memif_pdfifo1.f0_waddr[3]
	n1292
	n1076
	w_ach.AWADDR[6]
	tx_core/tx_rs/xgmii_tx_hold[62]
	memif_pdfifo1.f0_waddr[2]
	n1304
	n1098
	w_ach.AWADDR[5]
	tx_core/tx_rs/xgmii_tx_hold[61]
	memif_pdfifo1.f0_waddr[1]
	n1308
	n1129
	w_ach.AWADDR[4]
	tx_core/tx_rs/xgmii_tx_hold[60]
	memif_pdfifo1.f0_waddr[0]
	n1311
	n1131
	w_ach.AWADDR[3]
	tx_core/tx_rs/xgmii_tx_hold[59]
	memif_pdfifo1.f0_wdata[63]
	n1315
	n1139
	w_ach.AWADDR[2]
	tx_core/tx_rs/xgmii_tx_hold[58]
	memif_pdfifo1.f0_wdata[62]
	n1319
	n1149
	w_ach.AWADDR[1]
	tx_core/tx_rs/xgmii_tx_hold[57]
	memif_pdfifo1.f0_wdata[61]
	n1323
	n1162
	w_ach.AWADDR[0]
	tx_core/tx_rs/xgmii_tx_hold[56]
	memif_pdfifo1.f0_wdata[60]
	n1364
	w_dch.WDATA[31]
	n1213
	tx_core/tx_rs/xgmii_tx_hold[55]
	memif_pdfifo1.f0_wdata[59]
	n1397
	w_dch.WDATA[30]
	n1372
	tx_core/tx_rs/xgmii_tx_hold[54]
	memif_pdfifo1.f0_wdata[58]
	n1401
	w_dch.WDATA[29]
	n1515
	tx_core/tx_rs/xgmii_tx_hold[53]
	memif_pdfifo1.f0_wdata[57]
	n1406
	w_dch.WDATA[28]
	n1580
	tx_core/tx_rs/xgmii_tx_hold[52]
	memif_pdfifo1.f0_wdata[56]
	n1413
	w_dch.WDATA[27]
	n1585
	tx_core/tx_rs/xgmii_tx_hold[51]
	memif_pdfifo1.f0_wdata[55]
	n1418
	w_dch.WDATA[26]
	n1657
	tx_core/tx_rs/xgmii_tx_hold[50]
	memif_pdfifo1.f0_wdata[54]
	n1443
	w_dch.WDATA[25]
	n1669
	tx_core/tx_rs/xgmii_tx_hold[49]
	memif_pdfifo1.f0_wdata[53]
	n1446
	w_dch.WDATA[24]
	n1681
	tx_core/tx_rs/xgmii_tx_hold[48]
	memif_pdfifo1.f0_wdata[52]
	n1454
	w_dch.WDATA[23]
	n1688
	tx_core/tx_rs/xgmii_tx_hold[47]
	memif_pdfifo1.f0_wdata[51]
	n1459
	n1690
	w_dch.WDATA[22]
	tx_core/tx_rs/xgmii_tx_hold[46]
	memif_pdfifo1.f0_wdata[50]
	n1466
	w_dch.WDATA[21]
	n1704
	tx_core/tx_rs/xgmii_tx_hold[45]
	memif_pdfifo1.f0_wdata[49]
	n1470
	w_dch.WDATA[20]
	n1753
	tx_core/tx_rs/xgmii_tx_hold[44]
	memif_pdfifo1.f0_wdata[48]
	n1476
	w_dch.WDATA[19]
	n1788
	tx_core/tx_rs/xgmii_tx_hold[43]
	memif_pdfifo1.f0_wdata[47]
	n1478
	w_dch.WDATA[18]
	n1789
	tx_core/tx_rs/xgmii_tx_hold[42]
	memif_pdfifo1.f0_wdata[46]
	n1509
	w_dch.WDATA[17]
	n1791
	tx_core/tx_rs/xgmii_tx_hold[41]
	memif_pdfifo1.f0_wdata[45]
	n1512
	w_dch.WDATA[16]
	n1861
	tx_core/tx_rs/xgmii_tx_hold[40]
	memif_pdfifo1.f0_wdata[44]
	n1531
	n1862
	tx_core/tx_rs/xgmii_tx_hold[39]
	memif_pdfifo1.f0_wdata[43]
	n1548
	n1864
	tx_core/tx_rs/xgmii_tx_hold[38]
	memif_pdfifo1.f0_wdata[42]
	n1553
	n1866
	tx_core/tx_rs/xgmii_tx_hold[37]
	memif_pdfifo1.f0_wdata[41]
	n1555
	n1879
	tx_core/tx_rs/xgmii_tx_hold[36]
	memif_pdfifo1.f0_wdata[40]
	n1559
	n1880
	tx_core/tx_rs/xgmii_tx_hold[35]
	n1576
	memif_pdfifo1.f0_wdata[39]
	n1882
	tx_core/tx_rs/xgmii_tx_hold[34]
	n1582
	memif_pdfifo1.f0_wdata[38]
	n1884
	tx_core/tx_rs/xgmii_tx_hold[33]
	n1591
	memif_pdfifo1.f0_wdata[37]
	n1885
	tx_core/tx_rs/xgmii_tx_hold[32]
	n1592
	memif_pdfifo1.f0_wdata[36]
	w_dch.WDATA[7]
	n1887
	tx_core/tx_rs/xgmii_tx_hold[31]
	n1598
	memif_pdfifo1.f0_wdata[35]
	w_dch.WDATA[6]
	n1890
	tx_core/tx_rs/xgmii_tx_hold[30]
	n1600
	memif_pdfifo1.f0_wdata[34]
	w_dch.WDATA[5]
	n1891
	tx_core/tx_rs/xgmii_tx_hold[29]
	n1601
	memif_pdfifo1.f0_wdata[33]
	w_dch.WDATA[4]
	n1893
	tx_core/tx_rs/xgmii_tx_hold[28]
	n1607
	memif_pdfifo1.f0_wdata[32]
	w_dch.WDATA[3]
	n1955
	tx_core/tx_rs/xgmii_tx_hold[27]
	n1613
	memif_pdfifo1.f0_wdata[31]
	w_dch.WDATA[2]
	n1956
	tx_core/tx_rs/xgmii_tx_hold[26]
	n1628
	memif_pdfifo1.f0_wdata[30]
	w_dch.WDATA[1]
	n1958
	tx_core/tx_rs/xgmii_tx_hold[25]
	n1639
	memif_pdfifo1.f0_wdata[29]
	w_dch.WDATA[0]
	n1965
	tx_core/tx_rs/xgmii_tx_hold[24]
	n1640
	memif_pdfifo1.f0_wdata[28]
	w_dch.WID[3]
	n1968
	tx_core/tx_rs/xgmii_tx_hold[23]
	n1663
	memif_pdfifo1.f0_wdata[27]
	w_dch.WID[2]
	n1972
	tx_core/tx_rs/xgmii_tx_hold[22]
	memif_pdfifo1.f0_wdata[26]
	n1702
	w_dch.WID[1]
	n1974
	tx_core/tx_rs/xgmii_tx_hold[21]
	memif_pdfifo1.f0_wdata[25]
	n1711
	w_dch.WID[0]
	n1975
	tx_core/tx_rs/xgmii_tx_hold[20]
	memif_pdfifo1.f0_wdata[24]
	n1713
	n1979
	tx_core/tx_rs/xgmii_tx_hold[19]
	memif_pdfifo1.f0_wdata[23]
	n1721
	n1981
	tx_core/tx_rs/xgmii_tx_hold[18]
	memif_pdfifo1.f0_wdata[22]
	n1728
	n1989
	tx_core/tx_rs/xgmii_tx_hold[17]
	memif_pdfifo1.f0_wdata[21]
	n1731
	n1996
	tx_core/tx_rs/xgmii_tx_hold[16]
	memif_pdfifo1.f0_wdata[20]
	n1744
	n2010
	tx_core/tx_rs/xgmii_tx_hold[15]
	memif_pdfifo1.f0_wdata[19]
	n1749
	n2016
	tx_core/tx_rs/xgmii_tx_hold[14]
	memif_pdfifo1.f0_wdata[18]
	n1752
	n2017
	tx_core/tx_rs/xgmii_tx_hold[13]
	memif_pdfifo1.f0_wdata[17]
	n1762
	n2019
	tx_core/tx_rs/xgmii_tx_hold[12]
	memif_pdfifo1.f0_wdata[16]
	n1766
	n2111
	tx_core/tx_rs/xgmii_tx_hold[11]
	memif_pdfifo1.f0_wdata[15]
	n1778
	n2221
	tx_core/tx_rs/xgmii_tx_hold[10]
	memif_pdfifo1.f0_wdata[14]
	n1787
	n2224
	tx_core/tx_rs/xgmii_tx_hold[9]
	memif_pdfifo1.f0_wdata[13]
	n1793
	n2234
	tx_core/tx_rs/xgmii_tx_hold[8]
	memif_pdfifo1.f0_wdata[12]
	n1796
	n2237
	tx_core/tx_rs/xgmii_tx_hold[7]
	memif_pdfifo1.f0_wdata[11]
	n1799
	n2242
	tx_core/tx_rs/xgmii_tx_hold[6]
	memif_pdfifo1.f0_wdata[10]
	n1846
	n2318
	tx_core/tx_rs/xgmii_tx_hold[5]
	memif_pdfifo1.f0_wdata[9]
	n1848
	n2346
	tx_core/tx_rs/xgmii_tx_hold[4]
	memif_pdfifo1.f0_wdata[8]
	n1849
	n2356
	tx_core/tx_rs/xgmii_tx_hold[3]
	memif_pdfifo1.f0_wdata[7]
	n1851
	n2359
	tx_core/tx_rs/xgmii_tx_hold[2]
	memif_pdfifo1.f0_wdata[6]
	n1855
	n2366
	tx_core/tx_rs/xgmii_tx_hold[1]
	memif_pdfifo1.f0_wdata[5]
	n1860
	n2374
	tx_core/tx_rs/xgmii_tx_hold[0]
	memif_pdfifo1.f0_wdata[4]
	n1872
	n2375
	tx_core/tx_rs/crc_tx_d[31]
	memif_pdfifo1.f0_wdata[3]
	n1888
	n2385
	tx_core/tx_rs/crc_tx_d[30]
	memif_pdfifo1.f0_wdata[2]
	n1898
	n2386
	tx_core/tx_rs/crc_tx_d[29]
	memif_pdfifo1.f0_wdata[1]
	n1951
	n2399
	tx_core/tx_rs/crc_tx_d[28]
	memif_pdfifo1.f0_wdata[0]
	n1954
	n2449
	tx_core/tx_rs/crc_tx_d[27]
	memif_pdfifo1.f0_write
	n1970
	n2511
	tx_core/tx_rs/crc_tx_d[26]
	memif_pdfifo1.f0_raddr[5]
	n1971
	n2524
	tx_core/tx_rs/crc_tx_d[25]
	memif_pdfifo1.f0_raddr[4]
	n1986
	n2525
	tx_core/tx_rs/crc_tx_d[24]
	memif_pdfifo1.f0_raddr[3]
	n1994
	n2531
	tx_core/tx_rs/crc_tx_d[23]
	memif_pdfifo1.f0_raddr[2]
	n2000
	n2533
	tx_core/tx_rs/crc_tx_d[22]
	memif_pdfifo1.f0_raddr[1]
	n2020
	n2539
	tx_core/tx_rs/crc_tx_d[21]
	n2109
	memif_pdfifo1.f0_raddr[0]
	n2542
	tx_core/tx_rs/crc_tx_d[20]
	memif_pdfifo2.f0_waddr[5]
	n2208
	n2544
	tx_core/tx_rs/crc_tx_d[19]
	memif_pdfifo2.f0_waddr[4]
	n2230
	clks.rst
	n2550
	tx_core/tx_rs/crc_tx_d[18]
	memif_pdfifo2.f0_waddr[3]
	n2238
	w_ach.AWID[3]
	n2568
	tx_core/tx_rs/crc_tx_d[17]
	memif_pdfifo2.f0_waddr[2]
	n2253
	w_ach.AWID[2]
	n2576
	tx_core/tx_rs/crc_tx_d[16]
	memif_pdfifo2.f0_waddr[1]
	n2258
	w_ach.AWID[1]
	n2622
	tx_core/tx_rs/crc_tx_d[15]
	memif_pdfifo2.f0_waddr[0]
	n2259
	w_ach.AWID[0]
	n2628
	tx_core/tx_rs/crc_tx_d[14]
	memif_pdfifo2.f0_wdata[63]
	n2268
	n2634
	w_ach.AWSIZE[2]
	tx_core/tx_rs/crc_tx_d[13]
	memif_pdfifo2.f0_wdata[62]
	n2274
	w_ach.AWSIZE[1]
	tx_core/axi_slave/burst_addr_nxt[30]
	tx_core/tx_rs/crc_tx_d[12]
	memif_pdfifo2.f0_wdata[61]
	n2277
	tx_core/axi_slave/burst_addr_nxt[19]
	w_ach.AWSIZE[0]
	tx_core/tx_rs/crc_tx_d[11]
	memif_pdfifo2.f0_wdata[60]
	n2282
	w_ach.AWBURST[1]
	tx_core/QOS_selector/qos/queue_gnt_q[2]
	tx_core/tx_rs/crc_tx_d[10]
	memif_pdfifo2.f0_wdata[59]
	n2291
	n967
	w_ach.AWBURST[0]
	tx_core/tx_rs/crc_tx_d[9]
	memif_pdfifo2.f0_wdata[58]
	n2297
	n1009
	w_ach.AWLOCK[1]
	tx_core/tx_rs/crc_tx_d[8]
	memif_pdfifo2.f0_wdata[57]
	n2302

3224 nets with no annotation
1
#####################################################################
#       check/update/report power
#####################################################################
check_power
Information: Checking 'out_of_table_range'.
Warning: There are 994 out_of_range ramps.
Information: Checking 'missing_table'.
Warning: There are 105 library cells without leakage power tables.
Information: Checking 'missing_function'.
Warning: There are 5 library cells without function.
0
update_power
Warning: The hierarchical cell 'tx_core/dma_reg_tx' is an empty cell (PWR-278)
Warning: The hierarchical cell 'tx_core/tx_crc/crcpkt0' is an empty cell (PWR-278)
Warning: The hierarchical cell 'tx_core/tx_crc/crcpkt2' is an empty cell (PWR-278)
Warning: The hierarchical cell 'tx_core/tx_crc/crcpkt1' is an empty cell (PWR-278)
Warning: The hierarchical cell 'tx_core/axi_master' is an empty cell (PWR-278)
Information: Running switching activity propagation with 4 threads!
Information: Running averaged power analysis... (PWR-601)
Information: Running power calculation with 4 threads. (PWR-602)
1
report_power -hierarchy > saif.rpt
quit
Suppressed Messages Summary:
Id          Severity      Occurrences   Suppressed
-------------------------------------------------------------------------------
PARA-123    Warning             22375        22275
Total 1 type of message is suppressed

Timing updates: 1 (1 implicit, 0 explicit) (0 incremental, 1 full, 0 logical)
Noise updates: 0 (0 implicit, 0 explicit) (0 incremental, 0 full)
Maximum memory usage for this session: 658.96 MB
CPU usage for this session: 3 seconds 
Elapsed time for this session: 2 seconds
Diagnostics summary: 56 warnings, 14 informationals

Thank you for using pt_shell!
