Checking out Encounter license ...
Virtuoso_Digital_Implem 9.1 license checkout succeeded.
	Maximum number of instance allowed (1 x 50000).
**ERROR: (ENCOAX-148):	Could not open shared library libfeoax22.so : liboaDesign.so: cannot open shared object file: No such file or directory

**ERROR: (ENCOAX-148):	OA features will be disabled in this session.


*******************************************************************
*   Copyright (c)  Cadence Design Systems, Inc.  1996 - 2010.     *
*                     All rights reserved.                        *
*                                                                 *
*                                                                 *
*                                                                 *
* This program contains confidential and trade secret information *
* of Cadence Design Systems, Inc. and is protected by copyright   *
* law and international treaties.  Any reproduction, use,         *
* distribution or disclosure of this program or any portion of it,*
* or any attempt to obtain a human-readable version of this       *
* program, without the express, prior written consent of          *
* Cadence Design Systems, Inc., is strictly prohibited.           *
*                                                                 *
*                 Cadence Design Systems, Inc.                    *
*                    2655 Seely Avenue                            *
*                   San Jose, CA 95134,  USA                      *
*                                                                 *
*                                                                 *
*******************************************************************

@(#)CDS: Encounter v09.14-s273_1 (32bit) 02/17/2011 18:35 (Linux 2.6)
@(#)CDS: NanoRoute v09.14-s029 NR110207-1105/USR65-UB (database version 2.30, 112.2.1) {superthreading v1.15}
@(#)CDS: CeltIC v09.14-s097_1 (32bit) 02/08/2011 02:24:38 (Linux 2.6.9-89.0.19.ELsmp)
@(#)CDS: AAE 09.14-s001 (32bit) 02/17/2011 (Linux 2.6.9-89.0.19.ELsmp)
@(#)CDS: CTE 09.14-s140_1 (32bit) Feb  8 2011 01:13:15 (Linux 2.6.9-89.0.19.ELsmp)
@(#)CDS: CPE v09.14-s001
--- Starting "Encounter v09.14-s273_1" on Tue Nov  8 22:39:17 2016 (mem=50.6M) ---
--- Running on coe-ee-cad45.sjsuad.sjsu.edu (x86_64 w/Linux 4.7.9-200.fc24.x86_64+debug) ---
This version was compiled on Thu Feb 17 18:35:02 PST 2011.
Set DBUPerIGU to 1000.
Set net toggle Scale Factor to 1.00
Set Shrink Factor to 1.00000
<CMD> loadConfig ./encounter.conf
Reading config file - ./encounter.conf
**WARN: (ENCEXT-1085):	Option 'rda_Input(ui_res_scale)' used in configuration file './encounter.conf' is obsolete. The name will be converted into new format automatically if design is saved and then restored. Alternatively, update the configuration file to use names 'rda_Input(ui_preRoute_res)' and/or 'rda_Input(ui_postRoute_res)' for resistance scale factors to be used at preRoute/postRoute stages of the design . The obsolete name works in this release. But to avoid this warning and to ensure compatibility with future releases, update this option name.
**ERROR: (ENCSYT-16038):	'../eth_core.v' not found.

Loading Lef file /home/010123386@SJSUAD.SJSU.EDU/Documents/new_lib/FreePDK45/osu_soc/lib/files/gscl45nm.lef...
**WARN: (ENCLF-155):	ViaRule only supports routing/cut layer, but poly layer found for viaRule 'M1_POLY', 
Set DBUPerIGU to M2 pitch 380.
Initializing default via types and wire widths ...

Power Planner/ViaGen version 8.1.46 promoted on 02/17/2009.
viaInitial starts at Tue Nov  8 22:39:38 2016
viaInitial ends at Tue Nov  8 22:39:38 2016
**ERROR: (ENCSYT-16038):	'../eth_core.v' not found.
Reading netlist ...
Backslashed names will retain backslash and a trailing blank character.

*** Memory Usage v0.159.2.9 (Current mem = 256.059M, initial mem = 50.625M) ***
*** End netlist parsing (cpu=0:00:00.0, real=0:00:00.0, mem=256.1M) ***
**ERROR: (ENCSYC-300):	Cell eth_core not found.
**ERROR: (ENCVL-904):	Can't set top cell to "eth_core" because it doesn't exist.  Exiting Encounter!

*** Memory Usage v0.159.2.9 (Current mem = 256.059M, initial mem = 50.625M) ***
--- Ending "Encounter" (totcpu=0:00:06.0, real=0:00:37.0, mem=256.1M) ---
