###############################################################
#  Generated by:      Cadence Encounter 09.14-s273_1
#  OS:                Linux x86_64(Host ID coe-ee-cad45.sjsuad.sjsu.edu)
#  Generated on:      Sun Nov 13 17:55:06 2016
#  Command:           verifyConnectivity -type all
###############################################################
Verify Connectivity Report created on Sun Nov 13 17:55:06 2016



Net FECTS_clks_clk___L4_N69: dangling Wire at (405.175, 66.025) (405.175, 66.025) on layer: M1
Net FECTS_clks_clk___L4_N69: dangling Wire at (405.080, 51.205) (405.080, 51.205) on layer: M1
Net FECTS_clks_clk___L4_N69: dangling Wire at (404.700, 33.535) (404.700, 33.535) on layer: M1
Net FECTS_clks_clk___L4_N69: dangling Wire at (403.845, 35.245) (403.845, 35.245) on layer: M1
Net FECTS_clks_clk___L4_N69: dangling Wire at (402.515, 46.265) (402.515, 46.265) on layer: M1
Net FECTS_clks_clk___L4_N69: dangling Wire at (402.515, 36.385) (402.515, 36.385) on layer: M1
Net FECTS_clks_clk___L4_N69: dangling Wire at (402.040, 26.505) (402.040, 26.505) on layer: M1
Net FECTS_clks_clk___L4_N69: dangling Wire at (401.185, 59.375) (401.185, 59.375) on layer: M1
Net FECTS_clks_clk___L4_N69: dangling Wire at (399.855, 58.235) (399.855, 58.235) on layer: M1
Net FECTS_clks_clk___L4_N69: dangling Wire at (399.475, 68.115) (399.475, 68.115) on layer: M1
Net FECTS_clks_clk___L4_N69: dangling Wire at (399.380, 48.355) (399.380, 48.355) on layer: M1
Net FECTS_clks_clk___L4_N69: dangling Wire at (398.240, 53.295) (398.240, 53.295) on layer: M1
Net FECTS_clks_clk___L4_N69: dangling Wire at (398.240, 43.415) (398.240, 43.415) on layer: M1
Net FECTS_clks_clk___L4_N69: dangling Wire at (398.240, 41.325) (398.240, 41.325) on layer: M1
Net FECTS_clks_clk___L4_N69: dangling Wire at (398.240, 31.445) (398.240, 31.445) on layer: M1
Net FECTS_clks_clk___L4_N69: dangling Wire at (398.240, 21.565) (398.240, 21.565) on layer: M1
Net FECTS_clks_clk___L4_N69: dangling Wire at (397.860, 26.505) (397.860, 26.505) on layer: M1
Net FECTS_clks_clk___L4_N69: dangling Wire at (395.200, 70.965) (395.200, 70.965) on layer: M1
Net FECTS_clks_clk___L4_N69: dangling Wire at (395.200, 48.355) (395.200, 48.355) on layer: M1
Net FECTS_clks_clk___L4_N69: dangling Wire at (391.780, 63.175) (391.780, 63.175) on layer: M1
Net FECTS_clks_clk___L4_N69: dangling Wire at (391.780, 56.145) (391.780, 56.145) on layer: M1
Net FECTS_clks_clk___L4_N69: dangling Wire at (391.780, 36.385) (391.780, 36.385) on layer: M1
Net FECTS_clks_clk___L4_N69: dangling Wire at (391.780, 26.505) (391.780, 26.505) on layer: M1
Net FECTS_clks_clk___L4_N69: dangling Wire at (391.400, 43.415) (391.400, 43.415) on layer: M1
Net FECTS_clks_clk___L4_N69: dangling Wire at (391.020, 48.355) (391.020, 48.355) on layer: M1
Net FECTS_clks_clk___L4_N69: dangling Wire at (390.260, 23.655) (390.260, 23.655) on layer: M1
Net FECTS_clks_clk___L4_N69: dangling Wire at (389.880, 33.535) (389.880, 33.535) on layer: M1
Net FECTS_clks_clk___L4_N69: dangling Wire at (389.500, 68.115) (389.500, 68.115) on layer: M1
Net FECTS_clks_clk___L4_N69: dangling Wire at (386.365, 47.500) (386.365, 47.500) on layer: M1
Net FECTS_clks_clk___L4_N69: dangling Wire at (385.320, 68.115) (385.320, 68.115) on layer: M1
Net FECTS_clks_clk___L4_N69: dangling Wire at (385.320, 63.175) (385.320, 63.175) on layer: M1
Net FECTS_clks_clk___L4_N69: dangling Wire at (385.320, 46.265) (385.320, 46.265) on layer: M1
Net FECTS_clks_clk___L4_N69: dangling Wire at (385.320, 28.595) (385.320, 28.595) on layer: M1
Net FECTS_clks_clk___L4_N69: dangling Wire at (385.320, 23.655) (385.320, 23.655) on layer: M1
Net FECTS_clks_clk___L4_N69: dangling Wire at (382.660, 36.385) (382.660, 36.385) on layer: M1
Net FECTS_clks_clk___L4_N69: dangling Wire at (382.280, 31.445) (382.280, 31.445) on layer: M1
Net FECTS_clks_clk___L4_N69: dangling Wire at (381.140, 46.265) (381.140, 46.265) on layer: M1
Net FECTS_clks_clk___L4_N69: dangling Wire at (379.240, 61.085) (379.240, 61.085) on layer: M1
Net FECTS_clks_clk___L4_N69: dangling Wire at (378.860, 28.595) (378.860, 28.595) on layer: M1
Net FECTS_clks_clk___L4_N69: dangling Wire at (378.480, 48.355) (378.480, 48.355) on layer: M1
Net FECTS_clks_clk___L4_N69: dangling Wire at (378.480, 36.385) (378.480, 36.385) on layer: M1
Net FECTS_clks_clk___L4_N69: dangling Wire at (375.820, 46.265) (375.820, 46.265) on layer: M1
Net FECTS_clks_clk___L4_N69: dangling Wire at (375.820, 41.325) (375.820, 41.325) on layer: M1
Net FECTS_clks_clk___L4_N69: dangling Wire at (375.060, 61.085) (375.060, 61.085) on layer: M1
Net FECTS_clks_clk___L4_N69: dangling Wire at (372.020, 63.175) (372.020, 63.175) on layer: M1
Net FECTS_clks_clk___L4_N69: dangling Wire at (372.020, 28.595) (372.020, 28.595) on layer: M1
Net FECTS_clks_clk___L4_N69: dangling Wire at (371.640, 43.415) (371.640, 43.415) on layer: M1
Net FECTS_clks_clk___L4_N69: dangling Wire at (370.500, 36.385) (370.500, 36.385) on layer: M1
Net FECTS_clks_clk___L4_N69: dangling Wire at (369.740, 21.565) (369.740, 21.565) on layer: M1
Net FECTS_clks_clk___L4_N69: dangling Wire at (368.980, 31.445) (368.980, 31.445) on layer: M1
Net FECTS_clks_clk___L4_N69: dangling Wire at (368.600, 56.145) (368.600, 56.145) on layer: M1
Net FECTS_clks_clk___L4_N69: dangling Wire at (366.700, 26.505) (366.700, 26.505) on layer: M1
Net FECTS_clks_clk___L4_N69: dangling Wire at (366.320, 46.265) (366.320, 46.265) on layer: M1
Net FECTS_clks_clk___L4_N69: dangling Wire at (366.320, 36.385) (366.320, 36.385) on layer: M1
Net FECTS_clks_clk___L4_N69: dangling Wire at (366.320, 23.655) (366.320, 23.655) on layer: M1
Net FECTS_clks_clk___L4_N68: dangling Wire at (384.180, 82.935) (384.180, 82.935) on layer: M1
Net FECTS_clks_clk___L4_N68: dangling Wire at (382.280, 73.055) (382.280, 73.055) on layer: M1
Net FECTS_clks_clk___L4_N68: dangling Wire at (367.840, 66.025) (367.840, 66.025) on layer: M1
Net FECTS_clks_clk___L4_N68: dangling Wire at (365.560, 53.295) (365.560, 53.295) on layer: M1
Net FECTS_clks_clk___L4_N68: dangling Wire at (362.900, 58.330) (362.900, 58.330) on layer: M1
Net FECTS_clks_clk___L4_N68: dangling Wire at (362.520, 85.690) (362.520, 85.690) on layer: M1
Net FECTS_clks_clk___L4_N68: dangling Wire at (362.520, 61.085) (362.520, 61.085) on layer: M1
Net FECTS_clks_clk___L4_N68: dangling Wire at (362.140, 73.055) (362.140, 73.055) on layer: M1
Net FECTS_clks_clk___L4_N68: dangling Wire at (362.140, 46.265) (362.140, 46.265) on layer: M1
Net FECTS_clks_clk___L4_N68: dangling Wire at (361.855, 58.520) (361.855, 58.520) on layer: M1
Net FECTS_clks_clk___L4_N68: dangling Wire at (361.285, 57.380) (361.285, 57.380) on layer: M1
Net FECTS_clks_clk___L4_N68: dangling Wire at (359.480, 31.445) (359.480, 31.445) on layer: M1
Net FECTS_clks_clk___L4_N68: dangling Wire at (359.100, 80.845) (359.100, 80.845) on layer: M1
Net FECTS_clks_clk___L4_N68: dangling Wire at (358.720, 68.115) (358.720, 68.115) on layer: M1
Net FECTS_clks_clk___L4_N68: dangling Wire at (358.720, 63.175) (358.720, 63.175) on layer: M1
Net FECTS_clks_clk___L4_N68: dangling Wire at (358.720, 53.295) (358.720, 53.295) on layer: M1
Net FECTS_clks_clk___L4_N68: dangling Wire at (358.720, 41.325) (358.720, 41.325) on layer: M1
Net FECTS_clks_clk___L4_N68: dangling Wire at (357.960, 46.265) (357.960, 46.265) on layer: M1
Net FECTS_clks_clk___L4_N68: dangling Wire at (357.200, 58.235) (357.200, 58.235) on layer: M1
Net FECTS_clks_clk___L4_N68: dangling Wire at (355.680, 95.570) (355.680, 95.570) on layer: M1
Net FECTS_clks_clk___L4_N68: dangling Wire at (355.680, 83.030) (355.680, 83.030) on layer: M1
Net FECTS_clks_clk___L4_N68: dangling Wire at (355.680, 73.055) (355.680, 73.055) on layer: M1
Net FECTS_clks_clk___L4_N68: dangling Wire at (355.680, 23.655) (355.680, 23.655) on layer: M1
Net FECTS_clks_clk___L4_N68: dangling Wire at (355.300, 33.535) (355.300, 33.535) on layer: M1
Net FECTS_clks_clk___L4_N68: dangling Wire at (355.300, 31.445) (355.300, 31.445) on layer: M1
Net FECTS_clks_clk___L4_N68: dangling Wire at (353.020, 43.415) (353.020, 43.415) on layer: M1
Net FECTS_clks_clk___L4_N68: dangling Wire at (352.640, 28.595) (352.640, 28.595) on layer: M1
Net FECTS_clks_clk___L4_N68: dangling Wire at (351.500, 63.175) (351.500, 63.175) on layer: M1
Net FECTS_clks_clk___L4_N68: dangling Wire at (351.500, 23.655) (351.500, 23.655) on layer: M1
Net FECTS_clks_clk___L4_N68: dangling Wire at (350.740, 87.875) (350.740, 87.875) on layer: M1
Net FECTS_clks_clk___L4_N68: dangling Wire at (349.980, 73.055) (349.980, 73.055) on layer: M1
Net FECTS_clks_clk___L4_N68: dangling Wire at (349.600, 75.905) (349.600, 75.905) on layer: M1
Net FECTS_clks_clk___L4_N68: dangling Wire at (349.220, 92.815) (349.220, 92.815) on layer: M1
Net FECTS_clks_clk___L4_N68: dangling Wire at (349.220, 56.145) (349.220, 56.145) on layer: M1
Net FECTS_clks_clk___L4_N68: dangling Wire at (348.840, 70.965) (348.840, 70.965) on layer: M1
Net FECTS_clks_clk___L4_N68: dangling Wire at (348.840, 58.235) (348.840, 58.235) on layer: M1
Net FECTS_clks_clk___L4_N68: dangling Wire at (348.840, 43.415) (348.840, 43.415) on layer: M1
Net FECTS_clks_clk___L4_N68: dangling Wire at (346.940, 36.385) (346.940, 36.385) on layer: M1
Net FECTS_clks_clk___L4_N68: dangling Wire at (346.560, 31.445) (346.560, 31.445) on layer: M1
Net FECTS_clks_clk___L4_N68: dangling Wire at (346.180, 90.725) (346.180, 90.725) on layer: M1
Net FECTS_clks_clk___L4_N68: dangling Wire at (346.180, 82.935) (346.180, 82.935) on layer: M1
Net FECTS_clks_clk___L4_N68: dangling Wire at (345.420, 68.115) (345.420, 68.115) on layer: M1
Net FECTS_clks_clk___L4_N68: dangling Wire at (345.420, 51.205) (345.420, 51.205) on layer: M1
Net FECTS_clks_clk___L4_N68: dangling Wire at (345.420, 46.265) (345.420, 46.265) on layer: M1
Net FECTS_clks_clk___L4_N68: dangling Wire at (345.040, 92.815) (345.040, 92.815) on layer: M1
Net FECTS_clks_clk___L4_N68: dangling Wire at (343.520, 75.905) (343.520, 75.905) on layer: M1
Net FECTS_clks_clk___L4_N68: dangling Wire at (342.760, 53.295) (342.760, 53.295) on layer: M1
Net FECTS_clks_clk___L4_N68: dangling Wire at (342.380, 63.175) (342.380, 63.175) on layer: M1
Net FECTS_clks_clk___L4_N68: dangling Wire at (342.380, 43.415) (342.380, 43.415) on layer: M1
Net FECTS_clks_clk___L4_N68: dangling Wire at (342.380, 26.505) (342.380, 26.505) on layer: M1
Net FECTS_clks_clk___L4_N68: dangling Wire at (342.000, 82.935) (342.000, 82.935) on layer: M1
Net FECTS_clks_clk___L4_N68: dangling Wire at (342.000, 58.235) (342.000, 58.235) on layer: M1
Net FECTS_clks_clk___L4_N68: dangling Wire at (341.620, 31.445) (341.620, 31.445) on layer: M1
Net FECTS_clks_clk___L4_N68: dangling Wire at (339.340, 80.845) (339.340, 80.845) on layer: M1
Net FECTS_clks_clk___L4_N68: dangling Wire at (338.960, 68.115) (338.960, 68.115) on layer: M1
Net FECTS_clks_clk___L4_N68: dangling Wire at (338.960, 41.325) (338.960, 41.325) on layer: M1
Net FECTS_clks_clk___L4_N68: dangling Wire at (338.580, 75.905) (338.580, 75.905) on layer: M1
Net FECTS_clks_clk___L4_N68: dangling Wire at (338.580, 21.565) (338.580, 21.565) on layer: M1
Net FECTS_clks_clk___L4_N67: dangling Wire at (408.500, 127.395) (408.500, 127.395) on layer: M1
Net FECTS_clks_clk___L4_N67: dangling Wire at (408.500, 125.305) (408.500, 125.305) on layer: M1
Net FECTS_clks_clk___L4_N67: dangling Wire at (406.220, 137.275) (406.220, 137.275) on layer: M1
Net FECTS_clks_clk___L4_N67: dangling Wire at (402.040, 137.275) (402.040, 137.275) on layer: M1
Net FECTS_clks_clk___L4_N67: dangling Wire at (402.040, 130.245) (402.040, 130.245) on layer: M1
Net FECTS_clks_clk___L4_N67: dangling Wire at (397.860, 130.245) (397.860, 130.245) on layer: M1
Net FECTS_clks_clk___L4_N67: dangling Wire at (397.100, 137.275) (397.100, 137.275) on layer: M1
Net FECTS_clks_clk___L4_N67: dangling Wire at (395.960, 142.215) (395.960, 142.215) on layer: M1
Net FECTS_clks_clk___L4_N67: dangling Wire at (391.780, 130.150) (391.780, 130.150) on layer: M1
Net FECTS_clks_clk___L4_N67: dangling Wire at (391.400, 140.125) (391.400, 140.125) on layer: M1
Net FECTS_clks_clk___L4_N67: dangling Wire at (387.980, 150.005) (387.980, 150.005) on layer: M1
Net FECTS_clks_clk___L4_N67: dangling Wire at (385.320, 127.395) (385.320, 127.395) on layer: M1
Net FECTS_clks_clk___L4_N67: dangling Wire at (384.940, 145.065) (384.940, 145.065) on layer: M1
Net FECTS_clks_clk___L4_N67: dangling Wire at (384.940, 140.125) (384.940, 140.125) on layer: M1
Net FECTS_clks_clk___L4_N67: dangling Wire at (383.800, 159.885) (383.800, 159.885) on layer: M1
Net FECTS_clks_clk___L4_N67: dangling Wire at (378.860, 145.065) (378.860, 145.065) on layer: M1
Net FECTS_clks_clk___L4_N67: dangling Wire at (376.295, 161.975) (376.295, 161.975) on layer: M1
Net FECTS_clks_clk___L4_N67: dangling Wire at (375.535, 131.480) (375.535, 131.480) on layer: M1
Net FECTS_clks_clk___L4_N67: dangling Wire at (375.440, 154.945) (375.440, 154.945) on layer: M1
Net FECTS_clks_clk___L4_N67: dangling Wire at (372.020, 120.365) (372.020, 120.365) on layer: M1
Net FECTS_clks_clk___L4_N67: dangling Wire at (368.600, 122.455) (368.600, 122.455) on layer: M1
Net FECTS_clks_clk___L4_N67: dangling Wire at (366.320, 130.245) (366.320, 130.245) on layer: M1
Net FECTS_clks_clk___L4_N67: dangling Wire at (363.280, 115.425) (363.280, 115.425) on layer: M1
Net FECTS_clks_clk___L4_N67: dangling Wire at (362.520, 157.035) (362.520, 157.035) on layer: M1
Net FECTS_clks_clk___L4_N67: dangling Wire at (362.140, 140.030) (362.140, 140.030) on layer: M1
Net FECTS_clks_clk___L4_N67: dangling Wire at (362.140, 130.245) (362.140, 130.245) on layer: M1
Net FECTS_clks_clk___L4_N67: dangling Wire at (359.100, 144.970) (359.100, 144.970) on layer: M1
Net FECTS_clks_clk___L4_N67: dangling Wire at (359.100, 137.370) (359.100, 137.370) on layer: M1
Net FECTS_clks_clk___L4_N67: dangling Wire at (358.720, 120.365) (358.720, 120.365) on layer: M1
Net FECTS_clks_clk___L4_N67: dangling Wire at (358.720, 115.425) (358.720, 115.425) on layer: M1
Net FECTS_clks_clk___L4_N67: dangling Wire at (358.720, 100.605) (358.720, 100.605) on layer: M1
Net FECTS_clks_clk___L4_N67: dangling Wire at (358.340, 157.035) (358.340, 157.035) on layer: M1
Net FECTS_clks_clk___L4_N67: dangling Wire at (357.580, 122.455) (357.580, 122.455) on layer: M1
Net FECTS_clks_clk___L4_N67: dangling Wire at (357.200, 102.695) (357.200, 102.695) on layer: M1
Net FECTS_clks_clk___L4_N67: dangling Wire at (356.820, 130.245) (356.820, 130.245) on layer: M1
Net FECTS_clks_clk___L4_N67: dangling Wire at (354.920, 145.065) (354.920, 145.065) on layer: M1
Net FECTS_clks_clk___L4_N67: dangling Wire at (353.020, 117.515) (353.020, 117.515) on layer: M1
Net FECTS_clks_clk___L4_N67: dangling Wire at (352.260, 137.370) (352.260, 137.370) on layer: M1
Net FECTS_clks_clk___L4_N67: dangling Wire at (352.260, 132.335) (352.260, 132.335) on layer: M1
Net FECTS_clks_clk___L4_N67: dangling Wire at (352.260, 125.305) (352.260, 125.305) on layer: M1
Net FECTS_clks_clk___L4_N67: dangling Wire at (352.260, 110.485) (352.260, 110.485) on layer: M1
Net FECTS_clks_clk___L4_N67: dangling Wire at (352.260, 105.545) (352.260, 105.545) on layer: M1
Net FECTS_clks_clk___L4_N67: dangling Wire at (349.600, 140.125) (349.600, 140.125) on layer: M1
Net FECTS_clks_clk___L4_N67: dangling Wire at (349.220, 100.605) (349.220, 100.605) on layer: M1
Net FECTS_clks_clk___L4_N67: dangling Wire at (348.840, 150.005) (348.840, 150.005) on layer: M1
Net FECTS_clks_clk___L4_N67: dangling Wire at (348.840, 117.515) (348.840, 117.515) on layer: M1
Net FECTS_clks_clk___L4_N67: dangling Wire at (345.420, 122.455) (345.420, 122.455) on layer: M1
Net FECTS_clks_clk___L4_N67: dangling Wire at (345.420, 105.545) (345.420, 105.545) on layer: M1
Net FECTS_clks_clk___L4_N67: dangling Wire at (345.040, 145.065) (345.040, 145.065) on layer: M1
Net FECTS_clks_clk___L4_N67: dangling Wire at (345.040, 100.605) (345.040, 100.605) on layer: M1
Net FECTS_clks_clk___L4_N67: dangling Wire at (344.660, 117.515) (344.660, 117.515) on layer: M1
Net FECTS_clks_clk___L4_N67: dangling Wire at (344.280, 152.095) (344.280, 152.095) on layer: M1
Net FECTS_clks_clk___L4_N67: dangling Wire at (342.760, 150.005) (342.760, 150.005) on layer: M1
Net FECTS_clks_clk___L4_N67: dangling Wire at (342.380, 132.335) (342.380, 132.335) on layer: M1
Net FECTS_clks_clk___L4_N67: dangling Wire at (342.380, 127.490) (342.380, 127.490) on layer: M1
Net FECTS_clks_clk___L4_N67: dangling Wire at (342.000, 140.125) (342.000, 140.125) on layer: M1
Net FECTS_clks_clk___L4_N66: dangling Wire at (438.140, 186.675) (438.140, 186.675) on layer: M1
Net FECTS_clks_clk___L4_N66: dangling Wire at (438.140, 145.065) (438.140, 145.065) on layer: M1
Net FECTS_clks_clk___L4_N66: dangling Wire at (438.140, 140.125) (438.140, 140.125) on layer: M1
Net FECTS_clks_clk___L4_N66: dangling Wire at (438.140, 132.335) (438.140, 132.335) on layer: M1
Net FECTS_clks_clk___L4_N66: dangling Wire at (437.760, 159.885) (437.760, 159.885) on layer: M1
Net FECTS_clks_clk___L4_N66: dangling Wire at (436.240, 147.155) (436.240, 147.155) on layer: M1
Net FECTS_clks_clk___L4_N66: dangling Wire at (435.100, 152.095) (435.100, 152.095) on layer: M1
Net FECTS_clks_clk___L4_N66: dangling Wire at (434.720, 176.795) (434.720, 176.795) on layer: M1
Net FECTS_clks_clk___L4_N66: dangling Wire at (433.580, 159.885) (433.580, 159.885) on layer: M1
Net FECTS_clks_clk___L4_N66: dangling Wire at (431.680, 154.945) (431.680, 154.945) on layer: M1
Net FECTS_clks_clk___L4_N66: dangling Wire at (431.300, 147.155) (431.300, 147.155) on layer: M1
Net FECTS_clks_clk___L4_N66: dangling Wire at (430.540, 161.975) (430.540, 161.975) on layer: M1
Net FECTS_clks_clk___L4_N66: dangling Wire at (429.020, 145.065) (429.020, 145.065) on layer: M1
Net FECTS_clks_clk___L4_N66: dangling Wire at (428.640, 179.645) (428.640, 179.645) on layer: M1
Net FECTS_clks_clk___L4_N66: dangling Wire at (428.260, 176.795) (428.260, 176.795) on layer: M1
Net FECTS_clks_clk___L4_N66: dangling Wire at (426.360, 140.125) (426.360, 140.125) on layer: M1
Net FECTS_clks_clk___L4_N66: dangling Wire at (425.600, 174.705) (425.600, 174.705) on layer: M1
Net FECTS_clks_clk___L4_N66: dangling Wire at (424.840, 157.035) (424.840, 157.035) on layer: M1
Net FECTS_clks_clk___L4_N66: dangling Wire at (424.840, 145.065) (424.840, 145.065) on layer: M1
Net FECTS_clks_clk___L4_N66: dangling Wire at (424.460, 169.718) (424.460, 169.718) on layer: M1
Net FECTS_clks_clk___L4_N66: dangling Wire at (421.800, 164.825) (421.800, 164.825) on layer: M1
Net FECTS_clks_clk___L4_N66: dangling Wire at (421.800, 152.095) (421.800, 152.095) on layer: M1
Net FECTS_clks_clk___L4_N66: dangling Wire at (419.520, 171.855) (419.520, 171.855) on layer: M1
Net FECTS_clks_clk___L4_N66: dangling Wire at (418.760, 147.155) (418.760, 147.155) on layer: M1
Net FECTS_clks_clk___L4_N66: dangling Wire at (418.380, 179.645) (418.380, 179.645) on layer: M1
Net FECTS_clks_clk___L4_N66: dangling Wire at (418.380, 159.885) (418.380, 159.885) on layer: M1
Net FECTS_clks_clk___L4_N66: dangling Wire at (415.720, 132.430) (415.720, 132.430) on layer: M1
Net FECTS_clks_clk___L4_N66: dangling Wire at (415.340, 171.855) (415.340, 171.855) on layer: M1
Net FECTS_clks_clk___L4_N66: dangling Wire at (415.340, 169.765) (415.340, 169.765) on layer: M1
Net FECTS_clks_clk___L4_N66: dangling Wire at (414.960, 154.945) (414.960, 154.945) on layer: M1
Net FECTS_clks_clk___L4_N66: dangling Wire at (414.960, 137.275) (414.960, 137.275) on layer: M1
Net FECTS_clks_clk___L4_N66: dangling Wire at (414.865, 160.692) (414.865, 160.692) on layer: M1
Net FECTS_clks_clk___L4_N66: dangling Wire at (414.580, 147.155) (414.580, 147.155) on layer: M1
Net FECTS_clks_clk___L4_N66: dangling Wire at (414.200, 179.645) (414.200, 179.645) on layer: M1
Net FECTS_clks_clk___L4_N66: dangling Wire at (411.920, 176.795) (411.920, 176.795) on layer: M1
Net FECTS_clks_clk___L4_N66: dangling Wire at (411.540, 140.125) (411.540, 140.125) on layer: M1
Net FECTS_clks_clk___L4_N66: dangling Wire at (411.540, 132.430) (411.540, 132.430) on layer: M1
Net FECTS_clks_clk___L4_N66: dangling Wire at (411.160, 171.855) (411.160, 171.855) on layer: M1
Net FECTS_clks_clk___L4_N66: dangling Wire at (410.780, 159.885) (410.780, 159.885) on layer: M1
Net FECTS_clks_clk___L4_N66: dangling Wire at (408.880, 169.765) (408.880, 169.765) on layer: M1
Net FECTS_clks_clk___L4_N66: dangling Wire at (408.880, 150.005) (408.880, 150.005) on layer: M1
Net FECTS_clks_clk___L4_N66: dangling Wire at (408.120, 154.945) (408.120, 154.945) on layer: M1
Net FECTS_clks_clk___L4_N66: dangling Wire at (405.080, 171.855) (405.080, 171.855) on layer: M1
Net FECTS_clks_clk___L4_N66: dangling Wire at (405.080, 166.915) (405.080, 166.915) on layer: M1
Net FECTS_clks_clk___L4_N66: dangling Wire at (405.080, 157.035) (405.080, 157.035) on layer: M1
Net FECTS_clks_clk___L4_N66: dangling Wire at (405.080, 152.095) (405.080, 152.095) on layer: M1
Net FECTS_clks_clk___L4_N66: dangling Wire at (404.795, 177.935) (404.795, 177.935) on layer: M1
Net FECTS_clks_clk___L4_N66: dangling Wire at (404.700, 150.005) (404.700, 150.005) on layer: M1
Net FECTS_clks_clk___L4_N66: dangling Wire at (402.040, 154.945) (402.040, 154.945) on layer: M1
Net FECTS_clks_clk___L4_N66: dangling Wire at (398.620, 164.825) (398.620, 164.825) on layer: M1
Net FECTS_clks_clk___L4_N66: dangling Wire at (398.240, 186.675) (398.240, 186.675) on layer: M1
Net FECTS_clks_clk___L4_N66: dangling Wire at (398.240, 171.855) (398.240, 171.855) on layer: M1
Net FECTS_clks_clk___L4_N66: dangling Wire at (397.860, 154.945) (397.860, 154.945) on layer: M1
Net FECTS_clks_clk___L4_N66: dangling Wire at (395.580, 166.915) (395.580, 166.915) on layer: M1
Net FECTS_clks_clk___L4_N66: dangling Wire at (395.200, 176.795) (395.200, 176.795) on layer: M1
Net FECTS_clks_clk___L4_N66: dangling Wire at (394.820, 174.705) (394.820, 174.705) on layer: M1
Net FECTS_clks_clk___L4_N66: dangling Wire at (394.535, 186.675) (394.535, 186.675) on layer: M1
Net FECTS_clks_clk___L4_N66: dangling Wire at (392.255, 174.705) (392.255, 174.705) on layer: M1
Net FECTS_clks_clk___L4_N66: dangling Wire at (391.780, 154.945) (391.780, 154.945) on layer: M1
Net FECTS_clks_clk___L4_N66: dangling Wire at (391.400, 166.915) (391.400, 166.915) on layer: M1
Net FECTS_clks_clk___L4_N65: dangling Wire at (439.375, 70.965) (439.375, 70.965) on layer: M1
Net FECTS_clks_clk___L4_N65: dangling Wire at (438.995, 87.875) (438.995, 87.875) on layer: M1
Net FECTS_clks_clk___L4_N65: dangling Wire at (438.140, 110.485) (438.140, 110.485) on layer: M1
Net FECTS_clks_clk___L4_N65: dangling Wire at (438.140, 105.545) (438.140, 105.545) on layer: M1
Net FECTS_clks_clk___L4_N65: dangling Wire at (438.140, 97.755) (438.140, 97.755) on layer: M1
Net FECTS_clks_clk___L4_N65: dangling Wire at (438.140, 82.935) (438.140, 82.935) on layer: M1
Net FECTS_clks_clk___L4_N65: dangling Wire at (438.140, 75.905) (438.140, 75.905) on layer: M1
Net FECTS_clks_clk___L4_N65: dangling Wire at (437.760, 122.550) (437.760, 122.550) on layer: M1
Net FECTS_clks_clk___L4_N65: dangling Wire at (437.760, 92.815) (437.760, 92.815) on layer: M1
Net FECTS_clks_clk___L4_N65: dangling Wire at (437.760, 85.785) (437.760, 85.785) on layer: M1
Net FECTS_clks_clk___L4_N65: dangling Wire at (437.380, 135.185) (437.380, 135.185) on layer: M1
Net FECTS_clks_clk___L4_N65: dangling Wire at (435.100, 117.610) (435.100, 117.610) on layer: M1
Net FECTS_clks_clk___L4_N65: dangling Wire at (433.960, 110.485) (433.960, 110.485) on layer: M1
Net FECTS_clks_clk___L4_N65: dangling Wire at (433.960, 75.905) (433.960, 75.905) on layer: M1
Net FECTS_clks_clk___L4_N65: dangling Wire at (432.535, 85.785) (432.535, 85.785) on layer: M1
Net FECTS_clks_clk___L4_N65: dangling Wire at (432.440, 132.335) (432.440, 132.335) on layer: M1
Net FECTS_clks_clk___L4_N65: dangling Wire at (432.440, 102.790) (432.440, 102.790) on layer: M1
Net FECTS_clks_clk___L4_N65: dangling Wire at (432.060, 70.965) (432.060, 70.965) on layer: M1
Net FECTS_clks_clk___L4_N65: dangling Wire at (431.680, 120.270) (431.680, 120.270) on layer: M1
Net FECTS_clks_clk___L4_N65: dangling Wire at (431.680, 92.815) (431.680, 92.815) on layer: M1
Net FECTS_clks_clk___L4_N65: dangling Wire at (429.400, 77.995) (429.400, 77.995) on layer: M1
Net FECTS_clks_clk___L4_N65: dangling Wire at (428.925, 102.980) (428.925, 102.980) on layer: M1
Net FECTS_clks_clk___L4_N65: dangling Wire at (428.640, 125.305) (428.640, 125.305) on layer: M1
Net FECTS_clks_clk___L4_N65: dangling Wire at (428.640, 110.485) (428.640, 110.485) on layer: M1
Net FECTS_clks_clk___L4_N65: dangling Wire at (428.545, 79.705) (428.545, 79.705) on layer: M1
Net FECTS_clks_clk___L4_N65: dangling Wire at (428.260, 132.335) (428.260, 132.335) on layer: M1
Net FECTS_clks_clk___L4_N65: dangling Wire at (427.785, 98.895) (427.785, 98.895) on layer: M1
Net FECTS_clks_clk___L4_N65: dangling Wire at (427.595, 87.875) (427.595, 87.875) on layer: M1
Net FECTS_clks_clk___L4_N65: dangling Wire at (427.405, 118.655) (427.405, 118.655) on layer: M1
Net FECTS_clks_clk___L4_N65: dangling Wire at (427.215, 80.845) (427.215, 80.845) on layer: M1
Net FECTS_clks_clk___L4_N65: dangling Wire at (427.120, 70.965) (427.120, 70.965) on layer: M1
Net FECTS_clks_clk___L4_N65: dangling Wire at (426.455, 113.715) (426.455, 113.715) on layer: M1
Net FECTS_clks_clk___L4_N65: dangling Wire at (426.455, 97.755) (426.455, 97.755) on layer: M1
Net FECTS_clks_clk___L4_N65: dangling Wire at (426.075, 117.515) (426.075, 117.515) on layer: M1
Net FECTS_clks_clk___L4_N65: dangling Wire at (425.220, 135.185) (425.220, 135.185) on layer: M1
Net FECTS_clks_clk___L4_N65: dangling Wire at (424.840, 105.450) (424.840, 105.450) on layer: M1
Net FECTS_clks_clk___L4_N65: dangling Wire at (424.840, 92.815) (424.840, 92.815) on layer: M1
Net FECTS_clks_clk___L4_N65: dangling Wire at (421.800, 125.305) (421.800, 125.305) on layer: M1
Net FECTS_clks_clk___L4_N65: dangling Wire at (421.800, 85.785) (421.800, 85.785) on layer: M1
Net FECTS_clks_clk___L4_N65: dangling Wire at (421.420, 117.515) (421.420, 117.515) on layer: M1
Net FECTS_clks_clk___L4_N65: dangling Wire at (419.235, 105.545) (419.235, 105.545) on layer: M1
Net FECTS_clks_clk___L4_N65: dangling Wire at (418.380, 100.605) (418.380, 100.605) on layer: M1
Net FECTS_clks_clk___L4_N65: dangling Wire at (418.000, 70.965) (418.000, 70.965) on layer: M1
Net FECTS_clks_clk___L4_N65: dangling Wire at (417.620, 125.305) (417.620, 125.305) on layer: M1
Net FECTS_clks_clk___L4_N65: dangling Wire at (417.145, 69.825) (417.145, 69.825) on layer: M1
Net FECTS_clks_clk___L4_N65: dangling Wire at (416.860, 75.905) (416.860, 75.905) on layer: M1
Net FECTS_clks_clk___L4_N64: dangling Wire at (438.140, 58.235) (438.140, 58.235) on layer: M1
Net FECTS_clks_clk___L4_N64: dangling Wire at (438.140, 53.295) (438.140, 53.295) on layer: M1
Net FECTS_clks_clk___L4_N64: dangling Wire at (438.140, 46.265) (438.140, 46.265) on layer: M1
Net FECTS_clks_clk___L4_N64: dangling Wire at (437.760, 38.475) (437.760, 38.475) on layer: M1
Net FECTS_clks_clk___L4_N64: dangling Wire at (437.760, 36.385) (437.760, 36.385) on layer: M1
Net FECTS_clks_clk___L4_N64: dangling Wire at (437.380, 61.085) (437.380, 61.085) on layer: M1
Net FECTS_clks_clk___L4_N64: dangling Wire at (437.000, 28.595) (437.000, 28.595) on layer: M1
Net FECTS_clks_clk___L4_N64: dangling Wire at (436.620, 31.445) (436.620, 31.445) on layer: M1
Net FECTS_clks_clk___L4_N64: dangling Wire at (435.100, 21.565) (435.100, 21.565) on layer: M1
Net FECTS_clks_clk___L4_N64: dangling Wire at (433.960, 58.235) (433.960, 58.235) on layer: M1
Net FECTS_clks_clk___L4_N64: dangling Wire at (433.960, 46.170) (433.960, 46.170) on layer: M1
Net FECTS_clks_clk___L4_N64: dangling Wire at (433.295, 43.415) (433.295, 43.415) on layer: M1
Net FECTS_clks_clk___L4_N64: dangling Wire at (432.060, 53.295) (432.060, 53.295) on layer: M1
Net FECTS_clks_clk___L4_N64: dangling Wire at (431.680, 51.205) (431.680, 51.205) on layer: M1
Net FECTS_clks_clk___L4_N64: dangling Wire at (430.920, 23.655) (430.920, 23.655) on layer: M1
Net FECTS_clks_clk___L4_N64: dangling Wire at (429.115, 58.235) (429.115, 58.235) on layer: M1
Net FECTS_clks_clk___L4_N64: dangling Wire at (429.020, 36.385) (429.020, 36.385) on layer: M1
Net FECTS_clks_clk___L4_N64: dangling Wire at (428.640, 43.415) (428.640, 43.415) on layer: M1
Net FECTS_clks_clk___L4_N64: dangling Wire at (428.545, 64.315) (428.545, 64.315) on layer: M1
Net FECTS_clks_clk___L4_N64: dangling Wire at (424.840, 33.535) (424.840, 33.535) on layer: M1
Net FECTS_clks_clk___L4_N64: dangling Wire at (424.840, 26.505) (424.840, 26.505) on layer: M1
Net FECTS_clks_clk___L4_N64: dangling Wire at (424.080, 56.145) (424.080, 56.145) on layer: M1
Net FECTS_clks_clk___L4_N64: dangling Wire at (423.320, 51.205) (423.320, 51.205) on layer: M1
Net FECTS_clks_clk___L4_N64: dangling Wire at (423.320, 31.445) (423.320, 31.445) on layer: M1
Net FECTS_clks_clk___L4_N64: dangling Wire at (422.845, 47.120) (422.845, 47.120) on layer: M1
Net FECTS_clks_clk___L4_N64: dangling Wire at (420.660, 68.115) (420.660, 68.115) on layer: M1
Net FECTS_clks_clk___L4_N64: dangling Wire at (420.185, 50.065) (420.185, 50.065) on layer: M1
Net FECTS_clks_clk___L4_N64: dangling Wire at (419.140, 21.565) (419.140, 21.565) on layer: M1
Net FECTS_clks_clk___L4_N64: dangling Wire at (418.760, 41.325) (418.760, 41.325) on layer: M1
Net FECTS_clks_clk___L4_N64: dangling Wire at (418.000, 28.595) (418.000, 28.595) on layer: M1
Net FECTS_clks_clk___L4_N64: dangling Wire at (416.480, 46.265) (416.480, 46.265) on layer: M1
Net FECTS_clks_clk___L4_N64: dangling Wire at (416.100, 58.235) (416.100, 58.235) on layer: M1
Net FECTS_clks_clk___L4_N64: dangling Wire at (414.580, 41.325) (414.580, 41.325) on layer: M1
Net FECTS_clks_clk___L4_N64: dangling Wire at (414.295, 45.125) (414.295, 45.125) on layer: M1
Net FECTS_clks_clk___L4_N64: dangling Wire at (414.200, 38.475) (414.200, 38.475) on layer: M1
Net FECTS_clks_clk___L4_N64: dangling Wire at (413.535, 56.145) (413.535, 56.145) on layer: M1
Net FECTS_clks_clk___L4_N64: dangling Wire at (413.345, 40.185) (413.345, 40.185) on layer: M1
Net FECTS_clks_clk___L4_N64: dangling Wire at (412.775, 58.235) (412.775, 58.235) on layer: M1
Net FECTS_clks_clk___L4_N64: dangling Wire at (412.680, 21.565) (412.680, 21.565) on layer: M1
Net FECTS_clks_clk___L4_N64: dangling Wire at (411.920, 66.025) (411.920, 66.025) on layer: M1
Net FECTS_clks_clk___L4_N64: dangling Wire at (408.880, 33.535) (408.880, 33.535) on layer: M1
Net FECTS_clks_clk___L4_N64: dangling Wire at (408.500, 26.505) (408.500, 26.505) on layer: M1
Net FECTS_clks_clk___L4_N64: dangling Wire at (408.120, 56.145) (408.120, 56.145) on layer: M1
Net FECTS_clks_clk___L4_N64: dangling Wire at (407.740, 66.025) (407.740, 66.025) on layer: M1
Net FECTS_clks_clk___L4_N64: dangling Wire at (407.740, 21.565) (407.740, 21.565) on layer: M1
Net FECTS_clks_clk___L4_N64: dangling Wire at (407.645, 59.375) (407.645, 59.375) on layer: M1
Net FECTS_clks_clk___L4_N63: dangling Wire at (338.960, 142.215) (338.960, 142.215) on layer: M1
Net FECTS_clks_clk___L4_N63: dangling Wire at (338.960, 117.515) (338.960, 117.515) on layer: M1
Net FECTS_clks_clk___L4_N63: dangling Wire at (338.960, 115.425) (338.960, 115.425) on layer: M1
Net FECTS_clks_clk___L4_N63: dangling Wire at (338.960, 100.605) (338.960, 100.605) on layer: M1
Net FECTS_clks_clk___L4_N63: dangling Wire at (338.580, 150.005) (338.580, 150.005) on layer: M1
Net FECTS_clks_clk___L4_N63: dangling Wire at (336.680, 105.545) (336.680, 105.545) on layer: M1
Net FECTS_clks_clk___L4_N63: dangling Wire at (335.920, 132.335) (335.920, 132.335) on layer: M1
Net FECTS_clks_clk___L4_N63: dangling Wire at (335.160, 127.395) (335.160, 127.395) on layer: M1
Net FECTS_clks_clk___L4_N63: dangling Wire at (334.780, 117.610) (334.780, 117.610) on layer: M1
Net FECTS_clks_clk___L4_N63: dangling Wire at (332.500, 105.545) (332.500, 105.545) on layer: M1
Net FECTS_clks_clk___L4_N63: dangling Wire at (330.600, 107.635) (330.600, 107.635) on layer: M1
Net FECTS_clks_clk___L4_N63: dangling Wire at (329.840, 110.485) (329.840, 110.485) on layer: M1
Net FECTS_clks_clk___L4_N63: dangling Wire at (328.320, 100.605) (328.320, 100.605) on layer: M1
Net FECTS_clks_clk___L4_N63: dangling Wire at (326.040, 125.305) (326.040, 125.305) on layer: M1
Net FECTS_clks_clk___L4_N63: dangling Wire at (325.660, 110.485) (325.660, 110.485) on layer: M1
Net FECTS_clks_clk___L4_N63: dangling Wire at (325.660, 95.665) (325.660, 95.665) on layer: M1
Net FECTS_clks_clk___L4_N63: dangling Wire at (324.520, 112.575) (324.520, 112.575) on layer: M1
Net FECTS_clks_clk___L4_N63: dangling Wire at (319.200, 117.515) (319.200, 117.515) on layer: M1
Net FECTS_clks_clk___L4_N63: dangling Wire at (319.200, 105.545) (319.200, 105.545) on layer: M1
Net FECTS_clks_clk___L4_N63: dangling Wire at (315.780, 112.575) (315.780, 112.575) on layer: M1
Net FECTS_clks_clk___L4_N63: dangling Wire at (315.400, 97.755) (315.400, 97.755) on layer: M1
Net FECTS_clks_clk___L4_N63: dangling Wire at (313.120, 102.695) (313.120, 102.695) on layer: M1
Net FECTS_clks_clk___L4_N63: dangling Wire at (312.360, 95.665) (312.360, 95.665) on layer: M1
Net FECTS_clks_clk___L4_N63: dangling Wire at (311.600, 115.425) (311.600, 115.425) on layer: M1
Net FECTS_clks_clk___L4_N63: dangling Wire at (309.320, 112.575) (309.320, 112.575) on layer: M1
Net FECTS_clks_clk___L4_N63: dangling Wire at (308.940, 102.695) (308.940, 102.695) on layer: M1
Net FECTS_clks_clk___L4_N63: dangling Wire at (308.845, 125.020) (308.845, 125.020) on layer: M1
Net FECTS_clks_clk___L4_N63: dangling Wire at (307.800, 117.515) (307.800, 117.515) on layer: M1
Net FECTS_clks_clk___L4_N63: dangling Wire at (307.420, 107.635) (307.420, 107.635) on layer: M1
Net FECTS_clks_clk___L4_N63: dangling Wire at (305.900, 105.545) (305.900, 105.545) on layer: M1
Net FECTS_clks_clk___L4_N63: dangling Wire at (303.240, 107.635) (303.240, 107.635) on layer: M1
Net FECTS_clks_clk___L4_N63: dangling Wire at (302.480, 152.095) (302.480, 152.095) on layer: M1
Net FECTS_clks_clk___L4_N63: dangling Wire at (299.820, 112.670) (299.820, 112.670) on layer: M1
Net FECTS_clks_clk___L4_N63: dangling Wire at (298.300, 107.635) (298.300, 107.635) on layer: M1
Net FECTS_clks_clk___L4_N63: dangling Wire at (297.160, 117.515) (297.160, 117.515) on layer: M1
Net FECTS_clks_clk___L4_N63: dangling Wire at (296.400, 105.545) (296.400, 105.545) on layer: M1
Net FECTS_clks_clk___L4_N63: dangling Wire at (292.980, 95.665) (292.980, 95.665) on layer: M1
Net FECTS_clks_clk___L4_N63: dangling Wire at (292.600, 112.670) (292.600, 112.670) on layer: M1
Net FECTS_clks_clk___L4_N63: dangling Wire at (292.600, 97.755) (292.600, 97.755) on layer: M1
Net FECTS_clks_clk___L4_N63: dangling Wire at (291.460, 127.395) (291.460, 127.395) on layer: M1
Net FECTS_clks_clk___L4_N63: dangling Wire at (290.320, 107.635) (290.320, 107.635) on layer: M1
Net FECTS_clks_clk___L4_N63: dangling Wire at (286.520, 152.095) (286.520, 152.095) on layer: M1
Net FECTS_clks_clk___L4_N63: dangling Wire at (286.520, 95.665) (286.520, 95.665) on layer: M1
Net FECTS_clks_clk___L4_N63: dangling Wire at (286.140, 147.155) (286.140, 147.155) on layer: M1
Net FECTS_clks_clk___L4_N63: dangling Wire at (286.140, 125.305) (286.140, 125.305) on layer: M1
Net FECTS_clks_clk___L4_N63: dangling Wire at (286.140, 117.515) (286.140, 117.515) on layer: M1
Net FECTS_clks_clk___L4_N63: dangling Wire at (286.140, 115.425) (286.140, 115.425) on layer: M1
Net FECTS_clks_clk___L4_N63: dangling Wire at (286.140, 107.635) (286.140, 107.635) on layer: M1
Net FECTS_clks_clk___L4_N63: dangling Wire at (285.760, 137.275) (285.760, 137.275) on layer: M1
Net FECTS_clks_clk___L4_N63: dangling Wire at (285.380, 122.455) (285.380, 122.455) on layer: M1
Net FECTS_clks_clk___L4_N63: dangling Wire at (282.340, 152.095) (282.340, 152.095) on layer: M1
Net FECTS_clks_clk___L4_N63: dangling Wire at (281.960, 107.635) (281.960, 107.635) on layer: M1
Net FECTS_clks_clk___L4_N63: dangling Wire at (281.200, 112.575) (281.200, 112.575) on layer: M1
Net FECTS_clks_clk___L4_N63: dangling Wire at (280.820, 125.305) (280.820, 125.305) on layer: M1
Net FECTS_clks_clk___L4_N63: dangling Wire at (279.680, 149.910) (279.680, 149.910) on layer: M1
Net FECTS_clks_clk___L4_N63: dangling Wire at (279.680, 147.250) (279.680, 147.250) on layer: M1
Net FECTS_clks_clk___L4_N63: dangling Wire at (279.680, 110.485) (279.680, 110.485) on layer: M1
Net FECTS_clks_clk___L4_N63: dangling Wire at (279.680, 100.605) (279.680, 100.605) on layer: M1
Net FECTS_clks_clk___L4_N63: dangling Wire at (278.540, 135.185) (278.540, 135.185) on layer: M1
Net FECTS_clks_clk___L4_N62: dangling Wire at (336.680, 92.815) (336.680, 92.815) on layer: M1
Net FECTS_clks_clk___L4_N62: dangling Wire at (335.540, 26.505) (335.540, 26.505) on layer: M1
Net FECTS_clks_clk___L4_N62: dangling Wire at (335.160, 80.845) (335.160, 80.845) on layer: M1
Net FECTS_clks_clk___L4_N62: dangling Wire at (334.400, 48.355) (334.400, 48.355) on layer: M1
Net FECTS_clks_clk___L4_N62: dangling Wire at (332.500, 92.815) (332.500, 92.815) on layer: M1
Net FECTS_clks_clk___L4_N62: dangling Wire at (332.500, 82.935) (332.500, 82.935) on layer: M1
Net FECTS_clks_clk___L4_N62: dangling Wire at (332.500, 75.905) (332.500, 75.905) on layer: M1
Net FECTS_clks_clk___L4_N62: dangling Wire at (329.460, 87.875) (329.460, 87.875) on layer: M1
Net FECTS_clks_clk___L4_N62: dangling Wire at (326.420, 80.845) (326.420, 80.845) on layer: M1
Net FECTS_clks_clk___L4_N62: dangling Wire at (323.000, 92.815) (323.000, 92.815) on layer: M1
Net FECTS_clks_clk___L4_N62: dangling Wire at (322.240, 80.845) (322.240, 80.845) on layer: M1
Net FECTS_clks_clk___L4_N62: dangling Wire at (319.200, 87.875) (319.200, 87.875) on layer: M1
Net FECTS_clks_clk___L4_N62: dangling Wire at (319.200, 82.935) (319.200, 82.935) on layer: M1
Net FECTS_clks_clk___L4_N62: dangling Wire at (314.260, 82.935) (314.260, 82.935) on layer: M1
Net FECTS_clks_clk___L4_N62: dangling Wire at (309.700, 80.845) (309.700, 80.845) on layer: M1
Net FECTS_clks_clk___L4_N62: dangling Wire at (306.280, 75.905) (306.280, 75.905) on layer: M1
Net FECTS_clks_clk___L4_N62: dangling Wire at (305.900, 92.910) (305.900, 92.910) on layer: M1
Net FECTS_clks_clk___L4_N62: dangling Wire at (305.900, 82.935) (305.900, 82.935) on layer: M1
Net FECTS_clks_clk___L4_N62: dangling Wire at (302.480, 95.665) (302.480, 95.665) on layer: M1
Net FECTS_clks_clk___L4_N62: dangling Wire at (302.100, 75.810) (302.100, 75.810) on layer: M1
Net FECTS_clks_clk___L4_N62: dangling Wire at (300.105, 58.520) (300.105, 58.520) on layer: M1
Net FECTS_clks_clk___L4_N62: dangling Wire at (299.440, 85.785) (299.440, 85.785) on layer: M1
Net FECTS_clks_clk___L4_N62: dangling Wire at (299.440, 73.055) (299.440, 73.055) on layer: M1
Net FECTS_clks_clk___L4_N62: dangling Wire at (296.400, 92.815) (296.400, 92.815) on layer: M1
Net FECTS_clks_clk___L4_N62: dangling Wire at (294.880, 90.725) (294.880, 90.725) on layer: M1
Net FECTS_clks_clk___L4_N62: dangling Wire at (294.500, 77.995) (294.500, 77.995) on layer: M1
Net FECTS_clks_clk___L4_N62: dangling Wire at (292.600, 85.785) (292.600, 85.785) on layer: M1
Net FECTS_clks_clk___L4_N62: dangling Wire at (292.600, 75.905) (292.600, 75.905) on layer: M1
Net FECTS_clks_clk___L4_N62: dangling Wire at (291.460, 21.565) (291.460, 21.565) on layer: M1
Net FECTS_clks_clk___L4_N62: dangling Wire at (289.180, 48.355) (289.180, 48.355) on layer: M1
Net FECTS_clks_clk___L4_N62: dangling Wire at (286.140, 80.845) (286.140, 80.845) on layer: M1
Net FECTS_clks_clk___L4_N62: dangling Wire at (286.140, 75.905) (286.140, 75.905) on layer: M1
Net FECTS_clks_clk___L4_N62: dangling Wire at (283.480, 41.325) (283.480, 41.325) on layer: M1
Net FECTS_clks_clk___L4_N62: dangling Wire at (283.480, 21.565) (283.480, 21.565) on layer: M1
Net FECTS_clks_clk___L4_N62: dangling Wire at (283.100, 87.875) (283.100, 87.875) on layer: M1
Net FECTS_clks_clk___L4_N62: dangling Wire at (283.100, 31.445) (283.100, 31.445) on layer: M1
Net FECTS_clks_clk___L4_N62: dangling Wire at (283.100, 26.505) (283.100, 26.505) on layer: M1
Net FECTS_clks_clk___L4_N62: dangling Wire at (282.340, 95.665) (282.340, 95.665) on layer: M1
Net FECTS_clks_clk___L4_N62: dangling Wire at (281.580, 48.355) (281.580, 48.355) on layer: M1
Net FECTS_clks_clk___L4_N62: dangling Wire at (280.440, 80.845) (280.440, 80.845) on layer: M1
Net FECTS_clks_clk___L4_N62: dangling Wire at (279.680, 75.905) (279.680, 75.905) on layer: M1
Net FECTS_clks_clk___L4_N62: dangling Wire at (279.680, 36.385) (279.680, 36.385) on layer: M1
Net FECTS_clks_clk___L4_N62: dangling Wire at (279.680, 23.655) (279.680, 23.655) on layer: M1
Net FECTS_clks_clk___L4_N62: dangling Wire at (278.160, 95.665) (278.160, 95.665) on layer: M1
Net FECTS_clks_clk___L4_N62: dangling Wire at (276.640, 92.815) (276.640, 92.815) on layer: M1
Net FECTS_clks_clk___L4_N62: dangling Wire at (276.260, 80.845) (276.260, 80.845) on layer: M1
Net FECTS_clks_clk___L4_N62: dangling Wire at (273.220, 95.665) (273.220, 95.665) on layer: M1
Net FECTS_clks_clk___L4_N62: dangling Wire at (273.220, 87.875) (273.220, 87.875) on layer: M1
Net FECTS_clks_clk___L4_N62: dangling Wire at (273.220, 26.505) (273.220, 26.505) on layer: M1
Net FECTS_clks_clk___L4_N62: dangling Wire at (266.380, 95.665) (266.380, 95.665) on layer: M1
Net FECTS_clks_clk___L4_N62: dangling Wire at (266.000, 23.655) (266.000, 23.655) on layer: M1
Net FECTS_clks_clk___L4_N61: dangling Wire at (81.700, 122.455) (81.700, 122.455) on layer: M1
Net FECTS_clks_clk___L4_N61: dangling Wire at (81.320, 117.515) (81.320, 117.515) on layer: M1
Net FECTS_clks_clk___L4_N61: dangling Wire at (77.520, 122.455) (77.520, 122.455) on layer: M1
Net FECTS_clks_clk___L4_N61: dangling Wire at (74.860, 117.515) (74.860, 117.515) on layer: M1
Net FECTS_clks_clk___L4_N61: dangling Wire at (68.780, 125.305) (68.780, 125.305) on layer: M1
Net FECTS_clks_clk___L4_N61: dangling Wire at (58.140, 122.455) (58.140, 122.455) on layer: M1
Net FECTS_clks_clk___L4_N61: dangling Wire at (52.060, 120.365) (52.060, 120.365) on layer: M1
Net FECTS_clks_clk___L4_N61: dangling Wire at (51.585, 144.780) (51.585, 144.780) on layer: M1
Net FECTS_clks_clk___L4_N61: dangling Wire at (43.700, 130.245) (43.700, 130.245) on layer: M1
Net FECTS_clks_clk___L4_N61: dangling Wire at (42.575, 171.845) (42.575, 171.845) on layer: M1
Net FECTS_clks_clk___L4_N61: dangling Wire at (42.560, 122.455) (42.560, 122.455) on layer: M1
Net FECTS_clks_clk___L4_N61: dangling Wire at (42.560, 120.365) (42.560, 120.365) on layer: M1
Net FECTS_clks_clk___L4_N61: dangling Wire at (41.420, 127.395) (41.420, 127.395) on layer: M1
Net FECTS_clks_clk___L4_N61: dangling Wire at (39.520, 169.765) (39.520, 169.765) on layer: M1
Net FECTS_clks_clk___L4_N61: dangling Wire at (39.520, 135.185) (39.520, 135.185) on layer: M1
Net FECTS_clks_clk___L4_N61: dangling Wire at (39.140, 145.065) (39.140, 145.065) on layer: M1
Net FECTS_clks_clk___L4_N61: dangling Wire at (38.000, 164.825) (38.000, 164.825) on layer: M1
Net FECTS_clks_clk___L4_N61: dangling Wire at (36.100, 140.125) (36.100, 140.125) on layer: M1
Net FECTS_clks_clk___L4_N61: dangling Wire at (36.100, 125.305) (36.100, 125.305) on layer: M1
Net FECTS_clks_clk___L4_N61: dangling Wire at (35.720, 130.245) (35.720, 130.245) on layer: M1
Net FECTS_clks_clk___L4_N61: dangling Wire at (35.340, 142.215) (35.340, 142.215) on layer: M1
Net FECTS_clks_clk___L4_N61: dangling Wire at (35.340, 135.185) (35.340, 135.185) on layer: M1
Net FECTS_clks_clk___L4_N61: dangling Wire at (34.595, 171.845) (34.595, 171.845) on layer: M1
Net FECTS_clks_clk___L4_N61: dangling Wire at (34.200, 127.395) (34.200, 127.395) on layer: M1
Net FECTS_clks_clk___L4_N61: dangling Wire at (33.440, 147.250) (33.440, 147.250) on layer: M1
Net FECTS_clks_clk___L4_N61: dangling Wire at (33.060, 149.910) (33.060, 149.910) on layer: M1
Net FECTS_clks_clk___L4_N61: dangling Wire at (32.300, 132.335) (32.300, 132.335) on layer: M1
Net FECTS_clks_clk___L4_N61: dangling Wire at (31.540, 169.765) (31.540, 169.765) on layer: M1
Net FECTS_clks_clk___L4_N61: dangling Wire at (31.540, 164.825) (31.540, 164.825) on layer: M1
Net FECTS_clks_clk___L4_N61: dangling Wire at (30.020, 137.275) (30.020, 137.275) on layer: M1
Net FECTS_clks_clk___L4_N61: dangling Wire at (29.260, 159.885) (29.260, 159.885) on layer: M1
Net FECTS_clks_clk___L4_N61: dangling Wire at (28.500, 147.155) (28.500, 147.155) on layer: M1
Net FECTS_clks_clk___L4_N61: dangling Wire at (28.500, 140.125) (28.500, 140.125) on layer: M1
Net FECTS_clks_clk___L4_N61: dangling Wire at (28.135, 171.845) (28.135, 171.845) on layer: M1
Net FECTS_clks_clk___L4_N61: dangling Wire at (27.740, 127.395) (27.740, 127.395) on layer: M1
Net FECTS_clks_clk___L4_N61: dangling Wire at (27.360, 130.245) (27.360, 130.245) on layer: M1
Net FECTS_clks_clk___L4_N61: dangling Wire at (26.600, 142.215) (26.600, 142.215) on layer: M1
Net FECTS_clks_clk___L4_N61: dangling Wire at (26.220, 145.065) (26.220, 145.065) on layer: M1
Net FECTS_clks_clk___L4_N61: dangling Wire at (25.460, 125.305) (25.460, 125.305) on layer: M1
Net FECTS_clks_clk___L4_N61: dangling Wire at (20.535, 157.035) (20.535, 157.035) on layer: M1
Net FECTS_clks_clk___L4_N61: dangling Wire at (24.700, 157.035) (24.700, 157.035) on layer: M1
Net FECTS_clks_clk___L4_N61: dangling Wire at (24.700, 152.095) (24.700, 152.095) on layer: M1
Net FECTS_clks_clk___L4_N61: dangling Wire at (23.940, 164.825) (23.940, 164.825) on layer: M1
Net FECTS_clks_clk___L4_N61: dangling Wire at (23.560, 150.005) (23.560, 150.005) on layer: M1
Net FECTS_clks_clk___L4_N61: dangling Wire at (23.180, 161.975) (23.180, 161.975) on layer: M1
Net FECTS_clks_clk___L4_N61: dangling Wire at (22.420, 142.215) (22.420, 142.215) on layer: M1
Net FECTS_clks_clk___L4_N61: dangling Wire at (20.535, 171.845) (20.535, 171.845) on layer: M1
Net FECTS_clks_clk___L4_N61: dangling Wire at (20.535, 169.670) (20.535, 169.670) on layer: M1
Net FECTS_clks_clk___L4_N61: dangling Wire at (20.535, 167.010) (20.535, 167.010) on layer: M1
Net FECTS_clks_clk___L4_N61: dangling Wire at (20.520, 152.095) (20.520, 152.095) on layer: M1
Net FECTS_clks_clk___L4_N61: dangling Wire at (20.520, 145.065) (20.520, 145.065) on layer: M1
Net FECTS_clks_clk___L4_N61: dangling Wire at (20.520, 135.185) (20.520, 135.185) on layer: M1
Net FECTS_clks_clk___L4_N61: dangling Wire at (20.520, 130.245) (20.520, 130.245) on layer: M1
Net FECTS_clks_clk___L4_N61: dangling Wire at (20.520, 127.395) (20.520, 127.395) on layer: M1
Net FECTS_clks_clk___L4_N61: dangling Wire at (20.520, 120.365) (20.520, 120.365) on layer: M1
Net FECTS_clks_clk___L4_N60: dangling Wire at (118.275, 117.515) (118.275, 117.515) on layer: M1
Net FECTS_clks_clk___L4_N60: dangling Wire at (114.095, 103.835) (114.095, 103.835) on layer: M1
Net FECTS_clks_clk___L4_N60: dangling Wire at (112.955, 109.345) (112.955, 109.345) on layer: M1
Net FECTS_clks_clk___L4_N60: dangling Wire at (112.385, 108.775) (112.385, 108.775) on layer: M1
Net FECTS_clks_clk___L4_N60: dangling Wire at (111.340, 127.395) (111.340, 127.395) on layer: M1
Net FECTS_clks_clk___L4_N60: dangling Wire at (111.055, 107.635) (111.055, 107.635) on layer: M1
Net FECTS_clks_clk___L4_N60: dangling Wire at (109.915, 120.365) (109.915, 120.365) on layer: M1
Net FECTS_clks_clk___L4_N60: dangling Wire at (108.965, 118.655) (108.965, 118.655) on layer: M1
Net FECTS_clks_clk___L4_N60: dangling Wire at (108.775, 115.425) (108.775, 115.425) on layer: M1
Net FECTS_clks_clk___L4_N60: dangling Wire at (107.635, 117.515) (107.635, 117.515) on layer: M1
Net FECTS_clks_clk___L4_N60: dangling Wire at (106.875, 103.835) (106.875, 103.835) on layer: M1
Net FECTS_clks_clk___L4_N60: dangling Wire at (106.400, 122.455) (106.400, 122.455) on layer: M1
Net FECTS_clks_clk___L4_N60: dangling Wire at (105.735, 115.425) (105.735, 115.425) on layer: M1
Net FECTS_clks_clk___L4_N60: dangling Wire at (105.545, 108.775) (105.545, 108.775) on layer: M1
Net FECTS_clks_clk___L4_N60: dangling Wire at (104.215, 107.635) (104.215, 107.635) on layer: M1
Net FECTS_clks_clk___L4_N60: dangling Wire at (101.555, 115.520) (101.555, 115.520) on layer: M1
Net FECTS_clks_clk___L4_N60: dangling Wire at (101.175, 119.225) (101.175, 119.225) on layer: M1
Net FECTS_clks_clk___L4_N60: dangling Wire at (101.080, 122.455) (101.080, 122.455) on layer: M1
Net FECTS_clks_clk___L4_N60: dangling Wire at (100.985, 116.280) (100.985, 116.280) on layer: M1
Net FECTS_clks_clk___L4_N60: dangling Wire at (100.415, 103.835) (100.415, 103.835) on layer: M1
Net FECTS_clks_clk___L4_N60: dangling Wire at (99.940, 125.305) (99.940, 125.305) on layer: M1
Net FECTS_clks_clk___L4_N60: dangling Wire at (99.560, 110.485) (99.560, 110.485) on layer: M1
Net FECTS_clks_clk___L4_N60: dangling Wire at (98.420, 127.395) (98.420, 127.395) on layer: M1
Net FECTS_clks_clk___L4_N60: dangling Wire at (98.325, 118.655) (98.325, 118.655) on layer: M1
Net FECTS_clks_clk___L4_N60: dangling Wire at (96.995, 117.515) (96.995, 117.515) on layer: M1
Net FECTS_clks_clk___L4_N60: dangling Wire at (95.000, 115.425) (95.000, 115.425) on layer: M1
Net FECTS_clks_clk___L4_N60: dangling Wire at (94.620, 122.455) (94.620, 122.455) on layer: M1
Net FECTS_clks_clk___L4_N60: dangling Wire at (93.100, 127.395) (93.100, 127.395) on layer: M1
Net FECTS_clks_clk___L4_N60: dangling Wire at (91.960, 112.575) (91.960, 112.575) on layer: M1
Net FECTS_clks_clk___L4_N60: dangling Wire at (87.020, 127.395) (87.020, 127.395) on layer: M1
Net FECTS_clks_clk___L4_N60: dangling Wire at (85.880, 122.455) (85.880, 122.455) on layer: M1
Net FECTS_clks_clk___L4_N60: dangling Wire at (85.880, 100.605) (85.880, 100.605) on layer: M1
Net FECTS_clks_clk___L4_N60: dangling Wire at (85.120, 102.695) (85.120, 102.695) on layer: M1
Net FECTS_clks_clk___L4_N60: dangling Wire at (84.360, 115.425) (84.360, 115.425) on layer: M1
Net FECTS_clks_clk___L4_N60: dangling Wire at (83.220, 125.210) (83.220, 125.210) on layer: M1
Net FECTS_clks_clk___L4_N59: dangling Wire at (118.560, 75.905) (118.560, 75.905) on layer: M1
Net FECTS_clks_clk___L4_N59: dangling Wire at (118.275, 95.665) (118.275, 95.665) on layer: M1
Net FECTS_clks_clk___L4_N59: dangling Wire at (116.755, 90.725) (116.755, 90.725) on layer: M1
Net FECTS_clks_clk___L4_N59: dangling Wire at (115.520, 97.755) (115.520, 97.755) on layer: M1
Net FECTS_clks_clk___L4_N59: dangling Wire at (114.855, 95.665) (114.855, 95.665) on layer: M1
Net FECTS_clks_clk___L4_N59: dangling Wire at (114.095, 84.075) (114.095, 84.075) on layer: M1
Net FECTS_clks_clk___L4_N59: dangling Wire at (113.905, 93.955) (113.905, 93.955) on layer: M1
Net FECTS_clks_clk___L4_N59: dangling Wire at (113.240, 87.875) (113.240, 87.875) on layer: M1
Net FECTS_clks_clk___L4_N59: dangling Wire at (112.575, 92.815) (112.575, 92.815) on layer: M1
Net FECTS_clks_clk___L4_N59: dangling Wire at (111.720, 90.725) (111.720, 90.725) on layer: M1
Net FECTS_clks_clk___L4_N59: dangling Wire at (109.915, 97.755) (109.915, 97.755) on layer: M1
Net FECTS_clks_clk___L4_N59: dangling Wire at (109.060, 85.785) (109.060, 85.785) on layer: M1
Net FECTS_clks_clk___L4_N59: dangling Wire at (107.920, 80.845) (107.920, 80.845) on layer: M1
Net FECTS_clks_clk___L4_N59: dangling Wire at (104.595, 95.665) (104.595, 95.665) on layer: M1
Net FECTS_clks_clk___L4_N59: dangling Wire at (103.360, 77.995) (103.360, 77.995) on layer: M1
Net FECTS_clks_clk___L4_N59: dangling Wire at (102.695, 85.880) (102.695, 85.880) on layer: M1
Net FECTS_clks_clk___L4_N59: dangling Wire at (99.940, 90.725) (99.940, 90.725) on layer: M1
Net FECTS_clks_clk___L4_N59: dangling Wire at (98.420, 87.875) (98.420, 87.875) on layer: M1
Net FECTS_clks_clk___L4_N59: dangling Wire at (98.420, 77.995) (98.420, 77.995) on layer: M1
Net FECTS_clks_clk___L4_N59: dangling Wire at (98.040, 95.665) (98.040, 95.665) on layer: M1
Net FECTS_clks_clk___L4_N59: dangling Wire at (95.380, 75.905) (95.380, 75.905) on layer: M1
Net FECTS_clks_clk___L4_N59: dangling Wire at (95.000, 90.725) (95.000, 90.725) on layer: M1
Net FECTS_clks_clk___L4_N59: dangling Wire at (94.620, 80.845) (94.620, 80.845) on layer: M1
Net FECTS_clks_clk___L4_N59: dangling Wire at (92.340, 87.875) (92.340, 87.875) on layer: M1
Net FECTS_clks_clk___L4_N59: dangling Wire at (91.675, 84.645) (91.675, 84.645) on layer: M1
Net FECTS_clks_clk___L4_N59: dangling Wire at (91.675, 80.845) (91.675, 80.845) on layer: M1
Net FECTS_clks_clk___L4_N59: dangling Wire at (91.675, 74.765) (91.675, 74.765) on layer: M1
Net FECTS_clks_clk___L4_N59: dangling Wire at (91.200, 97.755) (91.200, 97.755) on layer: M1
Net FECTS_clks_clk___L4_N59: dangling Wire at (90.535, 75.905) (90.535, 75.905) on layer: M1
Net FECTS_clks_clk___L4_N59: dangling Wire at (88.920, 92.910) (88.920, 92.910) on layer: M1
Net FECTS_clks_clk___L4_N59: dangling Wire at (87.780, 87.875) (87.780, 87.875) on layer: M1
Net FECTS_clks_clk___L4_N59: dangling Wire at (87.495, 77.995) (87.495, 77.995) on layer: M1
Net FECTS_clks_clk___L4_N59: dangling Wire at (87.400, 73.150) (87.400, 73.150) on layer: M1
Net FECTS_clks_clk___L4_N59: dangling Wire at (84.645, 74.765) (84.645, 74.765) on layer: M1
Net FECTS_clks_clk___L4_N59: dangling Wire at (83.980, 92.910) (83.980, 92.910) on layer: M1
Net FECTS_clks_clk___L4_N58: dangling Wire at (83.315, 82.935) (83.315, 82.935) on layer: M1
Net FECTS_clks_clk___L4_N58: dangling Wire at (82.460, 95.665) (82.460, 95.665) on layer: M1
Net FECTS_clks_clk___L4_N58: dangling Wire at (82.080, 85.785) (82.080, 85.785) on layer: M1
Net FECTS_clks_clk___L4_N58: dangling Wire at (81.700, 73.150) (81.700, 73.150) on layer: M1
Net FECTS_clks_clk___L4_N58: dangling Wire at (78.660, 102.695) (78.660, 102.695) on layer: M1
Net FECTS_clks_clk___L4_N58: dangling Wire at (78.280, 115.425) (78.280, 115.425) on layer: M1
Net FECTS_clks_clk___L4_N58: dangling Wire at (78.280, 107.635) (78.280, 107.635) on layer: M1
Net FECTS_clks_clk___L4_N58: dangling Wire at (78.280, 100.605) (78.280, 100.605) on layer: M1
Net FECTS_clks_clk___L4_N58: dangling Wire at (78.280, 95.665) (78.280, 95.665) on layer: M1
Net FECTS_clks_clk___L4_N58: dangling Wire at (78.280, 80.845) (78.280, 80.845) on layer: M1
Net FECTS_clks_clk___L4_N58: dangling Wire at (77.900, 85.785) (77.900, 85.785) on layer: M1
Net FECTS_clks_clk___L4_N58: dangling Wire at (76.475, 79.705) (76.475, 79.705) on layer: M1
Net FECTS_clks_clk___L4_N58: dangling Wire at (75.240, 92.815) (75.240, 92.815) on layer: M1
Net FECTS_clks_clk___L4_N58: dangling Wire at (74.100, 73.055) (74.100, 73.055) on layer: M1
Net FECTS_clks_clk___L4_N58: dangling Wire at (72.960, 102.695) (72.960, 102.695) on layer: M1
Net FECTS_clks_clk___L4_N58: dangling Wire at (72.580, 97.755) (72.580, 97.755) on layer: M1
Net FECTS_clks_clk___L4_N58: dangling Wire at (71.440, 95.665) (71.440, 95.665) on layer: M1
Net FECTS_clks_clk___L4_N58: dangling Wire at (71.440, 90.725) (71.440, 90.725) on layer: M1
Net FECTS_clks_clk___L4_N58: dangling Wire at (71.060, 75.905) (71.060, 75.905) on layer: M1
Net FECTS_clks_clk___L4_N58: dangling Wire at (69.160, 115.425) (69.160, 115.425) on layer: M1
Net FECTS_clks_clk___L4_N58: dangling Wire at (68.780, 85.785) (68.780, 85.785) on layer: M1
Net FECTS_clks_clk___L4_N58: dangling Wire at (68.020, 105.545) (68.020, 105.545) on layer: M1
Net FECTS_clks_clk___L4_N58: dangling Wire at (67.640, 80.845) (67.640, 80.845) on layer: M1
Net FECTS_clks_clk___L4_N58: dangling Wire at (65.740, 92.815) (65.740, 92.815) on layer: M1
Net FECTS_clks_clk___L4_N58: dangling Wire at (65.740, 75.905) (65.740, 75.905) on layer: M1
Net FECTS_clks_clk___L4_N58: dangling Wire at (65.360, 100.605) (65.360, 100.605) on layer: M1
Net FECTS_clks_clk___L4_N58: dangling Wire at (65.360, 82.935) (65.360, 82.935) on layer: M1
Net FECTS_clks_clk___L4_N58: dangling Wire at (64.980, 115.425) (64.980, 115.425) on layer: M1
Net FECTS_clks_clk___L4_N58: dangling Wire at (64.220, 90.725) (64.220, 90.725) on layer: M1
Net FECTS_clks_clk___L4_N58: dangling Wire at (64.125, 93.100) (64.125, 93.100) on layer: M1
Net FECTS_clks_clk___L4_N58: dangling Wire at (63.080, 107.635) (63.080, 107.635) on layer: M1
Net FECTS_clks_clk___L4_N58: dangling Wire at (63.080, 95.665) (63.080, 95.665) on layer: M1
Net FECTS_clks_clk___L4_N58: dangling Wire at (63.080, 87.875) (63.080, 87.875) on layer: M1
Net FECTS_clks_clk___L4_N58: dangling Wire at (62.320, 105.545) (62.320, 105.545) on layer: M1
Net FECTS_clks_clk___L4_N58: dangling Wire at (62.320, 77.995) (62.320, 77.995) on layer: M1
Net FECTS_clks_clk___L4_N58: dangling Wire at (61.940, 80.845) (61.940, 80.845) on layer: M1
Net FECTS_clks_clk___L4_N58: dangling Wire at (59.280, 75.905) (59.280, 75.905) on layer: M1
Net FECTS_clks_clk___L4_N58: dangling Wire at (58.900, 87.875) (58.900, 87.875) on layer: M1
Net FECTS_clks_clk___L4_N58: dangling Wire at (58.520, 85.785) (58.520, 85.785) on layer: M1
Net FECTS_clks_clk___L4_N58: dangling Wire at (58.140, 107.635) (58.140, 107.635) on layer: M1
Net FECTS_clks_clk___L4_N58: dangling Wire at (55.480, 105.545) (55.480, 105.545) on layer: M1
Net FECTS_clks_clk___L4_N58: dangling Wire at (55.100, 95.665) (55.100, 95.665) on layer: M1
Net FECTS_clks_clk___L4_N58: dangling Wire at (55.100, 80.845) (55.100, 80.845) on layer: M1
Net FECTS_clks_clk___L4_N58: dangling Wire at (55.100, 70.965) (55.100, 70.965) on layer: M1
Net FECTS_clks_clk___L4_N58: dangling Wire at (54.720, 87.875) (54.720, 87.875) on layer: M1
Net FECTS_clks_clk___L4_N58: dangling Wire at (54.340, 102.695) (54.340, 102.695) on layer: M1
Net FECTS_clks_clk___L4_N58: dangling Wire at (52.440, 115.425) (52.440, 115.425) on layer: M1
Net FECTS_clks_clk___L4_N58: dangling Wire at (52.440, 92.815) (52.440, 92.815) on layer: M1
Net FECTS_clks_clk___L4_N58: dangling Wire at (52.440, 75.810) (52.440, 75.810) on layer: M1
Net FECTS_clks_clk___L4_N58: dangling Wire at (52.060, 112.575) (52.060, 112.575) on layer: M1
Net FECTS_clks_clk___L4_N58: dangling Wire at (50.920, 80.845) (50.920, 80.845) on layer: M1
Net FECTS_clks_clk___L4_N58: dangling Wire at (49.400, 82.935) (49.400, 82.935) on layer: M1
Net FECTS_clks_clk___L4_N58: dangling Wire at (48.640, 70.965) (48.640, 70.965) on layer: M1
Net FECTS_clks_clk___L4_N58: dangling Wire at (47.880, 102.695) (47.880, 102.695) on layer: M1
Net FECTS_clks_clk___L4_N58: dangling Wire at (46.740, 73.055) (46.740, 73.055) on layer: M1
Net FECTS_clks_clk___L4_N58: dangling Wire at (45.600, 80.845) (45.600, 80.845) on layer: M1
Net FECTS_clks_clk___L4_N58: dangling Wire at (45.600, 68.115) (45.600, 68.115) on layer: M1
Net FECTS_clks_clk___L4_N57: dangling Wire at (129.295, 39.615) (129.295, 39.615) on layer: M1
Net FECTS_clks_clk___L4_N57: dangling Wire at (128.820, 43.415) (128.820, 43.415) on layer: M1
Net FECTS_clks_clk___L4_N57: dangling Wire at (128.820, 21.565) (128.820, 21.565) on layer: M1
Net FECTS_clks_clk___L4_N57: dangling Wire at (128.060, 53.295) (128.060, 53.295) on layer: M1
Net FECTS_clks_clk___L4_N57: dangling Wire at (127.680, 70.965) (127.680, 70.965) on layer: M1
Net FECTS_clks_clk___L4_N57: dangling Wire at (127.680, 66.025) (127.680, 66.025) on layer: M1
Net FECTS_clks_clk___L4_N57: dangling Wire at (125.780, 31.445) (125.780, 31.445) on layer: M1
Net FECTS_clks_clk___L4_N57: dangling Wire at (125.400, 58.235) (125.400, 58.235) on layer: M1
Net FECTS_clks_clk___L4_N57: dangling Wire at (125.020, 68.115) (125.020, 68.115) on layer: M1
Net FECTS_clks_clk___L4_N57: dangling Wire at (125.020, 33.535) (125.020, 33.535) on layer: M1
Net FECTS_clks_clk___L4_N57: dangling Wire at (124.640, 43.415) (124.640, 43.415) on layer: M1
Net FECTS_clks_clk___L4_N57: dangling Wire at (123.500, 66.025) (123.500, 66.025) on layer: M1
Net FECTS_clks_clk___L4_N57: dangling Wire at (123.500, 26.505) (123.500, 26.505) on layer: M1
Net FECTS_clks_clk___L4_N57: dangling Wire at (121.980, 41.325) (121.980, 41.325) on layer: M1
Net FECTS_clks_clk___L4_N57: dangling Wire at (121.980, 28.595) (121.980, 28.595) on layer: M1
Net FECTS_clks_clk___L4_N57: dangling Wire at (121.600, 46.265) (121.600, 46.265) on layer: M1
Net FECTS_clks_clk___L4_N57: dangling Wire at (121.600, 31.445) (121.600, 31.445) on layer: M1
Net FECTS_clks_clk___L4_N57: dangling Wire at (121.600, 23.655) (121.600, 23.655) on layer: M1
Net FECTS_clks_clk___L4_N57: dangling Wire at (120.840, 33.535) (120.840, 33.535) on layer: M1
Net FECTS_clks_clk___L4_N57: dangling Wire at (117.800, 28.595) (117.800, 28.595) on layer: M1
Net FECTS_clks_clk___L4_N57: dangling Wire at (116.280, 23.655) (116.280, 23.655) on layer: M1
Net FECTS_clks_clk___L4_N57: dangling Wire at (115.520, 43.415) (115.520, 43.415) on layer: M1
Net FECTS_clks_clk___L4_N57: dangling Wire at (115.140, 33.535) (115.140, 33.535) on layer: M1
Net FECTS_clks_clk___L4_N57: dangling Wire at (114.760, 31.445) (114.760, 31.445) on layer: M1
Net FECTS_clks_clk___L4_N57: dangling Wire at (112.100, 28.595) (112.100, 28.595) on layer: M1
Net FECTS_clks_clk___L4_N57: dangling Wire at (111.340, 43.415) (111.340, 43.415) on layer: M1
Net FECTS_clks_clk___L4_N57: dangling Wire at (108.680, 31.445) (108.680, 31.445) on layer: M1
Net FECTS_clks_clk___L4_N57: dangling Wire at (108.300, 33.535) (108.300, 33.535) on layer: M1
Net FECTS_clks_clk___L4_N57: dangling Wire at (108.300, 23.655) (108.300, 23.655) on layer: M1
Net FECTS_clks_clk___L4_N57: dangling Wire at (106.020, 26.410) (106.020, 26.410) on layer: M1
Net FECTS_clks_clk___L4_N57: dangling Wire at (104.120, 43.415) (104.120, 43.415) on layer: M1
Net FECTS_clks_clk___L4_N57: dangling Wire at (101.840, 63.175) (101.840, 63.175) on layer: M1
Net FECTS_clks_clk___L4_N57: dangling Wire at (101.840, 26.410) (101.840, 26.410) on layer: M1
Net FECTS_clks_clk___L4_N57: dangling Wire at (101.840, 23.750) (101.840, 23.750) on layer: M1
Net FECTS_clks_clk___L4_N57: dangling Wire at (99.085, 45.980) (99.085, 45.980) on layer: M1
Net FECTS_clks_clk___L4_N57: dangling Wire at (98.040, 33.535) (98.040, 33.535) on layer: M1
Net FECTS_clks_clk___L4_N57: dangling Wire at (97.660, 23.655) (97.660, 23.655) on layer: M1
Net FECTS_clks_clk___L4_N57: dangling Wire at (97.280, 41.230) (97.280, 41.230) on layer: M1
Net FECTS_clks_clk___L4_N57: dangling Wire at (95.380, 26.505) (95.380, 26.505) on layer: M1
Net FECTS_clks_clk___L4_N57: dangling Wire at (95.000, 68.210) (95.000, 68.210) on layer: M1
Net FECTS_clks_clk___L4_N57: dangling Wire at (93.860, 28.595) (93.860, 28.595) on layer: M1
Net FECTS_clks_clk___L4_N57: dangling Wire at (93.480, 23.655) (93.480, 23.655) on layer: M1
Net FECTS_clks_clk___L4_N57: dangling Wire at (91.960, 33.535) (91.960, 33.535) on layer: M1
Net FECTS_clks_clk___L4_N57: dangling Wire at (91.200, 26.505) (91.200, 26.505) on layer: M1
Net FECTS_clks_clk___L4_N57: dangling Wire at (91.105, 69.825) (91.105, 69.825) on layer: M1
Net FECTS_clks_clk___L4_N57: dangling Wire at (90.440, 38.475) (90.440, 38.475) on layer: M1
Net FECTS_clks_clk___L4_N57: dangling Wire at (81.700, 26.505) (81.700, 26.505) on layer: M1
Net FECTS_clks_clk___L4_N57: dangling Wire at (75.620, 26.505) (75.620, 26.505) on layer: M1
Net FECTS_clks_clk___L4_N57: dangling Wire at (75.240, 21.565) (75.240, 21.565) on layer: M1
Net FECTS_clks_clk___L4_N57: dangling Wire at (74.860, 31.445) (74.860, 31.445) on layer: M1
Net FECTS_clks_clk___L4_N57: dangling Wire at (69.160, 21.565) (69.160, 21.565) on layer: M1
Net FECTS_clks_clk___L4_N56: dangling Wire at (88.540, 226.195) (88.540, 226.195) on layer: M1
Net FECTS_clks_clk___L4_N56: dangling Wire at (87.020, 231.135) (87.020, 231.135) on layer: M1
Net FECTS_clks_clk___L4_N56: dangling Wire at (84.360, 228.950) (84.360, 228.950) on layer: M1
Net FECTS_clks_clk___L4_N56: dangling Wire at (80.940, 219.165) (80.940, 219.165) on layer: M1
Net FECTS_clks_clk___L4_N56: dangling Wire at (79.420, 221.255) (79.420, 221.255) on layer: M1
Net FECTS_clks_clk___L4_N56: dangling Wire at (78.280, 226.195) (78.280, 226.195) on layer: M1
Net FECTS_clks_clk___L4_N56: dangling Wire at (77.520, 224.105) (77.520, 224.105) on layer: M1
Net FECTS_clks_clk___L4_N56: dangling Wire at (75.240, 219.165) (75.240, 219.165) on layer: M1
Net FECTS_clks_clk___L4_N56: dangling Wire at (74.860, 201.495) (74.860, 201.495) on layer: M1
Net FECTS_clks_clk___L4_N56: dangling Wire at (73.720, 216.315) (73.720, 216.315) on layer: M1
Net FECTS_clks_clk___L4_N56: dangling Wire at (72.960, 206.435) (72.960, 206.435) on layer: M1
Net FECTS_clks_clk___L4_N56: dangling Wire at (72.580, 191.615) (72.580, 191.615) on layer: M1
Net FECTS_clks_clk___L4_N56: dangling Wire at (72.200, 209.285) (72.200, 209.285) on layer: M1
Net FECTS_clks_clk___L4_N56: dangling Wire at (72.200, 196.555) (72.200, 196.555) on layer: M1
Net FECTS_clks_clk___L4_N56: dangling Wire at (71.440, 221.255) (71.440, 221.255) on layer: M1
Net FECTS_clks_clk___L4_N56: dangling Wire at (70.680, 226.195) (70.680, 226.195) on layer: M1
Net FECTS_clks_clk___L4_N56: dangling Wire at (70.300, 204.345) (70.300, 204.345) on layer: M1
Net FECTS_clks_clk___L4_N56: dangling Wire at (69.920, 233.985) (69.920, 233.985) on layer: M1
Net FECTS_clks_clk___L4_N56: dangling Wire at (69.920, 224.105) (69.920, 224.105) on layer: M1
Net FECTS_clks_clk___L4_N56: dangling Wire at (69.920, 201.495) (69.920, 201.495) on layer: M1
Net FECTS_clks_clk___L4_N56: dangling Wire at (69.540, 216.315) (69.540, 216.315) on layer: M1
Net FECTS_clks_clk___L4_N56: dangling Wire at (69.160, 214.225) (69.160, 214.225) on layer: M1
Net FECTS_clks_clk___L4_N56: dangling Wire at (68.780, 229.045) (68.780, 229.045) on layer: M1
Net FECTS_clks_clk___L4_N56: dangling Wire at (68.780, 194.465) (68.780, 194.465) on layer: M1
Net FECTS_clks_clk___L4_N56: dangling Wire at (68.400, 184.585) (68.400, 184.585) on layer: M1
Net FECTS_clks_clk___L4_N56: dangling Wire at (68.020, 196.555) (68.020, 196.555) on layer: M1
Net FECTS_clks_clk___L4_N56: dangling Wire at (65.740, 224.105) (65.740, 224.105) on layer: M1
Net FECTS_clks_clk___L4_N56: dangling Wire at (65.740, 209.285) (65.740, 209.285) on layer: M1
Net FECTS_clks_clk___L4_N56: dangling Wire at (65.360, 216.315) (65.360, 216.315) on layer: M1
Net FECTS_clks_clk___L4_N56: dangling Wire at (64.980, 226.195) (64.980, 226.195) on layer: M1
Net FECTS_clks_clk___L4_N56: dangling Wire at (62.700, 206.435) (62.700, 206.435) on layer: M1
Net FECTS_clks_clk___L4_N56: dangling Wire at (61.940, 184.585) (61.940, 184.585) on layer: M1
Net FECTS_clks_clk___L4_N56: dangling Wire at (61.560, 224.105) (61.560, 224.105) on layer: M1
Net FECTS_clks_clk___L4_N56: dangling Wire at (61.180, 216.315) (61.180, 216.315) on layer: M1
Net FECTS_clks_clk___L4_N56: dangling Wire at (58.520, 219.165) (58.520, 219.165) on layer: M1
Net FECTS_clks_clk___L4_N56: dangling Wire at (57.760, 226.195) (57.760, 226.195) on layer: M1
Net FECTS_clks_clk___L4_N56: dangling Wire at (55.575, 205.200) (55.575, 205.200) on layer: M1
Net FECTS_clks_clk___L4_N56: dangling Wire at (55.100, 224.105) (55.100, 224.105) on layer: M1
Net FECTS_clks_clk___L4_N56: dangling Wire at (51.680, 226.195) (51.680, 226.195) on layer: M1
Net FECTS_clks_clk___L4_N56: dangling Wire at (31.920, 226.195) (31.920, 226.195) on layer: M1
Net FECTS_clks_clk___L4_N56: dangling Wire at (31.540, 174.705) (31.540, 174.705) on layer: M1
Net FECTS_clks_clk___L4_N56: dangling Wire at (28.500, 176.795) (28.500, 176.795) on layer: M1
Net FECTS_clks_clk___L4_N56: dangling Wire at (27.360, 221.255) (27.360, 221.255) on layer: M1
Net FECTS_clks_clk___L4_N56: dangling Wire at (26.600, 224.105) (26.600, 224.105) on layer: M1
Net FECTS_clks_clk___L4_N56: dangling Wire at (23.940, 174.705) (23.940, 174.705) on layer: M1
Net FECTS_clks_clk___L4_N56: dangling Wire at (23.180, 209.285) (23.180, 209.285) on layer: M1
Net FECTS_clks_clk___L4_N56: dangling Wire at (22.420, 224.105) (22.420, 224.105) on layer: M1
Net FECTS_clks_clk___L4_N56: dangling Wire at (20.520, 231.135) (20.520, 231.135) on layer: M1
Net FECTS_clks_clk___L4_N56: dangling Wire at (20.520, 226.195) (20.520, 226.195) on layer: M1
Net FECTS_clks_clk___L4_N56: dangling Wire at (20.520, 221.255) (20.520, 221.255) on layer: M1
Net FECTS_clks_clk___L4_N56: dangling Wire at (20.520, 219.165) (20.520, 219.165) on layer: M1
Net FECTS_clks_clk___L4_N56: dangling Wire at (20.520, 214.225) (20.520, 214.225) on layer: M1
Net FECTS_clks_clk___L4_N56: dangling Wire at (20.520, 194.370) (20.520, 194.370) on layer: M1
Net FECTS_clks_clk___L4_N56: dangling Wire at (20.520, 189.525) (20.520, 189.525) on layer: M1
Net FECTS_clks_clk___L4_N55: dangling Wire at (105.260, 159.885) (105.260, 159.885) on layer: M1
Net FECTS_clks_clk___L4_N55: dangling Wire at (104.880, 145.065) (104.880, 145.065) on layer: M1
Net FECTS_clks_clk___L4_N55: dangling Wire at (104.500, 169.765) (104.500, 169.765) on layer: M1
Net FECTS_clks_clk___L4_N55: dangling Wire at (104.500, 164.825) (104.500, 164.825) on layer: M1
Net FECTS_clks_clk___L4_N55: dangling Wire at (104.120, 152.190) (104.120, 152.190) on layer: M1
Net FECTS_clks_clk___L4_N55: dangling Wire at (104.120, 135.090) (104.120, 135.090) on layer: M1
Net FECTS_clks_clk___L4_N55: dangling Wire at (101.460, 154.945) (101.460, 154.945) on layer: M1
Net FECTS_clks_clk___L4_N55: dangling Wire at (101.080, 147.155) (101.080, 147.155) on layer: M1
Net FECTS_clks_clk___L4_N55: dangling Wire at (100.320, 159.885) (100.320, 159.885) on layer: M1
Net FECTS_clks_clk___L4_N55: dangling Wire at (99.940, 166.915) (99.940, 166.915) on layer: M1
Net FECTS_clks_clk___L4_N55: dangling Wire at (99.560, 164.825) (99.560, 164.825) on layer: M1
Net FECTS_clks_clk___L4_N55: dangling Wire at (98.420, 140.125) (98.420, 140.125) on layer: M1
Net FECTS_clks_clk___L4_N55: dangling Wire at (98.420, 132.335) (98.420, 132.335) on layer: M1
Net FECTS_clks_clk___L4_N55: dangling Wire at (98.040, 152.190) (98.040, 152.190) on layer: M1
Net FECTS_clks_clk___L4_N55: dangling Wire at (97.280, 142.215) (97.280, 142.215) on layer: M1
Net FECTS_clks_clk___L4_N55: dangling Wire at (95.760, 137.275) (95.760, 137.275) on layer: M1
Net FECTS_clks_clk___L4_N55: dangling Wire at (95.000, 166.915) (95.000, 166.915) on layer: M1
Net FECTS_clks_clk___L4_N55: dangling Wire at (95.000, 150.005) (95.000, 150.005) on layer: M1
Net FECTS_clks_clk___L4_N55: dangling Wire at (95.000, 145.065) (95.000, 145.065) on layer: M1
Net FECTS_clks_clk___L4_N55: dangling Wire at (95.000, 135.090) (95.000, 135.090) on layer: M1
Net FECTS_clks_clk___L4_N55: dangling Wire at (94.240, 169.765) (94.240, 169.765) on layer: M1
Net FECTS_clks_clk___L4_N55: dangling Wire at (94.240, 130.245) (94.240, 130.245) on layer: M1
Net FECTS_clks_clk___L4_N55: dangling Wire at (93.860, 157.035) (93.860, 157.035) on layer: M1
Net FECTS_clks_clk___L4_N55: dangling Wire at (93.860, 152.190) (93.860, 152.190) on layer: M1
Net FECTS_clks_clk___L4_N55: dangling Wire at (93.100, 147.155) (93.100, 147.155) on layer: M1
Net FECTS_clks_clk___L4_N55: dangling Wire at (92.340, 161.975) (92.340, 161.975) on layer: M1
Net FECTS_clks_clk___L4_N55: dangling Wire at (90.820, 137.275) (90.820, 137.275) on layer: M1
Net FECTS_clks_clk___L4_N55: dangling Wire at (88.540, 145.065) (88.540, 145.065) on layer: M1
Net FECTS_clks_clk___L4_N55: dangling Wire at (88.160, 161.975) (88.160, 161.975) on layer: M1
Net FECTS_clks_clk___L4_N55: dangling Wire at (88.160, 130.245) (88.160, 130.245) on layer: M1
Net FECTS_clks_clk___L4_N55: dangling Wire at (87.780, 174.705) (87.780, 174.705) on layer: M1
Net FECTS_clks_clk___L4_N55: dangling Wire at (87.400, 169.765) (87.400, 169.765) on layer: M1
Net FECTS_clks_clk___L4_N55: dangling Wire at (87.305, 152.380) (87.305, 152.380) on layer: M1
Net FECTS_clks_clk___L4_N55: dangling Wire at (87.020, 164.825) (87.020, 164.825) on layer: M1
Net FECTS_clks_clk___L4_N55: dangling Wire at (86.640, 171.855) (86.640, 171.855) on layer: M1
Net FECTS_clks_clk___L4_N55: dangling Wire at (86.260, 157.035) (86.260, 157.035) on layer: M1
Net FECTS_clks_clk___L4_N55: dangling Wire at (84.740, 140.125) (84.740, 140.125) on layer: M1
Net FECTS_clks_clk___L4_N55: dangling Wire at (84.360, 149.910) (84.360, 149.910) on layer: M1
Net FECTS_clks_clk___L4_N55: dangling Wire at (84.360, 137.275) (84.360, 137.275) on layer: M1
Net FECTS_clks_clk___L4_N55: dangling Wire at (83.980, 145.065) (83.980, 145.065) on layer: M1
Net FECTS_clks_clk___L4_N55: dangling Wire at (83.220, 152.095) (83.220, 152.095) on layer: M1
Net FECTS_clks_clk___L4_N55: dangling Wire at (82.460, 171.855) (82.460, 171.855) on layer: M1
Net FECTS_clks_clk___L4_N55: dangling Wire at (82.460, 159.885) (82.460, 159.885) on layer: M1
Net FECTS_clks_clk___L4_N55: dangling Wire at (82.460, 132.335) (82.460, 132.335) on layer: M1
Net FECTS_clks_clk___L4_N55: dangling Wire at (81.700, 154.945) (81.700, 154.945) on layer: M1
Net FECTS_clks_clk___L4_N55: dangling Wire at (81.320, 147.155) (81.320, 147.155) on layer: M1
Net FECTS_clks_clk___L4_N55: dangling Wire at (80.180, 164.825) (80.180, 164.825) on layer: M1
Net FECTS_clks_clk___L4_N55: dangling Wire at (79.040, 140.125) (79.040, 140.125) on layer: M1
Net FECTS_clks_clk___L4_N55: dangling Wire at (78.280, 171.855) (78.280, 171.855) on layer: M1
Net FECTS_clks_clk___L4_N55: dangling Wire at (78.280, 132.335) (78.280, 132.335) on layer: M1
Net FECTS_clks_clk___L4_N55: dangling Wire at (77.520, 166.915) (77.520, 166.915) on layer: M1
Net FECTS_clks_clk___L4_N55: dangling Wire at (77.520, 152.190) (77.520, 152.190) on layer: M1
Net FECTS_clks_clk___L4_N55: dangling Wire at (77.140, 144.970) (77.140, 144.970) on layer: M1
Net FECTS_clks_clk___L4_N55: dangling Wire at (76.380, 159.885) (76.380, 159.885) on layer: M1
Net FECTS_clks_clk___L4_N55: dangling Wire at (75.620, 147.155) (75.620, 147.155) on layer: M1
Net FECTS_clks_clk___L4_N55: dangling Wire at (75.240, 137.275) (75.240, 137.275) on layer: M1
Net FECTS_clks_clk___L4_N55: dangling Wire at (74.100, 135.090) (74.100, 135.090) on layer: M1
Net FECTS_clks_clk___L4_N55: dangling Wire at (74.100, 132.430) (74.100, 132.430) on layer: M1
Net FECTS_clks_clk___L4_N55: dangling Wire at (73.340, 171.855) (73.340, 171.855) on layer: M1
Net FECTS_clks_clk___L4_N55: dangling Wire at (72.960, 174.610) (72.960, 174.610) on layer: M1
Net FECTS_clks_clk___L4_N55: dangling Wire at (72.580, 161.975) (72.580, 161.975) on layer: M1
Net FECTS_clks_clk___L4_N55: dangling Wire at (71.440, 159.885) (71.440, 159.885) on layer: M1
Net FECTS_clks_clk___L4_N55: dangling Wire at (68.780, 152.095) (68.780, 152.095) on layer: M1
Net FECTS_clks_clk___L4_N55: dangling Wire at (67.640, 171.855) (67.640, 171.855) on layer: M1
Net FECTS_clks_clk___L4_N54: dangling Wire at (137.940, 166.915) (137.940, 166.915) on layer: M1
Net FECTS_clks_clk___L4_N54: dangling Wire at (137.940, 157.035) (137.940, 157.035) on layer: M1
Net FECTS_clks_clk___L4_N54: dangling Wire at (136.420, 150.005) (136.420, 150.005) on layer: M1
Net FECTS_clks_clk___L4_N54: dangling Wire at (134.140, 147.155) (134.140, 147.155) on layer: M1
Net FECTS_clks_clk___L4_N54: dangling Wire at (133.000, 174.705) (133.000, 174.705) on layer: M1
Net FECTS_clks_clk___L4_N54: dangling Wire at (132.240, 159.885) (132.240, 159.885) on layer: M1
Net FECTS_clks_clk___L4_N54: dangling Wire at (131.480, 130.245) (131.480, 130.245) on layer: M1
Net FECTS_clks_clk___L4_N54: dangling Wire at (131.100, 181.735) (131.100, 181.735) on layer: M1
Net FECTS_clks_clk___L4_N54: dangling Wire at (130.720, 149.910) (130.720, 149.910) on layer: M1
Net FECTS_clks_clk___L4_N54: dangling Wire at (129.580, 127.395) (129.580, 127.395) on layer: M1
Net FECTS_clks_clk___L4_N54: dangling Wire at (128.820, 137.275) (128.820, 137.275) on layer: M1
Net FECTS_clks_clk___L4_N54: dangling Wire at (128.060, 186.675) (128.060, 186.675) on layer: M1
Net FECTS_clks_clk___L4_N54: dangling Wire at (128.060, 152.095) (128.060, 152.095) on layer: M1
Net FECTS_clks_clk___L4_N54: dangling Wire at (126.920, 159.885) (126.920, 159.885) on layer: M1
Net FECTS_clks_clk___L4_N54: dangling Wire at (125.780, 157.035) (125.780, 157.035) on layer: M1
Net FECTS_clks_clk___L4_N54: dangling Wire at (125.400, 161.975) (125.400, 161.975) on layer: M1
Net FECTS_clks_clk___L4_N54: dangling Wire at (125.400, 147.155) (125.400, 147.155) on layer: M1
Net FECTS_clks_clk___L4_N54: dangling Wire at (125.020, 179.645) (125.020, 179.645) on layer: M1
Net FECTS_clks_clk___L4_N54: dangling Wire at (125.020, 166.915) (125.020, 166.915) on layer: M1
Net FECTS_clks_clk___L4_N54: dangling Wire at (125.020, 130.245) (125.020, 130.245) on layer: M1
Net FECTS_clks_clk___L4_N54: dangling Wire at (124.735, 123.595) (124.735, 123.595) on layer: M1
Net FECTS_clks_clk___L4_N54: dangling Wire at (124.640, 137.275) (124.640, 137.275) on layer: M1
Net FECTS_clks_clk___L4_N54: dangling Wire at (124.260, 154.945) (124.260, 154.945) on layer: M1
Net FECTS_clks_clk___L4_N54: dangling Wire at (123.500, 184.585) (123.500, 184.585) on layer: M1
Net FECTS_clks_clk___L4_N54: dangling Wire at (123.500, 174.705) (123.500, 174.705) on layer: M1
Net FECTS_clks_clk___L4_N54: dangling Wire at (123.500, 132.335) (123.500, 132.335) on layer: M1
Net FECTS_clks_clk___L4_N54: dangling Wire at (122.835, 155.800) (122.835, 155.800) on layer: M1
Net FECTS_clks_clk___L4_N54: dangling Wire at (121.980, 145.065) (121.980, 145.065) on layer: M1
Net FECTS_clks_clk___L4_N54: dangling Wire at (121.600, 127.395) (121.600, 127.395) on layer: M1
Net FECTS_clks_clk___L4_N54: dangling Wire at (119.700, 159.885) (119.700, 159.885) on layer: M1
Net FECTS_clks_clk___L4_N54: dangling Wire at (119.320, 174.705) (119.320, 174.705) on layer: M1
Net FECTS_clks_clk___L4_N54: dangling Wire at (118.940, 152.095) (118.940, 152.095) on layer: M1
Net FECTS_clks_clk___L4_N54: dangling Wire at (118.560, 150.005) (118.560, 150.005) on layer: M1
Net FECTS_clks_clk___L4_N54: dangling Wire at (118.560, 132.335) (118.560, 132.335) on layer: M1
Net FECTS_clks_clk___L4_N54: dangling Wire at (118.180, 157.035) (118.180, 157.035) on layer: M1
Net FECTS_clks_clk___L4_N54: dangling Wire at (117.800, 145.065) (117.800, 145.065) on layer: M1
Net FECTS_clks_clk___L4_N54: dangling Wire at (117.420, 166.915) (117.420, 166.915) on layer: M1
Net FECTS_clks_clk___L4_N54: dangling Wire at (116.660, 164.825) (116.660, 164.825) on layer: M1
Net FECTS_clks_clk___L4_N54: dangling Wire at (116.565, 123.595) (116.565, 123.595) on layer: M1
Net FECTS_clks_clk___L4_N54: dangling Wire at (115.900, 171.855) (115.900, 171.855) on layer: M1
Net FECTS_clks_clk___L4_N54: dangling Wire at (115.140, 159.885) (115.140, 159.885) on layer: M1
Net FECTS_clks_clk___L4_N54: dangling Wire at (115.140, 147.155) (115.140, 147.155) on layer: M1
Net FECTS_clks_clk___L4_N54: dangling Wire at (113.620, 132.335) (113.620, 132.335) on layer: M1
Net FECTS_clks_clk___L4_N54: dangling Wire at (112.860, 137.275) (112.860, 137.275) on layer: M1
Net FECTS_clks_clk___L4_N54: dangling Wire at (112.100, 157.035) (112.100, 157.035) on layer: M1
Net FECTS_clks_clk___L4_N54: dangling Wire at (112.100, 142.215) (112.100, 142.215) on layer: M1
Net FECTS_clks_clk___L4_N54: dangling Wire at (112.100, 135.090) (112.100, 135.090) on layer: M1
Net FECTS_clks_clk___L4_N54: dangling Wire at (111.720, 164.825) (111.720, 164.825) on layer: M1
Net FECTS_clks_clk___L4_N54: dangling Wire at (111.720, 152.095) (111.720, 152.095) on layer: M1
Net FECTS_clks_clk___L4_N54: dangling Wire at (108.300, 147.155) (108.300, 147.155) on layer: M1
Net FECTS_clks_clk___L4_N54: dangling Wire at (108.300, 132.335) (108.300, 132.335) on layer: M1
Net FECTS_clks_clk___L4_N54: dangling Wire at (107.920, 157.035) (107.920, 157.035) on layer: M1
Net FECTS_clks_clk___L4_N54: dangling Wire at (107.920, 142.215) (107.920, 142.215) on layer: M1
Net FECTS_clks_clk___L4_N54: dangling Wire at (106.400, 166.915) (106.400, 166.915) on layer: M1
Net FECTS_clks_clk___L4_N54: dangling Wire at (106.020, 161.975) (106.020, 161.975) on layer: M1
Net FECTS_clks_clk___L4_N53: dangling Wire at (49.780, 26.505) (49.780, 26.505) on layer: M1
Net FECTS_clks_clk___L4_N53: dangling Wire at (47.215, 35.245) (47.215, 35.245) on layer: M1
Net FECTS_clks_clk___L4_N53: dangling Wire at (47.120, 31.445) (47.120, 31.445) on layer: M1
Net FECTS_clks_clk___L4_N53: dangling Wire at (46.360, 63.175) (46.360, 63.175) on layer: M1
Net FECTS_clks_clk___L4_N53: dangling Wire at (45.600, 26.505) (45.600, 26.505) on layer: M1
Net FECTS_clks_clk___L4_N53: dangling Wire at (43.795, 43.415) (43.795, 43.415) on layer: M1
Net FECTS_clks_clk___L4_N53: dangling Wire at (43.700, 51.205) (43.700, 51.205) on layer: M1
Net FECTS_clks_clk___L4_N53: dangling Wire at (42.560, 66.025) (42.560, 66.025) on layer: M1
Net FECTS_clks_clk___L4_N53: dangling Wire at (42.180, 61.085) (42.180, 61.085) on layer: M1
Net FECTS_clks_clk___L4_N53: dangling Wire at (41.040, 58.235) (41.040, 58.235) on layer: M1
Net FECTS_clks_clk___L4_N53: dangling Wire at (40.280, 28.595) (40.280, 28.595) on layer: M1
Net FECTS_clks_clk___L4_N53: dangling Wire at (39.900, 26.505) (39.900, 26.505) on layer: M1
Net FECTS_clks_clk___L4_N53: dangling Wire at (39.520, 56.145) (39.520, 56.145) on layer: M1
Net FECTS_clks_clk___L4_N53: dangling Wire at (39.520, 51.205) (39.520, 51.205) on layer: M1
Net FECTS_clks_clk___L4_N53: dangling Wire at (39.140, 43.415) (39.140, 43.415) on layer: M1
Net FECTS_clks_clk___L4_N53: dangling Wire at (39.140, 36.385) (39.140, 36.385) on layer: M1
Net FECTS_clks_clk___L4_N53: dangling Wire at (38.380, 66.025) (38.380, 66.025) on layer: M1
Net FECTS_clks_clk___L4_N53: dangling Wire at (35.720, 63.175) (35.720, 63.175) on layer: M1
Net FECTS_clks_clk___L4_N53: dangling Wire at (34.865, 47.120) (34.865, 47.120) on layer: M1
Net FECTS_clks_clk___L4_N53: dangling Wire at (34.675, 41.325) (34.675, 41.325) on layer: M1
Net FECTS_clks_clk___L4_N53: dangling Wire at (33.820, 43.415) (33.820, 43.415) on layer: M1
Net FECTS_clks_clk___L4_N53: dangling Wire at (33.820, 28.595) (33.820, 28.595) on layer: M1
Net FECTS_clks_clk___L4_N53: dangling Wire at (33.820, 26.505) (33.820, 26.505) on layer: M1
Net FECTS_clks_clk___L4_N53: dangling Wire at (33.440, 68.115) (33.440, 68.115) on layer: M1
Net FECTS_clks_clk___L4_N53: dangling Wire at (33.440, 66.025) (33.440, 66.025) on layer: M1
Net FECTS_clks_clk___L4_N53: dangling Wire at (33.440, 53.295) (33.440, 53.295) on layer: M1
Net FECTS_clks_clk___L4_N53: dangling Wire at (33.440, 51.205) (33.440, 51.205) on layer: M1
Net FECTS_clks_clk___L4_N53: dangling Wire at (33.440, 33.535) (33.440, 33.535) on layer: M1
Net FECTS_clks_clk___L4_N53: dangling Wire at (33.440, 23.655) (33.440, 23.655) on layer: M1
Net FECTS_clks_clk___L4_N53: dangling Wire at (33.060, 58.235) (33.060, 58.235) on layer: M1
Net FECTS_clks_clk___L4_N53: dangling Wire at (32.680, 38.475) (32.680, 38.475) on layer: M1
Net FECTS_clks_clk___L4_N53: dangling Wire at (30.400, 63.175) (30.400, 63.175) on layer: M1
Net FECTS_clks_clk___L4_N53: dangling Wire at (29.640, 28.595) (29.640, 28.595) on layer: M1
Net FECTS_clks_clk___L4_N53: dangling Wire at (29.640, 21.565) (29.640, 21.565) on layer: M1
Net FECTS_clks_clk___L4_N53: dangling Wire at (29.260, 53.295) (29.260, 53.295) on layer: M1
Net FECTS_clks_clk___L4_N53: dangling Wire at (29.260, 41.325) (29.260, 41.325) on layer: M1
Net FECTS_clks_clk___L4_N53: dangling Wire at (26.600, 46.265) (26.600, 46.265) on layer: M1
Net FECTS_clks_clk___L4_N53: dangling Wire at (26.600, 33.535) (26.600, 33.535) on layer: M1
Net FECTS_clks_clk___L4_N53: dangling Wire at (26.600, 31.445) (26.600, 31.445) on layer: M1
Net FECTS_clks_clk___L4_N53: dangling Wire at (25.840, 68.115) (25.840, 68.115) on layer: M1
Net FECTS_clks_clk___L4_N53: dangling Wire at (25.460, 63.175) (25.460, 63.175) on layer: M1
Net FECTS_clks_clk___L4_N53: dangling Wire at (25.460, 43.415) (25.460, 43.415) on layer: M1
Net FECTS_clks_clk___L4_N53: dangling Wire at (25.460, 28.690) (25.460, 28.690) on layer: M1
Net FECTS_clks_clk___L4_N53: dangling Wire at (25.080, 53.295) (25.080, 53.295) on layer: M1
Net FECTS_clks_clk___L4_N53: dangling Wire at (24.700, 61.085) (24.700, 61.085) on layer: M1
Net FECTS_clks_clk___L4_N53: dangling Wire at (24.700, 56.145) (24.700, 56.145) on layer: M1
Net FECTS_clks_clk___L4_N53: dangling Wire at (24.700, 48.355) (24.700, 48.355) on layer: M1
Net FECTS_clks_clk___L4_N53: dangling Wire at (24.700, 21.565) (24.700, 21.565) on layer: M1
Net FECTS_clks_clk___L4_N53: dangling Wire at (22.420, 31.445) (22.420, 31.445) on layer: M1
Net FECTS_clks_clk___L4_N53: dangling Wire at (21.280, 70.965) (21.280, 70.965) on layer: M1
Net FECTS_clks_clk___L4_N53: dangling Wire at (20.520, 68.115) (20.520, 68.115) on layer: M1
Net FECTS_clks_clk___L4_N53: dangling Wire at (20.520, 56.145) (20.520, 56.145) on layer: M1
Net FECTS_clks_clk___L4_N53: dangling Wire at (20.520, 48.355) (20.520, 48.355) on layer: M1
Net FECTS_clks_clk___L4_N53: dangling Wire at (20.520, 41.325) (20.520, 41.325) on layer: M1
Net FECTS_clks_clk___L4_N53: dangling Wire at (20.520, 28.595) (20.520, 28.595) on layer: M1
Net FECTS_clks_clk___L4_N52: dangling Wire at (234.460, 122.455) (234.460, 122.455) on layer: M1
Net FECTS_clks_clk___L4_N52: dangling Wire at (233.700, 142.215) (233.700, 142.215) on layer: M1
Net FECTS_clks_clk___L4_N52: dangling Wire at (233.320, 140.125) (233.320, 140.125) on layer: M1
Net FECTS_clks_clk___L4_N52: dangling Wire at (232.940, 127.395) (232.940, 127.395) on layer: M1
Net FECTS_clks_clk___L4_N52: dangling Wire at (231.800, 107.635) (231.800, 107.635) on layer: M1
Net FECTS_clks_clk___L4_N52: dangling Wire at (231.040, 135.185) (231.040, 135.185) on layer: M1
Net FECTS_clks_clk___L4_N52: dangling Wire at (230.660, 117.610) (230.660, 117.610) on layer: M1
Net FECTS_clks_clk___L4_N52: dangling Wire at (230.280, 122.455) (230.280, 122.455) on layer: M1
Net FECTS_clks_clk___L4_N52: dangling Wire at (228.760, 137.275) (228.760, 137.275) on layer: M1
Net FECTS_clks_clk___L4_N52: dangling Wire at (227.620, 107.635) (227.620, 107.635) on layer: M1
Net FECTS_clks_clk___L4_N52: dangling Wire at (226.860, 120.365) (226.860, 120.365) on layer: M1
Net FECTS_clks_clk___L4_N52: dangling Wire at (223.440, 137.275) (223.440, 137.275) on layer: M1
Net FECTS_clks_clk___L4_N52: dangling Wire at (221.540, 132.335) (221.540, 132.335) on layer: M1
Net FECTS_clks_clk___L4_N52: dangling Wire at (221.540, 127.395) (221.540, 127.395) on layer: M1
Net FECTS_clks_clk___L4_N52: dangling Wire at (220.780, 150.005) (220.780, 150.005) on layer: M1
Net FECTS_clks_clk___L4_N52: dangling Wire at (220.400, 122.455) (220.400, 122.455) on layer: M1
Net FECTS_clks_clk___L4_N52: dangling Wire at (220.400, 115.425) (220.400, 115.425) on layer: M1
Net FECTS_clks_clk___L4_N52: dangling Wire at (217.360, 145.065) (217.360, 145.065) on layer: M1
Net FECTS_clks_clk___L4_N52: dangling Wire at (217.360, 135.185) (217.360, 135.185) on layer: M1
Net FECTS_clks_clk___L4_N52: dangling Wire at (216.980, 120.365) (216.980, 120.365) on layer: M1
Net FECTS_clks_clk___L4_N52: dangling Wire at (216.600, 150.005) (216.600, 150.005) on layer: M1
Net FECTS_clks_clk___L4_N52: dangling Wire at (214.320, 125.210) (214.320, 125.210) on layer: M1
Net FECTS_clks_clk___L4_N52: dangling Wire at (213.940, 122.550) (213.940, 122.550) on layer: M1
Net FECTS_clks_clk___L4_N52: dangling Wire at (213.560, 115.330) (213.560, 115.330) on layer: M1
Net FECTS_clks_clk___L4_N52: dangling Wire at (213.560, 110.485) (213.560, 110.485) on layer: M1
Net FECTS_clks_clk___L4_N52: dangling Wire at (213.180, 145.065) (213.180, 145.065) on layer: M1
Net FECTS_clks_clk___L4_N52: dangling Wire at (208.145, 131.053) (208.145, 131.053) on layer: M1
Net FECTS_clks_clk___L4_N52: dangling Wire at (205.960, 142.215) (205.960, 142.215) on layer: M1
Net FECTS_clks_clk___L4_N52: dangling Wire at (205.200, 147.155) (205.200, 147.155) on layer: M1
Net FECTS_clks_clk___L4_N52: dangling Wire at (204.060, 122.455) (204.060, 122.455) on layer: M1
Net FECTS_clks_clk___L4_N52: dangling Wire at (204.060, 115.425) (204.060, 115.425) on layer: M1
Net FECTS_clks_clk___L4_N52: dangling Wire at (203.680, 125.305) (203.680, 125.305) on layer: M1
Net FECTS_clks_clk___L4_N52: dangling Wire at (203.680, 107.635) (203.680, 107.635) on layer: M1
Net FECTS_clks_clk___L4_N52: dangling Wire at (201.780, 132.335) (201.780, 132.335) on layer: M1
Net FECTS_clks_clk___L4_N52: dangling Wire at (200.260, 137.275) (200.260, 137.275) on layer: M1
Net FECTS_clks_clk___L4_N52: dangling Wire at (200.260, 120.365) (200.260, 120.365) on layer: M1
Net FECTS_clks_clk___L4_N52: dangling Wire at (199.880, 145.065) (199.880, 145.065) on layer: M1
Net FECTS_clks_clk___L4_N52: dangling Wire at (199.880, 122.455) (199.880, 122.455) on layer: M1
Net FECTS_clks_clk___L4_N52: dangling Wire at (199.880, 115.425) (199.880, 115.425) on layer: M1
Net FECTS_clks_clk___L4_N52: dangling Wire at (199.500, 135.185) (199.500, 135.185) on layer: M1
Net FECTS_clks_clk___L4_N52: dangling Wire at (199.500, 107.635) (199.500, 107.635) on layer: M1
Net FECTS_clks_clk___L4_N52: dangling Wire at (197.220, 150.005) (197.220, 150.005) on layer: M1
Net FECTS_clks_clk___L4_N52: dangling Wire at (193.420, 107.635) (193.420, 107.635) on layer: M1
Net FECTS_clks_clk___L4_N52: dangling Wire at (193.040, 140.125) (193.040, 140.125) on layer: M1
Net FECTS_clks_clk___L4_N52: dangling Wire at (190.760, 132.335) (190.760, 132.335) on layer: M1
Net FECTS_clks_clk___L4_N52: dangling Wire at (190.760, 122.455) (190.760, 122.455) on layer: M1
Net FECTS_clks_clk___L4_N52: dangling Wire at (190.760, 110.390) (190.760, 110.390) on layer: M1
Net FECTS_clks_clk___L4_N52: dangling Wire at (188.480, 147.155) (188.480, 147.155) on layer: M1
Net FECTS_clks_clk___L4_N52: dangling Wire at (188.100, 107.635) (188.100, 107.635) on layer: M1
Net FECTS_clks_clk___L4_N52: dangling Wire at (186.960, 150.005) (186.960, 150.005) on layer: M1
Net FECTS_clks_clk___L4_N52: dangling Wire at (185.820, 140.030) (185.820, 140.030) on layer: M1
Net FECTS_clks_clk___L4_N52: dangling Wire at (183.920, 135.185) (183.920, 135.185) on layer: M1
Net FECTS_clks_clk___L4_N52: dangling Wire at (183.920, 127.395) (183.920, 127.395) on layer: M1
Net FECTS_clks_clk___L4_N52: dangling Wire at (183.920, 117.515) (183.920, 117.515) on layer: M1
Net FECTS_clks_clk___L4_N52: dangling Wire at (183.920, 112.670) (183.920, 112.670) on layer: M1
Net FECTS_clks_clk___L4_N52: dangling Wire at (180.500, 137.275) (180.500, 137.275) on layer: M1
Net FECTS_clks_clk___L4_N52: dangling Wire at (180.500, 130.245) (180.500, 130.245) on layer: M1
Net FECTS_clks_clk___L4_N52: dangling Wire at (180.500, 115.425) (180.500, 115.425) on layer: M1
Net FECTS_clks_clk___L4_N51: dangling Wire at (228.760, 92.815) (228.760, 92.815) on layer: M1
Net FECTS_clks_clk___L4_N51: dangling Wire at (228.760, 87.875) (228.760, 87.875) on layer: M1
Net FECTS_clks_clk___L4_N51: dangling Wire at (227.620, 70.965) (227.620, 70.965) on layer: M1
Net FECTS_clks_clk___L4_N51: dangling Wire at (227.240, 80.845) (227.240, 80.845) on layer: M1
Net FECTS_clks_clk___L4_N51: dangling Wire at (227.240, 61.085) (227.240, 61.085) on layer: M1
Net FECTS_clks_clk___L4_N51: dangling Wire at (223.820, 82.935) (223.820, 82.935) on layer: M1
Net FECTS_clks_clk___L4_N51: dangling Wire at (223.440, 70.965) (223.440, 70.965) on layer: M1
Net FECTS_clks_clk___L4_N51: dangling Wire at (220.780, 100.605) (220.780, 100.605) on layer: M1
Net FECTS_clks_clk___L4_N51: dangling Wire at (220.400, 95.665) (220.400, 95.665) on layer: M1
Net FECTS_clks_clk___L4_N51: dangling Wire at (220.400, 63.175) (220.400, 63.175) on layer: M1
Net FECTS_clks_clk___L4_N51: dangling Wire at (219.260, 70.965) (219.260, 70.965) on layer: M1
Net FECTS_clks_clk___L4_N51: dangling Wire at (216.220, 92.815) (216.220, 92.815) on layer: M1
Net FECTS_clks_clk___L4_N51: dangling Wire at (213.560, 95.665) (213.560, 95.665) on layer: M1
Net FECTS_clks_clk___L4_N51: dangling Wire at (213.560, 73.055) (213.560, 73.055) on layer: M1
Net FECTS_clks_clk___L4_N51: dangling Wire at (211.660, 80.845) (211.660, 80.845) on layer: M1
Net FECTS_clks_clk___L4_N51: dangling Wire at (210.900, 66.025) (210.900, 66.025) on layer: M1
Net FECTS_clks_clk___L4_N51: dangling Wire at (210.520, 90.725) (210.520, 90.725) on layer: M1
Net FECTS_clks_clk___L4_N51: dangling Wire at (210.520, 61.085) (210.520, 61.085) on layer: M1
Net FECTS_clks_clk___L4_N51: dangling Wire at (207.100, 92.815) (207.100, 92.815) on layer: M1
Net FECTS_clks_clk___L4_N51: dangling Wire at (207.100, 70.965) (207.100, 70.965) on layer: M1
Net FECTS_clks_clk___L4_N51: dangling Wire at (206.720, 73.055) (206.720, 73.055) on layer: M1
Net FECTS_clks_clk___L4_N51: dangling Wire at (204.440, 77.995) (204.440, 77.995) on layer: M1
Net FECTS_clks_clk___L4_N51: dangling Wire at (204.060, 66.025) (204.060, 66.025) on layer: M1
Net FECTS_clks_clk___L4_N51: dangling Wire at (202.540, 95.665) (202.540, 95.665) on layer: M1
Net FECTS_clks_clk___L4_N51: dangling Wire at (200.925, 82.080) (200.925, 82.080) on layer: M1
Net FECTS_clks_clk___L4_N51: dangling Wire at (200.640, 70.870) (200.640, 70.870) on layer: M1
Net FECTS_clks_clk___L4_N51: dangling Wire at (200.260, 75.905) (200.260, 75.905) on layer: M1
Net FECTS_clks_clk___L4_N51: dangling Wire at (197.600, 87.875) (197.600, 87.875) on layer: M1
Net FECTS_clks_clk___L4_N51: dangling Wire at (197.220, 100.605) (197.220, 100.605) on layer: M1
Net FECTS_clks_clk___L4_N51: dangling Wire at (197.220, 77.995) (197.220, 77.995) on layer: M1
Net FECTS_clks_clk___L4_N51: dangling Wire at (196.460, 70.870) (196.460, 70.870) on layer: M1
Net FECTS_clks_clk___L4_N51: dangling Wire at (193.800, 95.665) (193.800, 95.665) on layer: M1
Net FECTS_clks_clk___L4_N51: dangling Wire at (193.800, 68.210) (193.800, 68.210) on layer: M1
Net FECTS_clks_clk___L4_N51: dangling Wire at (190.760, 85.785) (190.760, 85.785) on layer: M1
Net FECTS_clks_clk___L4_N51: dangling Wire at (190.380, 92.910) (190.380, 92.910) on layer: M1
Net FECTS_clks_clk___L4_N51: dangling Wire at (188.480, 95.665) (188.480, 95.665) on layer: M1
Net FECTS_clks_clk___L4_N51: dangling Wire at (186.960, 73.150) (186.960, 73.150) on layer: M1
Net FECTS_clks_clk___L4_N51: dangling Wire at (183.920, 100.605) (183.920, 100.605) on layer: M1
Net FECTS_clks_clk___L4_N51: dangling Wire at (183.920, 77.995) (183.920, 77.995) on layer: M1
Net FECTS_clks_clk___L4_N51: dangling Wire at (183.920, 70.965) (183.920, 70.965) on layer: M1
Net FECTS_clks_clk___L4_N51: dangling Wire at (183.540, 61.085) (183.540, 61.085) on layer: M1
Net FECTS_clks_clk___L4_N51: dangling Wire at (180.500, 85.785) (180.500, 85.785) on layer: M1
Net FECTS_clks_clk___L4_N51: dangling Wire at (180.500, 63.175) (180.500, 63.175) on layer: M1
Net FECTS_clks_clk___L4_N51: dangling Wire at (177.840, 92.815) (177.840, 92.815) on layer: M1
Net FECTS_clks_clk___L4_N51: dangling Wire at (177.460, 75.905) (177.460, 75.905) on layer: M1
Net FECTS_clks_clk___L4_N51: dangling Wire at (175.560, 100.605) (175.560, 100.605) on layer: M1
Net FECTS_clks_clk___L4_N51: dangling Wire at (171.000, 100.605) (171.000, 100.605) on layer: M1
Net FECTS_clks_clk___L4_N51: dangling Wire at (167.200, 95.665) (167.200, 95.665) on layer: M1
Net FECTS_clks_clk___L4_N51: dangling Wire at (166.820, 105.545) (166.820, 105.545) on layer: M1
Net FECTS_clks_clk___L4_N51: dangling Wire at (166.820, 100.605) (166.820, 100.605) on layer: M1

Begin Summary
    1000 Problem(s) (ENCVFC-94): The net has dangling wire(s).
    1000 total info(s) created.
End Summary
