###############################################################
#  Generated by:      Cadence Encounter 09.14-s273_1
#  OS:                Linux x86_64(Host ID coe-ee-cad45.sjsuad.sjsu.edu)
#  Generated on:      Thu Nov  3 02:58:52 2016
#  Command:           verifyGeometry
###############################################################

SPACING: Special Wire of Net vdd & Blockage of Cell tx_core/tx_crc/crcpkt1/crcin8_d_reg[6]  ( M2 )
Bounds : ( 1076.000, 864.600 ) ( 1076.200, 867.400 )
Actual:     0.2     Min:     0.3

SPACING: Special Wire of Net vdd & Blockage of Cell tx_core/tx_crc/crcpkt0/clk_gate_crcin40_d_reg/latch  ( M2 )
Bounds : ( 1076.000, 412.600 ) ( 1076.200, 415.400 )
Actual:     0.2     Min:     0.3


Begin Summary ...
  Cells       : 0
  SameNet     : 2
  Wiring      : 0
  Antenna     : 0
  Short       : 0
  Overlap     : 0
End Summary

  Total Violations : 2 Viols.
