/apps/synopsys/VCSMX_NEW/bin/vcs

Warning-[LNX_OS_VERUN] Unsupported Linux version
  Linux version 'Fedora release 23 (Twenty Three)' is not supported on 
  'x86_64' officially, assuming linux compatibility by default. Set 
  VCS_ARCH_OVERRIDE to linux or suse32 to override.
  Please refer to release notes for information on supported platforms.


Warning-[LINX_KRNL] Unsupported Linux kernel
  Linux kernel '4.5.7-200.fc23.x86_64' is not supported.
  Supported versions are 2.4* or 2.6*.

                         Chronologic VCS (TM)
           Version I-2014.03-2 -- Sat Jul 30 20:25:39 2016
               Copyright (c) 1991-2014 by Synopsys Inc.
                         ALL RIGHTS RESERVED

This program is proprietary and confidential information of Synopsys Inc.
and may be used and disclosed only as authorized in a license agreement
controlling such use and disclosure.


Warning-[DFLT_OPT] Default option found
  Option '-ntb_opts dtm' is already default. Future releases of VCS may not 
  accept '-ntb_opts dtm'.

Parsing design file 'ethernet_tb.sv'
Parsing included file 'files.sv'.
Parsing included file 'ethernet_frame_pkg.sv'.
Back to file 'files.sv'.
Parsing included file 'axi_master_model.sv'.
Back to file 'files.sv'.
Parsing included file 'axi_slave_model.sv'.

Warning-[IPDW] Identifier previously declared
axi_slave_model.sv, 22
  Second declaration for identifier 'pop' ignored

Back to file 'files.sv'.
Parsing included file '../rtl/AXI_interface.sv'.
Back to file 'files.sv'.
Parsing included file '../rtl/rtl_struct.sv'.
Back to file 'files.sv'.
Parsing included file '../rtl/eth_core.sv'.
Back to file 'files.sv'.
Parsing included file '../rtl/eth_tx.sv'.
Back to file 'files.sv'.
Parsing included file '../rtl/dma_controller_tx.sv'.
Back to file 'files.sv'.
Parsing included file '../rtl/AXI_master.sv'.

Warning-[IPDW] Identifier previously declared
../rtl/AXI_master.sv, 28
  Second declaration for identifier 'arid_nxt' ignored

Back to file 'files.sv'.
Parsing included file '../rtl/AXI_slave.sv'.

Warning-[IPDW] Identifier previously declared
../rtl/AXI_slave.sv, 43
  Second declaration for identifier 'wchrsp_depthleft' ignored

Back to file 'files.sv'.
Parsing included file '../rtl/dma_fifo.sv'.
Back to file 'files.sv'.
Back to file 'ethernet_tb.sv'.
Top Level Modules:
       ethernet_tb
TimeScale is 1 ns / 1 ps

Warning-[PCWM-W] Port connection width mismatch
../rtl/AXI_master.sv, 620
"dma_fifo #(64, 6) pkt0_fifo( .clks (clks),  .push (pfifo_push_0),  .pull (pfifo_pop_0),  .data_in (pfifo_datain_0),  .data_out (pfifo_dataout_0),  .depth_left (pfifo_depthleft_0),  .full (pfifo_full_0),  .empty (pfifo_empty_0));"
  The following 2-bit expression is connected to 7-bit port "depth_left" of 
  module "dma_fifo", instance "pkt0_fifo".
  Expression: pfifo_depthleft_0
  	use +lint=PCWM for more details


Warning-[PCWM-W] Port connection width mismatch
../rtl/AXI_master.sv, 621
"dma_fifo #(64, 6) pkt1_fifo( .clks (clks),  .push (pfifo_push_1),  .pull (pfifo_pop_1),  .data_in (pfifo_datain_1),  .data_out (pfifo_dataout_1),  .depth_left (pfifo_depthleft_1),  .full (pfifo_full_1),  .empty (pfifo_empty_1));"
  The following 2-bit expression is connected to 7-bit port "depth_left" of 
  module "dma_fifo", instance "pkt1_fifo".
  Expression: pfifo_depthleft_1
  	use +lint=PCWM for more details


Warning-[PCWM-W] Port connection width mismatch
../rtl/AXI_master.sv, 622
"dma_fifo #(64, 6) pkt2_fifo( .clks (clks),  .push (pfifo_push_2),  .pull (pfifo_pop_2),  .data_in (pfifo_datain_2),  .data_out (pfifo_dataout_2),  .depth_left (pfifo_depthleft_2),  .full (pfifo_full_2),  .empty (pfifo_empty_2));"
  The following 2-bit expression is connected to 7-bit port "depth_left" of 
  module "dma_fifo", instance "pkt2_fifo".
  Expression: pfifo_depthleft_2
  	use +lint=PCWM for more details


Warning-[PCWM-W] Port connection width mismatch
../rtl/AXI_slave.sv, 23
"dma_fifo #(6, 5, ) wchrsp_fifo( .clks (clks),  .push (wchrsp_push),  .pull (wchrsp_pull),  .data_in (wchrsp_datain),  .data_out (wchrsp_dataout),  .depth_left (wchrsp_depthleft),  .full (wchrsp_full),  .empty (wchrsp_empty));"
  The following 1-bit expression is connected to 6-bit port "depth_left" of 
  module "dma_fifo", instance "wchrsp_fifo".
  Expression: wchrsp_depthleft
  	use +lint=PCWM for more details


Warning-[PCWM-W] Port connection width mismatch
../rtl/AXI_slave.sv, 104
"dma_fifo #(32, 5, ) wchdata_fifo( .clks (clks),  .push (wchdata_push),  .pull (wchdata_pull),  .data_in (wchdata_datain),  .data_out (wchdata_dataout),  .depth_left (wchdata_depthleft),  .full (wchdata_full),  .empty (wchdata_empty));"
  The following 64-bit expression is connected to 32-bit port "data_in" of 
  module "dma_fifo", instance "wchdata_fifo".
  Expression: wchdata_datain
  	use +lint=PCWM for more details


Warning-[PCWM-W] Port connection width mismatch
../rtl/AXI_slave.sv, 104
"dma_fifo #(32, 5, ) wchdata_fifo( .clks (clks),  .push (wchdata_push),  .pull (wchdata_pull),  .data_in (wchdata_datain),  .data_out (wchdata_dataout),  .depth_left (wchdata_depthleft),  .full (wchdata_full),  .empty (wchdata_empty));"
  The following 64-bit expression is connected to 32-bit port "data_out" of 
  module "dma_fifo", instance "wchdata_fifo".
  Expression: wchdata_dataout
  	use +lint=PCWM for more details


Warning-[INTFDV] VCD dumping of interface/program/package
  Selective VCD dumping of interface 'AXI_clks' is not supported.  Selective 
  VCD dumping for interfaces, packages and programs is not supported.   
  Results are not guaranteed.
  Use VPD or FSDB dumping, recompile with +vcsd, or use full VCD dumping 
  '$dumpvars(0)'.


Warning-[IDTS] Ignoring dynamic type sensitivity
axi_master_model.sv, 9
"axi_waddr"
  Dynamic types used in always_comb, always_latch, always (@*) will be ignored
  for the inferred sensitivity list.


Warning-[IDTS] Ignoring dynamic type sensitivity
axi_master_model.sv, 10
"axi_wdata"
  Dynamic types used in always_comb, always_latch, always (@*) will be ignored
  for the inferred sensitivity list.


Warning-[IDTS] Ignoring dynamic type sensitivity
axi_slave_model.sv, 171
"ethernet_frame_pkg::ethernet_mem_data"
  Dynamic types used in always_comb, always_latch, always (@*) will be ignored
  for the inferred sensitivity list.


Warning-[IDTS] Ignoring dynamic type sensitivity
axi_slave_model.sv, 172
"ethernet_frame_pkg::ethernet_mem_data[mem_addr_d]"
  Dynamic types used in always_comb, always_latch, always (@*) will be ignored
  for the inferred sensitivity list.


Warning-[IDTS] Ignoring dynamic type sensitivity
axi_slave_model.sv, 180
"ethernet_frame_pkg::ethernet_mem_data"
  Dynamic types used in always_comb, always_latch, always (@*) will be ignored
  for the inferred sensitivity list.


Warning-[IDTS] Ignoring dynamic type sensitivity
axi_slave_model.sv, 209
"ra_fifo__vcs_type[(gnt_vector_d >> 1)]._vcs_idx"
  Dynamic types used in always_comb, always_latch, always (@*) will be ignored
  for the inferred sensitivity list.


Warning-[IDTS] Ignoring dynamic type sensitivity
axi_slave_model.sv, 228
"ra_fifo__vcs_type[(gnt_vector_d >> 1)]._vcs_idx"
  Dynamic types used in always_comb, always_latch, always (@*) will be ignored
  for the inferred sensitivity list.

Starting vcs inline pass...
14 modules and 0 UDP read.
	However, due to incremental compilation, only 2 modules need to be compiled.
recompiling module eth_core because:
	This module or some inlined child module(s) has/have been modified.
recompiling module ethernet_tb because:
	This module or some inlined child module(s) has/have been modified.
Both modules done.
rm -f _csrc*.so linux_scvhdl_*.so pre_vcsobj_*.so share_vcsobj_*.so
ld -m elf_i386 -shared -o .//../simv.daidir//_csrc1.so --whole-archive _vcsobj_1_1.a  --no-whole-archive
ld -m elf_i386 -shared -o .//../simv.daidir//_csrc0.so 5NrI_d.o 5NrIB_d.o SIM_l.o  
ld -m elf_i386 -shared -o .//../simv.daidir//pre_vcsobj_1_1.so --whole-archive pre_vcsobj_1_1.a --no-whole-archive
ld -m elf_i386 -shared -o .//../simv.daidir//pre_vcsobj_1_2.so --whole-archive pre_vcsobj_1_2.a --no-whole-archive
ld -m elf_i386 -shared -o .//../simv.daidir//pre_vcsobj_1_3.so --whole-archive pre_vcsobj_1_3.a --no-whole-archive
ld -m elf_i386 -shared -o .//../simv.daidir//pre_vcsobj_1_4.so --whole-archive pre_vcsobj_1_4.a --no-whole-archive
ld -m elf_i386 -shared -o .//../simv.daidir//pre_vcsobj_1_5.so --whole-archive pre_vcsobj_1_5.a --no-whole-archive
ld -m elf_i386 -shared -o .//../simv.daidir//pre_vcsobj_1_6.so --whole-archive pre_vcsobj_1_6.a --no-whole-archive
if [ -x ../simv ]; then chmod -x ../simv; fi
g++  -o ../simv  -m32 -m32   -Wl,-rpath-link=./ -Wl,-rpath='$ORIGIN'/simv.daidir/ -Wl,-rpath='$ORIGIN'/simv.daidir//scsim.db.dir  _csrc1.so _csrc0.so   pre_vcsobj_1_1.so pre_vcsobj_1_2.so pre_vcsobj_1_3.so pre_vcsobj_1_4.so pre_vcsobj_1_5.so pre_vcsobj_1_6.so  rmapats_mop.o rmapats.o rmar.o           /apps/synopsys/VCSMX_NEW/linux/lib/libzerosoft_rt_stubs.so /apps/synopsys/VCSMX_NEW/linux/lib/libvirsim.so /apps/synopsys/VCSMX_NEW/linux/lib/librterrorinf.so /apps/synopsys/VCSMX_NEW/linux/lib/libsnpsmalloc.so    /apps/synopsys/VCSMX_NEW/linux/lib/libvcsnew.so /apps/synopsys/VCSMX_NEW/linux/lib/libuclinative.so   -Wl,-whole-archive /apps/synopsys/VCSMX_NEW/linux/lib/libvcsucli.so -Wl,-no-whole-archive          /apps/synopsys/VCSMX_NEW/linux/lib/vcs_save_restore_new.o /apps/synopsys/VCSMX_NEW/linux/lib/ctype-stubs_32.a -ldl -lm  -lc -lpthread -ldl 
../simv up to date
CPU time: .296 seconds to compile + .094 seconds to elab + .175 seconds to link
Chronologic VCS simulator copyright 1991-2014
Contains Synopsys proprietary information.
Compiler version I-2014.03-2; Runtime version I-2014.03-2;  Jul 30 20:25 2016

Warning-[DT-AAI] Assoc array index ignored
axi_slave_model.sv, 171
  Specified assoc array index is invalid. Invalid or uninitialized index for 
  assoc_index. 'x' or 'z' can not be passed as assoc array index. 
  Please specify a valid index.

Error: "axi_slave_model.sv", 174: ethernet_tb.tb_axi_slave: at time 0 ps
tb_axi_slave_model::+++++++++Memory read TB Fatal error+++++++++++
Error: "axi_slave_model.sv", 175: ethernet_tb.tb_axi_slave: at time 0 ps
tb_axi_slave_model::+++++++++Data does not exits @ location:xxxxxxxx+++++++++++

Warning-[DT-AAI] Assoc array index ignored
axi_slave_model.sv, 180
  Specified assoc array index is invalid. Invalid or uninitialized index for 
  assoc_index. 'x' or 'z' can not be passed as assoc array index. 
  Please specify a valid index.

Error: "axi_slave_model.sv", 174: ethernet_tb.tb_axi_slave: at time 49000 ps
tb_axi_slave_model::+++++++++Memory read TB Fatal error+++++++++++
Error: "axi_slave_model.sv", 175: ethernet_tb.tb_axi_slave: at time 49000 ps
tb_axi_slave_model::+++++++++Data does not exits @ location:00000000+++++++++++
-=-=-=-=-=-=-=-=-=-=RAW PKT-=-=-=-=-=-=-=-=-=-=-=-=-=-=-=-=-=
4d0304279b9baf1fd093f049fb670311f4f9976aa61f89498312638ea5a1586034dd09afa7836f5764cdf46a679122dd1f5ce64ba380d1f8b1c5035767e2419cce0672a0b3df5cb56d1f4840e829xxxxxxxx
-=-=-=-=-=-=-=-=-=-=-=-=-=-=-=-=-=-=-=-=-=-=-=-=-=-=-=-=-=-=-
=-=-=-=-=-=-=-=-=-=-=-=ETHERNET FRAME=-=-=-=-=-=-=-=-=-=-=-=-=-=-=-
DA:4d::3::4::27::9b::9b
SA:af::1f::d0::93::f0::49
ETHER_TYPE:fb67
PAYLOAD:
3:11:f4:f9:97:6a:a6:1f:89:49:83:12:63:8e:a5:a1:58:60:34:dd:9:af:a7:83:6f:57:64:cd:f4:6a:67:91:22:dd:1f:5c:e6:4b:a3:80:d1:f8:b1:c5:3:57:67:e2:41:9c:ce:6:72:a0:b3:df:5c:b5:6d:1f:48:40:e8:29:
CRC:xxxxxxxx

-=-=-=-=-=-=-=-=-=-=-=-=-=-=-=-=-=-=-=-=-=-=-=-
-=-=-=-=-=-=Packed MEM Data-=-=-=-=-=-=-=-=-=-
4d0304279b9baf1f:d093f049fb670311:f4f9976aa61f8949:8312638ea5a15860:34dd09afa7836f57:64cdf46a679122dd:1f5ce64ba380d1f8:b1c5035767e2419c:ce0672a0b3df5cb5:6d1f4840e829xxxx:xxxx000000000000:
-=-=-=-=-=-=-=-=-=-=-=-=-=-=-=-=-=-=-=-=-=-=-=-
-=-=-=-=-=-=-=-=-=-=MEM FILL-=-=-=-=-=-=-=-=-=-=-=-=-=-=-=-=-=
4d0304279b9baf1f stored @ mem location: ff0aa010
d093f049fb670311 stored @ mem location: ffb5d240
f4f9976aa61f8949 stored @ mem location: ff6aad90
8312638ea5a15860 stored @ mem location: ff205a90
34dd09afa7836f57 stored @ mem location: ff363120
64cdf46a679122dd stored @ mem location: ffdc5d80
1f5ce64ba380d1f8 stored @ mem location: ff271ce0
b1c5035767e2419c stored @ mem location: ff3d3350
ce0672a0b3df5cb5 stored @ mem location: ff4aabb0
6d1f4840e829xxxx stored @ mem location: ff1eb490
xxxx000000000000 stored @ mem location: ffb13de0
-=-=-=-=-=-=-=-=-=-=-=-=-=-=-=-=-=-=-=-=-=-=-=-=-=-=-=-=-=-=-=
-=-=-=-=-=-=-=-=-=-=MEM DISP-=-=-=-=-=-=-=-=-=-=-=-=-=-=-=-=-=
mem_location: ff0aa010 :: data_stored: 4d0304279b9baf1f
mem_location: ff0aa018 :: data_stored: 00000000ffb5d240
mem_location: ff1eb490 :: data_stored: 6d1f4840e829xxxx
mem_location: ff1eb498 :: data_stored: 00000000ffb13de0
mem_location: ff205a90 :: data_stored: 8312638ea5a15860
mem_location: ff205a98 :: data_stored: 00000000ff363120
mem_location: ff271ce0 :: data_stored: 1f5ce64ba380d1f8
mem_location: ff271ce8 :: data_stored: 00000000ff3d3350
mem_location: ff363120 :: data_stored: 34dd09afa7836f57
mem_location: ff363128 :: data_stored: 00000000ffdc5d80
mem_location: ff3d3350 :: data_stored: b1c5035767e2419c
mem_location: ff3d3358 :: data_stored: 00000000ff4aabb0
mem_location: ff4aabb0 :: data_stored: ce0672a0b3df5cb5
mem_location: ff4aabb8 :: data_stored: 00000000ff1eb490
mem_location: ff6aad90 :: data_stored: f4f9976aa61f8949
mem_location: ff6aad98 :: data_stored: 00000000ff205a90
mem_location: ffb13de0 :: data_stored: xxxx000000000000
mem_location: ffb13de8 :: data_stored: 00000000ff0aa010
mem_location: ffb5d240 :: data_stored: d093f049fb670311
mem_location: ffb5d248 :: data_stored: 00000000ff6aad90
mem_location: ffdc5d80 :: data_stored: 64cdf46a679122dd
mem_location: ffdc5d88 :: data_stored: 00000000ff271ce0
-=-=-=-=-=-=-=-=-=-=-=-=-=-=-=-=-=-=-=-=-=-=-=-=-=-=-=-=-=-=-=
-=-=-=-=-=-=-=-=-=-=-=-=-=LINK WALK-=-=-=-=-=-=-=-=-=-=-=-=-=-=-=-=
MEM_ADDR:ff0aa010 MEM_DATA:4d0304279b9baf1f
MEM_ADDR:ffb5d240 MEM_DATA:d093f049fb670311
MEM_ADDR:ff6aad90 MEM_DATA:f4f9976aa61f8949
MEM_ADDR:ff205a90 MEM_DATA:8312638ea5a15860
MEM_ADDR:ff363120 MEM_DATA:34dd09afa7836f57
MEM_ADDR:ffdc5d80 MEM_DATA:64cdf46a679122dd
MEM_ADDR:ff271ce0 MEM_DATA:1f5ce64ba380d1f8
MEM_ADDR:ff3d3350 MEM_DATA:b1c5035767e2419c
MEM_ADDR:ff4aabb0 MEM_DATA:ce0672a0b3df5cb5
MEM_ADDR:ff1eb490 MEM_DATA:6d1f4840e829xxxx
MEM_ADDR:ffb13de0 MEM_DATA:xxxx000000000000
-=-=-=-=-=-=-=-=-=-=-=-=-=-=-=-=-=-=-=-=-=-=-=-=-=-=-=-=-=-=-=-=-=-=
-=-=-=-=-=-=-=-=-=-=-LINK HDR-=-=-=-=-==-=-=-=-=-=-=-=-=-=-=-=
link_hdr head_ptr:ff0aa010 Ctrl_data:000bc080
-=-=-=-=-=-=-=-=-=-=-=-=-=-=-=-=-=-=-=-=-=-=-=-=-=-=-=-=-=-=-=
ETH_TB::axi_waddr:0ffff0008 axi_wdata:ff0aa010000bc080
-=-=-=-=-=-=-=-=-=-=RAW PKT-=-=-=-=-=-=-=-=-=-=-=-=-=-=-=-=-=
e59e0f6295de093b1ed534d41fdb6ed674afcf9265b96c1d26b13f9e388d618c98a3ad5af8279fa2f7c7f4c923af7962dd39a51ab97fba260f0306dc87fc444155f95b480ab0871266fee7ca06dcxxxxxxxx
-=-=-=-=-=-=-=-=-=-=-=-=-=-=-=-=-=-=-=-=-=-=-=-=-=-=-=-=-=-=-
=-=-=-=-=-=-=-=-=-=-=-=ETHERNET FRAME=-=-=-=-=-=-=-=-=-=-=-=-=-=-=-
DA:e5::9e::f::62::95::de
SA:9::3b::1e::d5::34::d4
ETHER_TYPE:1fdb
PAYLOAD:
6e:d6:74:af:cf:92:65:b9:6c:1d:26:b1:3f:9e:38:8d:61:8c:98:a3:ad:5a:f8:27:9f:a2:f7:c7:f4:c9:23:af:79:62:dd:39:a5:1a:b9:7f:ba:26:f:3:6:dc:87:fc:44:41:55:f9:5b:48:a:b0:87:12:66:fe:e7:ca:6:dc:
CRC:xxxxxxxx

-=-=-=-=-=-=-=-=-=-=-=-=-=-=-=-=-=-=-=-=-=-=-=-
-=-=-=-=-=-=Packed MEM Data-=-=-=-=-=-=-=-=-=-
e59e0f6295de093b:1ed534d41fdb6ed6:74afcf9265b96c1d:26b13f9e388d618c:98a3ad5af8279fa2:f7c7f4c923af7962:dd39a51ab97fba26:f0306dc87fc4441:55f95b480ab08712:66fee7ca06dcxxxx:xxxx000000000000:
-=-=-=-=-=-=-=-=-=-=-=-=-=-=-=-=-=-=-=-=-=-=-=-
-=-=-=-=-=-=-=-=-=-=MEM FILL-=-=-=-=-=-=-=-=-=-=-=-=-=-=-=-=-=
e59e0f6295de093b stored @ mem location: ffb91c90
1ed534d41fdb6ed6 stored @ mem location: ffd1b5a0
74afcf9265b96c1d stored @ mem location: ff9a51f0
26b13f9e388d618c stored @ mem location: ffaadc30
98a3ad5af8279fa2 stored @ mem location: ff275570
f7c7f4c923af7962 stored @ mem location: ff9e00d0
dd39a51ab97fba26 stored @ mem location: ffa83df0
0f0306dc87fc4441 stored @ mem location: ffdf5450
55f95b480ab08712 stored @ mem location: ffd6fd70
66fee7ca06dcxxxx stored @ mem location: ffed0370
xxxx000000000000 stored @ mem location: ff8bf300
-=-=-=-=-=-=-=-=-=-=-=-=-=-=-=-=-=-=-=-=-=-=-=-=-=-=-=-=-=-=-=
-=-=-=-=-=-=-=-=-=-=MEM DISP-=-=-=-=-=-=-=-=-=-=-=-=-=-=-=-=-=
mem_location: ff0aa010 :: data_stored: 4d0304279b9baf1f
mem_location: ff0aa018 :: data_stored: 00000000ffb5d240
mem_location: ff1eb490 :: data_stored: 6d1f4840e829xxxx
mem_location: ff1eb498 :: data_stored: 00000000ffb13de0
mem_location: ff205a90 :: data_stored: 8312638ea5a15860
mem_location: ff205a98 :: data_stored: 00000000ff363120
mem_location: ff271ce0 :: data_stored: 1f5ce64ba380d1f8
mem_location: ff271ce8 :: data_stored: 00000000ff3d3350
mem_location: ff275570 :: data_stored: 98a3ad5af8279fa2
mem_location: ff275578 :: data_stored: 00000000ff9e00d0
mem_location: ff363120 :: data_stored: 34dd09afa7836f57
mem_location: ff363128 :: data_stored: 00000000ffdc5d80
mem_location: ff3d3350 :: data_stored: b1c5035767e2419c
mem_location: ff3d3358 :: data_stored: 00000000ff4aabb0
mem_location: ff4aabb0 :: data_stored: ce0672a0b3df5cb5
mem_location: ff4aabb8 :: data_stored: 00000000ff1eb490
mem_location: ff6aad90 :: data_stored: f4f9976aa61f8949
mem_location: ff6aad98 :: data_stored: 00000000ff205a90
mem_location: ff8bf300 :: data_stored: xxxx000000000000
mem_location: ff8bf308 :: data_stored: 00000000ffb91c90
mem_location: ff9a51f0 :: data_stored: 74afcf9265b96c1d
mem_location: ff9a51f8 :: data_stored: 00000000ffaadc30
mem_location: ff9e00d0 :: data_stored: f7c7f4c923af7962
mem_location: ff9e00d8 :: data_stored: 00000000ffa83df0
mem_location: ffa83df0 :: data_stored: dd39a51ab97fba26
mem_location: ffa83df8 :: data_stored: 00000000ffdf5450
mem_location: ffaadc30 :: data_stored: 26b13f9e388d618c
mem_location: ffaadc38 :: data_stored: 00000000ff275570
mem_location: ffb13de0 :: data_stored: xxxx000000000000
mem_location: ffb13de8 :: data_stored: 00000000ff0aa010
mem_location: ffb5d240 :: data_stored: d093f049fb670311
mem_location: ffb5d248 :: data_stored: 00000000ff6aad90
mem_location: ffb91c90 :: data_stored: e59e0f6295de093b
mem_location: ffb91c98 :: data_stored: 00000000ffd1b5a0
mem_location: ffd1b5a0 :: data_stored: 1ed534d41fdb6ed6
mem_location: ffd1b5a8 :: data_stored: 00000000ff9a51f0
mem_location: ffd6fd70 :: data_stored: 55f95b480ab08712
mem_location: ffd6fd78 :: data_stored: 00000000ffed0370
mem_location: ffdc5d80 :: data_stored: 64cdf46a679122dd
mem_location: ffdc5d88 :: data_stored: 00000000ff271ce0
mem_location: ffdf5450 :: data_stored: 0f0306dc87fc4441
mem_location: ffdf5458 :: data_stored: 00000000ffd6fd70
mem_location: ffed0370 :: data_stored: 66fee7ca06dcxxxx
mem_location: ffed0378 :: data_stored: 00000000ff8bf300
-=-=-=-=-=-=-=-=-=-=-=-=-=-=-=-=-=-=-=-=-=-=-=-=-=-=-=-=-=-=-=
-=-=-=-=-=-=-=-=-=-=-=-=-=LINK WALK-=-=-=-=-=-=-=-=-=-=-=-=-=-=-=-=
MEM_ADDR:ffb91c90 MEM_DATA:e59e0f6295de093b
MEM_ADDR:ffd1b5a0 MEM_DATA:1ed534d41fdb6ed6
MEM_ADDR:ff9a51f0 MEM_DATA:74afcf9265b96c1d
MEM_ADDR:ffaadc30 MEM_DATA:26b13f9e388d618c
MEM_ADDR:ff275570 MEM_DATA:98a3ad5af8279fa2
MEM_ADDR:ff9e00d0 MEM_DATA:f7c7f4c923af7962
MEM_ADDR:ffa83df0 MEM_DATA:dd39a51ab97fba26
MEM_ADDR:ffdf5450 MEM_DATA:0f0306dc87fc4441
MEM_ADDR:ffd6fd70 MEM_DATA:55f95b480ab08712
MEM_ADDR:ffed0370 MEM_DATA:66fee7ca06dcxxxx
MEM_ADDR:ff8bf300 MEM_DATA:xxxx000000000000
-=-=-=-=-=-=-=-=-=-=-=-=-=-=-=-=-=-=-=-=-=-=-=-=-=-=-=-=-=-=-=-=-=-=
-=-=-=-=-=-=-=-=-=-=-LINK HDR-=-=-=-=-==-=-=-=-=-=-=-=-=-=-=-=
link_hdr head_ptr:ffb91c90 Ctrl_data:000bc004
-=-=-=-=-=-=-=-=-=-=-=-=-=-=-=-=-=-=-=-=-=-=-=-=-=-=-=-=-=-=-=
ETH_TB::axi_waddr:0ffff0010 axi_wdata:ffb91c90000bc004
-=-=-=-=-=-=-=-=-=-=RAW PKT-=-=-=-=-=-=-=-=-=-=-=-=-=-=-=-=-=
92f01a4169c3ead8579f6b1ec099928356e0b86d615440dcfe852b34fadcfd0b6fe185f8e5b280a438bd366559a645a32b5f3e3a9c50bab1b571798be69bff84d701039127825aa83d64e343459xxxxxxxx
-=-=-=-=-=-=-=-=-=-=-=-=-=-=-=-=-=-=-=-=-=-=-=-=-=-=-=-=-=-=-
=-=-=-=-=-=-=-=-=-=-=-=ETHERNET FRAME=-=-=-=-=-=-=-=-=-=-=-=-=-=-=-
DA:9::2f::1::a4::16::9c
SA:3e::ad::85::79::f6::b1
ETHER_TYPE:ec09
PAYLOAD:
99:28:35:6e:b:86:d6:15:44:d:cf:e8:52:b3:4f:ad:cf:d0:b6:fe:18:5f:8e:5b:28:a:43:8b:d3:66:55:9a:64:5a:32:b5:f3:e3:a9:c5:b:ab:1b:57:17:98:be:69:bf:f8:4d:70:10:39:12:78:25:aa:83:d6:4e:34:34:59:
CRC:xxxxxxxx

-=-=-=-=-=-=-=-=-=-=-=-=-=-=-=-=-=-=-=-=-=-=-=-
-=-=-=-=-=-=Packed MEM Data-=-=-=-=-=-=-=-=-=-
92f01a4169c3ead:8579f6b1ec099928:356e0b86d615440d:cfe852b34fadcfd0:b6fe185f8e5b280a:438bd366559a645a:32b5f3e3a9c50bab:1b571798be69bff8:4d701039127825aa:83d64e343459xxxx:xxxx000000000000:
-=-=-=-=-=-=-=-=-=-=-=-=-=-=-=-=-=-=-=-=-=-=-=-
-=-=-=-=-=-=-=-=-=-=MEM FILL-=-=-=-=-=-=-=-=-=-=-=-=-=-=-=-=-=
092f01a4169c3ead stored @ mem location: fface4d0
8579f6b1ec099928 stored @ mem location: ffec5020
356e0b86d615440d stored @ mem location: ffbf4d20
cfe852b34fadcfd0 stored @ mem location: ffdd19d0
b6fe185f8e5b280a stored @ mem location: ff65c520
438bd366559a645a stored @ mem location: ff5f66f0
32b5f3e3a9c50bab stored @ mem location: ffcef170
1b571798be69bff8 stored @ mem location: ff737990
4d701039127825aa stored @ mem location: ff03a200
83d64e343459xxxx stored @ mem location: ffb9a280
xxxx000000000000 stored @ mem location: ff8abea0
-=-=-=-=-=-=-=-=-=-=-=-=-=-=-=-=-=-=-=-=-=-=-=-=-=-=-=-=-=-=-=
-=-=-=-=-=-=-=-=-=-=MEM DISP-=-=-=-=-=-=-=-=-=-=-=-=-=-=-=-=-=
mem_location: ff03a200 :: data_stored: 4d701039127825aa
mem_location: ff03a208 :: data_stored: 00000000ffb9a280
mem_location: ff0aa010 :: data_stored: 4d0304279b9baf1f
mem_location: ff0aa018 :: data_stored: 00000000ffb5d240
mem_location: ff1eb490 :: data_stored: 6d1f4840e829xxxx
mem_location: ff1eb498 :: data_stored: 00000000ffb13de0
mem_location: ff205a90 :: data_stored: 8312638ea5a15860
mem_location: ff205a98 :: data_stored: 00000000ff363120
mem_location: ff271ce0 :: data_stored: 1f5ce64ba380d1f8
mem_location: ff271ce8 :: data_stored: 00000000ff3d3350
mem_location: ff275570 :: data_stored: 98a3ad5af8279fa2
mem_location: ff275578 :: data_stored: 00000000ff9e00d0
mem_location: ff363120 :: data_stored: 34dd09afa7836f57
mem_location: ff363128 :: data_stored: 00000000ffdc5d80
mem_location: ff3d3350 :: data_stored: b1c5035767e2419c
mem_location: ff3d3358 :: data_stored: 00000000ff4aabb0
mem_location: ff4aabb0 :: data_stored: ce0672a0b3df5cb5
mem_location: ff4aabb8 :: data_stored: 00000000ff1eb490
mem_location: ff5f66f0 :: data_stored: 438bd366559a645a
mem_location: ff5f66f8 :: data_stored: 00000000ffcef170
mem_location: ff65c520 :: data_stored: b6fe185f8e5b280a
mem_location: ff65c528 :: data_stored: 00000000ff5f66f0
mem_location: ff6aad90 :: data_stored: f4f9976aa61f8949
mem_location: ff6aad98 :: data_stored: 00000000ff205a90
mem_location: ff737990 :: data_stored: 1b571798be69bff8
mem_location: ff737998 :: data_stored: 00000000ff03a200
mem_location: ff8abea0 :: data_stored: xxxx000000000000
mem_location: ff8abea8 :: data_stored: 00000000fface4d0
mem_location: ff8bf300 :: data_stored: xxxx000000000000
mem_location: ff8bf308 :: data_stored: 00000000ffb91c90
mem_location: ff9a51f0 :: data_stored: 74afcf9265b96c1d
mem_location: ff9a51f8 :: data_stored: 00000000ffaadc30
mem_location: ff9e00d0 :: data_stored: f7c7f4c923af7962
mem_location: ff9e00d8 :: data_stored: 00000000ffa83df0
mem_location: ffa83df0 :: data_stored: dd39a51ab97fba26
mem_location: ffa83df8 :: data_stored: 00000000ffdf5450
mem_location: ffaadc30 :: data_stored: 26b13f9e388d618c
mem_location: ffaadc38 :: data_stored: 00000000ff275570
mem_location: fface4d0 :: data_stored: 092f01a4169c3ead
mem_location: fface4d8 :: data_stored: 00000000ffec5020
mem_location: ffb13de0 :: data_stored: xxxx000000000000
mem_location: ffb13de8 :: data_stored: 00000000ff0aa010
mem_location: ffb5d240 :: data_stored: d093f049fb670311
mem_location: ffb5d248 :: data_stored: 00000000ff6aad90
mem_location: ffb91c90 :: data_stored: e59e0f6295de093b
mem_location: ffb91c98 :: data_stored: 00000000ffd1b5a0
mem_location: ffb9a280 :: data_stored: 83d64e343459xxxx
mem_location: ffb9a288 :: data_stored: 00000000ff8abea0
mem_location: ffbf4d20 :: data_stored: 356e0b86d615440d
mem_location: ffbf4d28 :: data_stored: 00000000ffdd19d0
mem_location: ffcef170 :: data_stored: 32b5f3e3a9c50bab
mem_location: ffcef178 :: data_stored: 00000000ff737990
mem_location: ffd1b5a0 :: data_stored: 1ed534d41fdb6ed6
mem_location: ffd1b5a8 :: data_stored: 00000000ff9a51f0
mem_location: ffd6fd70 :: data_stored: 55f95b480ab08712
mem_location: ffd6fd78 :: data_stored: 00000000ffed0370
mem_location: ffdc5d80 :: data_stored: 64cdf46a679122dd
mem_location: ffdc5d88 :: data_stored: 00000000ff271ce0
mem_location: ffdd19d0 :: data_stored: cfe852b34fadcfd0
mem_location: ffdd19d8 :: data_stored: 00000000ff65c520
mem_location: ffdf5450 :: data_stored: 0f0306dc87fc4441
mem_location: ffdf5458 :: data_stored: 00000000ffd6fd70
mem_location: ffec5020 :: data_stored: 8579f6b1ec099928
mem_location: ffec5028 :: data_stored: 00000000ffbf4d20
mem_location: ffed0370 :: data_stored: 66fee7ca06dcxxxx
mem_location: ffed0378 :: data_stored: 00000000ff8bf300
-=-=-=-=-=-=-=-=-=-=-=-=-=-=-=-=-=-=-=-=-=-=-=-=-=-=-=-=-=-=-=
-=-=-=-=-=-=-=-=-=-=-=-=-=LINK WALK-=-=-=-=-=-=-=-=-=-=-=-=-=-=-=-=
MEM_ADDR:fface4d0 MEM_DATA:092f01a4169c3ead
MEM_ADDR:ffec5020 MEM_DATA:8579f6b1ec099928
MEM_ADDR:ffbf4d20 MEM_DATA:356e0b86d615440d
MEM_ADDR:ffdd19d0 MEM_DATA:cfe852b34fadcfd0
MEM_ADDR:ff65c520 MEM_DATA:b6fe185f8e5b280a
MEM_ADDR:ff5f66f0 MEM_DATA:438bd366559a645a
MEM_ADDR:ffcef170 MEM_DATA:32b5f3e3a9c50bab
MEM_ADDR:ff737990 MEM_DATA:1b571798be69bff8
MEM_ADDR:ff03a200 MEM_DATA:4d701039127825aa
MEM_ADDR:ffb9a280 MEM_DATA:83d64e343459xxxx
MEM_ADDR:ff8abea0 MEM_DATA:xxxx000000000000
-=-=-=-=-=-=-=-=-=-=-=-=-=-=-=-=-=-=-=-=-=-=-=-=-=-=-=-=-=-=-=-=-=-=
-=-=-=-=-=-=-=-=-=-=-LINK HDR-=-=-=-=-==-=-=-=-=-=-=-=-=-=-=-=
link_hdr head_ptr:fface4d0 Ctrl_data:000bc001
-=-=-=-=-=-=-=-=-=-=-=-=-=-=-=-=-=-=-=-=-=-=-=-=-=-=-=-=-=-=-=
ETH_TB::axi_waddr:0ffff0018 axi_wdata:fface4d0000bc001
-=-=-=-=-=-=-=-=-=-=RAW PKT-=-=-=-=-=-=-=-=-=-=-=-=-=-=-=-=-=
7a479c1767551e13b32b3f464410a23c935b72a9e2b1510035d170b80f30040e30ec3617fe6e603a344c41fca41400a1016c21f4f4a84961892068528eac2eaf9c65560fed943ce1c5fd62fef732xxxxxxxx
-=-=-=-=-=-=-=-=-=-=-=-=-=-=-=-=-=-=-=-=-=-=-=-=-=-=-=-=-=-=-
=-=-=-=-=-=-=-=-=-=-=-=ETHERNET FRAME=-=-=-=-=-=-=-=-=-=-=-=-=-=-=-
DA:7a::47::9c::17::67::55
SA:1e::13::b3::2b::3f::46
ETHER_TYPE:4410
PAYLOAD:
a2:3c:93:5b:72:a9:e2:b1:51:0:35:d1:70:b8:f:30:4:e:30:ec:36:17:fe:6e:60:3a:34:4c:41:fc:a4:14:0:a1:1:6c:21:f4:f4:a8:49:61:89:20:68:52:8e:ac:2e:af:9c:65:56:f:ed:94:3c:e1:c5:fd:62:fe:f7:32:
CRC:xxxxxxxx

-=-=-=-=-=-=-=-=-=-=-=-=-=-=-=-=-=-=-=-=-=-=-=-
-=-=-=-=-=-=Packed MEM Data-=-=-=-=-=-=-=-=-=-
7a479c1767551e13:b32b3f464410a23c:935b72a9e2b15100:35d170b80f30040e:30ec3617fe6e603a:344c41fca41400a1:16c21f4f4a84961:892068528eac2eaf:9c65560fed943ce1:c5fd62fef732xxxx:xxxx000000000000:
-=-=-=-=-=-=-=-=-=-=-=-=-=-=-=-=-=-=-=-=-=-=-=-
-=-=-=-=-=-=-=-=-=-=MEM FILL-=-=-=-=-=-=-=-=-=-=-=-=-=-=-=-=-=
7a479c1767551e13 stored @ mem location: ff231da0
b32b3f464410a23c stored @ mem location: ff3e5ca0
935b72a9e2b15100 stored @ mem location: ff542920
35d170b80f30040e stored @ mem location: ff03b4f0
30ec3617fe6e603a stored @ mem location: ffdfec60
344c41fca41400a1 stored @ mem location: ff417630
016c21f4f4a84961 stored @ mem location: ff9f6ce0
892068528eac2eaf stored @ mem location: ff3f6440
9c65560fed943ce1 stored @ mem location: ffc53e00
c5fd62fef732xxxx stored @ mem location: ffd7f7a0
xxxx000000000000 stored @ mem location: ff242880
-=-=-=-=-=-=-=-=-=-=-=-=-=-=-=-=-=-=-=-=-=-=-=-=-=-=-=-=-=-=-=
-=-=-=-=-=-=-=-=-=-=MEM DISP-=-=-=-=-=-=-=-=-=-=-=-=-=-=-=-=-=
mem_location: ff03a200 :: data_stored: 4d701039127825aa
mem_location: ff03a208 :: data_stored: 00000000ffb9a280
mem_location: ff03b4f0 :: data_stored: 35d170b80f30040e
mem_location: ff03b4f8 :: data_stored: 00000000ffdfec60
mem_location: ff0aa010 :: data_stored: 4d0304279b9baf1f
mem_location: ff0aa018 :: data_stored: 00000000ffb5d240
mem_location: ff1eb490 :: data_stored: 6d1f4840e829xxxx
mem_location: ff1eb498 :: data_stored: 00000000ffb13de0
mem_location: ff205a90 :: data_stored: 8312638ea5a15860
mem_location: ff205a98 :: data_stored: 00000000ff363120
mem_location: ff231da0 :: data_stored: 7a479c1767551e13
mem_location: ff231da8 :: data_stored: 00000000ff3e5ca0
mem_location: ff242880 :: data_stored: xxxx000000000000
mem_location: ff242888 :: data_stored: 00000000ff231da0
mem_location: ff271ce0 :: data_stored: 1f5ce64ba380d1f8
mem_location: ff271ce8 :: data_stored: 00000000ff3d3350
mem_location: ff275570 :: data_stored: 98a3ad5af8279fa2
mem_location: ff275578 :: data_stored: 00000000ff9e00d0
mem_location: ff363120 :: data_stored: 34dd09afa7836f57
mem_location: ff363128 :: data_stored: 00000000ffdc5d80
mem_location: ff3d3350 :: data_stored: b1c5035767e2419c
mem_location: ff3d3358 :: data_stored: 00000000ff4aabb0
mem_location: ff3e5ca0 :: data_stored: b32b3f464410a23c
mem_location: ff3e5ca8 :: data_stored: 00000000ff542920
mem_location: ff3f6440 :: data_stored: 892068528eac2eaf
mem_location: ff3f6448 :: data_stored: 00000000ffc53e00
mem_location: ff417630 :: data_stored: 344c41fca41400a1
mem_location: ff417638 :: data_stored: 00000000ff9f6ce0
mem_location: ff4aabb0 :: data_stored: ce0672a0b3df5cb5
mem_location: ff4aabb8 :: data_stored: 00000000ff1eb490
mem_location: ff542920 :: data_stored: 935b72a9e2b15100
mem_location: ff542928 :: data_stored: 00000000ff03b4f0
mem_location: ff5f66f0 :: data_stored: 438bd366559a645a
mem_location: ff5f66f8 :: data_stored: 00000000ffcef170
mem_location: ff65c520 :: data_stored: b6fe185f8e5b280a
mem_location: ff65c528 :: data_stored: 00000000ff5f66f0
mem_location: ff6aad90 :: data_stored: f4f9976aa61f8949
mem_location: ff6aad98 :: data_stored: 00000000ff205a90
mem_location: ff737990 :: data_stored: 1b571798be69bff8
mem_location: ff737998 :: data_stored: 00000000ff03a200
mem_location: ff8abea0 :: data_stored: xxxx000000000000
mem_location: ff8abea8 :: data_stored: 00000000fface4d0
mem_location: ff8bf300 :: data_stored: xxxx000000000000
mem_location: ff8bf308 :: data_stored: 00000000ffb91c90
mem_location: ff9a51f0 :: data_stored: 74afcf9265b96c1d
mem_location: ff9a51f8 :: data_stored: 00000000ffaadc30
mem_location: ff9e00d0 :: data_stored: f7c7f4c923af7962
mem_location: ff9e00d8 :: data_stored: 00000000ffa83df0
mem_location: ff9f6ce0 :: data_stored: 016c21f4f4a84961
mem_location: ff9f6ce8 :: data_stored: 00000000ff3f6440
mem_location: ffa83df0 :: data_stored: dd39a51ab97fba26
mem_location: ffa83df8 :: data_stored: 00000000ffdf5450
mem_location: ffaadc30 :: data_stored: 26b13f9e388d618c
mem_location: ffaadc38 :: data_stored: 00000000ff275570
mem_location: fface4d0 :: data_stored: 092f01a4169c3ead
mem_location: fface4d8 :: data_stored: 00000000ffec5020
mem_location: ffb13de0 :: data_stored: xxxx000000000000
mem_location: ffb13de8 :: data_stored: 00000000ff0aa010
mem_location: ffb5d240 :: data_stored: d093f049fb670311
mem_location: ffb5d248 :: data_stored: 00000000ff6aad90
mem_location: ffb91c90 :: data_stored: e59e0f6295de093b
mem_location: ffb91c98 :: data_stored: 00000000ffd1b5a0
mem_location: ffb9a280 :: data_stored: 83d64e343459xxxx
mem_location: ffb9a288 :: data_stored: 00000000ff8abea0
mem_location: ffbf4d20 :: data_stored: 356e0b86d615440d
mem_location: ffbf4d28 :: data_stored: 00000000ffdd19d0
mem_location: ffc53e00 :: data_stored: 9c65560fed943ce1
mem_location: ffc53e08 :: data_stored: 00000000ffd7f7a0
mem_location: ffcef170 :: data_stored: 32b5f3e3a9c50bab
mem_location: ffcef178 :: data_stored: 00000000ff737990
mem_location: ffd1b5a0 :: data_stored: 1ed534d41fdb6ed6
mem_location: ffd1b5a8 :: data_stored: 00000000ff9a51f0
mem_location: ffd6fd70 :: data_stored: 55f95b480ab08712
mem_location: ffd6fd78 :: data_stored: 00000000ffed0370
mem_location: ffd7f7a0 :: data_stored: c5fd62fef732xxxx
mem_location: ffd7f7a8 :: data_stored: 00000000ff242880
mem_location: ffdc5d80 :: data_stored: 64cdf46a679122dd
mem_location: ffdc5d88 :: data_stored: 00000000ff271ce0
mem_location: ffdd19d0 :: data_stored: cfe852b34fadcfd0
mem_location: ffdd19d8 :: data_stored: 00000000ff65c520
mem_location: ffdf5450 :: data_stored: 0f0306dc87fc4441
mem_location: ffdf5458 :: data_stored: 00000000ffd6fd70
mem_location: ffdfec60 :: data_stored: 30ec3617fe6e603a
mem_location: ffdfec68 :: data_stored: 00000000ff417630
mem_location: ffec5020 :: data_stored: 8579f6b1ec099928
mem_location: ffec5028 :: data_stored: 00000000ffbf4d20
mem_location: ffed0370 :: data_stored: 66fee7ca06dcxxxx
mem_location: ffed0378 :: data_stored: 00000000ff8bf300
-=-=-=-=-=-=-=-=-=-=-=-=-=-=-=-=-=-=-=-=-=-=-=-=-=-=-=-=-=-=-=
-=-=-=-=-=-=-=-=-=-=-=-=-=LINK WALK-=-=-=-=-=-=-=-=-=-=-=-=-=-=-=-=
MEM_ADDR:ff231da0 MEM_DATA:7a479c1767551e13
MEM_ADDR:ff3e5ca0 MEM_DATA:b32b3f464410a23c
MEM_ADDR:ff542920 MEM_DATA:935b72a9e2b15100
MEM_ADDR:ff03b4f0 MEM_DATA:35d170b80f30040e
MEM_ADDR:ffdfec60 MEM_DATA:30ec3617fe6e603a
MEM_ADDR:ff417630 MEM_DATA:344c41fca41400a1
MEM_ADDR:ff9f6ce0 MEM_DATA:016c21f4f4a84961
MEM_ADDR:ff3f6440 MEM_DATA:892068528eac2eaf
MEM_ADDR:ffc53e00 MEM_DATA:9c65560fed943ce1
MEM_ADDR:ffd7f7a0 MEM_DATA:c5fd62fef732xxxx
MEM_ADDR:ff242880 MEM_DATA:xxxx000000000000
-=-=-=-=-=-=-=-=-=-=-=-=-=-=-=-=-=-=-=-=-=-=-=-=-=-=-=-=-=-=-=-=-=-=
-=-=-=-=-=-=-=-=-=-=-LINK HDR-=-=-=-=-==-=-=-=-=-=-=-=-=-=-=-=
link_hdr head_ptr:ff231da0 Ctrl_data:000bc080
-=-=-=-=-=-=-=-=-=-=-=-=-=-=-=-=-=-=-=-=-=-=-=-=-=-=-=-=-=-=-=
ETH_TB::axi_waddr:0ffff0020 axi_wdata:ff231da0000bc080
-=-=-=-=-=-=-=-=-=-=RAW PKT-=-=-=-=-=-=-=-=-=-=-=-=-=-=-=-=-=
32f0e241d1db48ad45d0194763da65e0eff7c1236839797f7b623bde2985cb0897bf6f99661e7090eea199b0f9e03289f0262628df88dc2d1850c7fad7f6f1fba18e5dae78f6d767147ff706cee1xxxxxxxx
-=-=-=-=-=-=-=-=-=-=-=-=-=-=-=-=-=-=-=-=-=-=-=-=-=-=-=-=-=-=-
=-=-=-=-=-=-=-=-=-=-=-=ETHERNET FRAME=-=-=-=-=-=-=-=-=-=-=-=-=-=-=-
DA:32::f0::e2::41::d1::db
SA:48::ad::45::d0::19::47
ETHER_TYPE:63da
PAYLOAD:
65:e0:ef:f7:c1:23:68:39:79:7f:7b:62:3b:de:29:85:cb:8:97:bf:6f:99:66:1e:70:90:ee:a1:99:b0:f9:e0:32:89:f0:26:26:28:df:88:dc:2d:18:50:c7:fa:d7:f6:f1:fb:a1:8e:5d:ae:78:f6:d7:67:14:7f:f7:6:ce:e1:
CRC:xxxxxxxx

-=-=-=-=-=-=-=-=-=-=-=-=-=-=-=-=-=-=-=-=-=-=-=-
-=-=-=-=-=-=Packed MEM Data-=-=-=-=-=-=-=-=-=-
32f0e241d1db48ad:45d0194763da65e0:eff7c1236839797f:7b623bde2985cb08:97bf6f99661e7090:eea199b0f9e03289:f0262628df88dc2d:1850c7fad7f6f1fb:a18e5dae78f6d767:147ff706cee1xxxx:xxxx000000000000:
-=-=-=-=-=-=-=-=-=-=-=-=-=-=-=-=-=-=-=-=-=-=-=-
-=-=-=-=-=-=-=-=-=-=MEM FILL-=-=-=-=-=-=-=-=-=-=-=-=-=-=-=-=-=
32f0e241d1db48ad stored @ mem location: ff6c68b0
45d0194763da65e0 stored @ mem location: fff94480
eff7c1236839797f stored @ mem location: ffdfa4d0
7b623bde2985cb08 stored @ mem location: ff46e680
97bf6f99661e7090 stored @ mem location: ff920830
eea199b0f9e03289 stored @ mem location: ff903260
f0262628df88dc2d stored @ mem location: ff29a390
1850c7fad7f6f1fb stored @ mem location: ff6a86a0
a18e5dae78f6d767 stored @ mem location: ff8825e0
147ff706cee1xxxx stored @ mem location: ff4f9110
xxxx000000000000 stored @ mem location: ff1f8ad0
-=-=-=-=-=-=-=-=-=-=-=-=-=-=-=-=-=-=-=-=-=-=-=-=-=-=-=-=-=-=-=
-=-=-=-=-=-=-=-=-=-=MEM DISP-=-=-=-=-=-=-=-=-=-=-=-=-=-=-=-=-=
mem_location: ff03a200 :: data_stored: 4d701039127825aa
mem_location: ff03a208 :: data_stored: 00000000ffb9a280
mem_location: ff03b4f0 :: data_stored: 35d170b80f30040e
mem_location: ff03b4f8 :: data_stored: 00000000ffdfec60
mem_location: ff0aa010 :: data_stored: 4d0304279b9baf1f
mem_location: ff0aa018 :: data_stored: 00000000ffb5d240
mem_location: ff1eb490 :: data_stored: 6d1f4840e829xxxx
mem_location: ff1eb498 :: data_stored: 00000000ffb13de0
mem_location: ff1f8ad0 :: data_stored: xxxx000000000000
mem_location: ff1f8ad8 :: data_stored: 00000000ff6c68b0
mem_location: ff205a90 :: data_stored: 8312638ea5a15860
mem_location: ff205a98 :: data_stored: 00000000ff363120
mem_location: ff231da0 :: data_stored: 7a479c1767551e13
mem_location: ff231da8 :: data_stored: 00000000ff3e5ca0
mem_location: ff242880 :: data_stored: xxxx000000000000
mem_location: ff242888 :: data_stored: 00000000ff231da0
mem_location: ff271ce0 :: data_stored: 1f5ce64ba380d1f8
mem_location: ff271ce8 :: data_stored: 00000000ff3d3350
mem_location: ff275570 :: data_stored: 98a3ad5af8279fa2
mem_location: ff275578 :: data_stored: 00000000ff9e00d0
mem_location: ff29a390 :: data_stored: f0262628df88dc2d
mem_location: ff29a398 :: data_stored: 00000000ff6a86a0
mem_location: ff363120 :: data_stored: 34dd09afa7836f57
mem_location: ff363128 :: data_stored: 00000000ffdc5d80
mem_location: ff3d3350 :: data_stored: b1c5035767e2419c
mem_location: ff3d3358 :: data_stored: 00000000ff4aabb0
mem_location: ff3e5ca0 :: data_stored: b32b3f464410a23c
mem_location: ff3e5ca8 :: data_stored: 00000000ff542920
mem_location: ff3f6440 :: data_stored: 892068528eac2eaf
mem_location: ff3f6448 :: data_stored: 00000000ffc53e00
mem_location: ff417630 :: data_stored: 344c41fca41400a1
mem_location: ff417638 :: data_stored: 00000000ff9f6ce0
mem_location: ff46e680 :: data_stored: 7b623bde2985cb08
mem_location: ff46e688 :: data_stored: 00000000ff920830
mem_location: ff4aabb0 :: data_stored: ce0672a0b3df5cb5
mem_location: ff4aabb8 :: data_stored: 00000000ff1eb490
mem_location: ff4f9110 :: data_stored: 147ff706cee1xxxx
mem_location: ff4f9118 :: data_stored: 00000000ff1f8ad0
mem_location: ff542920 :: data_stored: 935b72a9e2b15100
mem_location: ff542928 :: data_stored: 00000000ff03b4f0
mem_location: ff5f66f0 :: data_stored: 438bd366559a645a
mem_location: ff5f66f8 :: data_stored: 00000000ffcef170
mem_location: ff65c520 :: data_stored: b6fe185f8e5b280a
mem_location: ff65c528 :: data_stored: 00000000ff5f66f0
mem_location: ff6a86a0 :: data_stored: 1850c7fad7f6f1fb
mem_location: ff6a86a8 :: data_stored: 00000000ff8825e0
mem_location: ff6aad90 :: data_stored: f4f9976aa61f8949
mem_location: ff6aad98 :: data_stored: 00000000ff205a90
mem_location: ff6c68b0 :: data_stored: 32f0e241d1db48ad
mem_location: ff6c68b8 :: data_stored: 00000000fff94480
mem_location: ff737990 :: data_stored: 1b571798be69bff8
mem_location: ff737998 :: data_stored: 00000000ff03a200
mem_location: ff8825e0 :: data_stored: a18e5dae78f6d767
mem_location: ff8825e8 :: data_stored: 00000000ff4f9110
mem_location: ff8abea0 :: data_stored: xxxx000000000000
mem_location: ff8abea8 :: data_stored: 00000000fface4d0
mem_location: ff8bf300 :: data_stored: xxxx000000000000
mem_location: ff8bf308 :: data_stored: 00000000ffb91c90
mem_location: ff903260 :: data_stored: eea199b0f9e03289
mem_location: ff903268 :: data_stored: 00000000ff29a390
mem_location: ff920830 :: data_stored: 97bf6f99661e7090
mem_location: ff920838 :: data_stored: 00000000ff903260
mem_location: ff9a51f0 :: data_stored: 74afcf9265b96c1d
mem_location: ff9a51f8 :: data_stored: 00000000ffaadc30
mem_location: ff9e00d0 :: data_stored: f7c7f4c923af7962
mem_location: ff9e00d8 :: data_stored: 00000000ffa83df0
mem_location: ff9f6ce0 :: data_stored: 016c21f4f4a84961
mem_location: ff9f6ce8 :: data_stored: 00000000ff3f6440
mem_location: ffa83df0 :: data_stored: dd39a51ab97fba26
mem_location: ffa83df8 :: data_stored: 00000000ffdf5450
mem_location: ffaadc30 :: data_stored: 26b13f9e388d618c
mem_location: ffaadc38 :: data_stored: 00000000ff275570
mem_location: fface4d0 :: data_stored: 092f01a4169c3ead
mem_location: fface4d8 :: data_stored: 00000000ffec5020
mem_location: ffb13de0 :: data_stored: xxxx000000000000
mem_location: ffb13de8 :: data_stored: 00000000ff0aa010
mem_location: ffb5d240 :: data_stored: d093f049fb670311
mem_location: ffb5d248 :: data_stored: 00000000ff6aad90
mem_location: ffb91c90 :: data_stored: e59e0f6295de093b
mem_location: ffb91c98 :: data_stored: 00000000ffd1b5a0
mem_location: ffb9a280 :: data_stored: 83d64e343459xxxx
mem_location: ffb9a288 :: data_stored: 00000000ff8abea0
mem_location: ffbf4d20 :: data_stored: 356e0b86d615440d
mem_location: ffbf4d28 :: data_stored: 00000000ffdd19d0
mem_location: ffc53e00 :: data_stored: 9c65560fed943ce1
mem_location: ffc53e08 :: data_stored: 00000000ffd7f7a0
mem_location: ffcef170 :: data_stored: 32b5f3e3a9c50bab
mem_location: ffcef178 :: data_stored: 00000000ff737990
mem_location: ffd1b5a0 :: data_stored: 1ed534d41fdb6ed6
mem_location: ffd1b5a8 :: data_stored: 00000000ff9a51f0
mem_location: ffd6fd70 :: data_stored: 55f95b480ab08712
mem_location: ffd6fd78 :: data_stored: 00000000ffed0370
mem_location: ffd7f7a0 :: data_stored: c5fd62fef732xxxx
mem_location: ffd7f7a8 :: data_stored: 00000000ff242880
mem_location: ffdc5d80 :: data_stored: 64cdf46a679122dd
mem_location: ffdc5d88 :: data_stored: 00000000ff271ce0
mem_location: ffdd19d0 :: data_stored: cfe852b34fadcfd0
mem_location: ffdd19d8 :: data_stored: 00000000ff65c520
mem_location: ffdf5450 :: data_stored: 0f0306dc87fc4441
mem_location: ffdf5458 :: data_stored: 00000000ffd6fd70
mem_location: ffdfa4d0 :: data_stored: eff7c1236839797f
mem_location: ffdfa4d8 :: data_stored: 00000000ff46e680
mem_location: ffdfec60 :: data_stored: 30ec3617fe6e603a
mem_location: ffdfec68 :: data_stored: 00000000ff417630
mem_location: ffec5020 :: data_stored: 8579f6b1ec099928
mem_location: ffec5028 :: data_stored: 00000000ffbf4d20
mem_location: ffed0370 :: data_stored: 66fee7ca06dcxxxx
mem_location: ffed0378 :: data_stored: 00000000ff8bf300
mem_location: fff94480 :: data_stored: 45d0194763da65e0
mem_location: fff94488 :: data_stored: 00000000ffdfa4d0
-=-=-=-=-=-=-=-=-=-=-=-=-=-=-=-=-=-=-=-=-=-=-=-=-=-=-=-=-=-=-=
-=-=-=-=-=-=-=-=-=-=-=-=-=LINK WALK-=-=-=-=-=-=-=-=-=-=-=-=-=-=-=-=
MEM_ADDR:ff6c68b0 MEM_DATA:32f0e241d1db48ad
MEM_ADDR:fff94480 MEM_DATA:45d0194763da65e0
MEM_ADDR:ffdfa4d0 MEM_DATA:eff7c1236839797f
MEM_ADDR:ff46e680 MEM_DATA:7b623bde2985cb08
MEM_ADDR:ff920830 MEM_DATA:97bf6f99661e7090
MEM_ADDR:ff903260 MEM_DATA:eea199b0f9e03289
MEM_ADDR:ff29a390 MEM_DATA:f0262628df88dc2d
MEM_ADDR:ff6a86a0 MEM_DATA:1850c7fad7f6f1fb
MEM_ADDR:ff8825e0 MEM_DATA:a18e5dae78f6d767
MEM_ADDR:ff4f9110 MEM_DATA:147ff706cee1xxxx
MEM_ADDR:ff1f8ad0 MEM_DATA:xxxx000000000000
-=-=-=-=-=-=-=-=-=-=-=-=-=-=-=-=-=-=-=-=-=-=-=-=-=-=-=-=-=-=-=-=-=-=
-=-=-=-=-=-=-=-=-=-=-LINK HDR-=-=-=-=-==-=-=-=-=-=-=-=-=-=-=-=
link_hdr head_ptr:ff6c68b0 Ctrl_data:000bc010
-=-=-=-=-=-=-=-=-=-=-=-=-=-=-=-=-=-=-=-=-=-=-=-=-=-=-=-=-=-=-=
ETH_TB::axi_waddr:0ffff0028 axi_wdata:ff6c68b0000bc010
235000 tb_axi_slave_model::===========ADDR pushed into FIFO[ 0]:2ff0aa010==========
245000 tb_axi_slave_model::===========ADDR pushed into FIFO[ 1]:2ffb91c90==========
255000 tb_axi_slave_model::===========ADDR pushed into FIFO[ 2]:2fface4d0==========
255000 tb_axi_slave_model::==========Memory freed @ location:ff0aa010=============
265000 tb_axi_slave_model::==========Memory freed @ location:ff0aa018=============
275000 tb_axi_slave_model::==========Memory freed @ location:ffb91c90=============
285000 tb_axi_slave_model::==========Memory freed @ location:ffb91c98=============
295000 tb_axi_slave_model::===========ADDR pushed into FIFO[ 0]:2ffb5d240==========
295000 tb_axi_slave_model::==========Memory freed @ location:fface4d0=============
305000 tb_axi_slave_model::===========ADDR pushed into FIFO[ 1]:2ffd1b5a0==========
305000 tb_axi_slave_model::==========Memory freed @ location:fface4d8=============
325000 tb_axi_slave_model::==========Memory freed @ location:ffb5d240=============
335000 tb_axi_slave_model::===========ADDR pushed into FIFO[ 2]:2ffec5020==========
335000 tb_axi_slave_model::==========Memory freed @ location:ffb5d248=============
345000 tb_axi_slave_model::==========Memory freed @ location:ffd1b5a0=============
355000 tb_axi_slave_model::==========Memory freed @ location:ffd1b5a8=============
365000 tb_axi_slave_model::===========ADDR pushed into FIFO[ 0]:2ff6aad90==========
365000 tb_axi_slave_model::==========Memory freed @ location:ffec5020=============
375000 tb_axi_slave_model::===========ADDR pushed into FIFO[ 1]:2ff9a51f0==========
375000 tb_axi_slave_model::==========Memory freed @ location:ffec5028=============
395000 tb_axi_slave_model::==========Memory freed @ location:ff6aad90=============
405000 tb_axi_slave_model::===========ADDR pushed into FIFO[ 2]:2ffbf4d20==========
405000 tb_axi_slave_model::==========Memory freed @ location:ff6aad98=============
415000 tb_axi_slave_model::==========Memory freed @ location:ff9a51f0=============
425000 tb_axi_slave_model::==========Memory freed @ location:ff9a51f8=============
435000 tb_axi_slave_model::===========ADDR pushed into FIFO[ 0]:2ff205a90==========
435000 tb_axi_slave_model::==========Memory freed @ location:ffbf4d20=============
445000 tb_axi_slave_model::===========ADDR pushed into FIFO[ 1]:2ffaadc30==========
445000 tb_axi_slave_model::==========Memory freed @ location:ffbf4d28=============
465000 tb_axi_slave_model::==========Memory freed @ location:ff205a90=============
475000 tb_axi_slave_model::===========ADDR pushed into FIFO[ 2]:2ffdd19d0==========
475000 tb_axi_slave_model::==========Memory freed @ location:ff205a98=============
485000 tb_axi_slave_model::==========Memory freed @ location:ffaadc30=============
495000 tb_axi_slave_model::==========Memory freed @ location:ffaadc38=============
505000 tb_axi_slave_model::===========ADDR pushed into FIFO[ 0]:2ff363120==========
505000 tb_axi_slave_model::==========Memory freed @ location:ffdd19d0=============
515000 tb_axi_slave_model::===========ADDR pushed into FIFO[ 1]:2ff275570==========
515000 tb_axi_slave_model::==========Memory freed @ location:ffdd19d8=============
535000 tb_axi_slave_model::==========Memory freed @ location:ff363120=============
545000 tb_axi_slave_model::===========ADDR pushed into FIFO[ 2]:2ff65c520==========
545000 tb_axi_slave_model::==========Memory freed @ location:ff363128=============
555000 tb_axi_slave_model::==========Memory freed @ location:ff275570=============
565000 tb_axi_slave_model::==========Memory freed @ location:ff275578=============
575000 tb_axi_slave_model::===========ADDR pushed into FIFO[ 0]:2ffdc5d80==========
575000 tb_axi_slave_model::==========Memory freed @ location:ff65c520=============
585000 tb_axi_slave_model::===========ADDR pushed into FIFO[ 1]:2ff9e00d0==========
585000 tb_axi_slave_model::==========Memory freed @ location:ff65c528=============
605000 tb_axi_slave_model::==========Memory freed @ location:ffdc5d80=============
615000 tb_axi_slave_model::===========ADDR pushed into FIFO[ 2]:2ff5f66f0==========
615000 tb_axi_slave_model::==========Memory freed @ location:ffdc5d88=============
625000 tb_axi_slave_model::==========Memory freed @ location:ff9e00d0=============
635000 tb_axi_slave_model::==========Memory freed @ location:ff9e00d8=============
645000 tb_axi_slave_model::===========ADDR pushed into FIFO[ 0]:2ff271ce0==========
645000 tb_axi_slave_model::==========Memory freed @ location:ff5f66f0=============
655000 tb_axi_slave_model::===========ADDR pushed into FIFO[ 1]:2ffa83df0==========
655000 tb_axi_slave_model::==========Memory freed @ location:ff5f66f8=============
675000 tb_axi_slave_model::==========Memory freed @ location:ff271ce0=============
685000 tb_axi_slave_model::===========ADDR pushed into FIFO[ 2]:2ffcef170==========
685000 tb_axi_slave_model::==========Memory freed @ location:ff271ce8=============
695000 tb_axi_slave_model::==========Memory freed @ location:ffa83df0=============
705000 tb_axi_slave_model::==========Memory freed @ location:ffa83df8=============
715000 tb_axi_slave_model::===========ADDR pushed into FIFO[ 0]:2ff3d3350==========
715000 tb_axi_slave_model::==========Memory freed @ location:ffcef170=============
725000 tb_axi_slave_model::===========ADDR pushed into FIFO[ 1]:2ffdf5450==========
725000 tb_axi_slave_model::==========Memory freed @ location:ffcef178=============
745000 tb_axi_slave_model::==========Memory freed @ location:ff3d3350=============
755000 tb_axi_slave_model::===========ADDR pushed into FIFO[ 2]:2ff737990==========
755000 tb_axi_slave_model::==========Memory freed @ location:ff3d3358=============
765000 tb_axi_slave_model::==========Memory freed @ location:ffdf5450=============
775000 tb_axi_slave_model::==========Memory freed @ location:ffdf5458=============
785000 tb_axi_slave_model::===========ADDR pushed into FIFO[ 0]:2ff4aabb0==========
785000 tb_axi_slave_model::==========Memory freed @ location:ff737990=============
795000 tb_axi_slave_model::===========ADDR pushed into FIFO[ 1]:2ffd6fd70==========
795000 tb_axi_slave_model::==========Memory freed @ location:ff737998=============
815000 tb_axi_slave_model::==========Memory freed @ location:ff4aabb0=============
825000 tb_axi_slave_model::===========ADDR pushed into FIFO[ 2]:2ff03a200==========
825000 tb_axi_slave_model::==========Memory freed @ location:ff4aabb8=============
835000 tb_axi_slave_model::==========Memory freed @ location:ffd6fd70=============
845000 tb_axi_slave_model::==========Memory freed @ location:ffd6fd78=============
855000 tb_axi_slave_model::===========ADDR pushed into FIFO[ 0]:2ff1eb490==========
855000 tb_axi_slave_model::==========Memory freed @ location:ff03a200=============
865000 tb_axi_slave_model::===========ADDR pushed into FIFO[ 1]:2ffed0370==========
865000 tb_axi_slave_model::==========Memory freed @ location:ff03a208=============
885000 tb_axi_slave_model::==========Memory freed @ location:ff1eb490=============
895000 tb_axi_slave_model::===========ADDR pushed into FIFO[ 2]:2ffb9a280==========
895000 tb_axi_slave_model::==========Memory freed @ location:ff1eb498=============
905000 tb_axi_slave_model::==========Memory freed @ location:ffed0370=============
915000 tb_axi_slave_model::==========Memory freed @ location:ffed0378=============
925000 tb_axi_slave_model::===========ADDR pushed into FIFO[ 0]:2ffb13de0==========
925000 tb_axi_slave_model::==========Memory freed @ location:ffb9a280=============
935000 tb_axi_slave_model::===========ADDR pushed into FIFO[ 1]:2ff8bf300==========
935000 tb_axi_slave_model::==========Memory freed @ location:ffb9a288=============
955000 tb_axi_slave_model::==========Memory freed @ location:ffb13de0=============
965000 tb_axi_slave_model::===========ADDR pushed into FIFO[ 2]:2ff8abea0==========
965000 tb_axi_slave_model::==========Memory freed @ location:ffb13de8=============
975000 tb_axi_slave_model::==========Memory freed @ location:ff8bf300=============
985000 tb_axi_slave_model::==========Memory freed @ location:ff8bf308=============
995000 tb_axi_slave_model::===========ADDR pushed into FIFO[ 0]:2ff231da0==========
995000 tb_axi_slave_model::==========Memory freed @ location:ff8abea0=============
1005000 tb_axi_slave_model::===========ADDR pushed into FIFO[ 1]:2ff6c68b0==========
1005000 tb_axi_slave_model::==========Memory freed @ location:ff8abea8=============
1025000 tb_axi_slave_model::==========Memory freed @ location:ff231da0=============
1035000 tb_axi_slave_model::==========Memory freed @ location:ff231da8=============
1045000 tb_axi_slave_model::==========Memory freed @ location:ff6c68b0=============
1055000 tb_axi_slave_model::==========Memory freed @ location:ff6c68b8=============
1065000 tb_axi_slave_model::===========ADDR pushed into FIFO[ 0]:2ff3e5ca0==========
1075000 tb_axi_slave_model::===========ADDR pushed into FIFO[ 1]:2fff94480==========
1095000 tb_axi_slave_model::==========Memory freed @ location:ff3e5ca0=============
1105000 tb_axi_slave_model::==========Memory freed @ location:ff3e5ca8=============
1115000 tb_axi_slave_model::==========Memory freed @ location:fff94480=============
1125000 tb_axi_slave_model::==========Memory freed @ location:fff94488=============
1135000 tb_axi_slave_model::===========ADDR pushed into FIFO[ 0]:2ff542920==========
1145000 tb_axi_slave_model::===========ADDR pushed into FIFO[ 1]:2ffdfa4d0==========
1165000 tb_axi_slave_model::==========Memory freed @ location:ff542920=============
1175000 tb_axi_slave_model::==========Memory freed @ location:ff542928=============
1185000 tb_axi_slave_model::==========Memory freed @ location:ffdfa4d0=============
1195000 tb_axi_slave_model::==========Memory freed @ location:ffdfa4d8=============
1205000 tb_axi_slave_model::===========ADDR pushed into FIFO[ 0]:2ff03b4f0==========
1215000 tb_axi_slave_model::===========ADDR pushed into FIFO[ 1]:2ff46e680==========
1235000 tb_axi_slave_model::==========Memory freed @ location:ff03b4f0=============
1245000 tb_axi_slave_model::==========Memory freed @ location:ff03b4f8=============
1255000 tb_axi_slave_model::==========Memory freed @ location:ff46e680=============
1265000 tb_axi_slave_model::==========Memory freed @ location:ff46e688=============
1275000 tb_axi_slave_model::===========ADDR pushed into FIFO[ 0]:2ffdfec60==========
1285000 tb_axi_slave_model::===========ADDR pushed into FIFO[ 1]:2ff920830==========
1305000 tb_axi_slave_model::==========Memory freed @ location:ffdfec60=============
1315000 tb_axi_slave_model::==========Memory freed @ location:ffdfec68=============
1325000 tb_axi_slave_model::==========Memory freed @ location:ff920830=============
1335000 tb_axi_slave_model::==========Memory freed @ location:ff920838=============
1345000 tb_axi_slave_model::===========ADDR pushed into FIFO[ 0]:2ff417630==========
1355000 tb_axi_slave_model::===========ADDR pushed into FIFO[ 1]:2ff903260==========
1375000 tb_axi_slave_model::==========Memory freed @ location:ff417630=============
1385000 tb_axi_slave_model::==========Memory freed @ location:ff417638=============
1395000 tb_axi_slave_model::==========Memory freed @ location:ff903260=============
1405000 tb_axi_slave_model::==========Memory freed @ location:ff903268=============
1415000 tb_axi_slave_model::===========ADDR pushed into FIFO[ 0]:2ff9f6ce0==========
1425000 tb_axi_slave_model::===========ADDR pushed into FIFO[ 1]:2ff29a390==========
1445000 tb_axi_slave_model::==========Memory freed @ location:ff9f6ce0=============
1455000 tb_axi_slave_model::==========Memory freed @ location:ff9f6ce8=============
1465000 tb_axi_slave_model::==========Memory freed @ location:ff29a390=============
1475000 tb_axi_slave_model::==========Memory freed @ location:ff29a398=============
1485000 tb_axi_slave_model::===========ADDR pushed into FIFO[ 0]:2ff3f6440==========
1495000 tb_axi_slave_model::===========ADDR pushed into FIFO[ 1]:2ff6a86a0==========
1515000 tb_axi_slave_model::==========Memory freed @ location:ff3f6440=============
1525000 tb_axi_slave_model::==========Memory freed @ location:ff3f6448=============
1535000 tb_axi_slave_model::==========Memory freed @ location:ff6a86a0=============
1545000 tb_axi_slave_model::==========Memory freed @ location:ff6a86a8=============
1555000 tb_axi_slave_model::===========ADDR pushed into FIFO[ 0]:2ffc53e00==========
1565000 tb_axi_slave_model::===========ADDR pushed into FIFO[ 1]:2ff8825e0==========
1585000 tb_axi_slave_model::==========Memory freed @ location:ffc53e00=============
1595000 tb_axi_slave_model::==========Memory freed @ location:ffc53e08=============
1605000 tb_axi_slave_model::==========Memory freed @ location:ff8825e0=============
1615000 tb_axi_slave_model::==========Memory freed @ location:ff8825e8=============
1625000 tb_axi_slave_model::===========ADDR pushed into FIFO[ 0]:2ffd7f7a0==========
1635000 tb_axi_slave_model::===========ADDR pushed into FIFO[ 1]:2ff4f9110==========
1655000 tb_axi_slave_model::==========Memory freed @ location:ffd7f7a0=============
1665000 tb_axi_slave_model::==========Memory freed @ location:ffd7f7a8=============
1675000 tb_axi_slave_model::==========Memory freed @ location:ff4f9110=============
1685000 tb_axi_slave_model::==========Memory freed @ location:ff4f9118=============
1695000 tb_axi_slave_model::===========ADDR pushed into FIFO[ 0]:2ff242880==========
1705000 tb_axi_slave_model::===========ADDR pushed into FIFO[ 1]:2ff1f8ad0==========
1725000 tb_axi_slave_model::==========Memory freed @ location:ff242880=============
1735000 tb_axi_slave_model::==========Memory freed @ location:ff242888=============
1745000 tb_axi_slave_model::==========Memory freed @ location:ff1f8ad0=============
1755000 tb_axi_slave_model::==========Memory freed @ location:ff1f8ad8=============
$finish called from file "ethernet_tb.sv", line 49.
$finish at simulation time              2145000
           V C S   S i m u l a t i o n   R e p o r t 
Time: 2145000 ps
CPU Time:      0.160 seconds;       Data structure size:   0.1Mb
Sat Jul 30 20:25:42 2016
