/apps/synopsys/VCMX_Fall_2012/bin/vcs

Warning-[LNX_OS_VERUN] Unsupported Linux version
  Linux version 'Fedora release 24 (Twenty Four)' is not supported on 'x86_64'
  officially, assuming linux compatibility by default. Set VCS_ARCH_OVERRIDE 
  to linux or suse32 to override.
  Please refer to release notes for information on supported platforms.


Warning-[LINX_KRNL] Unsupported Linux kernel
  Linux kernel '4.8.7-200.fc24.x86_64' is not supported.
  Supported versions are 2.4* or 2.6*.

                         Chronologic VCS (TM)
            Version F-2011.12 -- Sat Nov 26 13:31:47 2016
               Copyright (c) 1991-2011 by Synopsys Inc.
                         ALL RIGHTS RESERVED

This program is proprietary and confidential information of Synopsys Inc.
and may be used and disclosed only as authorized in a license agreement
controlling such use and disclosure.


Warning-[DFLT_OPT] Default option found
  Option '-ntb_opts dtm' is already default. Future releases of VCS may not 
  accept '-ntb_opts dtm'.

Parsing design file 'ethernet_tb.sv'
Parsing included file 'files.sv'.
Parsing included file 'ethernet_frame_pkg.sv'.
Parsing included file 'TB_CRC_block.sv'.
Back to file 'ethernet_frame_pkg.sv'.
Back to file 'files.sv'.
Parsing included file 'axi_master_model.sv'.
Back to file 'files.sv'.
Parsing included file 'axi_slave_model.sv'.
Back to file 'files.sv'.
Parsing included file 'eth_tx_protocol_check.sv'.
Back to file 'files.sv'.
Parsing included file '../rtl/AXI_interface.sv'.
Back to file 'files.sv'.
Parsing included file '../rtl/rtl_struct.sv'.
Back to file 'files.sv'.
Parsing included file '../rtl/eth_core.sv'.
Back to file 'files.sv'.
Parsing included file '../rtl/eth_tx.sv'.
Back to file 'files.sv'.
Parsing included file '../rtl/dma_controller_tx.sv'.
Back to file 'files.sv'.
Parsing included file '../rtl/AXI_master.sv'.

Warning-[IPDASP] Identifier in ANSI port declaration
../rtl/AXI_master.sv, 54
  Redeclaration of ANSI ports not allowed for 'pcfifo_pop_0', this will be an 
  error in a future release


Warning-[IPDASP] Identifier in ANSI port declaration
../rtl/AXI_master.sv, 55
  Redeclaration of ANSI ports not allowed for 'pcfifo_pop_1', this will be an 
  error in a future release


Warning-[IPDASP] Identifier in ANSI port declaration
../rtl/AXI_master.sv, 56
  Redeclaration of ANSI ports not allowed for 'pcfifo_pop_2', this will be an 
  error in a future release

Back to file 'files.sv'.
Parsing included file '../rtl/AXI_slave.sv'.
Back to file 'files.sv'.
Parsing included file '../rtl/CRC32_D8.sv'.
Back to file 'files.sv'.
Parsing included file '../rtl/CRC32_D16.sv'.
Back to file 'files.sv'.
Parsing included file '../rtl/CRC32_D24.sv'.
Back to file 'files.sv'.
Parsing included file '../rtl/CRC32_D32.sv'.
Back to file 'files.sv'.
Parsing included file '../rtl/CRC32_D40.sv'.
Back to file 'files.sv'.
Parsing included file '../rtl/CRC32_D48.sv'.
Back to file 'files.sv'.
Parsing included file '../rtl/CRC32_D56.sv'.
Back to file 'files.sv'.
Parsing included file '../rtl/CRC32_D64.sv'.
Back to file 'files.sv'.
Parsing included file '../rtl/CRC_block.sv'.
Back to file 'files.sv'.
Parsing included file '../rtl/eth_tx_crc.sv'.
Back to file 'files.sv'.
Parsing included file '../rtl/dma_fifo.sv'.
Back to file 'files.sv'.
Parsing included file '../rtl/rs_layer.sv'.
Back to file 'files.sv'.
Parsing included file '../rtl/prienc.sv'.
Back to file 'files.sv'.
Parsing included file '../rtl/QOS_arb.sv'.
Back to file 'files.sv'.
Parsing included file '../rtl/queue_selection.sv'.
Back to file 'files.sv'.
Parsing included file '../rtl/dma_fifo_exmem_crc.sv'.
Back to file 'files.sv'.
Parsing included file '../rtl/dma_fifo_exmem_pktd.sv'.
Back to file 'files.sv'.
Parsing included file '../rtl/dma_fifo_exmem_pktc.sv'.
Back to file 'files.sv'.
Parsing included file '../rtl/dma_fifo_exmem_swchaddr.sv'.
Back to file 'files.sv'.
Parsing included file '../rtl/dma_fifo_exmem_swchdata.sv'.
Back to file 'files.sv'.
Parsing included file '../rtl/dma_fifo_exmem_swchrsp.sv'.
Back to file 'files.sv'.
Parsing included file '../rtl/mem_model_crc.sv'.
Back to file 'files.sv'.
Parsing included file '../rtl/mem_model_pktd.sv'.
Back to file 'files.sv'.
Parsing included file '../rtl/mem_model_pktc.sv'.
Back to file 'files.sv'.
Parsing included file '../rtl/mem_model_swchaddr.sv'.
Back to file 'files.sv'.
Parsing included file '../rtl/mem_model_swchdata.sv'.
Back to file 'files.sv'.
Parsing included file '../rtl/mem_model_swchrsp.sv'.
Back to file 'files.sv'.
Back to file 'ethernet_tb.sv'.
Top Level Modules:
       ethernet_tb

Warning-[UII-L] Interface not instantiated
../rtl/AXI_interface.sv, 104
  Interface 'rx_xgmii' defined in logic library 'work' is never instantiated 
  in design. It will be ignored.


Warning-[UII-L] Interface not instantiated
../rtl/AXI_interface.sv, 114
  Interface 'MEMIF' defined in logic library 'work' is never instantiated in 
  design. It will be ignored.

TimeScale is 1 ns / 1 ps

Warning-[IDTS] Ignoring dynamic type sensitivity
axi_master_model.sv, 9
"axi_waddr"
  Dynamic types used in always_comb, always_latch, always (@*) will be ignored
  for the inferred sensitivity list.


Warning-[IDTS] Ignoring dynamic type sensitivity
axi_master_model.sv, 10
"axi_wdata"
  Dynamic types used in always_comb, always_latch, always (@*) will be ignored
  for the inferred sensitivity list.


Warning-[IDTS] Ignoring dynamic type sensitivity
axi_slave_model.sv, 214
"ra_fifo__vcs_type[(gnt_vector_d >> 1)]._vcs_idx[0]"
  Dynamic types used in always_comb, always_latch, always (@*) will be ignored
  for the inferred sensitivity list.


Warning-[IDTS] Ignoring dynamic type sensitivity
axi_slave_model.sv, 235
"ra_fifo__vcs_type[(gnt_vector_d >> 1)]._vcs_idx[0]"
  Dynamic types used in always_comb, always_latch, always (@*) will be ignored
  for the inferred sensitivity list.

Starting vcs inline pass...
23 modules and 0 UDP read.
	However, due to incremental compilation, no re-compilation is necessary.
ld -r -m elf_i386 -o pre_vcsobj_1_1.o --whole-archive pre_vcsobj_1_1.a --no-whole-archive
ld -r -m elf_i386 -o pre_vcsobj_1_2.o --whole-archive pre_vcsobj_1_2.a --no-whole-archive
ld -r -m elf_i386 -o pre_vcsobj_1_3.o --whole-archive pre_vcsobj_1_3.a --no-whole-archive
ld -r -m elf_i386 -o pre_vcsobj_1_4.o --whole-archive pre_vcsobj_1_4.a --no-whole-archive
ld -r -m elf_i386 -o pre_vcsobj_1_5.o --whole-archive pre_vcsobj_1_5.a --no-whole-archive
ld -r -m elf_i386 -o pre_vcsobj_1_6.o --whole-archive pre_vcsobj_1_6.a --no-whole-archive
ld -r -m elf_i386 -o pre_vcsobj_1_7.o --whole-archive pre_vcsobj_1_7.a --no-whole-archive
if [ -x ../simv ]; then chmod -x ../simv; fi
g++  -o ../simv -m32    -Wl,-whole-archive    -Wl,-no-whole-archive   SIM_l.o 5NrI_d.o 5NrIB_d.o    pre_vcsobj_1_1.o pre_vcsobj_1_2.o pre_vcsobj_1_3.o pre_vcsobj_1_4.o pre_vcsobj_1_5.o pre_vcsobj_1_6.o pre_vcsobj_1_7.o  rmapats_mop.o rmapats.o      /apps/synopsys/VCMX_Fall_2012/linux/lib/libvirsim.so /apps/synopsys/VCMX_Fall_2012/linux/lib/librterrorinf.so /apps/synopsys/VCMX_Fall_2012/linux/lib/libsnpsmalloc.so     /apps/synopsys/VCMX_Fall_2012/linux/lib/libvcsnew.so /apps/synopsys/VCMX_Fall_2012/linux/lib/libuclinative.so         /apps/synopsys/VCMX_Fall_2012/linux/lib/vcs_save_restore_new.o /apps/synopsys/VCMX_Fall_2012/linux/lib/ctype-stubs_32.a -ldl -lm  -lc -lpthread -ldl 
../simv up to date
CPU time: .364 seconds to compile + .019 seconds to elab + .122 seconds to link
Chronologic VCS simulator copyright 1991-2011
Contains Synopsys proprietary information.
Compiler version F-2011.12; Runtime version F-2011.12;  Nov 26 13:31 2016
-=-=-=-=-=-=-=-=-=-=RAW PKT-=-=-=-=-=-=-=-=-=-=-=-=-=-=-=-=-=
9b9bb6077db0f04990134d03af1f670311f4f9976aa61f89498312638ea5a1586034dd09afa7836f5764cdf46a679122dd1f5ce64ba380d1f8b1c5035767e2419cce0672a0b3df5cb56d1f4840e8
-=-=-=-=-=-=-=-=-=-=-=-=-=-=-=-=-=-=-=-=-=-=-=-=-=-=-=-=-=-=-
-=-=-=-=-=-=-=-=-=-=RAW PKT CRC-=-=-=-=-=-=-=-=-=-=-=-=-=-=-=-=-=
9b9bb6077db0f04990134d03af1f670311f4f9976aa61f89498312638ea5a1586034dd09afa7836f5764cdf46a679122dd1f5ce64ba380d1f8b1c5035767e2419cce0672a0b3df5cb56d1f4840e88c40f9bc
-=-=-=-=-=-=-=-=-=-=-=-=-=-=-=-=-=-=-=-=-=-=-=-=-=-=-=-=-=-=-
-=-=-=-=-=-=-=-=-=-=STR RAW PKT CRC-=-=-=-=-=-=-=-=-=-=-=-=-=-=-=-=-=
9b9bb6077db0f04990134d03af1f670311f4f9976aa61f89498312638ea5a1586034dd09afa7836f5764cdf46a679122dd1f5ce64ba380d1f8b1c5035767e2419cce0672a0b3df5cb56d1f4840e88c40f9bc
-=-=-=-=-=-=-=-=-=-=-=-=-=-=-=-=-=-=-=-=-=-=-=-=-=-=-=-=-=-=-
=-=-=-=-=-=-=-=-=-=-=-=ETHERNET FRAME=-=-=-=-=-=-=-=-=-=-=-=-=-=-=-
DA:9b::9b::b6::7::7d::b0
SA:f0::49::90::13::4d::3
ETHER_TYPE:af1f
PAYLOAD:
67:3:11:f4:f9:97:6a:a6:1f:89:49:83:12:63:8e:a5:a1:58:60:34:dd:9:af:a7:83:6f:57:64:cd:f4:6a:67:91:22:dd:1f:5c:e6:4b:a3:80:d1:f8:b1:c5:3:57:67:e2:41:9c:ce:6:72:a0:b3:df:5c:b5:6d:1f:48:40:e8:
CRC:8c40f9bc

-=-=-=-=-=-=-=-=-=-=-=-=-=-=-=-=-=-=-=-=-=-=-=-
-=-=-=-=-=-=Packed MEM Data-=-=-=-=-=-=-=-=-=-
9b9bb6077db0f049:90134d03af1f6703:11f4f9976aa61f89:498312638ea5a158:6034dd09afa7836f:5764cdf46a679122:dd1f5ce64ba380d1:f8b1c5035767e241:9cce0672a0b3df5c:b56d1f4840e80000:
-=-=-=-=-=-=-=-=-=-=-=-=-=-=-=-=-=-=-=-=-=-=-=-
-=-=-=-=-=-=-=-=-=-=MEM FILL-=-=-=-=-=-=-=-=-=-=-=-=-=-=-=-=-=
9b9bb6077db0f049 stored @ mem location: ff0aa010
90134d03af1f6703 stored @ mem location: ffb5d240
11f4f9976aa61f89 stored @ mem location: ff6aad90
498312638ea5a158 stored @ mem location: ff205a90
6034dd09afa7836f stored @ mem location: ff363120
5764cdf46a679122 stored @ mem location: ffdc5d80
dd1f5ce64ba380d1 stored @ mem location: ff271ce0
f8b1c5035767e241 stored @ mem location: ff3d3350
9cce0672a0b3df5c stored @ mem location: ff4aabb0
b56d1f4840e80000 stored @ mem location: ff1eb490
-=-=-=-=-=-=-=-=-=-=-=-=-=-=-=-=-=-=-=-=-=-=-=-=-=-=-=-=-=-=-=
-=-=-=-=-=-=-=-=-=-=MEM DISP-=-=-=-=-=-=-=-=-=-=-=-=-=-=-=-=-=
mem_location: ff0aa010 :: data_stored: 9b9bb6077db0f049
mem_location: ff0aa018 :: data_stored: 00000000ffb5d240
mem_location: ff1eb490 :: data_stored: b56d1f4840e80000
mem_location: ff1eb498 :: data_stored: 00000000ff0aa010
mem_location: ff205a90 :: data_stored: 498312638ea5a158
mem_location: ff205a98 :: data_stored: 00000000ff363120
mem_location: ff271ce0 :: data_stored: dd1f5ce64ba380d1
mem_location: ff271ce8 :: data_stored: 00000000ff3d3350
mem_location: ff363120 :: data_stored: 6034dd09afa7836f
mem_location: ff363128 :: data_stored: 00000000ffdc5d80
mem_location: ff3d3350 :: data_stored: f8b1c5035767e241
mem_location: ff3d3358 :: data_stored: 00000000ff4aabb0
mem_location: ff4aabb0 :: data_stored: 9cce0672a0b3df5c
mem_location: ff4aabb8 :: data_stored: 00000000ff1eb490
mem_location: ff6aad90 :: data_stored: 11f4f9976aa61f89
mem_location: ff6aad98 :: data_stored: 00000000ff205a90
mem_location: ffb5d240 :: data_stored: 90134d03af1f6703
mem_location: ffb5d248 :: data_stored: 00000000ff6aad90
mem_location: ffdc5d80 :: data_stored: 5764cdf46a679122
mem_location: ffdc5d88 :: data_stored: 00000000ff271ce0
-=-=-=-=-=-=-=-=-=-=-=-=-=-=-=-=-=-=-=-=-=-=-=-=-=-=-=-=-=-=-=
-=-=-=-=-=-=-=-=-=-=-=-=-=LINK WALK-=-=-=-=-=-=-=-=-=-=-=-=-=-=-=-=
MEM_ADDR:ff0aa010 MEM_DATA:9b9bb6077db0f049
MEM_ADDR:ffb5d240 MEM_DATA:90134d03af1f6703
MEM_ADDR:ff6aad90 MEM_DATA:11f4f9976aa61f89
MEM_ADDR:ff205a90 MEM_DATA:498312638ea5a158
MEM_ADDR:ff363120 MEM_DATA:6034dd09afa7836f
MEM_ADDR:ffdc5d80 MEM_DATA:5764cdf46a679122
MEM_ADDR:ff271ce0 MEM_DATA:dd1f5ce64ba380d1
MEM_ADDR:ff3d3350 MEM_DATA:f8b1c5035767e241
MEM_ADDR:ff4aabb0 MEM_DATA:9cce0672a0b3df5c
MEM_ADDR:ff1eb490 MEM_DATA:b56d1f4840e80000
-=-=-=-=-=-=-=-=-=-=-=-=-=-=-=-=-=-=-=-=-=-=-=-=-=-=-=-=-=-=-=-=-=-=
-----exp_str store-----
9b9bb6077db0f04990134d03af1f670311f4f9976aa61f89498312638ea5a1586034dd09afa7836f5764cdf46a679122dd1f5ce64ba380d1f8b1c5035767e2419cce0672a0b3df5cb56d1f4840e88c40f9bc
----------------------
-=-=-=-=-=-=-=-=-=-=-LINK HDR-=-=-=-=-==-=-=-=-=-=-=-=-=-=-=-=
link_hdr head_ptr:ff0aa010 Ctrl_data:000afc01
-=-=-=-=-=-=-=-=-=-=-=-=-=-=-=-=-=-=-=-=-=-=-=-=-=-=-=-=-=-=-=
ETH_TB::axi_waddr:0ffff0008 axi_wdata:ff0aa010000afc01
-=-=-=-=-=-=-=-=-=-=RAW PKT-=-=-=-=-=-=-=-=-=-=-=-=-=-=-=-=-=
356a8a0d2d7ae59e0f6295de34d43bdb6ed674afcf9265b96c1d26b13f9e388d618c98a3ad5af8279fa2f7c7f4c923af7962dd39a51ab97fba260f0306dc87fc444155f95b480ab0871266fee7ca
-=-=-=-=-=-=-=-=-=-=-=-=-=-=-=-=-=-=-=-=-=-=-=-=-=-=-=-=-=-=-
-=-=-=-=-=-=-=-=-=-=RAW PKT CRC-=-=-=-=-=-=-=-=-=-=-=-=-=-=-=-=-=
356a8a0d2d7ae59e0f6295de34d43bdb6ed674afcf9265b96c1d26b13f9e388d618c98a3ad5af8279fa2f7c7f4c923af7962dd39a51ab97fba260f0306dc87fc444155f95b480ab0871266fee7cae937dabc
-=-=-=-=-=-=-=-=-=-=-=-=-=-=-=-=-=-=-=-=-=-=-=-=-=-=-=-=-=-=-
-=-=-=-=-=-=-=-=-=-=STR RAW PKT CRC-=-=-=-=-=-=-=-=-=-=-=-=-=-=-=-=-=
356a8a0d2d7ae59e0f6295de34d43bdb6ed674afcf9265b96c1d26b13f9e388d618c98a3ad5af8279fa2f7c7f4c923af7962dd39a51ab97fba260f0306dc87fc444155f95b480ab0871266fee7cae937dabc
-=-=-=-=-=-=-=-=-=-=-=-=-=-=-=-=-=-=-=-=-=-=-=-=-=-=-=-=-=-=-
=-=-=-=-=-=-=-=-=-=-=-=ETHERNET FRAME=-=-=-=-=-=-=-=-=-=-=-=-=-=-=-
DA:35::6a::8a::d::2d::7a
SA:e5::9e::f::62::95::de
ETHER_TYPE:34d4
PAYLOAD:
3b:db:6e:d6:74:af:cf:92:65:b9:6c:1d:26:b1:3f:9e:38:8d:61:8c:98:a3:ad:5a:f8:27:9f:a2:f7:c7:f4:c9:23:af:79:62:dd:39:a5:1a:b9:7f:ba:26:f:3:6:dc:87:fc:44:41:55:f9:5b:48:a:b0:87:12:66:fe:e7:ca:
CRC:e937dabc

-=-=-=-=-=-=-=-=-=-=-=-=-=-=-=-=-=-=-=-=-=-=-=-
-=-=-=-=-=-=Packed MEM Data-=-=-=-=-=-=-=-=-=-
356a8a0d2d7ae59e:f6295de34d43bdb:6ed674afcf9265b9:6c1d26b13f9e388d:618c98a3ad5af827:9fa2f7c7f4c923af:7962dd39a51ab97f:ba260f0306dc87fc:444155f95b480ab0:871266fee7ca0000:
-=-=-=-=-=-=-=-=-=-=-=-=-=-=-=-=-=-=-=-=-=-=-=-
-=-=-=-=-=-=-=-=-=-=MEM FILL-=-=-=-=-=-=-=-=-=-=-=-=-=-=-=-=-=
356a8a0d2d7ae59e stored @ mem location: ffa107a0
0f6295de34d43bdb stored @ mem location: ffb91c90
6ed674afcf9265b9 stored @ mem location: ffd1b5a0
6c1d26b13f9e388d stored @ mem location: ff9a51f0
618c98a3ad5af827 stored @ mem location: ffaadc30
9fa2f7c7f4c923af stored @ mem location: ff275570
7962dd39a51ab97f stored @ mem location: ff9e00d0
ba260f0306dc87fc stored @ mem location: ffa83df0
444155f95b480ab0 stored @ mem location: ffdf5450
871266fee7ca0000 stored @ mem location: ffd6fd70
-=-=-=-=-=-=-=-=-=-=-=-=-=-=-=-=-=-=-=-=-=-=-=-=-=-=-=-=-=-=-=
-=-=-=-=-=-=-=-=-=-=MEM DISP-=-=-=-=-=-=-=-=-=-=-=-=-=-=-=-=-=
mem_location: ff0aa010 :: data_stored: 9b9bb6077db0f049
mem_location: ff0aa018 :: data_stored: 00000000ffb5d240
mem_location: ff1eb490 :: data_stored: b56d1f4840e80000
mem_location: ff1eb498 :: data_stored: 00000000ff0aa010
mem_location: ff205a90 :: data_stored: 498312638ea5a158
mem_location: ff205a98 :: data_stored: 00000000ff363120
mem_location: ff271ce0 :: data_stored: dd1f5ce64ba380d1
mem_location: ff271ce8 :: data_stored: 00000000ff3d3350
mem_location: ff275570 :: data_stored: 9fa2f7c7f4c923af
mem_location: ff275578 :: data_stored: 00000000ff9e00d0
mem_location: ff363120 :: data_stored: 6034dd09afa7836f
mem_location: ff363128 :: data_stored: 00000000ffdc5d80
mem_location: ff3d3350 :: data_stored: f8b1c5035767e241
mem_location: ff3d3358 :: data_stored: 00000000ff4aabb0
mem_location: ff4aabb0 :: data_stored: 9cce0672a0b3df5c
mem_location: ff4aabb8 :: data_stored: 00000000ff1eb490
mem_location: ff6aad90 :: data_stored: 11f4f9976aa61f89
mem_location: ff6aad98 :: data_stored: 00000000ff205a90
mem_location: ff9a51f0 :: data_stored: 6c1d26b13f9e388d
mem_location: ff9a51f8 :: data_stored: 00000000ffaadc30
mem_location: ff9e00d0 :: data_stored: 7962dd39a51ab97f
mem_location: ff9e00d8 :: data_stored: 00000000ffa83df0
mem_location: ffa107a0 :: data_stored: 356a8a0d2d7ae59e
mem_location: ffa107a8 :: data_stored: 00000000ffb91c90
mem_location: ffa83df0 :: data_stored: ba260f0306dc87fc
mem_location: ffa83df8 :: data_stored: 00000000ffdf5450
mem_location: ffaadc30 :: data_stored: 618c98a3ad5af827
mem_location: ffaadc38 :: data_stored: 00000000ff275570
mem_location: ffb5d240 :: data_stored: 90134d03af1f6703
mem_location: ffb5d248 :: data_stored: 00000000ff6aad90
mem_location: ffb91c90 :: data_stored: 0f6295de34d43bdb
mem_location: ffb91c98 :: data_stored: 00000000ffd1b5a0
mem_location: ffd1b5a0 :: data_stored: 6ed674afcf9265b9
mem_location: ffd1b5a8 :: data_stored: 00000000ff9a51f0
mem_location: ffd6fd70 :: data_stored: 871266fee7ca0000
mem_location: ffd6fd78 :: data_stored: 00000000ffa107a0
mem_location: ffdc5d80 :: data_stored: 5764cdf46a679122
mem_location: ffdc5d88 :: data_stored: 00000000ff271ce0
mem_location: ffdf5450 :: data_stored: 444155f95b480ab0
mem_location: ffdf5458 :: data_stored: 00000000ffd6fd70
-=-=-=-=-=-=-=-=-=-=-=-=-=-=-=-=-=-=-=-=-=-=-=-=-=-=-=-=-=-=-=
-=-=-=-=-=-=-=-=-=-=-=-=-=LINK WALK-=-=-=-=-=-=-=-=-=-=-=-=-=-=-=-=
MEM_ADDR:ffa107a0 MEM_DATA:356a8a0d2d7ae59e
MEM_ADDR:ffb91c90 MEM_DATA:0f6295de34d43bdb
MEM_ADDR:ffd1b5a0 MEM_DATA:6ed674afcf9265b9
MEM_ADDR:ff9a51f0 MEM_DATA:6c1d26b13f9e388d
MEM_ADDR:ffaadc30 MEM_DATA:618c98a3ad5af827
MEM_ADDR:ff275570 MEM_DATA:9fa2f7c7f4c923af
MEM_ADDR:ff9e00d0 MEM_DATA:7962dd39a51ab97f
MEM_ADDR:ffa83df0 MEM_DATA:ba260f0306dc87fc
MEM_ADDR:ffdf5450 MEM_DATA:444155f95b480ab0
MEM_ADDR:ffd6fd70 MEM_DATA:871266fee7ca0000
-=-=-=-=-=-=-=-=-=-=-=-=-=-=-=-=-=-=-=-=-=-=-=-=-=-=-=-=-=-=-=-=-=-=
-----exp_str store-----
356a8a0d2d7ae59e0f6295de34d43bdb6ed674afcf9265b96c1d26b13f9e388d618c98a3ad5af8279fa2f7c7f4c923af7962dd39a51ab97fba260f0306dc87fc444155f95b480ab0871266fee7cae937dabc
----------------------
-=-=-=-=-=-=-=-=-=-=-LINK HDR-=-=-=-=-==-=-=-=-=-=-=-=-=-=-=-=
link_hdr head_ptr:ffa107a0 Ctrl_data:000afc40
-=-=-=-=-=-=-=-=-=-=-=-=-=-=-=-=-=-=-=-=-=-=-=-=-=-=-=-=-=-=-=
ETH_TB::axi_waddr:0ffff0010 axi_wdata:ffa107a0000afc40
-=-=-=-=-=-=-=-=-=-=RAW PKT-=-=-=-=-=-=-=-=-=-=-=-=-=-=-=-=-=
ee784da340dc169c4f0dcd6e092fb1ad099928356e0b86d615440dcfe852b34fadcfd0b6fe185f8e5b280a438bd366559a645a32b5f3e3a9c50bab1b571798be69bff84d701039127825aa83d64e
-=-=-=-=-=-=-=-=-=-=-=-=-=-=-=-=-=-=-=-=-=-=-=-=-=-=-=-=-=-=-
-=-=-=-=-=-=-=-=-=-=RAW PKT CRC-=-=-=-=-=-=-=-=-=-=-=-=-=-=-=-=-=
ee784da340dc169c4f0dcd6e092fb1ad099928356e0b86d615440dcfe852b34fadcfd0b6fe185f8e5b280a438bd366559a645a32b5f3e3a9c50bab1b571798be69bff84d701039127825aa83d64e99b8541e
-=-=-=-=-=-=-=-=-=-=-=-=-=-=-=-=-=-=-=-=-=-=-=-=-=-=-=-=-=-=-
-=-=-=-=-=-=-=-=-=-=STR RAW PKT CRC-=-=-=-=-=-=-=-=-=-=-=-=-=-=-=-=-=
ee784da340dc169c4f0dcd6e092fb1ad099928356e0b86d615440dcfe852b34fadcfd0b6fe185f8e5b280a438bd366559a645a32b5f3e3a9c50bab1b571798be69bff84d701039127825aa83d64e99b8541e
-=-=-=-=-=-=-=-=-=-=-=-=-=-=-=-=-=-=-=-=-=-=-=-=-=-=-=-=-=-=-
=-=-=-=-=-=-=-=-=-=-=-=ETHERNET FRAME=-=-=-=-=-=-=-=-=-=-=-=-=-=-=-
DA:ee::78::4d::a3::40::dc
SA:16::9c::4f::d::cd::6e
ETHER_TYPE:92f
PAYLOAD:
b1:ad:9:99:28:35:6e:b:86:d6:15:44:d:cf:e8:52:b3:4f:ad:cf:d0:b6:fe:18:5f:8e:5b:28:a:43:8b:d3:66:55:9a:64:5a:32:b5:f3:e3:a9:c5:b:ab:1b:57:17:98:be:69:bf:f8:4d:70:10:39:12:78:25:aa:83:d6:4e:
CRC:99b8541e

-=-=-=-=-=-=-=-=-=-=-=-=-=-=-=-=-=-=-=-=-=-=-=-
-=-=-=-=-=-=Packed MEM Data-=-=-=-=-=-=-=-=-=-
ee784da340dc169c:4f0dcd6e092fb1ad:99928356e0b86d6:15440dcfe852b34f:adcfd0b6fe185f8e:5b280a438bd36655:9a645a32b5f3e3a9:c50bab1b571798be:69bff84d70103912:7825aa83d64e0000:
-=-=-=-=-=-=-=-=-=-=-=-=-=-=-=-=-=-=-=-=-=-=-=-
-=-=-=-=-=-=-=-=-=-=MEM FILL-=-=-=-=-=-=-=-=-=-=-=-=-=-=-=-=-=
ee784da340dc169c stored @ mem location: ff5e5700
4f0dcd6e092fb1ad stored @ mem location: ff85e320
099928356e0b86d6 stored @ mem location: fface4d0
15440dcfe852b34f stored @ mem location: ffec5020
adcfd0b6fe185f8e stored @ mem location: ffbf4d20
5b280a438bd36655 stored @ mem location: ffdd19d0
9a645a32b5f3e3a9 stored @ mem location: ff65c520
c50bab1b571798be stored @ mem location: ff5f66f0
69bff84d70103912 stored @ mem location: ffcef170
7825aa83d64e0000 stored @ mem location: ff737990
-=-=-=-=-=-=-=-=-=-=-=-=-=-=-=-=-=-=-=-=-=-=-=-=-=-=-=-=-=-=-=
-=-=-=-=-=-=-=-=-=-=MEM DISP-=-=-=-=-=-=-=-=-=-=-=-=-=-=-=-=-=
mem_location: ff0aa010 :: data_stored: 9b9bb6077db0f049
mem_location: ff0aa018 :: data_stored: 00000000ffb5d240
mem_location: ff1eb490 :: data_stored: b56d1f4840e80000
mem_location: ff1eb498 :: data_stored: 00000000ff0aa010
mem_location: ff205a90 :: data_stored: 498312638ea5a158
mem_location: ff205a98 :: data_stored: 00000000ff363120
mem_location: ff271ce0 :: data_stored: dd1f5ce64ba380d1
mem_location: ff271ce8 :: data_stored: 00000000ff3d3350
mem_location: ff275570 :: data_stored: 9fa2f7c7f4c923af
mem_location: ff275578 :: data_stored: 00000000ff9e00d0
mem_location: ff363120 :: data_stored: 6034dd09afa7836f
mem_location: ff363128 :: data_stored: 00000000ffdc5d80
mem_location: ff3d3350 :: data_stored: f8b1c5035767e241
mem_location: ff3d3358 :: data_stored: 00000000ff4aabb0
mem_location: ff4aabb0 :: data_stored: 9cce0672a0b3df5c
mem_location: ff4aabb8 :: data_stored: 00000000ff1eb490
mem_location: ff5e5700 :: data_stored: ee784da340dc169c
mem_location: ff5e5708 :: data_stored: 00000000ff85e320
mem_location: ff5f66f0 :: data_stored: c50bab1b571798be
mem_location: ff5f66f8 :: data_stored: 00000000ffcef170
mem_location: ff65c520 :: data_stored: 9a645a32b5f3e3a9
mem_location: ff65c528 :: data_stored: 00000000ff5f66f0
mem_location: ff6aad90 :: data_stored: 11f4f9976aa61f89
mem_location: ff6aad98 :: data_stored: 00000000ff205a90
mem_location: ff737990 :: data_stored: 7825aa83d64e0000
mem_location: ff737998 :: data_stored: 00000000ff5e5700
mem_location: ff85e320 :: data_stored: 4f0dcd6e092fb1ad
mem_location: ff85e328 :: data_stored: 00000000fface4d0
mem_location: ff9a51f0 :: data_stored: 6c1d26b13f9e388d
mem_location: ff9a51f8 :: data_stored: 00000000ffaadc30
mem_location: ff9e00d0 :: data_stored: 7962dd39a51ab97f
mem_location: ff9e00d8 :: data_stored: 00000000ffa83df0
mem_location: ffa107a0 :: data_stored: 356a8a0d2d7ae59e
mem_location: ffa107a8 :: data_stored: 00000000ffb91c90
mem_location: ffa83df0 :: data_stored: ba260f0306dc87fc
mem_location: ffa83df8 :: data_stored: 00000000ffdf5450
mem_location: ffaadc30 :: data_stored: 618c98a3ad5af827
mem_location: ffaadc38 :: data_stored: 00000000ff275570
mem_location: fface4d0 :: data_stored: 099928356e0b86d6
mem_location: fface4d8 :: data_stored: 00000000ffec5020
mem_location: ffb5d240 :: data_stored: 90134d03af1f6703
mem_location: ffb5d248 :: data_stored: 00000000ff6aad90
mem_location: ffb91c90 :: data_stored: 0f6295de34d43bdb
mem_location: ffb91c98 :: data_stored: 00000000ffd1b5a0
mem_location: ffbf4d20 :: data_stored: adcfd0b6fe185f8e
mem_location: ffbf4d28 :: data_stored: 00000000ffdd19d0
mem_location: ffcef170 :: data_stored: 69bff84d70103912
mem_location: ffcef178 :: data_stored: 00000000ff737990
mem_location: ffd1b5a0 :: data_stored: 6ed674afcf9265b9
mem_location: ffd1b5a8 :: data_stored: 00000000ff9a51f0
mem_location: ffd6fd70 :: data_stored: 871266fee7ca0000
mem_location: ffd6fd78 :: data_stored: 00000000ffa107a0
mem_location: ffdc5d80 :: data_stored: 5764cdf46a679122
mem_location: ffdc5d88 :: data_stored: 00000000ff271ce0
mem_location: ffdd19d0 :: data_stored: 5b280a438bd36655
mem_location: ffdd19d8 :: data_stored: 00000000ff65c520
mem_location: ffdf5450 :: data_stored: 444155f95b480ab0
mem_location: ffdf5458 :: data_stored: 00000000ffd6fd70
mem_location: ffec5020 :: data_stored: 15440dcfe852b34f
mem_location: ffec5028 :: data_stored: 00000000ffbf4d20
-=-=-=-=-=-=-=-=-=-=-=-=-=-=-=-=-=-=-=-=-=-=-=-=-=-=-=-=-=-=-=
-=-=-=-=-=-=-=-=-=-=-=-=-=LINK WALK-=-=-=-=-=-=-=-=-=-=-=-=-=-=-=-=
MEM_ADDR:ff5e5700 MEM_DATA:ee784da340dc169c
MEM_ADDR:ff85e320 MEM_DATA:4f0dcd6e092fb1ad
MEM_ADDR:fface4d0 MEM_DATA:099928356e0b86d6
MEM_ADDR:ffec5020 MEM_DATA:15440dcfe852b34f
MEM_ADDR:ffbf4d20 MEM_DATA:adcfd0b6fe185f8e
MEM_ADDR:ffdd19d0 MEM_DATA:5b280a438bd36655
MEM_ADDR:ff65c520 MEM_DATA:9a645a32b5f3e3a9
MEM_ADDR:ff5f66f0 MEM_DATA:c50bab1b571798be
MEM_ADDR:ffcef170 MEM_DATA:69bff84d70103912
MEM_ADDR:ff737990 MEM_DATA:7825aa83d64e0000
-=-=-=-=-=-=-=-=-=-=-=-=-=-=-=-=-=-=-=-=-=-=-=-=-=-=-=-=-=-=-=-=-=-=
-----exp_str store-----
ee784da340dc169c4f0dcd6e092fb1ad099928356e0b86d615440dcfe852b34fadcfd0b6fe185f8e5b280a438bd366559a645a32b5f3e3a9c50bab1b571798be69bff84d701039127825aa83d64e99b8541e
----------------------
-=-=-=-=-=-=-=-=-=-=-LINK HDR-=-=-=-=-==-=-=-=-=-=-=-=-=-=-=-=
link_hdr head_ptr:ff5e5700 Ctrl_data:000afc20
-=-=-=-=-=-=-=-=-=-=-=-=-=-=-=-=-=-=-=-=-=-=-=-=-=-=-=-=-=-=-=
ETH_TB::axi_waddr:0ffff0018 axi_wdata:ff5e5700000afc20
-=-=-=-=-=-=-=-=-=-=RAW PKT-=-=-=-=-=-=-=-=-=-=-=-=-=-=-=-=-=
d959f3461d3404f5e922d83f675547461310a23c935b72a9e2b1510035d170b80f30040e30ec3617fe6e603a344c41fca41400a1016c21f4f4a84961892068528eac2eaf9c65560fed943ce1c5fd
-=-=-=-=-=-=-=-=-=-=-=-=-=-=-=-=-=-=-=-=-=-=-=-=-=-=-=-=-=-=-
-=-=-=-=-=-=-=-=-=-=RAW PKT CRC-=-=-=-=-=-=-=-=-=-=-=-=-=-=-=-=-=
d959f3461d3404f5e922d83f675547461310a23c935b72a9e2b1510035d170b80f30040e30ec3617fe6e603a344c41fca41400a1016c21f4f4a84961892068528eac2eaf9c65560fed943ce1c5fd2f3afe50
-=-=-=-=-=-=-=-=-=-=-=-=-=-=-=-=-=-=-=-=-=-=-=-=-=-=-=-=-=-=-
-=-=-=-=-=-=-=-=-=-=STR RAW PKT CRC-=-=-=-=-=-=-=-=-=-=-=-=-=-=-=-=-=
d959f3461d3404f5e922d83f675547461310a23c935b72a9e2b1510035d170b80f30040e30ec3617fe6e603a344c41fca41400a1016c21f4f4a84961892068528eac2eaf9c65560fed943ce1c5fd2f3afe50
-=-=-=-=-=-=-=-=-=-=-=-=-=-=-=-=-=-=-=-=-=-=-=-=-=-=-=-=-=-=-
=-=-=-=-=-=-=-=-=-=-=-=ETHERNET FRAME=-=-=-=-=-=-=-=-=-=-=-=-=-=-=-
DA:d9::59::f3::46::1d::34
SA:4::f5::e9::22::d8::3f
ETHER_TYPE:6755
PAYLOAD:
47:46:13:10:a2:3c:93:5b:72:a9:e2:b1:51:0:35:d1:70:b8:f:30:4:e:30:ec:36:17:fe:6e:60:3a:34:4c:41:fc:a4:14:0:a1:1:6c:21:f4:f4:a8:49:61:89:20:68:52:8e:ac:2e:af:9c:65:56:f:ed:94:3c:e1:c5:fd:
CRC:2f3afe50

-=-=-=-=-=-=-=-=-=-=-=-=-=-=-=-=-=-=-=-=-=-=-=-
-=-=-=-=-=-=Packed MEM Data-=-=-=-=-=-=-=-=-=-
d959f3461d3404f5:e922d83f67554746:1310a23c935b72a9:e2b1510035d170b8:f30040e30ec3617:fe6e603a344c41fc:a41400a1016c21f4:f4a8496189206852:8eac2eaf9c65560f:ed943ce1c5fd0000:
-=-=-=-=-=-=-=-=-=-=-=-=-=-=-=-=-=-=-=-=-=-=-=-
-=-=-=-=-=-=-=-=-=-=MEM FILL-=-=-=-=-=-=-=-=-=-=-=-=-=-=-=-=-=
d959f3461d3404f5 stored @ mem location: fffdfd90
e922d83f67554746 stored @ mem location: ff0da5f0
1310a23c935b72a9 stored @ mem location: ff56dbd0
e2b1510035d170b8 stored @ mem location: ff231da0
0f30040e30ec3617 stored @ mem location: ff3e5ca0
fe6e603a344c41fc stored @ mem location: ff542920
a41400a1016c21f4 stored @ mem location: ff03b4f0
f4a8496189206852 stored @ mem location: ffdfec60
8eac2eaf9c65560f stored @ mem location: ff417630
ed943ce1c5fd0000 stored @ mem location: ff9f6ce0
-=-=-=-=-=-=-=-=-=-=-=-=-=-=-=-=-=-=-=-=-=-=-=-=-=-=-=-=-=-=-=
-=-=-=-=-=-=-=-=-=-=MEM DISP-=-=-=-=-=-=-=-=-=-=-=-=-=-=-=-=-=
mem_location: ff03b4f0 :: data_stored: a41400a1016c21f4
mem_location: ff03b4f8 :: data_stored: 00000000ffdfec60
mem_location: ff0aa010 :: data_stored: 9b9bb6077db0f049
mem_location: ff0aa018 :: data_stored: 00000000ffb5d240
mem_location: ff0da5f0 :: data_stored: e922d83f67554746
mem_location: ff0da5f8 :: data_stored: 00000000ff56dbd0
mem_location: ff1eb490 :: data_stored: b56d1f4840e80000
mem_location: ff1eb498 :: data_stored: 00000000ff0aa010
mem_location: ff205a90 :: data_stored: 498312638ea5a158
mem_location: ff205a98 :: data_stored: 00000000ff363120
mem_location: ff231da0 :: data_stored: e2b1510035d170b8
mem_location: ff231da8 :: data_stored: 00000000ff3e5ca0
mem_location: ff271ce0 :: data_stored: dd1f5ce64ba380d1
mem_location: ff271ce8 :: data_stored: 00000000ff3d3350
mem_location: ff275570 :: data_stored: 9fa2f7c7f4c923af
mem_location: ff275578 :: data_stored: 00000000ff9e00d0
mem_location: ff363120 :: data_stored: 6034dd09afa7836f
mem_location: ff363128 :: data_stored: 00000000ffdc5d80
mem_location: ff3d3350 :: data_stored: f8b1c5035767e241
mem_location: ff3d3358 :: data_stored: 00000000ff4aabb0
mem_location: ff3e5ca0 :: data_stored: 0f30040e30ec3617
mem_location: ff3e5ca8 :: data_stored: 00000000ff542920
mem_location: ff417630 :: data_stored: 8eac2eaf9c65560f
mem_location: ff417638 :: data_stored: 00000000ff9f6ce0
mem_location: ff4aabb0 :: data_stored: 9cce0672a0b3df5c
mem_location: ff4aabb8 :: data_stored: 00000000ff1eb490
mem_location: ff542920 :: data_stored: fe6e603a344c41fc
mem_location: ff542928 :: data_stored: 00000000ff03b4f0
mem_location: ff56dbd0 :: data_stored: 1310a23c935b72a9
mem_location: ff56dbd8 :: data_stored: 00000000ff231da0
mem_location: ff5e5700 :: data_stored: ee784da340dc169c
mem_location: ff5e5708 :: data_stored: 00000000ff85e320
mem_location: ff5f66f0 :: data_stored: c50bab1b571798be
mem_location: ff5f66f8 :: data_stored: 00000000ffcef170
mem_location: ff65c520 :: data_stored: 9a645a32b5f3e3a9
mem_location: ff65c528 :: data_stored: 00000000ff5f66f0
mem_location: ff6aad90 :: data_stored: 11f4f9976aa61f89
mem_location: ff6aad98 :: data_stored: 00000000ff205a90
mem_location: ff737990 :: data_stored: 7825aa83d64e0000
mem_location: ff737998 :: data_stored: 00000000ff5e5700
mem_location: ff85e320 :: data_stored: 4f0dcd6e092fb1ad
mem_location: ff85e328 :: data_stored: 00000000fface4d0
mem_location: ff9a51f0 :: data_stored: 6c1d26b13f9e388d
mem_location: ff9a51f8 :: data_stored: 00000000ffaadc30
mem_location: ff9e00d0 :: data_stored: 7962dd39a51ab97f
mem_location: ff9e00d8 :: data_stored: 00000000ffa83df0
mem_location: ff9f6ce0 :: data_stored: ed943ce1c5fd0000
mem_location: ff9f6ce8 :: data_stored: 00000000fffdfd90
mem_location: ffa107a0 :: data_stored: 356a8a0d2d7ae59e
mem_location: ffa107a8 :: data_stored: 00000000ffb91c90
mem_location: ffa83df0 :: data_stored: ba260f0306dc87fc
mem_location: ffa83df8 :: data_stored: 00000000ffdf5450
mem_location: ffaadc30 :: data_stored: 618c98a3ad5af827
mem_location: ffaadc38 :: data_stored: 00000000ff275570
mem_location: fface4d0 :: data_stored: 099928356e0b86d6
mem_location: fface4d8 :: data_stored: 00000000ffec5020
mem_location: ffb5d240 :: data_stored: 90134d03af1f6703
mem_location: ffb5d248 :: data_stored: 00000000ff6aad90
mem_location: ffb91c90 :: data_stored: 0f6295de34d43bdb
mem_location: ffb91c98 :: data_stored: 00000000ffd1b5a0
mem_location: ffbf4d20 :: data_stored: adcfd0b6fe185f8e
mem_location: ffbf4d28 :: data_stored: 00000000ffdd19d0
mem_location: ffcef170 :: data_stored: 69bff84d70103912
mem_location: ffcef178 :: data_stored: 00000000ff737990
mem_location: ffd1b5a0 :: data_stored: 6ed674afcf9265b9
mem_location: ffd1b5a8 :: data_stored: 00000000ff9a51f0
mem_location: ffd6fd70 :: data_stored: 871266fee7ca0000
mem_location: ffd6fd78 :: data_stored: 00000000ffa107a0
mem_location: ffdc5d80 :: data_stored: 5764cdf46a679122
mem_location: ffdc5d88 :: data_stored: 00000000ff271ce0
mem_location: ffdd19d0 :: data_stored: 5b280a438bd36655
mem_location: ffdd19d8 :: data_stored: 00000000ff65c520
mem_location: ffdf5450 :: data_stored: 444155f95b480ab0
mem_location: ffdf5458 :: data_stored: 00000000ffd6fd70
mem_location: ffdfec60 :: data_stored: f4a8496189206852
mem_location: ffdfec68 :: data_stored: 00000000ff417630
mem_location: ffec5020 :: data_stored: 15440dcfe852b34f
mem_location: ffec5028 :: data_stored: 00000000ffbf4d20
mem_location: fffdfd90 :: data_stored: d959f3461d3404f5
mem_location: fffdfd98 :: data_stored: 00000000ff0da5f0
-=-=-=-=-=-=-=-=-=-=-=-=-=-=-=-=-=-=-=-=-=-=-=-=-=-=-=-=-=-=-=
-=-=-=-=-=-=-=-=-=-=-=-=-=LINK WALK-=-=-=-=-=-=-=-=-=-=-=-=-=-=-=-=
MEM_ADDR:fffdfd90 MEM_DATA:d959f3461d3404f5
MEM_ADDR:ff0da5f0 MEM_DATA:e922d83f67554746
MEM_ADDR:ff56dbd0 MEM_DATA:1310a23c935b72a9
MEM_ADDR:ff231da0 MEM_DATA:e2b1510035d170b8
MEM_ADDR:ff3e5ca0 MEM_DATA:0f30040e30ec3617
MEM_ADDR:ff542920 MEM_DATA:fe6e603a344c41fc
MEM_ADDR:ff03b4f0 MEM_DATA:a41400a1016c21f4
MEM_ADDR:ffdfec60 MEM_DATA:f4a8496189206852
MEM_ADDR:ff417630 MEM_DATA:8eac2eaf9c65560f
MEM_ADDR:ff9f6ce0 MEM_DATA:ed943ce1c5fd0000
-=-=-=-=-=-=-=-=-=-=-=-=-=-=-=-=-=-=-=-=-=-=-=-=-=-=-=-=-=-=-=-=-=-=
-----exp_str store-----
d959f3461d3404f5e922d83f675547461310a23c935b72a9e2b1510035d170b80f30040e30ec3617fe6e603a344c41fca41400a1016c21f4f4a84961892068528eac2eaf9c65560fed943ce1c5fd2f3afe50
----------------------
-=-=-=-=-=-=-=-=-=-=-LINK HDR-=-=-=-=-==-=-=-=-=-=-=-=-=-=-=-=
link_hdr head_ptr:fffdfd90 Ctrl_data:000afc01
-=-=-=-=-=-=-=-=-=-=-=-=-=-=-=-=-=-=-=-=-=-=-=-=-=-=-=-=-=-=-=
ETH_TB::axi_waddr:0ffff0020 axi_wdata:fffdfd90000afc01
-=-=-=-=-=-=-=-=-=-=RAW PKT-=-=-=-=-=-=-=-=-=-=-=-=-=-=-=-=-=
6f7472536febbcc6a785132b972dbf047adda65e0eff7c1236839797f7b623bde2985cb0897bf6f99661e7090eea199b0f9e03289f0262628df88dc2d1850c7fad7f6f1fba18e5dae78f6d76714
-=-=-=-=-=-=-=-=-=-=-=-=-=-=-=-=-=-=-=-=-=-=-=-=-=-=-=-=-=-=-
-=-=-=-=-=-=-=-=-=-=RAW PKT CRC-=-=-=-=-=-=-=-=-=-=-=-=-=-=-=-=-=
6f7472536febbcc6a785132b972dbf047adda65e0eff7c1236839797f7b623bde2985cb0897bf6f99661e7090eea199b0f9e03289f0262628df88dc2d1850c7fad7f6f1fba18e5dae78f6d76714251327d2
-=-=-=-=-=-=-=-=-=-=-=-=-=-=-=-=-=-=-=-=-=-=-=-=-=-=-=-=-=-=-
-=-=-=-=-=-=-=-=-=-=STR RAW PKT CRC-=-=-=-=-=-=-=-=-=-=-=-=-=-=-=-=-=
06f7472536febbcc6a785132b972dbf047adda65e0eff7c1236839797f7b623bde2985cb0897bf6f99661e7090eea199b0f9e03289f0262628df88dc2d1850c7fad7f6f1fba18e5dae78f6d76714251327d2
-=-=-=-=-=-=-=-=-=-=-=-=-=-=-=-=-=-=-=-=-=-=-=-=-=-=-=-=-=-=-
=-=-=-=-=-=-=-=-=-=-=-=ETHERNET FRAME=-=-=-=-=-=-=-=-=-=-=-=-=-=-=-
DA:6::f7::47::25::36::fe
SA:bb::cc::6a::78::51::32
ETHER_TYPE:b972
PAYLOAD:
db:f0:47:ad:da:65:e0:ef:f7:c1:23:68:39:79:7f:7b:62:3b:de:29:85:cb:8:97:bf:6f:99:66:1e:70:90:ee:a1:99:b0:f9:e0:32:89:f0:26:26:28:df:88:dc:2d:18:50:c7:fa:d7:f6:f1:fb:a1:8e:5d:ae:78:f6:d7:67:14:
CRC:251327d2

-=-=-=-=-=-=-=-=-=-=-=-=-=-=-=-=-=-=-=-=-=-=-=-
-=-=-=-=-=-=Packed MEM Data-=-=-=-=-=-=-=-=-=-
6f7472536febbcc:6a785132b972dbf0:47adda65e0eff7c1:236839797f7b623b:de2985cb0897bf6f:99661e7090eea199:b0f9e03289f02626:28df88dc2d1850c7:fad7f6f1fba18e5d:ae78f6d767140000:
-=-=-=-=-=-=-=-=-=-=-=-=-=-=-=-=-=-=-=-=-=-=-=-
-=-=-=-=-=-=-=-=-=-=MEM FILL-=-=-=-=-=-=-=-=-=-=-=-=-=-=-=-=-=
06f7472536febbcc stored @ mem location: ff3ca510
6a785132b972dbf0 stored @ mem location: ffcc0160
47adda65e0eff7c1 stored @ mem location: ffef6c90
236839797f7b623b stored @ mem location: ff270420
de2985cb0897bf6f stored @ mem location: ff6c68b0
99661e7090eea199 stored @ mem location: fff94480
b0f9e03289f02626 stored @ mem location: ffdfa4d0
28df88dc2d1850c7 stored @ mem location: ff46e680
fad7f6f1fba18e5d stored @ mem location: ff920830
ae78f6d767140000 stored @ mem location: ff903260
-=-=-=-=-=-=-=-=-=-=-=-=-=-=-=-=-=-=-=-=-=-=-=-=-=-=-=-=-=-=-=
-=-=-=-=-=-=-=-=-=-=MEM DISP-=-=-=-=-=-=-=-=-=-=-=-=-=-=-=-=-=
mem_location: ff03b4f0 :: data_stored: a41400a1016c21f4
mem_location: ff03b4f8 :: data_stored: 00000000ffdfec60
mem_location: ff0aa010 :: data_stored: 9b9bb6077db0f049
mem_location: ff0aa018 :: data_stored: 00000000ffb5d240
mem_location: ff0da5f0 :: data_stored: e922d83f67554746
mem_location: ff0da5f8 :: data_stored: 00000000ff56dbd0
mem_location: ff1eb490 :: data_stored: b56d1f4840e80000
mem_location: ff1eb498 :: data_stored: 00000000ff0aa010
mem_location: ff205a90 :: data_stored: 498312638ea5a158
mem_location: ff205a98 :: data_stored: 00000000ff363120
mem_location: ff231da0 :: data_stored: e2b1510035d170b8
mem_location: ff231da8 :: data_stored: 00000000ff3e5ca0
mem_location: ff270420 :: data_stored: 236839797f7b623b
mem_location: ff270428 :: data_stored: 00000000ff6c68b0
mem_location: ff271ce0 :: data_stored: dd1f5ce64ba380d1
mem_location: ff271ce8 :: data_stored: 00000000ff3d3350
mem_location: ff275570 :: data_stored: 9fa2f7c7f4c923af
mem_location: ff275578 :: data_stored: 00000000ff9e00d0
mem_location: ff363120 :: data_stored: 6034dd09afa7836f
mem_location: ff363128 :: data_stored: 00000000ffdc5d80
mem_location: ff3ca510 :: data_stored: 06f7472536febbcc
mem_location: ff3ca518 :: data_stored: 00000000ffcc0160
mem_location: ff3d3350 :: data_stored: f8b1c5035767e241
mem_location: ff3d3358 :: data_stored: 00000000ff4aabb0
mem_location: ff3e5ca0 :: data_stored: 0f30040e30ec3617
mem_location: ff3e5ca8 :: data_stored: 00000000ff542920
mem_location: ff417630 :: data_stored: 8eac2eaf9c65560f
mem_location: ff417638 :: data_stored: 00000000ff9f6ce0
mem_location: ff46e680 :: data_stored: 28df88dc2d1850c7
mem_location: ff46e688 :: data_stored: 00000000ff920830
mem_location: ff4aabb0 :: data_stored: 9cce0672a0b3df5c
mem_location: ff4aabb8 :: data_stored: 00000000ff1eb490
mem_location: ff542920 :: data_stored: fe6e603a344c41fc
mem_location: ff542928 :: data_stored: 00000000ff03b4f0
mem_location: ff56dbd0 :: data_stored: 1310a23c935b72a9
mem_location: ff56dbd8 :: data_stored: 00000000ff231da0
mem_location: ff5e5700 :: data_stored: ee784da340dc169c
mem_location: ff5e5708 :: data_stored: 00000000ff85e320
mem_location: ff5f66f0 :: data_stored: c50bab1b571798be
mem_location: ff5f66f8 :: data_stored: 00000000ffcef170
mem_location: ff65c520 :: data_stored: 9a645a32b5f3e3a9
mem_location: ff65c528 :: data_stored: 00000000ff5f66f0
mem_location: ff6aad90 :: data_stored: 11f4f9976aa61f89
mem_location: ff6aad98 :: data_stored: 00000000ff205a90
mem_location: ff6c68b0 :: data_stored: de2985cb0897bf6f
mem_location: ff6c68b8 :: data_stored: 00000000fff94480
mem_location: ff737990 :: data_stored: 7825aa83d64e0000
mem_location: ff737998 :: data_stored: 00000000ff5e5700
mem_location: ff85e320 :: data_stored: 4f0dcd6e092fb1ad
mem_location: ff85e328 :: data_stored: 00000000fface4d0
mem_location: ff903260 :: data_stored: ae78f6d767140000
mem_location: ff903268 :: data_stored: 00000000ff3ca510
mem_location: ff920830 :: data_stored: fad7f6f1fba18e5d
mem_location: ff920838 :: data_stored: 00000000ff903260
mem_location: ff9a51f0 :: data_stored: 6c1d26b13f9e388d
mem_location: ff9a51f8 :: data_stored: 00000000ffaadc30
mem_location: ff9e00d0 :: data_stored: 7962dd39a51ab97f
mem_location: ff9e00d8 :: data_stored: 00000000ffa83df0
mem_location: ff9f6ce0 :: data_stored: ed943ce1c5fd0000
mem_location: ff9f6ce8 :: data_stored: 00000000fffdfd90
mem_location: ffa107a0 :: data_stored: 356a8a0d2d7ae59e
mem_location: ffa107a8 :: data_stored: 00000000ffb91c90
mem_location: ffa83df0 :: data_stored: ba260f0306dc87fc
mem_location: ffa83df8 :: data_stored: 00000000ffdf5450
mem_location: ffaadc30 :: data_stored: 618c98a3ad5af827
mem_location: ffaadc38 :: data_stored: 00000000ff275570
mem_location: fface4d0 :: data_stored: 099928356e0b86d6
mem_location: fface4d8 :: data_stored: 00000000ffec5020
mem_location: ffb5d240 :: data_stored: 90134d03af1f6703
mem_location: ffb5d248 :: data_stored: 00000000ff6aad90
mem_location: ffb91c90 :: data_stored: 0f6295de34d43bdb
mem_location: ffb91c98 :: data_stored: 00000000ffd1b5a0
mem_location: ffbf4d20 :: data_stored: adcfd0b6fe185f8e
mem_location: ffbf4d28 :: data_stored: 00000000ffdd19d0
mem_location: ffcc0160 :: data_stored: 6a785132b972dbf0
mem_location: ffcc0168 :: data_stored: 00000000ffef6c90
mem_location: ffcef170 :: data_stored: 69bff84d70103912
mem_location: ffcef178 :: data_stored: 00000000ff737990
mem_location: ffd1b5a0 :: data_stored: 6ed674afcf9265b9
mem_location: ffd1b5a8 :: data_stored: 00000000ff9a51f0
mem_location: ffd6fd70 :: data_stored: 871266fee7ca0000
mem_location: ffd6fd78 :: data_stored: 00000000ffa107a0
mem_location: ffdc5d80 :: data_stored: 5764cdf46a679122
mem_location: ffdc5d88 :: data_stored: 00000000ff271ce0
mem_location: ffdd19d0 :: data_stored: 5b280a438bd36655
mem_location: ffdd19d8 :: data_stored: 00000000ff65c520
mem_location: ffdf5450 :: data_stored: 444155f95b480ab0
mem_location: ffdf5458 :: data_stored: 00000000ffd6fd70
mem_location: ffdfa4d0 :: data_stored: b0f9e03289f02626
mem_location: ffdfa4d8 :: data_stored: 00000000ff46e680
mem_location: ffdfec60 :: data_stored: f4a8496189206852
mem_location: ffdfec68 :: data_stored: 00000000ff417630
mem_location: ffec5020 :: data_stored: 15440dcfe852b34f
mem_location: ffec5028 :: data_stored: 00000000ffbf4d20
mem_location: ffef6c90 :: data_stored: 47adda65e0eff7c1
mem_location: ffef6c98 :: data_stored: 00000000ff270420
mem_location: fff94480 :: data_stored: 99661e7090eea199
mem_location: fff94488 :: data_stored: 00000000ffdfa4d0
mem_location: fffdfd90 :: data_stored: d959f3461d3404f5
mem_location: fffdfd98 :: data_stored: 00000000ff0da5f0
-=-=-=-=-=-=-=-=-=-=-=-=-=-=-=-=-=-=-=-=-=-=-=-=-=-=-=-=-=-=-=
-=-=-=-=-=-=-=-=-=-=-=-=-=LINK WALK-=-=-=-=-=-=-=-=-=-=-=-=-=-=-=-=
MEM_ADDR:ff3ca510 MEM_DATA:06f7472536febbcc
MEM_ADDR:ffcc0160 MEM_DATA:6a785132b972dbf0
MEM_ADDR:ffef6c90 MEM_DATA:47adda65e0eff7c1
MEM_ADDR:ff270420 MEM_DATA:236839797f7b623b
MEM_ADDR:ff6c68b0 MEM_DATA:de2985cb0897bf6f
MEM_ADDR:fff94480 MEM_DATA:99661e7090eea199
MEM_ADDR:ffdfa4d0 MEM_DATA:b0f9e03289f02626
MEM_ADDR:ff46e680 MEM_DATA:28df88dc2d1850c7
MEM_ADDR:ff920830 MEM_DATA:fad7f6f1fba18e5d
MEM_ADDR:ff903260 MEM_DATA:ae78f6d767140000
-=-=-=-=-=-=-=-=-=-=-=-=-=-=-=-=-=-=-=-=-=-=-=-=-=-=-=-=-=-=-=-=-=-=
-----exp_str store-----
06f7472536febbcc6a785132b972dbf047adda65e0eff7c1236839797f7b623bde2985cb0897bf6f99661e7090eea199b0f9e03289f0262628df88dc2d1850c7fad7f6f1fba18e5dae78f6d76714251327d2
----------------------
-=-=-=-=-=-=-=-=-=-=-LINK HDR-=-=-=-=-==-=-=-=-=-=-=-=-=-=-=-=
link_hdr head_ptr:ff3ca510 Ctrl_data:000afc02
-=-=-=-=-=-=-=-=-=-=-=-=-=-=-=-=-=-=-=-=-=-=-=-=-=-=-=-=-=-=-=
ETH_TB::axi_waddr:0ffff0028 axi_wdata:ff3ca510000afc02
235000 tb_axi_slave_model::===========ADDR pushed into FIFO[ 0]:2ff0aa010==========
245000 tb_axi_slave_model::===========ADDR pushed into FIFO[ 1]:2ffa107a0==========
              245000WAIT_FOR_READY====tb_axi_slave_model=====rd_addr_poped:2ff0aa010
255000 tb_axi_slave_model::===========ADDR pushed into FIFO[ 2]:2ff5e5700==========
255000 tb_axi_slave_model::==========Memory freed @ location:ff0aa010=============
265000 tb_axi_slave_model::==========Memory freed @ location:ff0aa018=============
              265000WAIT_FOR_READY====tb_axi_slave_model=====rd_addr_poped:2ffa107a0
275000 tb_axi_slave_model::==========Memory freed @ location:ffa107a0=============
285000 tb_axi_slave_model::==========Memory freed @ location:ffa107a8=============
              285000WAIT_FOR_READY====tb_axi_slave_model=====rd_addr_poped:2ff5e5700
295000 tb_axi_slave_model::===========ADDR pushed into FIFO[ 0]:2ffb5d240==========
295000 tb_axi_slave_model::==========Memory freed @ location:ff5e5700=============
305000 tb_axi_slave_model::===========ADDR pushed into FIFO[ 1]:2ffb91c90==========
305000 tb_axi_slave_model::==========Memory freed @ location:ff5e5708=============
              315000WAIT_FOR_READY====tb_axi_slave_model=====rd_addr_poped:2ffb5d240
325000 tb_axi_slave_model::==========Memory freed @ location:ffb5d240=============
335000 tb_axi_slave_model::===========ADDR pushed into FIFO[ 2]:2ff85e320==========
335000 tb_axi_slave_model::==========Memory freed @ location:ffb5d248=============
              335000WAIT_FOR_READY====tb_axi_slave_model=====rd_addr_poped:2ffb91c90
345000 tb_axi_slave_model::==========Memory freed @ location:ffb91c90=============
355000 tb_axi_slave_model::==========Memory freed @ location:ffb91c98=============
              355000WAIT_FOR_READY====tb_axi_slave_model=====rd_addr_poped:2ff85e320
365000 tb_axi_slave_model::===========ADDR pushed into FIFO[ 0]:2ff6aad90==========
365000 tb_axi_slave_model::==========Memory freed @ location:ff85e320=============
375000 tb_axi_slave_model::===========ADDR pushed into FIFO[ 1]:2ffd1b5a0==========
375000 tb_axi_slave_model::==========Memory freed @ location:ff85e328=============
              385000WAIT_FOR_READY====tb_axi_slave_model=====rd_addr_poped:2ff6aad90
395000 tb_axi_slave_model::==========Memory freed @ location:ff6aad90=============
405000 tb_axi_slave_model::===========ADDR pushed into FIFO[ 2]:2fface4d0==========
405000 tb_axi_slave_model::==========Memory freed @ location:ff6aad98=============
              405000WAIT_FOR_READY====tb_axi_slave_model=====rd_addr_poped:2ffd1b5a0
415000 tb_axi_slave_model::==========Memory freed @ location:ffd1b5a0=============
425000 tb_axi_slave_model::==========Memory freed @ location:ffd1b5a8=============
              425000WAIT_FOR_READY====tb_axi_slave_model=====rd_addr_poped:2fface4d0
435000 tb_axi_slave_model::===========ADDR pushed into FIFO[ 0]:2ff205a90==========
435000 tb_axi_slave_model::==========Memory freed @ location:fface4d0=============
445000 tb_axi_slave_model::===========ADDR pushed into FIFO[ 1]:2ff9a51f0==========
445000 tb_axi_slave_model::==========Memory freed @ location:fface4d8=============
              455000WAIT_FOR_READY====tb_axi_slave_model=====rd_addr_poped:2ff205a90
465000 tb_axi_slave_model::==========Memory freed @ location:ff205a90=============
475000 tb_axi_slave_model::===========ADDR pushed into FIFO[ 2]:2ffec5020==========
475000 tb_axi_slave_model::==========Memory freed @ location:ff205a98=============
              475000WAIT_FOR_READY====tb_axi_slave_model=====rd_addr_poped:2ff9a51f0
485000 tb_axi_slave_model::==========Memory freed @ location:ff9a51f0=============
495000 tb_axi_slave_model::==========Memory freed @ location:ff9a51f8=============
              495000WAIT_FOR_READY====tb_axi_slave_model=====rd_addr_poped:2ffec5020
505000 tb_axi_slave_model::===========ADDR pushed into FIFO[ 0]:2ff363120==========
505000 tb_axi_slave_model::==========Memory freed @ location:ffec5020=============
515000 tb_axi_slave_model::===========ADDR pushed into FIFO[ 1]:2ffaadc30==========
515000 tb_axi_slave_model::==========Memory freed @ location:ffec5028=============
              525000WAIT_FOR_READY====tb_axi_slave_model=====rd_addr_poped:2ff363120
535000 tb_axi_slave_model::==========Memory freed @ location:ff363120=============
545000 tb_axi_slave_model::===========ADDR pushed into FIFO[ 2]:2ffbf4d20==========
545000 tb_axi_slave_model::==========Memory freed @ location:ff363128=============
              545000WAIT_FOR_READY====tb_axi_slave_model=====rd_addr_poped:2ffaadc30
555000 tb_axi_slave_model::==========Memory freed @ location:ffaadc30=============
565000 tb_axi_slave_model::==========Memory freed @ location:ffaadc38=============
              565000WAIT_FOR_READY====tb_axi_slave_model=====rd_addr_poped:2ffbf4d20
575000 tb_axi_slave_model::===========ADDR pushed into FIFO[ 0]:2ffdc5d80==========
575000 tb_axi_slave_model::==========Memory freed @ location:ffbf4d20=============
585000 tb_axi_slave_model::===========ADDR pushed into FIFO[ 1]:2ff275570==========
585000 tb_axi_slave_model::==========Memory freed @ location:ffbf4d28=============
              595000WAIT_FOR_READY====tb_axi_slave_model=====rd_addr_poped:2ffdc5d80
605000 tb_axi_slave_model::==========Memory freed @ location:ffdc5d80=============
615000 tb_axi_slave_model::===========ADDR pushed into FIFO[ 2]:2ffdd19d0==========
615000 tb_axi_slave_model::==========Memory freed @ location:ffdc5d88=============
              615000WAIT_FOR_READY====tb_axi_slave_model=====rd_addr_poped:2ff275570
625000 tb_axi_slave_model::==========Memory freed @ location:ff275570=============
635000 tb_axi_slave_model::==========Memory freed @ location:ff275578=============
              635000WAIT_FOR_READY====tb_axi_slave_model=====rd_addr_poped:2ffdd19d0
645000 tb_axi_slave_model::===========ADDR pushed into FIFO[ 0]:2ff271ce0==========
645000 tb_axi_slave_model::==========Memory freed @ location:ffdd19d0=============
655000 tb_axi_slave_model::===========ADDR pushed into FIFO[ 1]:2ff9e00d0==========
655000 tb_axi_slave_model::==========Memory freed @ location:ffdd19d8=============
              665000WAIT_FOR_READY====tb_axi_slave_model=====rd_addr_poped:2ff271ce0
675000 tb_axi_slave_model::==========Memory freed @ location:ff271ce0=============
685000 tb_axi_slave_model::===========ADDR pushed into FIFO[ 2]:2ff65c520==========
685000 tb_axi_slave_model::==========Memory freed @ location:ff271ce8=============
              685000WAIT_FOR_READY====tb_axi_slave_model=====rd_addr_poped:2ff9e00d0
695000 tb_axi_slave_model::==========Memory freed @ location:ff9e00d0=============
705000 tb_axi_slave_model::==========Memory freed @ location:ff9e00d8=============
              705000WAIT_FOR_READY====tb_axi_slave_model=====rd_addr_poped:2ff65c520
715000 tb_axi_slave_model::===========ADDR pushed into FIFO[ 0]:2ff3d3350==========
715000 tb_axi_slave_model::==========Memory freed @ location:ff65c520=============
725000 tb_axi_slave_model::===========ADDR pushed into FIFO[ 1]:2ffa83df0==========
725000 tb_axi_slave_model::==========Memory freed @ location:ff65c528=============
              735000WAIT_FOR_READY====tb_axi_slave_model=====rd_addr_poped:2ff3d3350
745000 tb_axi_slave_model::==========Memory freed @ location:ff3d3350=============
755000 tb_axi_slave_model::===========ADDR pushed into FIFO[ 2]:2ff5f66f0==========
755000 tb_axi_slave_model::==========Memory freed @ location:ff3d3358=============
              755000WAIT_FOR_READY====tb_axi_slave_model=====rd_addr_poped:2ffa83df0
765000 tb_axi_slave_model::==========Memory freed @ location:ffa83df0=============
775000 tb_axi_slave_model::==========Memory freed @ location:ffa83df8=============
              775000WAIT_FOR_READY====tb_axi_slave_model=====rd_addr_poped:2ff5f66f0
785000 tb_axi_slave_model::===========ADDR pushed into FIFO[ 0]:2ff4aabb0==========
785000 tb_axi_slave_model::==========Memory freed @ location:ff5f66f0=============
795000 tb_axi_slave_model::===========ADDR pushed into FIFO[ 1]:2ffdf5450==========
795000 tb_axi_slave_model::==========Memory freed @ location:ff5f66f8=============
              805000WAIT_FOR_READY====tb_axi_slave_model=====rd_addr_poped:2ff4aabb0
815000 tb_axi_slave_model::==========Memory freed @ location:ff4aabb0=============
825000 tb_axi_slave_model::===========ADDR pushed into FIFO[ 2]:2ffcef170==========
825000 tb_axi_slave_model::==========Memory freed @ location:ff4aabb8=============
              825000WAIT_FOR_READY====tb_axi_slave_model=====rd_addr_poped:2ffdf5450
835000 tb_axi_slave_model::==========Memory freed @ location:ffdf5450=============
845000 tb_axi_slave_model::==========Memory freed @ location:ffdf5458=============
              845000WAIT_FOR_READY====tb_axi_slave_model=====rd_addr_poped:2ffcef170
855000 tb_axi_slave_model::===========ADDR pushed into FIFO[ 0]:2ff1eb490==========
855000 tb_axi_slave_model::==========Memory freed @ location:ffcef170=============
865000 tb_axi_slave_model::===========ADDR pushed into FIFO[ 1]:2ffd6fd70==========
865000 tb_axi_slave_model::==========Memory freed @ location:ffcef178=============
              875000WAIT_FOR_READY====tb_axi_slave_model=====rd_addr_poped:2ff1eb490
885000 tb_axi_slave_model::==========Memory freed @ location:ff1eb490=============
895000 tb_axi_slave_model::===========ADDR pushed into FIFO[ 2]:2ff737990==========
895000 tb_axi_slave_model::==========Memory freed @ location:ff1eb498=============
              895000WAIT_FOR_READY====tb_axi_slave_model=====rd_addr_poped:2ffd6fd70
905000 tb_axi_slave_model::==========Memory freed @ location:ffd6fd70=============
915000 tb_axi_slave_model::==========Memory freed @ location:ffd6fd78=============
              915000WAIT_FOR_READY====tb_axi_slave_model=====rd_addr_poped:2ff737990
925000 tb_axi_slave_model::===========ADDR pushed into FIFO[ 0]:2fffdfd90==========
925000 tb_axi_slave_model::==========Memory freed @ location:ff737990=============
935000 tb_axi_slave_model::===========ADDR pushed into FIFO[ 1]:2ff3ca510==========
935000 tb_axi_slave_model::==========Memory freed @ location:ff737998=============
              945000WAIT_FOR_READY====tb_axi_slave_model=====rd_addr_poped:2fffdfd90
955000 tb_axi_slave_model::==========Memory freed @ location:fffdfd90=============
965000 tb_axi_slave_model::==========Memory freed @ location:fffdfd98=============
              965000WAIT_FOR_READY====tb_axi_slave_model=====rd_addr_poped:2ff3ca510
975000 tb_axi_slave_model::==========Memory freed @ location:ff3ca510=============
985000 tb_axi_slave_model::==========Memory freed @ location:ff3ca518=============
995000 tb_axi_slave_model::===========ADDR pushed into FIFO[ 0]:2ff0da5f0==========
1005000 tb_axi_slave_model::===========ADDR pushed into FIFO[ 1]:2ffcc0160==========
             1015000WAIT_FOR_READY====tb_axi_slave_model=====rd_addr_poped:2ff0da5f0
1025000 tb_axi_slave_model::==========Memory freed @ location:ff0da5f0=============
1035000 tb_axi_slave_model::==========Memory freed @ location:ff0da5f8=============
             1035000WAIT_FOR_READY====tb_axi_slave_model=====rd_addr_poped:2ffcc0160
1045000 tb_axi_slave_model::==========Memory freed @ location:ffcc0160=============
1055000 tb_axi_slave_model::==========Memory freed @ location:ffcc0168=============
1065000 tb_axi_slave_model::===========ADDR pushed into FIFO[ 0]:2ff56dbd0==========
1075000 tb_axi_slave_model::===========ADDR pushed into FIFO[ 1]:2ffef6c90==========
             1085000WAIT_FOR_READY====tb_axi_slave_model=====rd_addr_poped:2ff56dbd0
1095000 tb_axi_slave_model::==========Memory freed @ location:ff56dbd0=============
1105000 tb_axi_slave_model::==========Memory freed @ location:ff56dbd8=============
             1105000WAIT_FOR_READY====tb_axi_slave_model=====rd_addr_poped:2ffef6c90
1115000 tb_axi_slave_model::==========Memory freed @ location:ffef6c90=============
1125000 tb_axi_slave_model::==========Memory freed @ location:ffef6c98=============
1135000 tb_axi_slave_model::===========ADDR pushed into FIFO[ 0]:2ff231da0==========
1145000 tb_axi_slave_model::===========ADDR pushed into FIFO[ 1]:2ff270420==========
             1155000WAIT_FOR_READY====tb_axi_slave_model=====rd_addr_poped:2ff231da0
1165000 tb_axi_slave_model::==========Memory freed @ location:ff231da0=============
____pkt:          0___
9b9bb6077db0f04990134d03af1f670311f4f9976aa61f89498312638ea5a1586034dd09afa7836f5764cdf46a679122dd1f5ce64ba380d1f8b1c5035767e2419cce0672a0b3df5cb56d1f4840e88c40f9bc
__________
9b9bb6077db0f04990134d03af1f670311f4f9976aa61f89498312638ea5a1586034dd09afa7836f5764cdf46a679122dd1f5ce64ba380d1f8b1c5035767e2419cce0672a0b3df5cb56d1f4840e88c40f9bc
num esstore          5
-------------------------------------------------------------------------
!!!!INFO Ethernet frame matched 
rec_frame:
9b9bb6077db0f04990134d03af1f670311f4f9976aa61f89498312638ea5a1586034dd09afa7836f5764cdf46a679122dd1f5ce64ba380d1f8b1c5035767e2419cce0672a0b3df5cb56d1f4840e88c40f9bc
exp_frame:
9b9bb6077db0f04990134d03af1f670311f4f9976aa61f89498312638ea5a1586034dd09afa7836f5764cdf46a679122dd1f5ce64ba380d1f8b1c5035767e2419cce0672a0b3df5cb56d1f4840e88c40f9bc

-------------------------------------------------------------------------
-------------------------------------------------------------------------
!!!!INFO Success!!!Frame matched 00000000
-------------------------------------------------------------------------
1175000 tb_axi_slave_model::==========Memory freed @ location:ff231da8=============
             1175000WAIT_FOR_READY====tb_axi_slave_model=====rd_addr_poped:2ff270420
1185000 tb_axi_slave_model::==========Memory freed @ location:ff270420=============
1195000 tb_axi_slave_model::==========Memory freed @ location:ff270428=============
1205000 tb_axi_slave_model::===========ADDR pushed into FIFO[ 0]:2ff3e5ca0==========
1215000 tb_axi_slave_model::===========ADDR pushed into FIFO[ 1]:2ff6c68b0==========
             1225000WAIT_FOR_READY====tb_axi_slave_model=====rd_addr_poped:2ff3e5ca0
1235000 tb_axi_slave_model::==========Memory freed @ location:ff3e5ca0=============
1245000 tb_axi_slave_model::==========Memory freed @ location:ff3e5ca8=============
             1245000WAIT_FOR_READY====tb_axi_slave_model=====rd_addr_poped:2ff6c68b0
1255000 tb_axi_slave_model::==========Memory freed @ location:ff6c68b0=============
1265000 tb_axi_slave_model::==========Memory freed @ location:ff6c68b8=============
1275000 tb_axi_slave_model::===========ADDR pushed into FIFO[ 0]:2ff542920==========
1285000 tb_axi_slave_model::===========ADDR pushed into FIFO[ 1]:2fff94480==========
             1295000WAIT_FOR_READY====tb_axi_slave_model=====rd_addr_poped:2ff542920
1305000 tb_axi_slave_model::==========Memory freed @ location:ff542920=============
1315000 tb_axi_slave_model::==========Memory freed @ location:ff542928=============
             1315000WAIT_FOR_READY====tb_axi_slave_model=====rd_addr_poped:2fff94480
1325000 tb_axi_slave_model::==========Memory freed @ location:fff94480=============
1335000 tb_axi_slave_model::==========Memory freed @ location:fff94488=============
1345000 tb_axi_slave_model::===========ADDR pushed into FIFO[ 0]:2ff03b4f0==========
1355000 tb_axi_slave_model::===========ADDR pushed into FIFO[ 1]:2ffdfa4d0==========
             1365000WAIT_FOR_READY====tb_axi_slave_model=====rd_addr_poped:2ff03b4f0
1375000 tb_axi_slave_model::==========Memory freed @ location:ff03b4f0=============
1385000 tb_axi_slave_model::==========Memory freed @ location:ff03b4f8=============
             1385000WAIT_FOR_READY====tb_axi_slave_model=====rd_addr_poped:2ffdfa4d0
1395000 tb_axi_slave_model::==========Memory freed @ location:ffdfa4d0=============
1405000 tb_axi_slave_model::==========Memory freed @ location:ffdfa4d8=============
1415000 tb_axi_slave_model::===========ADDR pushed into FIFO[ 0]:2ffdfec60==========
____pkt:          1___
356a8a0d2d7ae59e0f6295de34d43bdb6ed674afcf9265b96c1d26b13f9e388d618c98a3ad5af8279fa2f7c7f4c923af7962dd39a51ab97fba260f0306dc87fc444155f95b480ab0871266fee7cae937dabc
__________
356a8a0d2d7ae59e0f6295de34d43bdb6ed674afcf9265b96c1d26b13f9e388d618c98a3ad5af8279fa2f7c7f4c923af7962dd39a51ab97fba260f0306dc87fc444155f95b480ab0871266fee7cae937dabc
num esstore          4
-------------------------------------------------------------------------
!!!!INFO Ethernet frame matched 
rec_frame:
356a8a0d2d7ae59e0f6295de34d43bdb6ed674afcf9265b96c1d26b13f9e388d618c98a3ad5af8279fa2f7c7f4c923af7962dd39a51ab97fba260f0306dc87fc444155f95b480ab0871266fee7cae937dabc
exp_frame:
356a8a0d2d7ae59e0f6295de34d43bdb6ed674afcf9265b96c1d26b13f9e388d618c98a3ad5af8279fa2f7c7f4c923af7962dd39a51ab97fba260f0306dc87fc444155f95b480ab0871266fee7cae937dabc

-------------------------------------------------------------------------
-------------------------------------------------------------------------
!!!!INFO Success!!!Frame matched 00000001
-------------------------------------------------------------------------
1425000 tb_axi_slave_model::===========ADDR pushed into FIFO[ 1]:2ff46e680==========
             1435000WAIT_FOR_READY====tb_axi_slave_model=====rd_addr_poped:2ffdfec60
1445000 tb_axi_slave_model::==========Memory freed @ location:ffdfec60=============
1455000 tb_axi_slave_model::==========Memory freed @ location:ffdfec68=============
             1455000WAIT_FOR_READY====tb_axi_slave_model=====rd_addr_poped:2ff46e680
1465000 tb_axi_slave_model::==========Memory freed @ location:ff46e680=============
1475000 tb_axi_slave_model::==========Memory freed @ location:ff46e688=============
1485000 tb_axi_slave_model::===========ADDR pushed into FIFO[ 0]:2ff417630==========
1495000 tb_axi_slave_model::===========ADDR pushed into FIFO[ 1]:2ff920830==========
             1505000WAIT_FOR_READY====tb_axi_slave_model=====rd_addr_poped:2ff417630
1515000 tb_axi_slave_model::==========Memory freed @ location:ff417630=============
1525000 tb_axi_slave_model::==========Memory freed @ location:ff417638=============
             1525000WAIT_FOR_READY====tb_axi_slave_model=====rd_addr_poped:2ff920830
1535000 tb_axi_slave_model::==========Memory freed @ location:ff920830=============
1545000 tb_axi_slave_model::==========Memory freed @ location:ff920838=============
1555000 tb_axi_slave_model::===========ADDR pushed into FIFO[ 0]:2ff9f6ce0==========
1565000 tb_axi_slave_model::===========ADDR pushed into FIFO[ 1]:2ff903260==========
             1575000WAIT_FOR_READY====tb_axi_slave_model=====rd_addr_poped:2ff9f6ce0
1585000 tb_axi_slave_model::==========Memory freed @ location:ff9f6ce0=============
1595000 tb_axi_slave_model::==========Memory freed @ location:ff9f6ce8=============
             1595000WAIT_FOR_READY====tb_axi_slave_model=====rd_addr_poped:2ff903260
1605000 tb_axi_slave_model::==========Memory freed @ location:ff903260=============
1615000 tb_axi_slave_model::==========Memory freed @ location:ff903268=============
____pkt:          2___
ee784da340dc169c4f0dcd6e092fb1ad099928356e0b86d615440dcfe852b34fadcfd0b6fe185f8e5b280a438bd366559a645a32b5f3e3a9c50bab1b571798be69bff84d701039127825aa83d64e99b8541e
__________
ee784da340dc169c4f0dcd6e092fb1ad099928356e0b86d615440dcfe852b34fadcfd0b6fe185f8e5b280a438bd366559a645a32b5f3e3a9c50bab1b571798be69bff84d701039127825aa83d64e99b8541e
num esstore          3
-------------------------------------------------------------------------
!!!!INFO Ethernet frame matched 
rec_frame:
ee784da340dc169c4f0dcd6e092fb1ad099928356e0b86d615440dcfe852b34fadcfd0b6fe185f8e5b280a438bd366559a645a32b5f3e3a9c50bab1b571798be69bff84d701039127825aa83d64e99b8541e
exp_frame:
ee784da340dc169c4f0dcd6e092fb1ad099928356e0b86d615440dcfe852b34fadcfd0b6fe185f8e5b280a438bd366559a645a32b5f3e3a9c50bab1b571798be69bff84d701039127825aa83d64e99b8541e

-------------------------------------------------------------------------
-------------------------------------------------------------------------
!!!!INFO Success!!!Frame matched 00000002
-------------------------------------------------------------------------
____pkt:          3___
d959f3461d3404f5e922d83f675547461310a23c935b72a9e2b1510035d170b80f30040e30ec3617fe6e603a344c41fca41400a1016c21f4f4a84961892068528eac2eaf9c65560fed943ce1c5fd2f3afe50
__________
d959f3461d3404f5e922d83f675547461310a23c935b72a9e2b1510035d170b80f30040e30ec3617fe6e603a344c41fca41400a1016c21f4f4a84961892068528eac2eaf9c65560fed943ce1c5fd2f3afe50
num esstore          2
-------------------------------------------------------------------------
!!!!INFO Ethernet frame matched 
rec_frame:
d959f3461d3404f5e922d83f675547461310a23c935b72a9e2b1510035d170b80f30040e30ec3617fe6e603a344c41fca41400a1016c21f4f4a84961892068528eac2eaf9c65560fed943ce1c5fd2f3afe50
exp_frame:
d959f3461d3404f5e922d83f675547461310a23c935b72a9e2b1510035d170b80f30040e30ec3617fe6e603a344c41fca41400a1016c21f4f4a84961892068528eac2eaf9c65560fed943ce1c5fd2f3afe50

-------------------------------------------------------------------------
-------------------------------------------------------------------------
!!!!INFO Success!!!Frame matched 00000003
-------------------------------------------------------------------------
____pkt:          4___
06f7472536febbcc6a785132b972dbf047adda65e0eff7c1236839797f7b623bde2985cb0897bf6f99661e7090eea199b0f9e03289f0262628df88dc2d1850c7fad7f6f1fba18e5dae78f6d76714251327d2
__________
06f7472536febbcc6a785132b972dbf047adda65e0eff7c1236839797f7b623bde2985cb0897bf6f99661e7090eea199b0f9e03289f0262628df88dc2d1850c7fad7f6f1fba18e5dae78f6d76714251327d2
num esstore          1
-------------------------------------------------------------------------
!!!!INFO Ethernet frame matched 
rec_frame:
06f7472536febbcc6a785132b972dbf047adda65e0eff7c1236839797f7b623bde2985cb0897bf6f99661e7090eea199b0f9e03289f0262628df88dc2d1850c7fad7f6f1fba18e5dae78f6d76714251327d2
exp_frame:
06f7472536febbcc6a785132b972dbf047adda65e0eff7c1236839797f7b623bde2985cb0897bf6f99661e7090eea199b0f9e03289f0262628df88dc2d1850c7fad7f6f1fba18e5dae78f6d76714251327d2

-------------------------------------------------------------------------
-------------------------------------------------------------------------
!!!!INFO Success!!!Frame matched 00000004
-------------------------------------------------------------------------
$finish called from file "ethernet_tb.sv", line 54.
$finish at simulation time              5145000
           V C S   S i m u l a t i o n   R e p o r t 
Time: 5145000 ps
CPU Time:      0.230 seconds;       Data structure size:   0.1Mb
Sat Nov 26 13:31:59 2016
